   1              		.cpu cortex-m4
   2              		.eabi_attribute 20, 1
   3              		.eabi_attribute 21, 1
   4              		.eabi_attribute 23, 3
   5              		.eabi_attribute 24, 1
   6              		.eabi_attribute 25, 1
   7              		.eabi_attribute 26, 1
   8              		.eabi_attribute 30, 6
   9              		.eabi_attribute 34, 1
  10              		.eabi_attribute 18, 4
  11              		.file	"_initialize_hardware.c"
  12              		.text
  13              	.Ltext0:
  14              		.section	.gnu.lto_.inline.61df4208bfa4abf2,"",%progbits
  15 0000 789C6365 		.ascii	"x\234ce`b0`@\000&\006\006V^ \305\362A\217\201\005\304"
  15      60623060 
  15      40002606 
  15      06565E20 
  15      C5F2418F 
  16 0017 636060E4 		.ascii	"c``\344\002\213\263\360\000I\246\005\362(\302\014\000"
  16      028BB3F0 
  16      0049A605 
  16      F228C20C 
  16      00
  17 0028 4D350267 		.ascii	"M5\002g"
  18              		.text
  19              		.section	.gnu.lto___initialize_hardware_early.61df4208bfa4abf2,"",%progbits
  20 0000 789C6551 		.ascii	"x\234eQ\333j\023Q\024=k\366\344b\214\205\202\276\224"
  20      DB6A1351 
  20      143D6BF6 
  20      E4628C85 
  20      82BE94
  21 0013 087DC943 		.ascii	"\010}\311C\037\314\364\027\374\222!\214\003\006\254"
  21      1FCCF417 
  21      FC92218C 
  21      0306AC
  22 0022 8599C1DB 		.ascii	"\205\231\301\333KN.\222\220\212\"hb\3042\221\012\215"
  22      4B4E2E92 
  22      908A2268 
  22      62C43291 
  22      0A8D
  23 0034 97DAC658 		.ascii	"\227\332\306X!\350\303\020\301\033\210(\202`\241\017"
  23      21E8C310 
  23      C11B8828 
  23      8260A10F 
  24 0044 0AC57A01 		.ascii	"\012\305z\001\015\212\025\265v\237I\037D\017\234\201"
  24      0D8A15B5 
  24      769F491F 
  24      440F9C81 
  25 0054 BD67EDB5 		.ascii	"\275g\355\265\326^'\"4\221\322\204\330/\204\330\303"
  25      D65E2722 
  25      3491D284 
  25      D82F84D8 
  25      C3
  26 0065 57900097 		.ascii	"W\220\000\227\320\000. \362\032\3628C\015B\277\262\326"
  26      D0002E20 
  26      F21AF238 
  26      430D42BF 
  26      B2D6
  27 0077 D326E625 		.ascii	"\323&\346%\237\240Q\217\310v\000\237\204h\222\010\017"
  27      9FA0518F 
  27      C876009F 
  27      84689208 
  27      0F
  28 0088 E6312118 		.ascii	"\3461!\030\366\246\263y~WT\037\366\321F\224y4\356?/"
  28      F6A6B379 
  28      7E57541F 
  28      F6D14694 
  28      7934EE3F 
  29 009d 2F5DA2D3 		.ascii	"/]\242\323\344\023\240s\371\345\351\305\267#\252\324"
  29      E413A073 
  29      F9E5E9C5 
  29      B723AAD4 
  30 00ad 30CE65E3 		.ascii	"0\316e\343\362\362\306\316\364\234\224E\031\254\332"
  30      F2F2C6CE 
  30      F49C9445 
  30      19ACDA
  31 00bc CD76501E 		.ascii	"\315vP\036\367\211\024\011\256!\205\253H\015E\256#\315"
  31      F7891409 
  31      AE2185AB 
  31      480D45AE 
  31      23CD
  32 00ce E86F0F7E 		.ascii	"\350o\017~>\322i\022J\257R\356\224\022\333\223\277\316"
  32      3ED26912 
  32      4AAF52EE 
  32      9412DB93 
  32      BFCE
  33 00e0 9650BC22 		.ascii	"\226P\274\"5\237t\334\000\3757\275\200\364\342\013\004"
  33      359F74DC 
  33      00FD37BD 
  33      80F4E20B 
  33      04
  34 00f1 72F34F45 		.ascii	"r\363OE\006k\273kV\224\004\313\350\374\321\205\250\205"
  34      066BBB6B 
  34      569404CB 
  34      E8FCD185 
  34      A885
  35 0103 9BCC10AF 		.ascii	"\233\314\020\257O\037Pj\335\035S\366\225F\257\367q%"
  35      4F1F506A 
  35      DD1D53F6 
  35      9546AFF7 
  35      7125
  36 0115 96FF2DE3 		.ascii	"\226\377-\343>E\232\304\013\341&\362<\024\025\353(~"
  36      3E459AC4 
  36      0BE126F2 
  36      3C1415EB 
  36      287E
  37 0127 7DB79254 		.ascii	"}\267\222T\300YR)\025z\367\316E\324^\004\371\272$G\260"
  37      C0595229 
  37      157AF7CE 
  37      45D45E04 
  37      F9BA2447 
  38 013c C8E28C1A 		.ascii	"\310\342\214\032T~\320\020\245\266\257\237\354?\213"
  38      547ED010 
  38      A5B6AF9F 
  38      EC3F8B
  39 014b 29540CFF 		.ascii	")T\014\377\360\307\346\224\013\356\315|~\331M\370\230"
  39      F0C7E694 
  39      0BEECD7C 
  39      7ED94DF8 
  39      98
  40 015c E590E3E8 		.ascii	"\345\220\343\350\360#,\251-\370GucU\306\031\\\225\262"
  40      F0232CA9 
  40      2DF84775 
  40      6355C619 
  40      5C95B2
  41 016f F51E8AE2 		.ascii	"\365\036\212\342\026|\345\251\313\236\326\321\257?\336"
  41      167CE5A9 
  41      CB9ED6D1 
  41      AF3FDE
  42 017e AB84FE56 		.ascii	"\253\204\376V\241P\345\373\303'\325$3\026\370\005[c"
  42      A150E5FB 
  42      C327D524 
  42      3316F805 
  42      5B63
  43 0190 3EED60C7 		.ascii	">\355`\307\270\275\315\372j0\270\2374\026d\271 9\371"
  43      B8BDCDFA 
  43      6A30B89F 
  43      341664B9 
  43      2039F9
  44 01a3 049699F3 		.ascii	"\004\226\231\363B\030\010\356\300`\327\342\023\212\255"
  44      421808EE 
  44      C060D7E2 
  44      138AAD
  45 01b2 EE298499 		.ascii	"\356)\204\231\250SSApV\3732\031\303=\356z\366\224\341"
  45      A8535341 
  45      7056FB32 
  45      19C33DEE 
  45      7AF694E1 
  46 01c6 3A96614D 		.ascii	":\226aM;\236}l\3120s\207s^.{(w\3026\017f\235\003G\263"
  46      3B9E7D6C 
  46      CA307387 
  46      735E2E7B 
  46      2877C236 
  47 01e0 8E9DB1C4 		.ascii	"\216\235\261\304\250i\036\261-o\332qM\327\313:^fr\013"
  47      A8691EB1 
  47      2D6FDA71 
  47      4DD7CB3A 
  47      5E66720B 
  48 01f4 03EDC13A 		.ascii	"\003\355\301:"
  49              		.text
  50              		.section	.gnu.lto___initialize_hardware.61df4208bfa4abf2,"",%progbits
  51 0000 789C6365 		.ascii	"x\234ce`b\230\307\300\300\240\017\304\242@\314\300\314"
  51      606298C7 
  51      C0C0A00F 
  51      C4A240CC 
  51      C0CC
  52 0012 C0C8C400 		.ascii	"\300\310\304\000\304\214\214@\016#C=\023c=c?\363tf\306"
  52      C48C8C40 
  52      0E23433D 
  52      13633D63 
  52      3FF37466 
  53 0027 43EDCF76 		.ascii	"C\355\317v2i.o\000\202\003\323/\26056\264J\314gf`\230"
  53      32692E6F 
  53      008203D3 
  53      2FB03536 
  53      B44ACC67 
  54 003e C9CC0006 		.ascii	"\311\314\000\006\214\313\0315\031\200\312\036m\3747"
  54      8CCB1935 
  54      1980CA1E 
  54      6DFC37
  55 004d 95978D05 		.ascii	"\225\227\215\005\"\316\270\202\221\015d\316\372K\214"
  55      22CEB882 
  55      910D64CE 
  55      FA4B8C
  56 005c 071AFEFD 		.ascii	"\007\032\376\375oo8pJjU6P\246\013\254\253\233\031h\025"
  56      6F6F3870 
  56      4A6A5536 
  56      50A60BAC 
  56      AB9B1968 
  57 0071 F36BC6E6 		.ascii	"\363k\306\346\005\233{\231AjA\006\354\334\371\3466{"
  57      059B7B99 
  57      416A4106 
  57      ECDCF9E6 
  57      367B
  58 0083 FDDF068E 		.ascii	"\375\337\006\216\371\314\2143\231\201\272\031W2\326"
  58      F9CC8C33 
  58      9981BA19 
  58      5732D6
  59 0092 33CC072A 		.ascii	"3\314\007*}\313\330\264`{/#X!\010t\201d\201&\350\352"
  59      7DCBD8B4 
  59      607B2F23 
  59      58210874 
  59      81648126 
  60 00a8 E9E91757 		.ascii	"\351\351\027W\026\227\244\346\352\027\027%\353'\347"
  60      1697A4E6 
  60      EA171725 
  60      EB27E7
  61 00b7 1795A456 		.ascii	"\027\225\244V\344\352\307g\346e\226d&\346dV\245\306"
  61      E4EAC767 
  61      E6659664 
  61      26E66456 
  61      A5C6
  62 00c9 672416A5 		.ascii	"g$\026\245\224'\026\245\352%3\000\000\314\332@\010"
  62      942716A5 
  62      EA253300 
  62      00CCDA40 
  62      08
  63              		.text
  64              		.section	.gnu.lto_.symbol_nodes.61df4208bfa4abf2,"",%progbits
  65 0000 789C6365 		.ascii	"x\234ce`bH`\000\002\246\337\014\365\014\014\023\316"
  65      60624860 
  65      0002A6DF 
  65      0CF50C0C 
  65      13CE
  66 0012 3180A85D 		.ascii	"1\200\250]\215\216\014\014\254\377\030\030\024@2\177"
  66      8D8E0C0C 
  66      ACFF1818 
  66      1440327F 
  67 0022 18EA1951 		.ascii	"\030\352\031Qd\030\3772\3243\201E\030\030\032\032\034"
  67      6418FF32 
  67      D4338145 
  67      18181A1A 
  67      1C
  68 0033 8002FF19 		.ascii	"\200\002\377\031\352\231\221\005\230\201p\311\203\177"
  68      EA999105 
  68      988170C9 
  68      837F
  69 0041 8ECC4C2C 		.ascii	"\216\314L,`\232\001\000\240\224\031\011"
  69      609A0100 
  69      A0941909 
  70              		.text
  71              		.section	.gnu.lto_.refs.61df4208bfa4abf2,"",%progbits
  72 0000 789C6365 		.ascii	"x\234ce`b`c```d`bdf\000\000\000\277\000\025"
  72      60626063 
  72      60606064 
  72      60626466 
  72      000000BF 
  73              		.text
  74              		.section	.gnu.lto_.decls.61df4208bfa4abf2,"",%progbits
  75 0000 789CBD57 		.ascii	"x\234\275W{PT\327\031\277g\317.,\313+\203\244\265\221"
  75      7B5054D7 
  75      19BF67CF 
  75      2E2CCB2B 
  75      83A4B591 
  76 0014 749C848C 		.ascii	"t\234\204\214\314td\0013if\372\217d\221\352t\022\235"
  76      CC746401 
  76      336966FA 
  76      8F6491EA 
  76      74129D
  77 0027 253A9DFE 		.ascii	"%:\235\376\263\263\256\333\270\015\017\013\233F;\323"
  77      B3B3AEDB 
  77      B80D0F0B 
  77      9B463BD3 
  78 0037 787925AB 		.ascii	"xy%\253\010Y\220\250(D\2056@@!* \"\315J\225\227Be} "
  78      085990A8 
  78      28448536 
  78      4040212A 
  78      2022CD4A 
  79 0051 0A2C22A0 		.ascii	"\012,\"\240RA\202\212\274\204~\347\234{\331\313\272"
  79      5241828A 
  79      BC847EE7 
  79      9C7BD9CB 
  79      BA
  80 0062 24FDAB77 		.ascii	"$\375\253w\366\273g\277{~\337\357|\217\363\235\273\253"
  80      F6BB67BF 
  80      7B7EDFEF 
  80      7C8FF39D 
  80      BBAB
  81 0074 E064DC2F 		.ascii	"\340d\334/\3749\256\013q\\3\307q\363pa\030Op\316K\016"
  81      FC39AE0B 
  81      715C33C7 
  81      71F37061 
  81      184F70CE 
  82 008a 5209721A 		.ascii	"R\011r\032\244\012\244\006\004\340\\\035\267\370\322"
  82      A40AA406 
  82      04E05C1D 
  82      B7F8D2
  83 0099 C3436F18 		.ascii	"\303Co\030\267\200\004\200\004\202\254\200g\253`\014"
  83      B7800480 
  83      0482AC80 
  83      67AB600C 
  84 00a9 82B102C6 		.ascii	"\202\261\002\306\327a\334\010\343k0\366\011<\010n2a"
  84      D761DC08 
  84      E36B30F6 
  84      093C086E 
  84      3261
  85 00bb 8DAA25B8 		.ascii	"\215\252%\270?\202\207X\340\026\271\310%\023\374\252"
  85      3F828758 
  85      E016B9C8 
  85      2513FCAA 
  86 00cb E15EBE0E 		.ascii	"\341^\276\016b\324w\367F\272G/\352f\313 \262\022Z\014"
  86      62D477F7 
  86      46BA472F 
  86      EA66CB20 
  86      B2125A0C 
  87 00df 4242D0F4 		.ascii	"BB\320\364B\314\031\201\327\011E.F\234\000\004Y\014"
  87      42CC1981 
  87      D709452E 
  87      469C0004 
  87      590C
  88 00f1 1467A58C 		.ascii	"\024g\245\214N\022\352\000uBj!\250\364#c\012Z\230\027"
  88      4E12EA00 
  88      75426A21 
  88      A8F42363 
  88      0A5A9817 
  89 0105 B1124221 		.ascii	"\261\022B!\012\344\306-va1\372\037\362\256\014\251\034"
  89      0AE4C62D 
  89      766131FA 
  89      1FF2AE0C 
  89      A91C
  90 0117 A887E08E 		.ascii	"\250\207\340\216\255E,#g\216\360\030\303:\360\275\255"
  90      AD452C23 
  90      678EF018 
  90      C33AF0BD 
  90      AD
  91 0128 7BA45C81 		.ascii	"{\244\\\201\177I\277W\346\317v(\3452\016}\2130\263v"
  91      7F49BF57 
  91      E6CF7628 
  91      E5320E7D 
  91      8B30B376 
  92 013c 4C954487 		.ascii	"L\225D\207\226\363\354R\376\316\231\324K\363\317m\376"
  92      96F3EC52 
  92      FECE99D4 
  92      4BF3CF6D 
  92      FE
  93 014d 591805A8 		.ascii	"Y\030\005\250\220\014T\373\330\225\002oP\003U\350\025"
  93      900C54FB 
  93      D895026F 
  93      500355E8 
  93      15
  94 015e 5027936F 		.ascii	"P'\223o\\P-?@\255R\371Wdh\313\317\320I\024\204N\240"
  94      5C502D3F 
  94      40AD52F9 
  94      576468CB 
  94      CFD04914 
  95 0175 20F0B802 		.ascii	" \360\270\002-\207\373V9cj:\232Y {\343\030\177\314\306"
  95      2D87FB56 
  95      39636A3A 
  95      9A59207B 
  95      E3187FCC 
  96 018a DBEE0F06 		.ascii	"\333\356\017\006d\247\362%V\236_IP\250\024aT\216B\001"
  96      64A7F225 
  96      569E5F49 
  96      50A81461 
  96      548E4201 
  97 019e 5D86E444 		.ascii	"]\206\344D\203o%\310\201P1\352\205\350+\321\033@P\350"
  97      836F25C8 
  97      815031EA 
  97      85E82BD1 
  97      1B4050E8 
  98 01b2 28FC0DFE 		.ascii	"(\374\015\376\303\022\001<\2658\032<\004\366\206\327"
  98      C312013C 
  98      B5381A3C 
  98      04F686D7 
  99 01c2 F2785B4A 		.ascii	"\362x[J2\317\313(\371w\013\344\247\200\374;W\362\323"
  99      32CFCB28 
  99      F9770BE4 
  99      A780FC3B 
  99      57F2D3
 100 01d5 94FC54C3 		.ascii	"\224\374T\303\214E\216wP\366\247\035\0237\345\300\325"
 100      8C458E77 
 100      50F6A71D 
 100      1337E5C0 
 100      D5
 101 01e6 C7F336C7 		.ascii	"\307\3636\307\321\340\202s\003\274EE\303AgD.\216|eU"
 101      D1E08273 
 101      03BC4545 
 101      C3416744 
 101      2E8E7C65 
 102 01fb ABA20427 		.ascii	"\253\242\004'\247\317\316\311q1\242\014Y\315\231\373"
 102      A7CFCEC9 
 102      7131A20C 
 102      59CD99FB 
 103 020b FD0406FB 		.ascii	"\375\004\006\373\353y|\003\363\244\332i]-Z\327P\353"
 103      EB797C03 
 103      F3A4DA69 
 103      5D2D5AD7 
 103      50EB
 104 021d 872D3D99 		.ascii	"\207-=\231>\270\236Yw\244U\346c\226s9\251l\333\341{"
 104      3EB89E59 
 104      77A455E6 
 104      63967339 
 104      A96CDBE1 
 105 0232 7E2CE72B 		.ascii	"~,\347+A\255\315\270s\317\377\255\"\276/\005\362\230"
 105      41ADCDB8 
 105      73CFFFAD 
 105      22BE2F05 
 105      F298
 106 0244 EE79E214 		.ascii	"\356y\342\024\237\266G\2116\252\320Y\306\216\316A\001"
 106      9FB64789 
 106      36AAD059 
 106      C68ECE41 
 106      01
 107 0255 6A6901CE 		.ascii	"ji\001\316\322X\353\320[`V\336\326\324-\220Z\020\350"
 107      D258EBD0 
 107      5B6056DE 
 107      D6D42D90 
 107      5A10E8
 108 0268 F30FBB8A 		.ascii	"\363\017\273\212\274\230>F\367\317lA\215\240\007\202"
 108      BC983E46 
 108      F7CF6C41 
 108      8DA00782 
 109 0278 FAC261B5 		.ascii	"\372\302a\265z\262E\217\021\370\335\236\373{\375p\033"
 109      7AB2458F 
 109      11F8DD9E 
 109      FB7BFD70 
 109      1B
 110 0289 737036A3 		.ascii	"sp6\243>\317Ce!U\267\246\362^\353\211\221s\325\013H"
 110      3ECF4365 
 110      2155B7A6 
 110      F25EEB89 
 110      9173D50B 
 111 029e 05773553 		.ascii	"\005w5S\001\335\323\\ZFV^\245BdS\373\303\243\212G\265"
 111      01DDD35C 
 111      5A46565E 
 111      A5426453 
 111      FBC3A38A 
 112 02b4 53BEEC11 		.ascii	"S\276\354\021A\224\376=\273\320\003wRr\331\205\216\216"
 112      4194FE3D 
 112      BBD00377 
 112      5272D985 
 112      8E8E
 113 02c6 39395285 		.ascii	"99R\205\000}\012\243\347\026\310Q#\012!F$\211\350_\360"
 113      007D0AA3 
 113      E716C851 
 113      230A2146 
 113      2489E85F 
 114 02db B0011E7E 		.ascii	"\260\001\036~C\374\2605\235\2178\360\005)\371%\244B"
 114      43FCB035 
 114      9D8F38F0 
 114      0529F925 
 114      A442
 115 02ed 179D895E 		.ascii	"\027\235\211^\245b\033\344\326\276\213S\276\001V\352"
 115      A5621BE4 
 115      D6BE8B53 
 115      BE0156EA 
 116 02fd 336C3B39 		.ascii	"3l;9\305}\017\024\377\244N7\241\000\321u\202N\251\353"
 116      C57D0F14 
 116      FFA44E37 
 116      A100D175 
 116      824EA9EB 
 117 0311 CA16B67D 		.ascii	"\312\026\266}\037\321\253\354\235\023^\270\201\265\322"
 117      1FD1ABEC 
 117      9D135EB8 
 117      81B5D2
 118 0320 64B3752D 		.ascii	"d\263u-\211>\025\334\263\374\244{`\360y\311\245\007"
 118      893E15DC 
 118      B3FCA47B 
 118      60F079C9 
 118      A507
 119 0332 7ED2B55B 		.ascii	"~\322\265[\177l\355kC\307\323|\330\332W9I\317\005\260"
 119      7F6CED6B 
 119      43C7D37C 
 119      D8DA5739 
 119      49CF05B0 
 120 0346 9EAB1E6A 		.ascii	"\236\253\036jiT\261\312\360\2442u\215\366\026\204\233"
 120      6954B1CA 
 120      F0A43275 
 120      8DF61684 
 120      9B
 121 0357 986B0DE3 		.ascii	"\230k\015\343\225\305\202-\006\325\2227~\325\177\311"
 121      95C5822D 
 121      06D59237 
 121      7ED57FC9 
 122 0367 42758885 		.ascii	"Bu\210\205\272\312\334,\253o9\347\357\232\242v\200\267"
 122      BACADC2C 
 122      AB6F39E7 
 122      EF9AA276 
 122      80B7
 123 0379 51B89DBA 		.ascii	"Q\270\235\272\331!\272y\353k\276G\341\032\324\222\350"
 123      D921BA79 
 123      EB6BBE47 
 123      E11AD492 
 123      E8
 124 038a 8C4B558D 		.ascii	"\214KU\215\302\366k&\372\320\334\351VO|\205y\275?g\262"
 124      C2F66B26 
 124      FAD0DCE9 
 124      564F7C85 
 124      79BD3F67 
 125 039f 5589AF32 		.ascii	"U\211\2572\245f\264\254\306\227!mD?\\\367\264U\301t"
 125      A566B4AC 
 125      C697216D 
 125      443F5CF7 
 125      B455C174 
 126 03b3 A5643A50 		.ascii	"\245d:P\230~R6\366\017\017|\235\331\356\255\276\326"
 126      987E5236 
 126      F60F0F7C 
 126      9DD9EEAD 
 126      BED6
 127 03c5 2B5F32DE 		.ascii	"+_2\336;b\274a4\334\372/\233*\024\256\341v\001\372\026"
 127      3B62BC61 
 127      34DCFA2F 
 127      9B2A14AE 
 127      E17601FA 
 128 03da 4577D300 		.ascii	"Ew\323\000\356\210\001|{\276\377\014v\015wIt\311P~\226"
 128      EE88017C 
 128      7BBEFF0C 
 128      760D7749 
 128      74C9507E 
 129 03ef 50877741 		.ascii	"P\207wA=4u|\330\027\337bN\026\225\334\264\253\304\375"
 129      3D34757C 
 129      D817DF62 
 129      4E1695DC 
 129      B4ABC4FD 
 130 0403 F3D3DB1B 		.ascii	"\363\323\333\033,FFg+\374p\0173\257\2539\337(\344#\214"
 130      2C464667 
 130      2BFC700F 
 130      33AFAB39 
 130      DF28E423 
 131 0418 14ADFC42 		.ascii	"\024\255\374B\2737\356gs\263\326\243\247\275\360\003"
 131      BB37EE67 
 131      73B3D6A3 
 131      A7BDF003 
 132 0428 A61C79D2 		.ascii	"\246\034y\322\363P\350\350\020\2625\212\276\316\361"
 132      F350E8E8 
 132      10B2358A 
 132      BECEF1
 133 0437 C2236C6E 		.ascii	"\302#ln\336j\311\363\304\343L\021\017\230\000v\300\344"
 133      DE6AC9F3 
 133      C4E34C11 
 133      0F980076 
 133      C0E4
 134 0449 B6E71679 		.ascii	"\266\347\026y\343\347ln4m\260O\330|\313A\235y\220\333"
 134      E3E76C6E 
 134      346DB04F 
 134      D87CCB41 
 134      9D7990DB 
 135 045d 8598EA23 		.ascii	"\205\230\352#i\223@\241MNNd\035\364\306/\230igWZ\255"
 135      699340A1 
 135      4D4E4E64 
 135      1DF4C62F 
 135      98696757 
 136 0473 80F506D5 		.ascii	"\200\365\006\325z\331\361\373%K\363X,\315(\213\270\""
 136      7AD9F1FB 
 136      254BF358 
 136      2CCD288B 
 136      B822
 137 0485 7DA05409 		.ascii	"}\240T\011\266Apf \311\201\021$\034\030GK.\372\342d"
 137      B6417066 
 137      20C98111 
 137      241C1847 
 137      4B2EFAE2 
 138 049a 4C0F8CD6 		.ascii	"L\017\214\326\357\013'\274P\210\212\235\003\023\351"
 138      EF0B27BC 
 138      50888A9D 
 138      0313E9
 139 04a9 9EF00643 		.ascii	"\236\360\006CO\241:\343\316S \210\324\205\236(c\205"
 139      4FA13AE3 
 139      CE532088 
 139      D4859E28 
 139      6385
 140 04bb 3C5ECEA1 		.ascii	"<^\316\2415t\027\240'\220\360 !\341?\2007cl\371{\245"
 140      357417A0 
 140      2790F020 
 140      21E13F80 
 140      37636CF9 
 141 04d1 0D4F245B 		.ascii	"\015O$[\003Q\272G0\377\037\352\3553Z\354\307b\261\313"
 141      0351BA47 
 141      30FF1FEA 
 141      ED335AEC 
 141      C762B1CB 
 142 04e5 3A27F364 		.ascii	":'\363d\254\240\377\023\373\214\345`\261\227\224}\342"
 142      ACA0FF13 
 142      FB8CE560 
 142      B197947D 
 142      E2
 143 04f6 C7D8EBED 		.ascii	"\307\330\353\355\335k\361\036\032*z\326\336}\027\341"
 143      DD6BF11E 
 143      1A2A7AD6 
 143      DE7D17E1 
 144 0506 4CA6A45D 		.ascii	"L\246\244]n)\366\304\331LyT\332\326\354AZ\236(\003C"
 144      6E29F6C4 
 144      D94C7954 
 144      DAD6EC41 
 144      5A9E2803 
 145 051b D36731CE 		.ascii	"\323g1\316g\3127\217\0123\275\360q\301f`\264](\347>"
 145      67CA378F 
 145      0A33BDF0 
 145      71C16660 
 145      B45D28E7 
 146 0530 92D799B1 		.ascii	"\222\327\231\261\352\353b\001Iw\015?\033\234W\342b\012"
 146      EAEB6201 
 146      49770D3F 
 146      1B9C57E2 
 146      620A
 147 0542 FEF9216B 		.ascii	"\376\371!k\373\237P0\275\226\005K\256\020\220B>-\225"
 147      FB9F5030 
 147      BD96054B 
 147      AE109042 
 147      3E2D95
 148 0555 B73D1E09 		.ascii	"\267=\036\011\236\273>\300\3639>\250\017b\230\201\204"
 148      9EBB3EC0 
 148      F3393EA8 
 148      0F629881 
 148      84
 149 0566 7F215BE6 		.ascii	"\177![\346\334\317\2547\302\341\3061\203\376\335\360"
 149      DCCFAC37 
 149      C2E1C631 
 149      83FEDDF0 
 150 0576 6A4EC314 		.ascii	"jN\303\024\355pE\367R\3649\304\340\271\000\237\376\033"
 150      ED7045F7 
 150      52F439C4 
 150      E0B9009F 
 150      FE1B
 151 0588 83935E7B 		.ascii	"\203\223^{\341\012WK\270s\223y[\253\005'S\364e\024\200"
 151      E10A574B 
 151      B8739379 
 151      5BAB0527 
 151      53F46514 
 152 059d 5A04B478 		.ascii	"Z\004\264x\312\242fWW\246?s\272r\337\225{\020\271\220"
 152      CAA26657 
 152      57A63F73 
 152      BA72DF95 
 152      7B10B990 
 153 05b1 3788E4D7 		.ascii	"7\210\344\327\200\374\337\002\\<\355\320\025'<[(\353"
 153      80FCDF02 
 153      5C3CEDD0 
 153      15273C5B 
 153      28EB
 154 05c3 5A39075B 		.ascii	"Z9\007[7\010\315\321)\202&\357\346\\Y\010J\225\005\243"
 154      3708CDD1 
 154      298226EF 
 154      E65C5908 
 154      4A9505A3 
 155 05d7 2F419241 		.ascii	"/A\222A\016\202\354\001\331\017\262\017$\007$\035$\033"
 155      0E82EC01 
 155      D90FB20F 
 155      2407241D 
 155      241B
 156 05e9 642F8815 		.ascii	"d/\210\025\304\002\222\002\222\011r\000\344+\220\317"
 156      C4029202 
 156      92097200 
 156      E42B90CF 
 157 05f9 41D240B2 		.ascii	"A\322@\262@2d\301\364\247\004\013\353\266$\303w\335"
 157      403264C1 
 157      F4A7040B 
 157      EBB624C3 
 157      77DD
 158 060b 67589284 		.ascii	"gX\222\204\333\222$L\271\242\333\\\321\255\022\356\001"
 158      DB92244C 
 158      B9A2DB5C 
 158      D1AD12EE 
 158      01
 159 061c 5774FF4B 		.ascii	"Wt\377K\334\026\354\204\3632\027\370\371Ep\310\355\360"
 159      DC16EC84 
 159      F33217F8 
 159      F94570C8 
 159      EDF0
 160 062e 67708396 		.ascii	"gp\203\226~\016\011\036\021\310\305\246@\303\256\365"
 160      7E0E091E 
 160      11C8C5A6 
 160      40C3AEF5 
 161 063e 18DECDCA 		.ascii	"\030\336\315\312\321\003\350\333\002Z<\215Q\247\024"
 161      D103E8DB 
 161      025A3C8D 
 161      51A714
 162 064d 4D0E05BB 		.ascii	"M\016\005\273X=x\325\"\233\353\326\250_\264\357\210"
 162      583D78D5 
 162      229BEBD6 
 162      A85FB4EF 
 162      88
 163 065e EB0D92B4 		.ascii	"\353\015\222\264\314\272\335wR\264]\222\226{\356\323"
 163      CCBADD77 
 163      52B45D92 
 163      967BEED3 
 164 066e B2885C02 		.ascii	"\262\210\\\002\037r\277\361\244\360q\211/\017]\341\017"
 164      1F72BFF1 
 164      A4F07189 
 164      2F0F5DE1 
 164      0F
 165 067f 5E82F74B 		.ascii	"^\202\367K\340\223\356+\312\340\354\270\034}\021\000"
 165      E093EE2B 
 165      CAE0ECB8 
 165      1C7D1100 
 166 068f 3F941181 		.ascii	"?\224\021\201q\302a\311-\264\337\334|`N*\337\034F\373"
 166      71C261C9 
 166      2DB4DFDC 
 166      7C604E2A 
 166      DF1C46FB 
 167 06a3 EF862BD9 		.ascii	"\357\206+\331\365\227\332u|\267\263]o\272\207K\366\207"
 167      F597DA75 
 167      7CB7B35D 
 167      6FBA874B 
 167      F687
 168 06b5 5DE2E9B4 		.ascii	"]\342\351\264\373\223\203\221\303\271\324\356\370\252"
 168      FB938391 
 168      C3B9D4EE 
 168      F8AA
 169 06c3 5D8E3BD8 		.ascii	"]\216;\330\201\237q\352\3623O\024\262\214E0d\301\251"
 169      819F71EA 
 169      F2334F14 
 169      B28C4530 
 169      64C1A9
 170 06d6 2482C360 		.ascii	"$\202\303`~H\266p\342\223\200\334w#\312\203&\374\177"
 170      7E48B670 
 170      E29380DC 
 170      7723CA83 
 170      26FC7F
 171 06e9 3424F83D 		.ascii	"4$\370=W\273g\205\317\336\205_\262\324I\347[\357\210"
 171      57BB6785 
 171      CFDE855F 
 171      B2D449E7 
 171      5BEF88
 172 06fc CC87FE07 		.ascii	"\314\207\376\007\200\221\374\007\233\354\354\365\221"
 172      8091FC07 
 172      9BECECF5 
 172      91
 173 0709 82C95F06 		.ascii	"\202\311_\006'8_\000\347Spk\325`\211B\012\336(}\235"
 173      27385F00 
 173      E753706B 
 173      D5608942 
 173      0ADE287D 
 174 071e 16085832 		.ascii	"\026\010X2\256\320\351L\361&\263I\037k\372\253Q\267"
 174      AED0E94C 
 174      F126B349 
 174      1F6BFAAB 
 174      51B7
 175 0730 5D9FB8ED 		.ascii	"]\237\270\355S}\242Qg\324'\306\356\222\177j\324\177"
 175      537DA251 
 175      67D427C6 
 175      EE927F6A 
 175      D47F
 176 0742 ACFCED07 		.ascii	"\254\374\355\007\233Wj\302\303\271\325\241\241\352\244"
 176      9B576AC2 
 176      C3B9D5A1 
 176      A1EAA4
 177 0751 5D496663 		.ascii	"]Ifc\234:)\321\2406$$\232\215;\343\324\356\314C\015"
 177      9C3A29D1 
 177      A0362424 
 177      9A8D3BE3 
 177      D4EECC43 
 178 0766 DCAB6E79 		.ascii	"\334\253nyU1\224`\003\314\374\312Ig\2127\304~\262\315"
 178      55319460 
 178      03CCFCCA 
 178      49678A37 
 178      C47EB2CD 
 179 077a A836C425 		.ascii	"\2506\304%\231\222\204\207\272$s\334\232\210?\276\275"
 179      99928487 
 179      BA2473DC 
 179      9A883FBE 
 179      BD
 180 078b 7367E876 		.ascii	"sg\350v\356Uf\246IH4jb\023\014\037o\336\261Mo6\372\353"
 180      EE5566A6 
 180      4948346A 
 180      62130C1F 
 180      6FDEB14D 
 181 07a3 747F311A 		.ascii	"t\1771\032\314\011\211I\000\326'\232\275\264\353b\326"
 181      CC098949 
 181      00D6279A 
 181      BDB4EB62 
 181      D6
 182 07b4 69B7AC8B 		.ascii	"i\267\254\213\012S~b\2127\257\211\320\231\365\352\355"
 182      0A537E62 
 182      8A37AF89 
 182      D099F5EA 
 182      ED
 183 07c5 09714675 		.ascii	"\011qFu\302\016\263Z\237\030\267"
 183      C20EB35A 
 183      9F18B7
 184 07d0 DA9C9010 		.ascii	"\332\234\220\020k\330\2567\305'\251?2\030\"\023\343"
 184      6BD8AE37 
 184      C527A93F 
 184      32182213 
 184      E3
 185 07e1 3E488837 		.ascii	">H\2107\256\323o5\275\243\213\010\013\377\365\237#\324"
 185      AED36F35 
 185      BDA38B08 
 185      0BFFF59F 
 185      23D4
 186 07f3 B1A6AD64 		.ascii	"\261\246\255d\212\242\343ar\265\021f\325\357\204\256"
 186      8AA2E361 
 186      72B51166 
 186      D5EF84AE 
 187 0803 090D5F70 		.ascii	"\011\015_p3\311\274\015\350W\003\014\\\223o\210\211"
 187      33C9BC0D 
 187      E857030C 
 187      5C936F88 
 187      89
 188 0814 D4CADF7F 		.ascii	"\324\312\337\177?Z\213#\243\2648\012\306M\321Zydt\214"
 188      3F5A8B23 
 188      A3B4380A 
 188      C64DD15A 
 188      7964748C 
 189 0828 56FE5E74 		.ascii	"V\376^t\244V\001S\000\210\"\372zr\323\300M\021\263^"
 189      A4560153 
 189      008822FA 
 189      7A72D3C0 
 189      4D11B35E 
 190 083c 13A3C531 		.ascii	"\023\243\3051\3537y\022O\337\325\231\261F\003\272F\253"
 190      EB377912 
 190      4FDFD599 
 190      B14603BA 
 190      46AB
 191 084e 88DCA0D5 		.ascii	"\210\334\240\325h\345[>\334\250\225o\000\214B\263i\363"
 191      68E55B3E 
 191      DCA8956F 
 191      008C42B3 
 191      69F3
 192 0860 8628B847 		.ascii	"\206(\270Gj\264o.\2251(\205Qg\210{\033\334Q\306h\336"
 192      6AB46F2E 
 192      95312885 
 192      5167887B 
 192      1BDC51C6 
 193 0876 D37DB86B 		.ascii	"\323}\270k\207\361\277$\326\313\005"
 193      87F1BF24 
 193      D6CB05
 194              		.text
 195              		.section	.gnu.lto_.symtab.61df4208bfa4abf2,"",%progbits
 196 0000 5F5F696E 		.ascii	"__initialize_hardware_early\000"
 196      69746961 
 196      6C697A65 
 196      5F686172 
 196      64776172 
 197 001c 00       		.ascii	"\000"
 198 001d 01       		.ascii	"\001"
 199 001e 00       		.ascii	"\000"
 200 001f 00000000 		.ascii	"\000\000\000\000\000\000\000\000"
 200      00000000 
 201 0027 B0000000 		.ascii	"\260\000\000\000"
 202 002b 5F5F696E 		.ascii	"__initialize_hardware\000"
 202      69746961 
 202      6C697A65 
 202      5F686172 
 202      64776172 
 203 0041 00       		.ascii	"\000"
 204 0042 01       		.ascii	"\001"
 205 0043 00       		.ascii	"\000"
 206 0044 00000000 		.ascii	"\000\000\000\000\000\000\000\000"
 206      00000000 
 207 004c B3000000 		.ascii	"\263\000\000\000"
 208 0050 5F5F7665 		.ascii	"__vectors_start\000"
 208      63746F72 
 208      735F7374 
 208      61727400 
 209 0060 00       		.ascii	"\000"
 210 0061 02       		.ascii	"\002"
 211 0062 00       		.ascii	"\000"
 212 0063 00000000 		.ascii	"\000\000\000\000\000\000\000\000"
 212      00000000 
 213 006b BB000000 		.ascii	"\273\000\000\000"
 214 006f 53797374 		.ascii	"SystemInit\000"
 214      656D496E 
 214      697400
 215 007a 00       		.ascii	"\000"
 216 007b 02       		.ascii	"\002"
 217 007c 00       		.ascii	"\000"
 218 007d 00000000 		.ascii	"\000\000\000\000\000\000\000\000"
 218      00000000 
 219 0085 B5000000 		.ascii	"\265\000\000\000"
 220 0089 53797374 		.ascii	"SystemCoreClockUpdate\000"
 220      656D436F 
 220      7265436C 
 220      6F636B55 
 220      70646174 
 221 009f 00       		.ascii	"\000"
 222 00a0 02       		.ascii	"\002"
 223 00a1 00       		.ascii	"\000"
 224 00a2 00000000 		.ascii	"\000\000\000\000\000\000\000\000"
 224      00000000 
 225 00aa B7000000 		.ascii	"\267\000\000\000"
 226              		.text
 227              		.section	.gnu.lto_.opts,"",%progbits
 228 0000 272D666D 		.ascii	"'-fmath-errno' '-fsigned-zeros' '-ftrapping-math' '"
 228      6174682D 
 228      6572726E 
 228      6F272027 
 228      2D667369 
 229 0033 2D666E6F 		.ascii	"-fno-trapv' '-fno-strict-overflow' '-fno-openmp' '-"
 229      2D747261 
 229      70762720 
 229      272D666E 
 229      6F2D7374 
 230 0066 666E6F2D 		.ascii	"fno-openacc' '-dD' '-mcpu=cortex-m4' '-mthumb' '-mf"
 230      6F70656E 
 230      61636327 
 230      20272D64 
 230      44272027 
 231 0099 6C6F6174 		.ascii	"loat-abi=soft' '-g3' '-O0' '-fmessage-length=0' '-f"
 231      2D616269 
 231      3D736F66 
 231      74272027 
 231      2D673327 
 232 00cc 7369676E 		.ascii	"signed-char' '-ffunction-sections' '-fdata-sections"
 232      65642D63 
 232      68617227 
 232      20272D66 
 232      66756E63 
 233 00ff 2720272D 		.ascii	"' '-flto' '-fno-move-loop-invariants'\000"
 233      666C746F 
 233      2720272D 
 233      666E6F2D 
 233      6D6F7665 
 234              		.text
 235              		.comm	__gnu_lto_v1,1,1
 236              		.comm	__gnu_lto_slim,1,1
 237              		.ident	"GCC: (GNU Tools for ARM Embedded Processors 6-2017-q2-update) 6.3.1 20170620 (release) [AR
DEFINED SYMBOLS
                            *ABS*:0000000000000000 _initialize_hardware.c
                            *COM*:0000000000000001 __gnu_lto_v1
                            *COM*:0000000000000001 __gnu_lto_slim

NO UNDEFINED SYMBOLS
