   1              		.cpu cortex-m4
   2              		.eabi_attribute 20, 1
   3              		.eabi_attribute 21, 1
   4              		.eabi_attribute 23, 3
   5              		.eabi_attribute 24, 1
   6              		.eabi_attribute 25, 1
   7              		.eabi_attribute 26, 1
   8              		.eabi_attribute 30, 6
   9              		.eabi_attribute 34, 1
  10              		.eabi_attribute 18, 4
  11              		.file	"_reset_hardware.c"
  12              		.text
  13              	.Ltext0:
  14              		.section	.gnu.lto_.inline.27c4202c47845231,"",%progbits
  15 0000 789C6365 		.ascii	"x\234ce`b\320b@\000&\006\006Nv \305\267!\227\201\005"
  15      6062D062 
  15      40002606 
  15      064E7620 
  15      C5B72197 
  16 0016 C4636060 		.ascii	"\304c``d`\346\002K\300\005\270@$\0006I\001\230"
  16      6460E602 
  16      4BC005B8 
  16      40240036 
  16      490198
  17              		.text
  18              		.section	.gnu.lto_NVIC_SystemReset.27c4202c47845231,"",%progbits
  19 0000 789C7592 		.ascii	"x\234u\222MHTQ\024\307\317y\367\315<cFW-\"\204\224t"
  19      4D485451 
  19      14C7CF79 
  19      F7CD3C63 
  19      46572D22 
  20 0017 E1C627D2 		.ascii	"\341\306'\322\262E\2536-k\031\030\215C\012\215\023N"
  20      B245AB36 
  20      2D6B1918 
  20      8D430A8D 
  20      134E
  21 0029 41AEBAF3 		.ascii	"A\256\272\363\245iP\2019\037~\360\214\002\265Rg\246"
  21      A5695081 
  21      391F7EF0 
  21      8C02B552 
  21      67A6
  22 003b ACC6AF46 		.ascii	"\254\306\257F\015\032\203\260D\013\012\"\224\302\242"
  22      0D1A83B0 
  22      440B0A22 
  22      94C2A2
  23 004a 8D439042 		.ascii	"\215C\220BL\235{\337\2205\037\017\356\201{\356\357\375"
  23      4C9D7BDF 
  23      90351F0F 
  23      EE817BEE 
  23      EFFD
  24 005c CFFFDDFF 		.ascii	"\317\377\335\377\263\200\002\013\014\340\014\000\324"
  24      B380020B 
  24      0CE00C00 
  24      D4
  25 0069 D0021550 		.ascii	"\320\002\025P\001ZHMd\262\"\\Q\030\322\002\363\271\301"
  25      015A484D 
  25      64B2225C 
  25      5118D202 
  25      F3B9C1
  26 007c C20C17BB 		.ascii	"\302\014\027\273\276$\225\272\021NO*<\330\270\031\344"
  26      BE2495BA 
  26      114E4F2A 
  26      3CD8B819 
  26      E4
  27 008d 3D0D0611 		.ascii	"=\015\006\021\321\034\205#X\007\304m\304\263}\345V\325"
  27      D11C8523 
  27      5807C46D 
  27      C4B37DE5 
  27      56D5
  28 009f ECE3285A 		.ascii	"\354\343(Z\021\300B\3757\201\330 \273\316\014\206\250"
  28      11C042FD 
  28      3781D820 
  28      BBCE0C86 
  28      A8
  29 00b0 D276FB55 		.ascii	"\322v\373U\377f\205\330*XE\333\360\355\251\035[\355"
  29      FF6685D8 
  29      2A5845DB 
  29      F0EDA91D 
  29      5BED
  30 00c2 1DCE7D3C 		.ascii	"\035\316}<\365vY\013\371\203i\256\032\214\011\031\274"
  30      F576590B 
  30      F98369AE 
  30      1A8C0919 
  30      BC
  31 00d3 87953886 		.ascii	"\207\2258\206\225\346\230\373X\233\307\177\\\326\322"
  31      95E698FB 
  31      589BC77F 
  31      5CD6D2
  32 00e2 89D7BCFB 		.ascii	"\211\327\274\373XQ\376\201\344\243\361O\333\226\034"
  32      5851FE81 
  32      E4A3F14F 
  32      DB961C
  33 00f1 9F5E50A4 		.ascii	"\237^P\244\270Z\010\217\027\300\317\373\374\350\273"
  33      B85A088F 
  33      17C0CFFB 
  33      FCE8BB
  34 0100 CB95A2F8 		.ascii	"\313\225\242\370D\001N\336\307r^\212\360\223X;\271\212"
  34      44014EDE 
  34      C7725E8A 
  34      F093583B 
  34      B98A
  35 0112 299EFDDD 		.ascii	")\236\375\335\305S\3314\366\256\255\037\2651 \337\252"
  35      C553D934 
  35      F6AEAD1F 
  35      B53120DF 
  35      AA
  36 0123 28162AAA 		.ascii	"(\026*\252U\024M\024\200\036y\267\327\030\005\304\276"
  36      55144D14 
  36      801E79B7 
  36      D71805C4 
  36      BE
  37 0134 A1776366 		.ascii	"\241wcf\365C\371\337+\016\310(zc\215L^s\224\341\277"
  37      F543F9DF 
  37      2B0EC828 
  37      7A638D4C 
  37      5E7394E1 
  38 0149 D78F31B4 		.ascii	"\327\2171\264\322\304\270\254p\202NF\347\227>\333\253"
  38      D2C4B8AC 
  38      70824E46 
  38      E7973EDB 
  38      AB
  39 015a 4F193C52 		.ascii	"O\031<Re\320(\352d&\022\3536U\244\237\300j\252\017Q"
  39      65D028EA 
  39      642612EB 
  39      3655A49F 
  39      C06AAA0F 
  40 016f 85AFE8FB 		.ascii	"\205\257\350\373\261\325\277{@H\0161\021\27479{\313"
  40      B1D5BF7B 
  40      40480E31 
  40      11BC3739 
  40      7BCB
  41 0181 229262C8 		.ascii	"\"\222b\310\337\373y\005>\242\317\221\330\300\356\260"
  41      DFFB7905 
  41      3EA2CF91 
  41      D8C0EEB0 
  42 0191 62726AAE 		.ascii	"brj\256\2718\275\317l\210\304C\301\305\025\315|QL\373"
  42      B938BDCF 
  42      6C88C443 
  42      C1C515CD 
  42      7C514CFB 
  43 01a5 F9E2E555 		.ascii	"\371\342\345U\273\201C^\262M\016\344[S\342f\350\354"
  43      BB81435E 
  43      B24D0EE4 
  43      5B53E266 
  43      E8EC
  44 01b7 5D26B364 		.ascii	"]&\263d\327\307y\300+\2164|\214\006F\344\307\343\023"
  44      D7C779C0 
  44      2B8E347C 
  44      8C0646E4 
  44      C7E313
  45 01ca D449D8FF 		.ascii	"\324I\330\377\253\263\333fJ\347\324w\277G\326\313\204"
  45      ABB3DB66 
  45      4AE7D477 
  45      BF47D6CB 
  45      84
  46 01db BA8AE4E9 		.ascii	"\272\212\344\351\251\034\357\337\351\034\357]\331or"
  46      A91CEFDF 
  46      E91CEF5D 
  46      D96F72
  47 01ea 1AA1C4DD 		.ascii	"\032\241\304\335\034\330j1\261\000\337\3221i\372\014"
  47      1CD86A31 
  47      B100DFD2 
  47      3169FA0C 
  48 01fa 2D1F1254 		.ascii	"-\037\022T\236\255\341\203\322\027+\351kz\317\327\014"
  48      9EADE183 
  48      D2172BE9 
  48      6B7ACFD7 
  48      0C
  49 020b EA34034A 		.ascii	"\3524\003J\3052]\"\226Y\031\310\334^,\371!\314S\010"
  49      C5325D22 
  49      965919C8 
  49      DC5E2CF9 
  49      21CC5308 
  50 021f 22732633 		.ascii	"\"s&3\347\233\311\314\034\346\211\207W\033O\346\304"
  50      E79BC9CC 
  50      1CE68987 
  50      571B4FE6 
  50      C4
  51 0230 95FFC49F 		.ascii	"\225\377\304\237I\331\224\250\000\247A\374@(\377\274"
  51      49D994A8 
  51      00A741FC 
  51      4028FFBC 
  52 0240 C3F5F5BA 		.ascii	"\303\365\365\272\247\303s\321\351\322[\333\034\347/"
  52      A7C373D1 
  52      E9D25BDB 
  52      1CE72F
  53 024f 353B7587 		.ascii	"5;u\207\313\323\352\321\035\356vg\223\303u\244\276\005"
  53      CBD3EAD1 
  53      1DEE7667 
  53      93C375A4 
  53      BE05
  54 0261 6A4A32A2 		.ascii	"jJ2\2426\235s8\010*k\366\234\255j\270|\0344\227\323"
  54      369D7338 
  54      082A6BF6 
  54      9CAD6AB8 
  54      7C1C3497 
  55 0276 E56EEF00 		.ascii	"\345n\357\000\265\315}\001\376\000\027bN\272"
  55      B5CD7D01 
  55      FE001762 
  55      4EBA
  56              		.text
  57              		.section	.gnu.lto___reset_hardware.27c4202c47845231,"",%progbits
  58 0000 789C6365 		.ascii	"x\234ce`b\230\310\300\300\240\005\304\202@\314\300\314"
  58      606298C8 
  58      C0C0A005 
  58      C48240CC 
  58      C0CC
  59 0012 C0C8C400 		.ascii	"\300\310\304\000\302\214\014\365L\214\365\214\375\314"
  59      C28C0CF5 
  59      4C8CF58C 
  59      FDCC
  60 0020 D399190F 		.ascii	"\323\231\031\017\265?\333\311\244\271\274\001\010\016"
  60      B53FDBC9 
  60      A4B9BC01 
  60      080E
  61 002e 4C9FC0DA 		.ascii	"L\237\300\332\260\342\000\343|f\006\206\231\314\014"
  61      B0E200E3 
  61      7C660686 
  61      99CC0C
  62 003d 60C0B89C 		.ascii	"`\300\270\234Q\223\001\250\354\321\306\177Sy\331X \342"
  62      519301A8 
  62      ECD1C67F 
  62      5379D958 
  62      20E2
  63 004f 8C2B18D9 		.ascii	"\214+\030\331\030\201\364\372K\214\007\032\376\375o"
  63      1881F4FA 
  63      4B8C071A 
  63      FEFD6F
  64 005e 6F38706A 		.ascii	"o8pj\011\3434F\240T\027X[73\320\036\346\327\214\315"
  64      09E33446 
  64      A0541758 
  64      5B3733D0 
  64      1EE6D78C 
  65 0073 1D47AF99 		.ascii	"\035G\257\231\200\024\203L\330\271\363\315m\366\372"
  65      8014834C 
  65      D8B9F3CD 
  65      6DF6FA
  66 0082 BF0D1CF3 		.ascii	"\277\015\034\363\231\031g2\003\2653\256d\254g\230\017"
  66      99196732 
  66      03B533AE 
  66      64AC6798 
  66      0F
  67 0093 520AD4C6 		.ascii	"R\012\324\306\010\266MCOO\277\270\262\270$5W\277\270"
  67      08B64D43 
  67      4F4FBFB8 
  67      B2B82435 
  67      57BFB8
  68 00a6 28593F39 		.ascii	"(Y?9\277\250$\265\"W?\276(\2658\265$>#\261(\245<\261"
  68      BFA824B5 
  68      22573FBE 
  68      28B538B5 
  68      243E23B1 
  69 00be 28552F99 		.ascii	"(U/\231\001\000z;:`"
  69      01007A3B 
  69      3A60
  70              		.text
  71              		.section	.gnu.lto_.symbol_nodes.27c4202c47845231,"",%progbits
  72 0000 789C6365 		.ascii	"x\234ce`b0`\000\002\246o\014\365\014\014\023\3161\200"
  72      60623060 
  72      0002A66F 
  72      0CF50C0C 
  72      13CE3180 
  73 0014 A89D0D07 		.ascii	"\250\235\015\007\033\330\200b\277\031\352\031ab\273"
  73      1BD88062 
  73      BF19EA19 
  73      6162BB
  74 0023 1A1D1918 		.ascii	"\032\035\031\030\230\031\031\030\026?\370\347\310\000"
  74      98191918 
  74      163FF8E7 
  74      C800
  75 0031 00510F0D 		.ascii	"\000Q\017\015\250"
  75      A8
  76              		.text
  77              		.section	.gnu.lto_.refs.27c4202c47845231,"",%progbits
  78 0000 789C6365 		.ascii	"x\234ce`b`d\000\002\000\000I\000\011"
  78      60626064 
  78      00020000 
  78      490009
  79              		.text
  80              		.section	.gnu.lto_.decls.27c4202c47845231,"",%progbits
  81 0000 789CBD57 		.ascii	"x\234\275WkPTG\026\276\347\366\000\303\360\262\200J"
  81      6B505447 
  81      16BEE7F6 
  81      00C3F0B2 
  81      804A
  82 0012 A85A7EB8 		.ascii	"\250Z~\270\011[![\221\021\335\312\246\266\266j\305A"
  82      095B215B 
  82      9111DDCA 
  82      A6B6B66A 
  82      C541
  83 0024 567EC458 		.ascii	"V~\304XCbm\355\217\235\032q*\262\021\310\002\226\353"
  83      43626DED 
  83      8F9D1A71 
  83      2AB211C8 
  83      0296EB
  84 0037 8F8D1701 		.ascii	"\217\215\027\001\235\200\301\021\361\201\242\362P\001"
  84      9D80C111 
  84      F181A2F2 
  84      5001
  85 0045 D1804F54 		.ascii	"\321\200OTd\035\210\"\240\260\202\017|\360PD\242\250"
  85      641D8822 
  85      A0B0820F 
  85      7CF05044 
  85      A2A8
  86 0057 882F4445 		.ascii	"\210/DE\331\323\335\3672\227+\304\375\265]\323\267\347"
  86      D9D3DDF7 
  86      32972BC4 
  86      FDB55DD3 
  86      B7E7
  87 0069 DCFECEE9 		.ascii	"\334\376\316\351\363\352\323\267\335\004Q0O\021\204"
  87      F3EAD3B7 
  87      DD045130 
  87      4F1184
  88 0078 43200895 		.ascii	"C \010\225\202 \214b#8\356\023\\M\024\370\334a\341\355"
  88      82208C62 
  88      2338EE13 
  88      5C4D14F8 
  88      DC61E1ED 
  89 008c 66453E3D 		.ascii	"fE>=\216\013\260\373c\017\304\376>\276\373\010\307_"
  89      8E0BB0FB 
  89      630FC4FE 
  89      3EBEFB08 
  89      C75F
  90 009e E3F81EF6 		.ascii	"\343\370\036\366\016\374\217\203\020\200\017\"\313\372"
  90      0EFC8F83 
  90      10800F22 
  90      CBFA
  91 00ac 0DFE0F85 		.ascii	"\015\376\017\205\267\345}#c\250\274\217\361\377o\301"
  91      B7E57D23 
  91      63A8BC8F 
  91      F1FF6FC1 
  92 00bc A5C36199 		.ascii	"\245\303a\231W\3336\021\270q\363R\206{\027tP4\320\306"
  92      57DB3611 
  92      B871F352 
  92      867B1774 
  92      5034D0C6 
  93 00d0 57543590 		.ascii	"WT5\220\215c\215N\303\230\\\027\024\264\032\311@\354"
  93      8D638D4E 
  93      C3985C17 
  93      14B41AC9 
  93      40EC
  94 00e2 E381CAAC 		.ascii	"\343\201\312\254Z\242K\010S\200)\241\346\220I\366\023"
  94      5AA24B08 
  94      538029A1 
  94      E69049F6 
  94      13
  95 00f3 390163F3 		.ascii	"9\001c\363\012V%P\266\002&P\2137\242X\377(\357\\\237"
  95      0A562550 
  95      B6022650 
  95      8B37A258 
  95      FF28EF5C 
  96 0108 A11B3A29 		.ascii	"\241\033:)\256`\026\260w\027\3575\235\365#\270\016\376"
  96      AE6016B0 
  96      7717EF35 
  96      9DF523B8 
  96      0EFE
  97 011a DFD1D853 		.ascii	"\337\321\330S\350M\002\330\377\273w.^\367\323\211\002"
  97      E84D02D8 
  97      FFBB772E 
  97      5EF7D389 
  97      02
  98 012b EC01C2B9 		.ascii	"\354\001\302\271\273_\224F\205\355\225x\323\377\321"
  98      BB5F9446 
  98      85ED9578 
  98      D3FFD1
  99 013a E5D4D3A3 		.ascii	"\345\324\323\243\317\235~\331\004\374\015 \"\3316xn"
  99      CF9D7ED9 
  99      04FC0D20 
  99      22D93678 
  99      6E
 100 014b 9B179281 		.ascii	"\233\027\222\201\006\230\202\344p\352\245ZC\320F\306"
 100      069882E4 
 100      70EAA55A 
 100      43D046C6 
 101 015b 95264D11 		.ascii	"\225&M\021a\301{\360#\004\303>\010F\215+ \010\237\013"
 101      61C17BF0 
 101      2304C33E 
 101      08468D2B 
 101      20089F0B 
 102 016f 755C52D1 		.ascii	"u\\R\321\352\207\015\372\017\012$g\252\344|x\352\303"
 102      EA870DFA 
 102      0F0A2467 
 102      AAE47C78 
 102      EAC3
 103 0181 131DBD92 		.ascii	"\023\035\275\222\224\211|\240\243@(\003\002{!\014\031"
 103      94897CA0 
 103      A3402803 
 103      027B210C 
 103      19
 104 0192 CAF14D19 		.ascii	"\312\361M\031U\014J\241\033\240\004\272\320\001\225"
 104      550C4AA1 
 104      1BA004BA 
 104      D00195
 105 01a1 F001CA78 		.ascii	"\360\001\312x\225~\245\303\235D3#\232;\036\354u#\177"
 105      957EA5C3 
 105      9D443323 
 105      9A3B1EEC 
 105      75237F
 106 01b4 65FF2BF3 		.ascii	"e\377+\363GZ\365\324\240\003\212A[\012;\235>\212\211"
 106      475AF5D4 
 106      A0038A41 
 106      5B0A3B9D 
 106      3E8A89
 107 01c7 701074F4 		.ascii	"p\020t\364\345\263\336\324\032\202*\024\324J\316\321"
 107      E5B3DED4 
 107      1A822A14 
 107      D44ACED1 
 108 01d7 AD53730F 		.ascii	"\255Ss\017HR\306JI\342\012\354\037S\340\020*\260_\253"
 108      4852C64A 
 108      49E20AEC 
 108      1F53E010 
 108      2AB05FAB 
 109 01eb C061A640 		.ascii	"\300a\246@kze>\341\356\320Q\2477o\271\345\313\3351\025"
 109      6B7A653E 
 109      E1EED051 
 109      A7376FB9 
 109      E5CBDD31 
 110 0200 C9BDCD67 		.ascii	"\311\275\315g:\344Y; =z\367j\261'\247\007Y\214F\266"
 110      3AE4593B 
 110      203D7AF7 
 110      6AB127A7 
 110      07598C46 
 111 0215 55C97420 		.ascii	"U\311t \222\257\273\035\016\017\316]@\3417;\177\316"
 111      92AFBB1D 
 111      0E0FCE5D 
 111      40E1373B 
 111      7FCE
 112 0227 F4257660 		.ascii	"\364%v`&\215d\325\344\271\033\354\324\263\2164\311s"
 112      268D64D5 
 112      E4B91BEC 
 112      D4B38E34 
 112      C973
 113 0239 2E65AA42 		.ascii	".e\252B\327\036a\256\255\001\003>\215\234DtgCY9]\371"
 113      D71E61AE 
 113      AD01033E 
 113      8D9C4474 
 113      67435939 
 114 024f 2303D0C4 		.ascii	"#\003\320\304\361\303W\025\367\217\275\360\341\257("
 114      F1C35715 
 114      F78FBDF0 
 114      E1AF28
 115 025e A26CE7BA 		.ascii	"\242l\347\272\"w\222\303\204\213\265\255\255ot`\010"
 115      227792C3 
 115      848BB5AD 
 115      AD6F7460 
 115      08
 116 026f 45F12BB9 		.ascii	"E\361+\271xaL8\324A(e\242\276\200\223\370\362\337\370"
 116      78614C38 
 116      D4412865 
 116      A2BE8093 
 116      F8F2DFF8 
 117 0283 7237D5C3 		.ascii	"r7\325\303\331]>c\343jI\022\241\026\014\340T\374% \232"
 117      D95D3E63 
 117      E36A4912 
 117      A1160CE0 
 117      54FC2520 
 118 0298 3BFDCA9A 		.ascii	";\375\312\232S/|\374\035LgI\232\252c\270j\024q\234)"
 118      532F7CFC 
 118      1D4C6749 
 118      9AAA63B8 
 118      6A14719C 
 119 02ad FD13F82B 		.ascii	"\375\023\370+\252S\364\312\352\253\353\344\324\272A"
 119      AA53F4CA 
 119      EAABEBE4 
 119      D4BA41
 120 02bc E9C36DED 		.ascii	"\351\303m\355C\236\34457\177\270\3011\213Z\237\206\352"
 120      439EE435 
 120      377FB8C1 
 120      318B5A9F 
 120      86EA
 121 02ce D9DFA91E 		.ascii	"\331\337\251\0362\254*=}\307W\275v\375/\255}\241\257"
 121      32AC2A3D 
 121      7DC757BD 
 121      76FD2FAD 
 121      7DA1AF
 122 02e1 30DD9BAF 		.ascii	"0\335\233\257}^P\345\265?\317\353#}\215\365\006\036"
 122      7D5E50E5 
 122      B53FCFEB 
 122      237D8DF5 
 122      061E
 123 02f3 198946A6 		.ascii	"\031\211F\246\272\276\255\021\310J\276\223\352\036W"
 123      BABEAD11 
 123      C84ABE93 
 123      EA1E57
 124 0302 96C8BC04 		.ascii	"\226\310\274\004I{\336\343\363~\223\006\252Y\011\324"
 124      497BDEE3 
 124      F37E9306 
 124      AA5909D4 
 125 0312 39AE6679 		.ascii	"9\256fyM\343q?\255\213\232\020\336\310\340-L\315fE\315"
 125      4DE3713F 
 125      AD8B9A10 
 125      DEC8E02D 
 125      4CCD6645 
 126 0327 2BDBA54E 		.ascii	"+\333\245N7\255Q\223\242\263N\037\256\227\323\257\201"
 126      37AD5193 
 126      A2B34E1F 
 126      AE97D3AF 
 126      81
 127 0338 D27D6F0E 		.ascii	"\322}o\0166y\220\325\\\353\3659\303Mz\222\305\211\252"
 127      367990D5 
 127      5CEBF539 
 127      C34D7A92 
 127      C589AA
 128 034b 81F22A1F 		.ascii	"\201\362*\037\216t\262\335R\375\264\311\215\323z\325"
 128      8E74B2DD 
 128      52FDB4C9 
 128      8DD37AD5 
 129 035b 74A03CFD 		.ascii	"t\240<\375\244|p\227;Y\313y3\217\\\350\322Mjo\273b\357"
 129      A47C7097 
 129      3B59CB79 
 129      338F5CE8 
 129      D24D6A6F 
 130 0372 74666ECD 		.ascii	"tfn\315\3323\025nZs/!\372\"C_a\006\264+\006\3549\321"
 130      DA33156E 
 130      5A732F21 
 130      FA22435F 
 130      6106B42B 
 131 038a 738868CD 		.ascii	"s\210h\315\235\024]\332\227\237-\307\3413$7\277(\354"
 131      9D145DDA 
 131      979F2DC7 
 131      E1332437 
 131      BF28EC
 132 039d F721EBB9 		.ascii	"\367!\353\271\222\305\245\227\333\014J\376\274;\275"
 132      92C5A597 
 132      DB0C4AFE 
 132      BC3BBD
 133 03ac 91E3C1C0 		.ascii	"\221\343\301\300H\205/\331\314\331\253\253N\324\313"
 133      48852FD9 
 133      CCD9ABAB 
 133      4ED4CB
 134 03bb FE984E83 		.ascii	"\376\230N\203\266\267\266\305\213l\343s#\216\035\007"
 134      B6B7B6C5 
 134      8B6CE373 
 134      238E1D07 
 135 03cb 3D493127 		.ascii	"=I1'\266>\351\274+\357\350P\232\032\305\333s<I)\237"
 135      B63EE9BC 
 135      2BEFE850 
 135      9A1AC5DB 
 135      733C4929 
 136 03e0 1B75D8F3 		.ascii	"\033u\330\363<\310>N(\225\302\237W\212\334\226\334b"
 136      3CC83E4E 
 136      2895C29F 
 136      578ADC96 
 136      DC62
 137 03f2 2F7280CF 		.ascii	"/r\200\317\015\244\337\276!'_\020-rwr\257\002'\275U"
 137      0DA4DFBE 
 137      21275F10 
 137      2D727772 
 137      AF0227BD 
 138 0407 DB2450DE 		.ascii	"\333$P\336&?\016eo\362\"G9k\373\325\364c2\326\013I\307"
 138      263F0E65 
 138      6FF22247 
 138      396BFBD5 
 138      F46332D6 
 139 041e D9EEBF4C 		.ascii	"\331\356\277L\032\232{Jh\372\271\305\025\031\275ez\344"
 139      1A9A7B4A 
 139      68FAB9C5 
 139      1519BD65 
 139      7AE4
 140 0430 0DC69A01 		.ascii	"\015\306\232\001\252\202\021,\027\214\035\245\247|\310"
 140      AA82112C 
 140      178C1DA5 
 140      A77CC8
 141 043f 09B68ED8 		.ascii	"\011\266\216\330t\262h\310\023B\015\274\016\014ex\340"
 141      74B268C8 
 141      13420DBC 
 141      0E0C6578 
 141      E0
 142 0450 29018318 		.ascii	")\001\203\030\235\001W\025\010\246qa\025e\260H\"A\002"
 142      9D015715 
 142      08A67161 
 142      1565B048 
 142      224102
 143 0463 CC645900 		.ascii	"\314dY\000\017\321\341\301\262\303\037\2406\367\371"
 143      0FD1E1C1 
 143      B2C31FA0 
 143      36F7F9
 144 0472 F2B7CAEA 		.ascii	"\362\267\312\352\236\250R\003\230\270;8\3773\323\366"
 144      9EA85203 
 144      98B83B38 
 144      FF33D3F6 
 145 0482 110BF63D 		.ascii	"\021\013\366=%\330\345\355\303y\"\017\350\377$\375\225"
 145      25D8E5ED 
 145      C379220F 
 145      E8FF24FD 
 145      95
 146 0493 7D5389A7 		.ascii	"}S\211\247Z\372\343_\222^\323\3261\213\234\342.}\326"
 146      5AFAE35F 
 146      925ED3D6 
 146      318B9CE2 
 146      2E7DD6
 147 04a6 D2711348 		.ascii	"\322q\023H\003'\322\3176\226x\220s\234\270_\326\334"
 147      0327D2CF 
 147      36967890 
 147      739CB85F 
 147      D6DC
 148 04b8 E04EDA38 		.ascii	"\340N\3328\321\333\367\362(!\355\234\330}\277\350\007"
 148      D1DBF7F2 
 148      2821ED9C 
 148      D87DBFE8 
 148      07
 149 04c9 4FD221F3 		.ascii	"O\322!\363\364\016\264\310\341\\C\375\372j\360\310E"
 149      F40EB4C8 
 149      E15C43FD 
 149      FA6AF0C8 
 149      45
 150 04da 25807477 		.ascii	"%\200tw\365?\273=\252'=\014\374\376fG\313\337!\204\265"
 150      F53FBB3D 
 150      AA273D0C 
 150      FCFE6647 
 150      CBDF2184 
 151 04ef 8010550B 		.ascii	"\200\020U\013\305^$\245\247\341Y\271\363\017%\273VI"
 151      C55E24A5 
 151      A7E159B9 
 151      F30F25BB 
 151      5649
 152 0501 0E2B7ED9 		.ascii	"\016+~\331\030\3409\372;M\014p\2453\337\032\341\370"
 152      18E039FA 
 152      3B4D0C70 
 152      A533DF1A 
 152      E1F8
 153 0513 1038BE67 		.ascii	"\0208\276gE\236\344L'\014}]\213\276\306\320U\300\341"
 153      459EE44C 
 153      270C7D5D 
 153      8BBEC6D0 
 153      55C0E1
 154 0526 B9087FF9 		.ascii	"\271\010\177\371/\016\247[\355\205\026nT\311\316\305"
 154      2F0EA75B 
 154      ED85166E 
 154      54C9CEC5 
 155 0536 73BBC94E 		.ascii	"s\273\311NR\031\372\014\370\303i\031\255\024Y8\245U"
 155      5219FA0C 
 155      F8C36919 
 155      AD145938 
 155      A555
 156 0548 E5E5772E 		.ascii	"\345\345w.Unie\337\004\215\360:E\370\177P\370Y\031\256"
 156      556E6965 
 156      DF048DF0 
 156      3A45F87F 
 156      50F85919 
 157 055d 143B6870 		.ascii	"\024;hp\301\327\311Q\235\245\023\340\025\316\277dS\024"
 157      C1D7C951 
 157      9DA513E0 
 157      15CEBF64 
 157      5314
 158 056f 8D59000E 		.ascii	"\215Y\000\0161\024\3639\004\262\304\020x\215\343z\034"
 158      3114F339 
 158      04B2C410 
 158      788DE37A 
 158      1C
 159 0580 33B0AFC5 		.ascii	"3\260\257\305n\307\236\215=\025\373\017\330Wa_\203="
 159      6EC79E8D 
 159      3D15FB0F 
 159      D857615F 
 159      833D
 160 0592 1DFB1BC4 		.ascii	"\035\373\033\304~\217c\016\366u\330Wb\227\260gb_-\206"
 160      7E8F630E 
 160      F675D857 
 160      6297B067 
 160      625F2D86 
 161 05a6 B00F226E 		.ascii	"\260\017\"n\3265\225\207;'\366\260\312\011\327TNx\246"
 161      D6359587 
 161      3B27F6B0 
 161      CA09D754 
 161      4E78A6
 162 05b9 45376AD1 		.ascii	"E7j\321M*\3317\264\350\256\267d\333\211\013>\242\205"
 162      4D2AD937 
 162      B4E8AEB7 
 162      64DB890B 
 162      3EA285
 163 05cc 1F1D0747 		.ascii	"\037\035\007G\337\366\177\207\217T\254\347\350\340\273"
 163      DFF67F87 
 163      8F54ACE7 
 163      E8E0BB
 164 05db 325AD913 		.ascii	"2Z\331\023\320\247\215G\377\012\036\216\253\210\276"
 164      D0A78D47 
 164      FF0A1E8E 
 164      AB88BE
 165 05ea 2CA39562 		.ascii	",\243\225b\014\027\324hZ\023\332\224\350\341I\013'\264"
 165      0C17D468 
 165      5A13DA94 
 165      E8E1490B 
 165      27B4
 166 05fc A9716C5C 		.ascii	"\251ql\\\336Q\325\353Tn\031\2360\357\324\3506\225[\272"
 166      DE51D5EB 
 166      546E199E 
 166      30EFD4E8 
 166      36955BBA 
 167 0610 2776CB38 		.ascii	"'v\3138\341*x\317\304\211\247\206?V\351r[\013\357}\013"
 167      E12A78CF 
 167      C489A786 
 167      3F56E972 
 167      5B0BEF7D 
 168 0625 DEA3823F 		.ascii	"\336\243\202?\2358\242\034\316\253\345\300k\377T\374"
 168      9D38A21C 
 168      CEABE5C0 
 168      6BFF54FC 
 169 0635 CCA53041 		.ascii	"\314\2450A\256\225\302\330\366{3\032\230\223&5Lg\373"
 169      AE95C2D8 
 169      F67B331A 
 169      98932635 
 169      4C67FB
 170 0648 AF552BEC 		.ascii	"\257U+\354\374[\333\365\361\012\327vm\233\030\256\312"
 170      FC5BDBF5 
 170      F10AD776 
 170      6D9B18AE 
 170      CA
 171 0659 8F3695A6 		.ascii	"\2176\225\246C\023W\016.\034\313RK\367\206\026\035\271"
 171      4313570E 
 171      2E1CCB52 
 171      4BF78616 
 171      1DB9
 172 066b C3EB7DD6 		.ascii	"\303\353}\326\201\263\317< 4\200[\320g'i\324\202\215"
 172      81B3CF3C 
 172      2034805B 
 172      D0672769 
 172      D4828D
 173 067e C89E2B8E 		.ascii	"\310\236+\216\025|j\320\304\273\0216\340&\374\177lH"
 173      157C6AD0 
 173      C4BB1136 
 173      E026FC7F 
 173      6C48
 174 0690 D4FBCDB1 		.ascii	"\324\373\315\261\357\177\345\2359\366!\313\224t\035"
 174      EF7FE59D 
 174      39F621CB 
 174      94741D
 175 069f 7A9B446F 		.ascii	"z\233Dov\265\302\221\026\355W\373\216\313\247\260;\222"
 175      76B5C291 
 175      16ED57FB 
 175      8ECBA7B0 
 175      3B92
 176 06b1 CF2B0A5A 		.ascii	"\317+\012Z|&=/\361\274\341\347\345f\221\035)O33\236"
 176      7C263D2F 
 176      F1BCE1E7 
 176      E566911D 
 176      294F3333 
 177 06c6 CB9F571E 		.ascii	"\313\237W\036\252\317\217@\376\371qi\270\346\2457y\304"
 177      AACF8F40 
 177      FEF97169 
 177      B8E6A537 
 177      79C4
 178 06d8 DCA75B5F 		.ascii	"\334\247[_\272\377\214\036\217\313`@i\260[\271W\011"
 178      BAFF8C1E 
 178      8FCB6040 
 178      69B05BB9 
 178      5709
 179 06ea B05D3440 		.ascii	"\260]4@\276H\224\333\033[z\374y\266\015\275\265\235"
 179      BE4894DB 
 179      1B5B7AFC 
 179      79B60DBD 
 179      B59D
 180 06fc ADBC430C 		.ascii	"\255\274C\014\206\002\\z\213Da\255\300^3b\360O\354?"
 180      86025C7A 
 180      8B4461AD 
 180      C05E3362 
 180      F04FEC3F 
 181 0710 AE7AE064 		.ascii	"\256z\340da\253\227\372\230\243\013lE\306-\"5\241P\364"
 181      61AB97FA 
 181      98A30B6C 
 181      45C62D22 
 181      35A150F4 
 182 0724 570C6104 		.ascii	"W\014a\004rd\237\313\3566\220!~T\355\331\267\275\322"
 182      72649FCB 
 182      EE369021 
 182      7E54EDD9 
 182      B7BDD2
 183 0737 978C7022 		.ascii	"\227\214p\"\253\356\247|wze*\026\345K\224cC}\253/\275"
 183      ABEEA77C 
 183      777A652A 
 183      16E54B94 
 183      63437DAB 
 184 074d B2392567 		.ascii	"\2629%g\373\335O\036\\\273\315\256l\351\020\310nLEJ"
 184      FBDD4F1E 
 184      5CBBCDAE 
 184      6CE910C8 
 184      6E4C454A 
 185 0761 2AC04E51 		.ascii	"*\300NQG\251\3617\246]\"\2751\355q\034=\342E*\310$K"
 185      47A9F137 
 185      A65D22BD 
 185      31ED711C 
 185      3DE2452A 
 186 0778 BC3E345A 		.ascii	"\274>4Z\352!/\321\3777\314V\274\217\025\032\230\370"
 186      EA212FD1 
 186      FF37CC56 
 186      BC8F151A 
 186      98F8
 187 078a DD63E24B 		.ascii	"\335c\342KP\374n\255\370R&\276{\270\275\313[\035~\312"
 187      50FC6EAD 
 187      F85226BE 
 187      7BB8BDCB 
 187      5B1D7ECA 
 188 079e E98A6199 		.ascii	"\351\212a\231\034\3762\026\376\213\327S/\003\275\256"
 188      1CFE3216 
 188      FE8BD753 
 188      2F03BDAE 
 189 07ae A6BEE3BA 		.ascii	"\246\276\343\272\012{\304 a\312\274\005\321&K\314\362"
 189      0A7BC420 
 189      61CABC05 
 189      D1264BCC 
 189      F2
 190 07bf E4145BBC 		.ascii	"\344\024[\274\331\226lK\321'$&\331R\226&%"
 190      D9966C4B 
 190      D1272426 
 190      D9529626 
 190      25
 191 07d0 E8FF3CEF 		.ascii	"\350\377<\357\253\251\246\360p\341\303\2600c2\003\030"
 191      ABA9A6F0 
 191      70E1C3B0 
 191      30633203 
 191      18
 192 07e1 E3126297 		.ascii	"\343\022b\227,]d3\306\306'\307%\033c\021i\211\215\377"
 192      2C5D6433 
 192      C6C627C7 
 192      251B6311 
 192      69898DFF 
 193 07f5 5DD86261 		.ascii	"]\330ba\212\305\222D\271-\213\255I\213\226Y\223l\272"
 193      8AC59244 
 193      B92D8BAD 
 193      498B9659 
 193      936CBA
 194 0808 6536EB37 		.ascii	"e6\3537\241.\316\344\244X\212O\261\3753\336\250\201"
 194      A12ECEE4 
 194      A4588A4F 
 194      B1FD33DE 
 194      A881
 195 081a 86C50A9E 		.ascii	"\206\305\012\236\34691s\314\013\346DN\327/\215KH\231"
 195      E6393173 
 195      CC0BE644 
 195      4ED72F8D 
 195      4B4899
 196 082d 39C39262 		.ascii	"9\303\222b5.N\214\267\031\023\277M1Z\223\342\247\245"
 196      352E4E8C 
 196      B71913BF 
 196      4D315A93 
 196      E2A7A5
 197 0840 24262E89 		.ascii	"$&.\211]l\215KH6~\035\033\033\221\024?/1\3016\307\272"
 197      5D6C8D4B 
 197      48367E1D 
 197      1B1B9114 
 197      3F2F31C1 
 198 0857 30EE53CB 		.ascii	"0\356S\313\214\351\341\277\377\307\014\343\222\270\205"
 198      8CE9E1BF 
 198      FFC70CE3 
 198      92B885
 199 0866 748AA113 		.ascii	"t\212\241\023pr\232\015g\215\237\206\315\014\013\037"
 199      70729A0D 
 199      678D9F86 
 199      CD0C0B1F 
 200 0876 D33B3965 		.ascii	"\323;9e\021\212\237\2060\324Y\027\035\023a\326}\376"
 200      118A9F86 
 200      30D45917 
 200      1D1361D6 
 200      7DFE
 201 0888 79949944 		.ascii	"y\224\231DD\232I$\216\363\243\314\272\210\250\030\263"
 201      449A4924 
 201      8EF3A3CC 
 201      BA88A818 
 201      B3
 202 0899 6E765484 		.ascii	"nvT\204\331\015\247\020\020I\351\271\364a\302\207[\314"
 202      D90DA710 
 202      1049E9B9 
 202      F461C287 
 202      5BCC
 203 08ab 5C538C99 		.ascii	"\\S\214\231\304\314\235\357A5\375\314\222BL&\244Mf\267"
 203      C4CC9DEF 
 203      4135FDCC 
 203      92424C26 
 203      A44D66B7 
 204 08bf 8868B3C9 		.ascii	"\210h\263\311\254[\360\345\027f]4b\334L\363\277\212"
 204      AC5BF0E5 
 204      17665D34 
 204      62DC4CF3 
 204      BF8A
 205 08d1 8EC46784 		.ascii	"\216\304g\204\311\254\2171\315\266|\271\374[\233\016"
 205      C9AC8F31 
 205      CDB67CB9 
 205      FC5B9B0E 
 206 08e1 6D4872B3 		.ascii	"mHr\263X\"cf\373X\227,\263.O\266\304%,\211K\260\205"
 206      58226366 
 206      FB58972C 
 206      B32E4FB6 
 206      C4252C89 
 207 08f8 4CEA64FA 		.ascii	"L\352d\372\264p\215\221q\336\027\363\377\013\315\324"
 207      B4708D91 
 207      71DE17F3 
 207      FF0BCDD4 
 208 0908 07C9     		.ascii	"\007\311"
 209              		.text
 210              		.section	.gnu.lto_.symtab.27c4202c47845231,"",%progbits
 211 0000 5F5F7265 		.ascii	"__reset_hardware\000"
 211      7365745F 
 211      68617264 
 211      77617265 
 211      00
 212 0011 00       		.ascii	"\000"
 213 0012 01       		.ascii	"\001"
 214 0013 00       		.ascii	"\000"
 215 0014 00000000 		.ascii	"\000\000\000\000\000\000\000\000"
 215      00000000 
 216 001c B5000000 		.ascii	"\265\000\000\000"
 217              		.text
 218              		.section	.gnu.lto_.opts,"",%progbits
 219 0000 272D666D 		.ascii	"'-fmath-errno' '-fsigned-zeros' '-ftrapping-math' '"
 219      6174682D 
 219      6572726E 
 219      6F272027 
 219      2D667369 
 220 0033 2D666E6F 		.ascii	"-fno-trapv' '-fno-strict-overflow' '-fno-openmp' '-"
 220      2D747261 
 220      70762720 
 220      272D666E 
 220      6F2D7374 
 221 0066 666E6F2D 		.ascii	"fno-openacc' '-dD' '-mcpu=cortex-m4' '-mthumb' '-mf"
 221      6F70656E 
 221      61636327 
 221      20272D64 
 221      44272027 
 222 0099 6C6F6174 		.ascii	"loat-abi=soft' '-g3' '-O0' '-fmessage-length=0' '-f"
 222      2D616269 
 222      3D736F66 
 222      74272027 
 222      2D673327 
 223 00cc 7369676E 		.ascii	"signed-char' '-ffunction-sections' '-fdata-sections"
 223      65642D63 
 223      68617227 
 223      20272D66 
 223      66756E63 
 224 00ff 2720272D 		.ascii	"' '-flto' '-fno-move-loop-invariants'\000"
 224      666C746F 
 224      2720272D 
 224      666E6F2D 
 224      6D6F7665 
 225              		.text
 226              		.comm	__gnu_lto_v1,1,1
 227              		.comm	__gnu_lto_slim,1,1
 228              		.ident	"GCC: (GNU Tools for ARM Embedded Processors 6-2017-q2-update) 6.3.1 20170620 (release) [AR
DEFINED SYMBOLS
                            *ABS*:0000000000000000 _reset_hardware.c
                            *COM*:0000000000000001 __gnu_lto_v1
                            *COM*:0000000000000001 __gnu_lto_slim

NO UNDEFINED SYMBOLS
