   1              		.cpu cortex-m4
   2              		.eabi_attribute 20, 1
   3              		.eabi_attribute 21, 1
   4              		.eabi_attribute 23, 3
   5              		.eabi_attribute 24, 1
   6              		.eabi_attribute 25, 1
   7              		.eabi_attribute 26, 1
   8              		.eabi_attribute 30, 6
   9              		.eabi_attribute 34, 1
  10              		.eabi_attribute 18, 4
  11              		.file	"exception_handlers.c"
  12              		.text
  13              	.Ltext0:
  14              		.section	.gnu.lto_.inline.aa4ec85c638e30af,"",%progbits
  15 0000 789C65CB 		.ascii	"x\234e\313\261\015\2000\014D\321\263\235\0001 \262\001"
  15      B10D8030 
  15      0C44D1B3 
  15      9D003120 
  15      B201
  16 0012 0B330423 		.ascii	"\0133\004#e\027\026\300A\212(\316\305\025O\337\031\212"
  16      651716C0 
  16      418A28CE 
  16      C5154FDF 
  16      198A
  17 0024 07FFED80 		.ascii	"\007\377\355\2009\002\201\364-\304\373\300$T\3331X\341"
  17      390281F4 
  17      2DC4FBC0 
  17      2454DB31 
  17      58E1
  18 0036 25B6B64B 		.ascii	"%\266\266K\006\031E\211$\363\333D\321\314\321BQ!q\222"
  18      06194589 
  18      24F3DB44 
  18      D1CCD142 
  18      51217192 
  19 004a 95648369 		.ascii	"\225d\203i\227\373\034\202\027\0260\016D"
  19      97FB1C82 
  19      1716300E 
  19      44
  20              		.text
  21              		.section	.gnu.lto_Reset_Handler.aa4ec85c638e30af,"",%progbits
  22 0000 789C6365 		.ascii	"x\234ce`b\230\310\300\300\240\013\304\202@\314\300\314"
  22      606298C8 
  22      C0C0A00B 
  22      C48240CC 
  22      C0CC
  23 0012 C0C8C400 		.ascii	"\300\310\304\000\302\214\014\365L\214\365\214\375\314"
  23      C28C0CF5 
  23      4C8CF58C 
  23      FDCC
  24 0020 D399190F 		.ascii	"\323\231\031\017\265?\333\311\244\271\274\001\010\016"
  24      B53FDBC9 
  24      A4B9BC01 
  24      080E
  25 002e 4CFFC3D2 		.ascii	"L\377\303\322\260\342\000\343|f\006\206\231\314\014"
  25      B0E200E3 
  25      7C660686 
  25      99CC0C
  26 003d 60C0B89C 		.ascii	"`\300\270\234Q\223\001\250\354\321\306\177Sy\331X \342"
  26      519301A8 
  26      ECD1C67F 
  26      5379D958 
  26      20E2
  27 004f 8C2B18D9 		.ascii	"\214+\030\331\030\201\364\372K\214\007\032\376\375o"
  27      1881F4FA 
  27      4B8C071A 
  27      FEFD6F
  28 005e 6F38F06B 		.ascii	"o8\360k1\343$F\240T\027X[73\320\036\346\327\214\315"
  28      31E32446 
  28      A0541758 
  28      5B3733D0 
  28      1EE6D78C 
  29 0073 1D478F99 		.ascii	"\035G\217\231\200\024\203L\330\271\363\315m\366\372"
  29      8014834C 
  29      D8B9F3CD 
  29      6DF6FA
  30 0082 BF0D1CF3 		.ascii	"\277\015\034\363\231\031g2\003\2653\256d\254g\230\017"
  30      99196732 
  30      03B533AE 
  30      64AC6798 
  30      0F
  31 0093 520AD4C6 		.ascii	"R\012\324\306\010\266M[OO\277\270\262\270$5W\277\270"
  31      08B64D5B 
  31      4F4FBFB8 
  31      B2B82435 
  31      57BFB8
  32 00a6 28593F39 		.ascii	"(Y?9\277\250$\265\"W?\265\"9\265\240$3?/>#1/%'\265\250"
  32      BFA824B5 
  32      22573FB5 
  32      2239B5A0 
  32      24333F2F 
  33 00c2 582F9901 		.ascii	"X/\231\001\000\207\231<<"
  33      0087993C 
  33      3C
  34              		.text
  35              		.section	.gnu.lto_NMI_Handler.aa4ec85c638e30af,"",%progbits
  36 0000 789C6365 		.ascii	"x\234ce`b\250c``0\005b\025 f`a`db\000bFf \311\014&\031"
  36      6062A863 
  36      60603005 
  36      62152066 
  36      60616064 
  37 001e 19EA9998 		.ascii	"\031\352\231\230\031\201\230\001\002\372\231\24733\036"
  37      19819801 
  37      02FA99A7 
  37      33331E
  38 002d 6A7FB693 		.ascii	"j\177\266\223Isy\003\020\034\230~\207\265a\305\001\306"
  38      49737903 
  38      101C987E 
  38      87B561C5 
  38      01C6
  39 003f F9400533 		.ascii	"\371@\0053\241\212\030\2273j2\000\225=\332\370o*/\033"
  39      A18A1897 
  39      336A3200 
  39      953DDAF8 
  39      6F2A2F1B 
  40 0053 0B449C71 		.ascii	"\013D\234q\005#\033#\220^\177\211\361@\303\277\377\355"
  40      05231B23 
  40      905E7F89 
  40      F140C3BF 
  40      FFED
  41 0065 0D077E2D 		.ascii	"\015\007~-c\374\0034\237\241\013\254\255\233\031h5\363"
  41      63FC0334 
  41      9FA10BAC 
  41      AD9B1968 
  41      35F3
  42 0077 2BC686C5 		.ascii	"+\306\206\305\317\245AjAbz\014 Y\2404s\0273#\330hm="
  42      CFA5416A 
  42      41627A0C 
  42      2059A034 
  42      73173323 
  43 008f 3DFDE2CA 		.ascii	"=\375\342\312\342\222\324\\\375\342\242d\375\344\374"
  43      E292D45C 
  43      FDE2A264 
  43      FDE4FC
  44 009e A292D48A 		.ascii	"\242\222\324\212\\\375\324\212\344\324\202\222\314\374"
  44      5CFDD48A 
  44      E4D48292 
  44      CCFC
  45 00ac BCF88CC4 		.ascii	"\274\370\214\304\274\224\234\324\242b\275d\006\366\244"
  45      BC949CD4 
  45      A262BD64 
  45      06F6A4
  46 00bb EC821205 		.ascii	"\354\202\022\005\003\006\000ZH5\333"
  46      0306005A 
  46      4835DB
  47              		.text
  48              		.section	.gnu.lto_HardFault_Handler.aa4ec85c638e30af,"",%progbits
  49 0000 789C6365 		.ascii	"x\234ce`bhg``X\013\304\242@\314\300\314\300\310\304"
  49      60626867 
  49      6060580B 
  49      C4A240CC 
  49      C0CCC0C8 
  50 0015 00C48C8C 		.ascii	"\000\304\214\214@\016#C=\023c=c?\363tf\306C\355\317"
  50      400E2343 
  50      3D13633D 
  50      633FF374 
  50      66C643ED 
  51 002a 7632692E 		.ascii	"v2i.o\000\202\003\323\347\21056\264J\314gf`\230\311"
  51      6F008203 
  51      D3E78835 
  51      36B44ACC 
  51      67666098 
  52 003f CC00068C 		.ascii	"\314\000\006\214\313\0315\031\200\312\036m\3747\225"
  52      CB193519 
  52      80CA1E6D 
  52      FC3795
  53 004e 978D0522 		.ascii	"\227\215\005\"\316\270\202\221\015d\316\372K\214\007"
  53      CEB88291 
  53      0D64CEFA 
  53      4B8C07
  54 005d 1AFEFD6F 		.ascii	"\032\376\375oo8\360+b\325k&\240\005]`m\335\314@&\363"
  54      6F38F02B 
  54      62D56B26 
  54      A0055D60 
  54      6DDDCC40 
  55 0073 2BC68645 		.ascii	"+\306\206E\217\3270\203\024\203\004\365\030\33626-\330"
  55      8FD73083 
  55      148304F5 
  55      18DE3236 
  55      2DD8
  56 0085 BE961126 		.ascii	"\276\226\021&\000T\0144\004\250R[OO\277\270\262\270"
  56      00540C34 
  56      04A8525B 
  56      4F4FBFB8 
  56      B2B8
  57 0097 243557BF 		.ascii	"$5W\277\270(Y?9\277\250$\265\"W?\265\"9\265\240$3?/"
  57      B828593F 
  57      39BFA824 
  57      B522573F 
  57      B52239B5 
  58 00b0 3E23312F 		.ascii	">#1/%'\265\250X/\231\241^\241\244\270D!\247HG\331D\001"
  58      2527B5A8 
  58      582F99A1 
  58      5EA1A4B8 
  58      4421A748 
  59 00c8 02B81432 		.ascii	"\002\270\0242KR\025R\013\025\340\200K!\267\250\030("
  59      4B521552 
  59      0B15E080 
  59      4B21B7A8 
  59      1828
  60 00da 5064A093 		.ascii	"Pd\240\223[\\\000\027\311K\005\211\024\300E\362\313"
  60      5B5C0017 
  60      C94B0589 
  60      14C045F2 
  60      CB
  61 00eb 148A0C75 		.ascii	"\024\212\014ur\212\340\272rR\212\024\212\214tl=\022"
  61      728AE0BA 
  61      72528A14 
  61      8A8C746C 
  61      3D12
  62 00fd 8B52DC12 		.ascii	"\213R\334\022KsJ\342= \026\307;\003e\223*\200\222\014"
  62      4B734AE2 
  62      3D2016C7 
  62      3B036593 
  62      2A80920C 
  63 0111 0051295A 		.ascii	"\000Q)Z("
  63      28
  64              		.text
  65              		.section	.gnu.lto_HardFault_Handler_C.aa4ec85c638e30af,"",%progbits
  66 0000 789C6D50 		.ascii	"x\234mPKKBa\020\235\271s\275\255l\031-\"Z\010\"\201"
  66      4B4B4261 
  66      109DB973 
  66      BDAD6C19 
  66      2D225A08 
  67 0016 B6A855D0 		.ascii	"\266\250U\320.\210\376B\2130\275Q\344\213{\025\214\026"
  67      2E88FE42 
  67      8B30BD51 
  67      E48B7B15 
  67      8C16
  68 0028 7DBD102C 		.ascii	"}\275\020,j\021\"=@B\302\314\362\261KH\260V\021\030"
  68      6A11223D 
  68      4042C2CC 
  68      F2B14B48 
  68      B0561118 
  69 003c 15D1A668 		.ascii	"\025\321\246h\221\340\242U\256\202\026\326\334\253\233"
  69      91E0A255 
  69      AE8216D6 
  69      DCAB9B
  70 004b A081337C 		.ascii	"\240\2013|3s\346\014\337\261\200\004\223\0100\016\000"
  70      3373E60C 
  70      DFB18004 
  70      9308300E 
  70      00
  71 005c 3606C880 		.ascii	"6\006\310\200\0220\2208\223\231\021\226%B\006\264c\207"
  71      12309038 
  71      93991196 
  71      254206B4 
  71      6387
  72 006e 9284D7B1 		.ascii	"\222\204\327\261FYrd\004G5\371\331\263\"6zSL\330\353"
  72      46597264 
  72      044735F9 
  72      D9B32236 
  72      7A534CD8 
  73 0083 9030830E 		.ascii	"\2200\203\016f\335TjK\344D\340\347m\275q\241\310\022"
  73      66DD546A 
  73      4BE444E0 
  73      E76DBD71 
  73      A1C812
  74 0096 E089216A 		.ascii	"\340\211!jt\036\326\213\207\264M)B\224\271l\326\366"
  74      741ED68B 
  74      87B44D29 
  74      4294B96C 
  74      D6F6
  75 00a8 EBDD4629 		.ascii	"\353\335F)\341\000\227W\331\357\246D#\346\356S%]\266"
  75      E1009757 
  75      D9EFA644 
  75      23E6EE53 
  75      255DB6
  76 00bb DA8F8558 		.ascii	"\332\217\205X\025\325\327\004\011[\212\010\317\220\370"
  76      15D5D704 
  76      095B8A08 
  76      CF90F8
  77 00ca 1AE6B00F 		.ascii	"\032\346\260\017O\031Y\224\271\013x\216\366\177\257"
  77      4F195994 
  77      B90B788E 
  77      F67FAF
  78 00d9 BDE55B97 		.ascii	"\275\345[\227\012\215\232z[\007\3679\352\350\335\275"
  78      0A8D9A7A 
  78      5B07F739 
  78      EAE8DDBD 
  79 00e9 F4EFAE89 		.ascii	"\364\357\256\211\211\024\311X\370\253\2307\024\331\217"
  79      8914C958 
  79      F8AB9837 
  79      14D98F
  80 00f8 22DA8DA5 		.ascii	"\"\332\215\245\367R+aU\344\366\027\261\204\012\333\006"
  80      F7522B61 
  80      55E4F617 
  80      B1840ADB 
  80      06
  81 0109 8547AC8A 		.ascii	"\205G\254\212\326OLT\237\247\216\262\303\334\212\233"
  81      D64F4C54 
  81      9FA78EB2 
  81      C3DC8A9B 
  82 0119 0E6C12BB 		.ascii	"\016l\022\273H\037(\322_\0052\310Fs\014\2141\317)Nh"
  82      481F28D2 
  82      5F0532C8 
  82      46730C8C 
  82      31CF294E 
  83 012e DA34E874 		.ascii	"\3324\350t\272\364E=\254\372]\272\346qy\202ZX\215\372"
  83      BAF4453D 
  83      ACFA5DBA 
  83      E6717982 
  83      5A588DFA 
  84 0142 5D6AD4A3 		.ascii	"]j\324\243\206\302\363\301\300\364\234;\340\365\251"
  84      86C2F3C1 
  84      C0F49C3B 
  84      E0F5A9
  85 0151 9AEEF480 		.ascii	"\232\356\364\200\022\011Dt\325k\231\325\334~U\362i]"
  85      12094474 
  85      D56B99D5 
  85      DC7E55F2 
  85      695D
  86 0163 330BA1F0 		.ascii	"3\013\241\360\300\020\374\0023fy\346"
  86      C010FC02 
  86      336679E6 
  87              		.text
  88              		.section	.gnu.lto_MemManage_Handler.aa4ec85c638e30af,"",%progbits
  89 0000 789C6365 		.ascii	"x\234ce`b\250g``0\005b\025 f`a`db\000bFf \311\014&\031"
  89      6062A867 
  89      60603005 
  89      62152066 
  89      60616064 
  90 001e 19EA9998 		.ascii	"\031\352\231\230\031\201\230\001\002\372\231\24733\036"
  90      19819801 
  90      02FA99A7 
  90      33331E
  91 002d 6A7FB693 		.ascii	"j\177\266\223Isy\003\020\034\230>I\256\261\241Ub>P\301"
  91      49737903 
  91      101C983E 
  91      49AEB1A1 
  91      55623E50 
  92 0042 4CA822C6 		.ascii	"L\250\"\306\345\214\232\014@e\2176\376\233\312\313\306"
  92      E58C9A0C 
  92      40658F36 
  92      FE9BCACB 
  92      C6
  93 0053 0211675C 		.ascii	"\002\021g\\\301\310\306\010\244\327_b<\320\360\357\177"
  93      C1C8C608 
  93      A4D75F62 
  93      3CD0F0EF 
  93      7F
  94 0064 7BC3814B 		.ascii	"{\303\201K\025\253\2361\003\205\272\300\332\272\231"
  94      15AB9E31 
  94      0385BAC0 
  94      DABA99
  95 0073 815633BF 		.ascii	"\201V3\277blX\274y\0173H1HP\217\001$\015\224g\356\002"
  95      626C58BC 
  95      790F3348 
  95      3148508F 
  95      01240D94 
  96 008a A904026D 		.ascii	"\251\004\002m==\375\342\312\342\222\324\\\375\342\242"
  96      3D3DFDE2 
  96      CAE292D4 
  96      5CFDE2A2 
  97 009a 64FDE4FC 		.ascii	"d\375\344\374\242\222\324\212\\\375\324\212\344\324"
  97      A292D48A 
  97      5CFDD48A 
  97      E4D4
  98 00a8 8292CCFC 		.ascii	"\202\222\314\374\274\370\214\304\274\224\234\324\242"
  98      BCF88CC4 
  98      BC949CD4 
  98      A2
  99 00b5 62BD6406 		.ascii	"b\275d\006\366\244\354\202\022\005\003\006\000j\322"
  99      F6A4EC82 
  99      12050306 
  99      006AD2
 100 00c4 360F     		.ascii	"6\017"
 101              		.text
 102              		.section	.gnu.lto_BusFault_Handler.aa4ec85c638e30af,"",%progbits
 103 0000 789C6365 		.ascii	"x\234ce`bhg``X\003\304\242@\314\300\314\300\310\304"
 103      60626867 
 103      60605803 
 103      C4A240CC 
 103      C0CCC0C8 
 104 0015 00C48C8C 		.ascii	"\000\304\214\214@\016#C=\023c=c?\363tf\306C\355\317"
 104      400E2343 
 104      3D13633D 
 104      633FF374 
 104      66C643ED 
 105 002a 7632692E 		.ascii	"v2i.o\000\202\003\323w\31056\264J\314gf`\230\311\314"
 105      6F008203 
 105      D377C835 
 105      36B44ACC 
 105      67666098 
 106 0040 00068CCB 		.ascii	"\000\006\214\313\0315\031\200\312\036m\3747\225\227"
 106      19351980 
 106      CA1E6DFC 
 106      379597
 107 004f 8D0522CE 		.ascii	"\215\005\"\316\270\202\221\015d\316\372K\214\007\032"
 107      B882910D 
 107      64CEFA4B 
 107      8C071A
 108 005e FEFD6F6F 		.ascii	"\376\375oo8\360\252\362\325;f\240\005]`m\335 &\363+"
 108      38F0AAF2 
 108      D53B66A0 
 108      055D606D 
 108      DD2026F3 
 109 0073 C68645BF 		.ascii	"\306\206E\277\3670\203\024\203\004\365\030\33626-x\277"
 109      F7308314 
 109      8304F518 
 109      DE32362D 
 109      78BF
 110 0085 97112600 		.ascii	"\227\021&\000T\0144\004\250R[OO\277\270\262\270$5W\277"
 110      540C3404 
 110      A8525B4F 
 110      4FBFB8B2 
 110      B8243557 
 111 009a B828593F 		.ascii	"\270(Y?9\277\250$\265\"W?\265\"9\265\240$3?/>#1/%'\265"
 111      39BFA824 
 111      B522573F 
 111      B52239B5 
 111      A024333F 
 112 00b6 A8582F99 		.ascii	"\250X/\231\241N\241\244\270D!\247HG\331D\001\002\270"
 112      A14EA1A4 
 112      B84421A7 
 112      4847D944 
 112      0102B8
 113 00c9 14324B52 		.ascii	"\0242KR\025R\013\025\340\200K!\267\250\030(Pd\240\223"
 113      15520B15 
 113      E0804B21 
 113      B7A81828 
 113      5064A093 
 114 00dd 5B5C0017 		.ascii	"[\\\000\027\311K\005\211\024\300E\362\313\024\212\014"
 114      C94B0589 
 114      14C045F2 
 114      CB148A0C 
 115 00ed 75728AE0 		.ascii	"ur\212\340\272rR\212\024\212\214tl\235J\213\335\022"
 115      BA72528A 
 115      148A8C74 
 115      6C9D4A8B 
 115      DD12
 116 00ff 4B734AE2 		.ascii	"KsJ\342= \366\306;\003%\223*\200r\014\000\300\002Z\272"
 116      3D20F6C6 
 116      3B032593 
 116      2A80720C 
 116      00C0025A 
 117              		.text
 118              		.section	.gnu.lto_BusFault_Handler_C.aa4ec85c638e30af,"",%progbits
 119 0000 789C6D50 		.ascii	"x\234mP\313K\002q\020\236\331Y\267S\235;Hx\020D\002"
 119      CB4B0271 
 119      109ED959 
 119      B7539D3B 
 119      48781044 
 120 0015 EDD229A8 		.ascii	"\355\322)\250S\020\375\023a\272Q\344\213]\005\243\240"
 120      5310FD13 
 120      61BA51E4 
 120      8B5D05A3 
 120      A0
 121 0026 5F2F048B 		.ascii	"_/\004\213:\204H\017\020\211\350a\371\270%dl\035\"\002"
 121      3A84480F 
 121      1089E861 
 121      F9B82564 
 121      6C1D2202 
 122 003a A1C27387 		.ascii	"\241\302s\207\004\017]\302k\2055\273z\011\032\370\206"
 122      040F5DC2 
 122      6B8535BB 
 122      7A091AF8 
 122      86
 123 004b DFCC7CF3 		.ascii	"\337\314|\363\015\277\317\006\022L\"\3008\0008\031 "
 123      0DBFCF06 
 123      124C22C0 
 123      38003819 
 123      20
 124 005c 034AC040 		.ascii	"\003J\300@\342LVFX\226\010\031\320\211\035\312\020\336"
 124      E24C5646 
 124      58960819 
 124      D0891DCA 
 124      10DE
 125 006e 259B15C9 		.ascii	"%\233\025\311}\"8\214\314\367\300\212\330\350\3172a"
 125      7D22388C 
 125      CCF7C08A 
 125      D8E8CF32 
 125      61
 126 007f AF4BC213 		.ascii	"\257K\302\023t3\353\241Z[$\017\002?\037\033\315+E\226"
 126      7433EBA1 
 126      5A5B240F 
 126      023F1F1B 
 126      CD2B4596 
 127 0093 004F4D51 		.ascii	"\000OMQ\263\363\274^:\244m\312\022\242\314e\253\266"
 127      B3F3BC5E 
 127      3AA46DCA 
 127      12A2CC65 
 127      ABB6
 128 00a5 DFE8334B 		.ascii	"\337\3503K\011\035\\\336\236}\266$\032\266v\353\325"
 128      091D5CDE 
 128      9E7DB624 
 128      1AB676EB 
 128      D5
 129 00b6 A34AAFEB 		.ascii	"\243J\257\353X\210Ua\324\323$\234Y\"\274@\342k\230G"
 129      58885561 
 129      D4D3249C 
 129      5922BC40 
 129      E26B9847 
 130 00ca 3B9E33CE 		.ascii	";\2363\316P\346.\340%\272\376\275\366Zh_+4b\351m\035"
 130      50E62EE0 
 130      25BAFEBD 
 130      F65A685F 
 130      2B3462E9 
 131 00e0 3CE5A9AB 		.ascii	"<\345\251\253\327\376\262\357\256\211\211,\311X\374"
 131      D7FEB2EF 
 131      AE89892C 
 131      C958FC
 132 00ef AB583015 		.ascii	"\253X0\025\331\217\022\272\314\245\267r;\335\253\310"
 132      D98F12BA 
 132      CCA5B772 
 132      3BDDABC8 
 133 00ff 9D2F6219 		.ascii	"\235/b\031\025\266\015\212/h\210\366OR\030\367K\271"
 133      15B60D8A 
 133      2F6888F6 
 133      4F5218F7 
 133      4BB9
 134 0111 DC18B752 		.ascii	"\334\030\267R\226\003\233\304.\322;\212\243\217\033"
 134      96039BC4 
 134      2ED23B8A 
 134      A38F1B
 135 0120 32C96673 		.ascii	"2\311fs\024\3141\317)Eh\3314\350\361x\365\005=\246\206"
 135      14CC31CF 
 135      294568D9 
 135      34E8F178 
 135      F5053DA6 
 136 0135 BCBAE6F7 		.ascii	"\274\272\346\367\372#ZLM\204\274j\302\257Fcs\221\360"
 136      FA235A4C 
 136      4D84BC6A 
 136      C2AF4663 
 136      7391F0
 137 0148 D4AC2F1C 		.ascii	"\324\254/\034\010\252\232\356\361\203\022\017\307u5"
 137      08AA9AEE 
 137      F183120F 
 137      C77535
 138 0157 609BD17C 		.ascii	"`\233\321|!U\012j=\323\363\321\230c\010~\001\217#z["
 138      21550A6A 
 138      3DD3F3D1 
 138      9863087E 
 138      018F237A 
 139              		.text
 140              		.section	.gnu.lto_UsageFault_Handler.aa4ec85c638e30af,"",%progbits
 141 0000 789C6365 		.ascii	"x\234ce`bhg``X\017\304\242@\314\300\314\300\310\304"
 141      60626867 
 141      6060580F 
 141      C4A240CC 
 141      C0CCC0C8 
 142 0015 00C48C8C 		.ascii	"\000\304\214\214@\016#C=\023c=c?\363tf\306C\355\317"
 142      400E2343 
 142      3D13633D 
 142      633FF374 
 142      66C643ED 
 143 002a 7632692E 		.ascii	"v2i.o\000\202\003\323\257\31176\264J\314gf`\230\311"
 143      6F008203 
 143      D3AFC937 
 143      36B44ACC 
 143      67666098 
 144 003f CC00068C 		.ascii	"\314\000\006\214\313\0315\031\200\312\036m\3747\225"
 144      CB193519 
 144      80CA1E6D 
 144      FC3795
 145 004e 978D0522 		.ascii	"\227\215\005\"\316\270\202\221\015d\316\372K\214\007"
 145      CEB88291 
 145      0D64CEFA 
 145      4B8C07
 146 005d 1AFEFD6F 		.ascii	"\032\376\375oo8\360\250\356\324\"\036\240\005]`m\335"
 146      6F38F0A8 
 146      EED4221E 
 146      A0055D60 
 146      6DDD
 147 006f CC4026F3 		.ascii	"\314@&\363+\306\206E\333\3673\203\024\203\004\365\030"
 147      2BC68645 
 147      DBF73383 
 147      148304F5 
 147      18
 148 0080 DE32362D 		.ascii	"\33626-X}D\020&\000T\0144\004\250R[OO\277\270\262\270"
 148      587D4410 
 148      2600540C 
 148      3404A852 
 148      5B4F4FBF 
 149 0097 243557BF 		.ascii	"$5W\277\270(Y?9\277\250$\265\"W?\265\"9\265\240$3?/"
 149      B828593F 
 149      39BFA824 
 149      B522573F 
 149      B52239B5 
 150 00b0 3E23312F 		.ascii	">#1/%'\265\250X/\231\241\201Q\241\244\270D!\247HG\331"
 150      2527B5A8 
 150      582F99A1 
 150      8151A1A4 
 150      B84421A7 
 151 00c7 440102B8 		.ascii	"D\001\002\270\0242KR\025R\013\025\340\200K!\267\250"
 151      14324B52 
 151      15520B15 
 151      E0804B21 
 151      B7A8
 152 00d9 18285064 		.ascii	"\030(Pd\240\223[\\\000\027\311K\005\211\024\300E\362"
 152      A0935B5C 
 152      0017C94B 
 152      058914C0 
 152      45F2
 153 00eb CB148A0C 		.ascii	"\313\024\212\014ur\212\340\272rR\212\024\212\214tlC"
 153      75728AE0 
 153      BA72528A 
 153      148A8C74 
 153      6C43
 154 00fd 8B13D353 		.ascii	"\213\023\323S\335\022KsJ\342= V\307;\003\245\223*\200"
 154      DD124B73 
 154      4AE23D20 
 154      56C73B03 
 154      A5932A80 
 155 0111 B20C0028 		.ascii	"\262\014\000(\203Z\326"
 155      835AD6
 156              		.text
 157              		.section	.gnu.lto_UsageFault_Handler_C.aa4ec85c638e30af,"",%progbits
 158 0000 789C6D50 		.ascii	"x\234mP\277KBq\020\277{\367|\321`sC\203\204 \022h\015"
 158      BF4B4271 
 158      10BF7BF7 
 158      7CD16073 
 158      43838420 
 159 0017 4D415B6B 		.ascii	"MA[k\377B\230\276(\362\027\357)\030\015}\211@\261(\202"
 159      FF4298BE 
 159      28F217EF 
 159      29180D7D 
 159      8940B128 
 160 002c 44B2C041 		.ascii	"D\262\300A\302\314\362GSB\2025\204\004\202EsC\206A\233"
 160      C2CCF247 
 160      53428235 
 160      84048245 
 160      73438641 
 161 0041 4B438375 		.ascii	"KC\203u\357\351\022t\3609\276w\367\271\317\361\375X"
 161      EFE91274 
 161      F039BE77 
 161      F7B9CFF1 
 161      FD58
 162 0053 40824504 		.ascii	"@\202E\004X\000\000;\003d@\011\030H\234\311\314\010"
 162      5800003B 
 162      03644009 
 162      18489CC9 
 162      CC08
 163 0065 5B122103 		.ascii	"[\022!\003\006q@i\302\373x\267&9\363\202\243\221\316"
 163      06714069 
 163      C2FB78B7 
 163      2639F382 
 163      A391CE
 164 0078 4C1E8AB6 		.ascii	"L\036\212\266\240,3\216\207,\314\243\223i\315zk\223"
 164      A02C338E 
 164      872CCCA3 
 164      9369CD7A 
 164      6B93
 165 008a 5C08FC7C 		.ascii	"\\\010\374|\354to\024Y\002<7T\215\316\323N\345\224\366"
 165      EC746F14 
 165      59023C37 
 165      548DCED3 
 165      4EE594F6 
 166 009e 790D51E6 		.ascii	"y\015Q\346\262\327\312t\306\214RB\033\227w\205\357\236"
 166      B2D7CA74 
 166      C68C5242 
 166      1B977785 
 166      EF9E
 167 00b0 44B3E6EE 		.ascii	"D\263\346\356K=W\263:\316\204\330\026\215\367\024\011"
 167      4B3D57B3 
 167      3ACE84D8 
 167      168DF714 
 167      09
 168 00c1 7B96082F 		.ascii	"{\226\010/\221\370\032\026q\002/\030\005\224\271\013"
 168      91F81A16 
 168      71022F18 
 168      0594B90B 
 169 00d1 78858E7F 		.ascii	"x\205\216\177\257\275\226\372\267\012\315\231z{'\355"
 169      AFBD96FA 
 169      B70ACD99 
 169      7A7B27ED 
 170 00e1 220DF5BE 		.ascii	"\"\015\365\276\022\324\274\026b4K2\226\377J\226\014"
 170      12D4BC16 
 170      62344B32 
 170      96FF4A96 
 170      0C
 171 00f2 4976A482 		.ascii	"Iv\244\202\016c\353\255\332OY\025y\360G\254\242\302"
 171      0E63EBAD 
 171      DA4F5915 
 171      79F047AC 
 171      A2C2
 172 0104 C641F919 		.ascii	"\306A\371\031\033\242\377\023\027\215~\002\017\217>"
 172      1BA2FF13 
 172      178D7E02 
 172      0F8F3E
 173 0113 C6B99934 		.ascii	"\306\271\2314M\330%v\222>Q\344\362\0173\006\335h\316"
 173      4DD82576 
 173      923E51E4 
 173      F20F3306 
 173      DD68CE
 174 0126 8331E639 		.ascii	"\2031\3469%\011M\247\246\\.\267\276\241G\324\200[\327"
 174      25094DA7 
 174      A65C2EB7 
 174      BEA147D4 
 174      805BD7
 175 0139 BC6E6F48 		.ascii	"\274noH\213\250\261\200[\215y\325pd-\024\\Z\365\004"
 175      8BA8B180 
 175      5B8D79D5 
 175      70642D14 
 175      5C5AF504 
 176 014d 7D7E55D3 		.ascii	"}~U\323]^P\242\301\250\256\372,+\232'\240J~mdy=\034"
 176      5D5E50A2 
 176      C1A8AEFA 
 176      2C2B9A27 
 176      A04A7E6D 
 177 0165 B14DC32F 		.ascii	"\261M\303/\271\333{\276"
 177      B9DB7BBE 
 178              		.text
 179              		.section	.gnu.lto_SVC_Handler.aa4ec85c638e30af,"",%progbits
 180 0000 789C6365 		.ascii	"x\234ce`bhb``0\005b\025 f`a`db\000bFf \311\014&\031"
 180      60626862 
 180      60603005 
 180      62152066 
 180      60616064 
 181 001e 19EA9998 		.ascii	"\031\352\231\230\031\201\230\001\002\372\231\24733\036"
 181      19819801 
 181      02FA99A7 
 181      33331E
 182 002d 6A7FB693 		.ascii	"j\177\266\223Isy\003\020\034\230\276Myb\303\205\006"
 182      49737903 
 182      101C98BE 
 182      4D7962C3 
 182      8506
 183 003f E6F94015 		.ascii	"\346\371@\0253\241\252\030\2273j2\000\325=\332\370o"
 183      33A1AA18 
 183      97336A32 
 183      00D53DDA 
 183      F86F
 184 0051 2A2F1B0B 		.ascii	"*/\033\013D\234q\005#\033#\220^\177\211\361@\303\277"
 184      449C7105 
 184      231B2390 
 184      5E7F89F1 
 184      40C3BF
 185 0064 FFED0D07 		.ascii	"\377\355\015\007\036\3652.\\{\034h\005C\027Xc73\320"
 185      1EF5322E 
 185      5C7B1C68 
 185      05431758 
 185      633733D0 
 186 0078 76E6578C 		.ascii	"v\346W\214\015\213\177\0373\004)\007\011\3521\200\244"
 186      0D8B7F1F 
 186      33042907 
 186      09EA3180 
 186      A4
 187 0089 81F2CC5D 		.ascii	"\201\362\314]\314\214`\323\265\365\364\364\213+\213"
 187      CC8C60D3 
 187      B5F5F4F4 
 187      8B2B8B
 188 0098 4B5273F5 		.ascii	"KRs\365\213\213\222\365\223\363\213JR+r\365S+\222S\013"
 188      8B8B92F5 
 188      93F38B4A 
 188      522B72F5 
 188      532B9253 
 189 00ad 4A32F3F3 		.ascii	"J2\363\363\3423\022\363RrR\213\212\365\222\031\330\223"
 189      E23312F3 
 189      5272528B 
 189      8AF59219 
 189      D893
 190 00bf B20B4A14 		.ascii	"\262\013J\024\014\030\000\265E8*"
 190      0C1800B5 
 190      45382A
 191              		.text
 192              		.section	.gnu.lto_DebugMon_Handler.aa4ec85c638e30af,"",%progbits
 193 0000 789C6365 		.ascii	"x\234ce`bhb``0\005b\025 f`a`db\000bFf \311\014&\031"
 193      60626862 
 193      60603005 
 193      62152066 
 193      60616064 
 194 001e 19EA9998 		.ascii	"\031\352\231\230\031\201\230\001\002\372\231\24733\036"
 194      19819801 
 194      02FA99A7 
 194      33331E
 195 002d 6A7FB693 		.ascii	"j\177\266\223Isy\003\020\034\230\376Ayb\303\205\006"
 195      49737903 
 195      101C98FE 
 195      417962C3 
 195      8506
 196 003f E6F94015 		.ascii	"\346\371@\0253\241\252\030\2273j2\000\325=\332\370o"
 196      33A1AA18 
 196      97336A32 
 196      00D53DDA 
 196      F86F
 197 0051 2A2F1B0B 		.ascii	"*/\033\013D\234q\005#\033#\220^\177\211\361@\303\277"
 197      449C7105 
 197      231B2390 
 197      5E7F89F1 
 197      40C3BF
 198 0064 FFED0D07 		.ascii	"\377\355\015\007N\3653.\\x\006h\005C\027Xc73\320v\346"
 198      4EF5332E 
 198      5C780668 
 198      05431758 
 198      633733D0 
 199 007a 578C0D8B 		.ascii	"W\214\015\213\337\0377\004)\007\011\3521\200\244\201"
 199      DF1F3704 
 199      290709EA 
 199      3180A481 
 200 008a F2CC5DCC 		.ascii	"\362\314]\314\214`\323\265\365\364\364\213+\213KRs\365"
 200      8C60D3B5 
 200      F5F4F48B 
 200      2B8B4B52 
 200      73F5
 201 009c 8B8B92F5 		.ascii	"\213\213\222\365\223\363\213JR+r\365S+\222S\013J2\363"
 201      93F38B4A 
 201      522B72F5 
 201      532B9253 
 201      0B4A32F3 
 202 00b0 F3E23312 		.ascii	"\363\3423\022\363RrR\213\212\365\222\031\330\223\262"
 202      F3527252 
 202      8B8AF592 
 202      19D893B2 
 203 00c0 0B4A140C 		.ascii	"\013J\024\014\030\000\313!8<"
 203      1800CB21 
 203      383C
 204              		.text
 205              		.section	.gnu.lto_PendSV_Handler.aa4ec85c638e30af,"",%progbits
 206 0000 789C6365 		.ascii	"x\234ce`bhb``0\005b\025 f`a`db\000bFf \311\014&\031"
 206      60626862 
 206      60603005 
 206      62152066 
 206      60616064 
 207 001e 19EA9998 		.ascii	"\031\352\231\230\031\201\230\001\002\372\231\24733\036"
 207      19819801 
 207      02FA99A7 
 207      33331E
 208 002d 6A7FB693 		.ascii	"j\177\266\223Isy\003\020\034\230>Kmb\303\205\006\346"
 208      49737903 
 208      101C983E 
 208      4B6D62C3 
 208      8506E6
 209 0040 F9401533 		.ascii	"\371@\0253\241\252\030\2273j2\000\325=\332\370o*/\033"
 209      A1AA1897 
 209      336A3200 
 209      D53DDAF8 
 209      6F2A2F1B 
 210 0054 0B449C71 		.ascii	"\013D\234q\005#\033#\220^\177\211\361@\303\277\377\355"
 210      05231B23 
 210      905E7F89 
 210      F140C3BF 
 210      FFED
 211 0066 0D073ECD 		.ascii	"\015\007>\315`\\\370\365\014\320\012\206.\260\306nf"
 211      605CF8F5 
 211      0CD00A86 
 211      2EB0C66E 
 211      66
 212 0077 A0EDCCAF 		.ascii	"\240\355\314\257\030\033\026?>c\010R\016\022\324c\000"
 212      181B163F 
 212      3E630852 
 212      0E12D463 
 212      00
 213 0088 4903E599 		.ascii	"I\003\345\231\273\230\031\301\246k\353\351\351\027W"
 213      BB9819C1 
 213      A66BEBE9 
 213      E91757
 214 0097 1697A4E6 		.ascii	"\026\227\244\346\352\027\027%\353'\347\027\225\244V"
 214      EA171725 
 214      EB27E717 
 214      95A456
 215 00a6 E4EAA756 		.ascii	"\344\352\247V$\247\026\224d\346\347\305g$\346\245\344"
 215      24A71694 
 215      64E6E7C5 
 215      6724E6A5 
 215      E4
 216 00b7 A41615EB 		.ascii	"\244\026\025\353%3\260'e\027\224(\0300\000\000\311\241"
 216      2533B027 
 216      65179428 
 216      18300000 
 216      C9A1
 217 00c9 3867     		.ascii	"8g"
 218              		.text
 219              		.section	.gnu.lto_SysTick_Handler.aa4ec85c638e30af,"",%progbits
 220 0000 789C6365 		.ascii	"x\234ce`b(c``\320\005bQ f`f`db\000bFF \207\221\241\236"
 220      60622863 
 220      6060D005 
 220      62512066 
 220      60666064 
 221 001e 89B19EB1 		.ascii	"\211\261\236\261\237y:3\343\241\366g;\2314\2277\000"
 221      9F793A33 
 221      E3A1F667 
 221      3B993497 
 221      3700
 222 0030 C181E917 		.ascii	"\301\201\351\027\324&6\\h`\236\317\314\3000\223\231"
 222      D426365C 
 222      68609ECF 
 222      CCC03093 
 222      99
 223 0041 010C1897 		.ascii	"\001\014\030\2273j2\000\325=\332\370o*/\033\013D\234"
 223      336A3200 
 223      D53DDAF8 
 223      6F2A2F1B 
 223      0B449C
 224 0054 7105231B 		.ascii	"q\005#\033\310\240\365\227\030\0174\374\373\337\336"
 224      C8A0F597 
 224      180F34FC 
 224      FBDFDE
 225 0063 70E0D42C 		.ascii	"p\340\324,\306\205[\317\202\354\350\002k\354f\0062\231"
 225      C6855BCF 
 225      82ECE802 
 225      6BEC6606 
 225      3299
 226 0075 DF323629 		.ascii	"\33726)\200\324\202M\352b\006j\001\212j\353\351\351"
 226      80D4824D 
 226      EA62066A 
 226      018A6AEB 
 226      E9E9
 227 0087 17571697 		.ascii	"\027W\026\227\244\346\352\027\027%\353'\347\027\225"
 227      A4E6EA17 
 227      1725EB27 
 227      E71795
 228 0096 A456E4EA 		.ascii	"\244V\344\352\247V$\247\026\224d\346\347\305g$\346\245"
 228      A75624A7 
 228      169464E6 
 228      E7C56724 
 228      E6A5
 229 00a8 E4A41615 		.ascii	"\344\244\026\025\353%3\000\000Xb2\336"
 229      EB253300 
 229      00586232 
 229      DE
 230              		.text
 231              		.section	.gnu.lto_.symbol_nodes.aa4ec85c638e30af,"",%progbits
 232 0000 789C7DCC 		.ascii	"x\234}\314O\012\001\001\000\305\341\367f\214\377s\025"
 232      4F0A0101 
 232      00C5E1F7 
 232      668CFF73 
 232      15
 233 0011 67302791 		.ascii	"g0'\2214\266jL\266o\224$I\223$\211\235\225#p\007gp\022"
 233      34B66A4C 
 233      B66F9424 
 233      49932489 
 233      9D952370 
 234 0029 99949DDE 		.ascii	"\231\224\235\336\352-\276~/B\200\007\001\004\013\012"
 234      EA2DBE7E 
 234      2F428007 
 234      01040B0A 
 235 0039 289F4035 		.ascii	"(\237@5\367y\322\033\216\3634\033\314\322Q>\311\246"
 235      F779D21B 
 235      8EF3341B 
 235      CCD2513E 
 235      C9A6
 236 004b 952F293A 		.ascii	"\225/):_Q\301\317o\177|M\205\256\337P5\347[*r\377%U"
 236      5F51C1CF 
 236      6F7F7C4D 
 236      85AEDF50 
 236      35E75B2A 
 237 0063 77FD8E6A 		.ascii	"w\375\216j\270~O5]\177\240Z\316\217T\333\371\211\352"
 237      B87E4F35 
 237      5D7FA05A 
 237      CE8F54DB 
 237      F989EA
 238 0076 383F535D 		.ascii	"8?S]\343\274P\361\327\201\242\350\003!b\\_\357\004\037"
 238      E3BC50F1 
 238      D781A2E8 
 238      0321625C 
 238      5FEF041F 
 239 008a D8318A4E 		.ascii	"\3301\212N"
 240              		.text
 241              		.section	.gnu.lto_.refs.aa4ec85c638e30af,"",%progbits
 242 0000 789C6365 		.ascii	"x\234ce`b`d\000\002\000\000I\000\011"
 242      60626064 
 242      00020000 
 242      490009
 243              		.text
 244              		.section	.gnu.lto_.decls.aa4ec85c638e30af,"",%progbits
 245 0000 789C9D57 		.ascii	"x\234\235WkPT\311\025\276}{\006\207\341\245`\022+\362"
 245      6B5054C9 
 245      15BE7D7B 
 245      0687E1A5 
 245      60122BF2 
 246 0014 C3B5D80A 		.ascii	"\303\265\330\012)KF\264*\346\317V6!\353\352\017\255"
 246      294B46B4 
 246      2AE6CF56 
 246      3621EBEA 
 246      0FAD
 247 0026 54DC35F9 		.ascii	"T\3345\371G\215\303\215R\302`f\206\254\326\246R\227"
 247      478DC38D 
 247      52C26066 
 247      86ACD6A6 
 247      5297
 248 0038 97B2B83E 		.ascii	"\227\262\270>p\005\004QF\360\201\210\310\303U\361\201"
 248      70050451 
 248      46F08188 
 248      C8C355F1 
 248      81
 249 0049 03CA43A3 		.ascii	"\003\312C\243Q\024E\020\001\301\327\202\"\262\256\202"
 249      51144510 
 249      01C1D782 
 249      22B2AE82 
 250 0059 A8E474F7 		.ascii	"\250\344t\367\275w\230\261\015T\272\350a\316\351\257"
 250      BD7798B1 
 250      0D54BAE8 
 250      61CEE9AF 
 251 0069 CFF9CE39 		.ascii	"\317\371\3169\335\247k\364\202(\244L\023\204\231\242"
 251      DDA76BF4 
 251      8228A44C 
 251      138499A2 
 252 0079 2038618E 		.ascii	" 8a\216\301\010\024\004\341\210\340\036Dv\301l\204y"
 252      C1081404 
 252      E188E01E 
 252      4476C16C 
 252      8479
 253 008b 03A61E09 		.ascii	"\003\246\036\011\202\037\314\3510g\302\014\2039\007"
 253      821FCCE9 
 253      3067C20C 
 253      833907
 254 009a 6624CC85 		.ascii	"f$\314\2050?\201\031\005\363s$\2747\222@\207\341\377"
 254      303F8119 
 254      05F37324 
 254      BC379240 
 254      87E1FF
 255 00ad 0A988BE1 		.ascii	"\012\230\213\341\373\022\005#*>x{\266\202\016){\310"
 255      FB120523 
 255      2A3E787B 
 255      B6820E29 
 255      7BC8
 256 00bf 400A17EF 		.ascii	"@\012\027\357q\220\203\273\301\301\371\2013\275\202"
 256      719083BB 
 256      C1C1F981 
 256      33BD82
 257 00ce 0B86399D 		.ascii	"\013\2069\235\370\007p\347\270}z\016\217_\210\357\333"
 257      F80770E7 
 257      B87D7A0E 
 257      8F5F88EF 
 257      DB
 258 00df F7E3E07E 		.ascii	"\367\343\340~\315\301M\347\340\026N\202\307L\316\276"
 258      CDC14DE7 
 258      E0164E82 
 258      C74CCEBE 
 259 00ef 251CFB61 		.ascii	"%\034\373a\034\334_&a\177\016g\237\205c?\222\203K\340"
 259      1CDC5F26 
 259      617F0E67 
 259      9F85633F 
 259      92834BE0 
 260 0103 E0167270 		.ascii	"\340\026rp_sp\237pp\0339\270(\016.\007\243\356{7\323"
 260      5F73709F 
 260      70701B39 
 260      B8280E2E 
 260      07A3EE7B 
 261 0119 7C3A5107 		.ascii	"|:Q\007YEd0\364\270A\3041u\220e\266.\252k\014\344m]"
 261      59456430 
 261      F4B841C4 
 261      31759065 
 261      B62EAA6B 
 262 0131 01C2F404 		.ascii	"\001\302\364\004\252\253\343-\272\215P\002\224\304\370"
 262      AAABE32D 
 262      BA8D5002 
 262      94C4F8
 263 0140 1D8A48FF 		.ascii	"\035\212H\377D& m]\305\2163\250D\2018\264\330\300j\364"
 263      4426206D 
 263      5DC58E33 
 263      A8448138 
 263      B4D8C06A 
 264 0155 CF732F3F 		.ascii	"\317s/?4v\241\273\004\347\374\024Q]\177ez\227\210\301"
 264      3476A1BB 
 264      04E7FC14 
 264      515D7F65 
 264      7A9788C1 
 265 0169 0F7C7FDB 		.ascii	"\017|\177\333\221\364N\334\202Q\260\021\005\202\330"
 265      91F44EDC 
 265      8251B011 
 265      0582D8
 266 0178 9C5A9E8F 		.ascii	"\234Z\236\217\231\250#\273\257\344\365\006\2028\335"
 266      99A823BB 
 266      AFE4F506 
 266      8238DD
 267 0187 88668138 		.ascii	"\210f\2018\232\334\271%\300\230.\303\330\226\"\373."
 267      9ADCB925 
 267      C0982EC3 
 267      D89622FB 
 267      2E
 268 0198 26B05214 		.ascii	"&\260R\024\212\016\243P`r\004\031\341\323\024\212J@"
 268      8A0EA350 
 268      60720419 
 268      E1D3148A 
 268      4A40
 269 01aa 0474D9D0 		.ascii	"\004t\331\320\2132\037f+\010\304\364{\033o\030\231\255"
 269      8B321F66 
 269      2B08C4F4 
 269      7B1B6F18 
 269      99AD
 270 01bc 61B27C73 		.ascii	"a\262|s\370\354k\177<\225\260\320}W\\\321h@\341\306"
 270      F8EC6B7F 
 270      3C95B0D0 
 270      7D575CD1 
 270      6840E1C6 
 271 01d0 5004D6D0 		.ascii	"P\004\326\320\001\231\015\203\200*\221\021\225#\254"
 271      01990D83 
 271      802A9111 
 271      9523AC
 272 01df 86455D0F 		.ascii	"\206E]\017\026\312x\206\200\026\204\242y\241\002\252"
 272      16CA7886 
 272      801684A2 
 272      79A102AA 
 273 01ef 40E10405 		.ascii	"@\341\004\005\236\253`\3571p\235'\023X3\242j*\014\376"
 273      9EAB60EF 
 273      31709D27 
 273      135833A2 
 273      6A2A0CFE 
 274 0203 8E7E07A7 		.ascii	"\216~\007\247u\325\375\031b\3606\032\201,\317\242\030"
 274      75D5FD19 
 274      62F0361A 
 274      812CCFA2 
 274      18
 275 0214 74143696 		.ascii	"t\0246\226\321\020\276G\301j \004}u\350~\277\357G?+"
 275      D110BE47 
 275      C16A2004 
 275      7D75E87E 
 275      BFEF473F 
 276 0229 9077CEA2 		.ascii	"\220w\316\242K\240\252\314:\370z\212\216\234\276\343"
 276      4BA0AACC 
 276      3AF87A8A 
 276      8E9CBEE3 
 277 0239 E8230A7A 		.ascii	"\350#\012z\220\324\220\023\200?\246\331\314.\332U\256"
 277      90D49013 
 277      803FA6D9 
 277      CC2EDA55 
 277      AE
 278 024a 83557412 		.ascii	"\203Ut\022at\002\351(\240\340b\317^\177<\227\002\236"
 278      617402E9 
 278      28A0E062 
 278      CF5E7F3C 
 278      97029E
 279 025d A4EEEDC0 		.ascii	"\244\356\355\300\004p\012\202B\325\200\000e\327H\361"
 279      04700A82 
 279      42D58000 
 279      65D748F1 
 280 026d A2885235 		.ascii	"\242\210R5h\253\373\350\326\217\275r\005\261\014\212"
 280      68ABFBE8 
 280      D68FBD72 
 280      05B10C8A 
 281 027d 205E1FBC 		.ascii	" ^\037\274\274\333\217ep*\210\303I7k\2153\262\351\256"
 281      BCDB8F65 
 281      702A88C3 
 281      49376B8D 
 281      33B2E9AE 
 282 0291 1479AA88 		.ascii	"\024y\252\210V\374\034\325@(gi(\347\320\014\370\\\251"
 282      56FC1CD5 
 282      40286769 
 282      28E7D00C 
 282      F85CA9
 283 02a4 63968647 		.ascii	"c\226\206G\345\306\240\331N\331Y+\273\306\032\2032S"
 283      E5C6A0D9 
 283      4ED9592B 
 283      BBC61A83 
 283      3253
 284 02b6 E46299C4 		.ascii	"\344b\231\304\017(t\010\270\236A\021\200>\215tD\202"
 284      0F287408 
 284      B89E4111 
 284      803E8D74 
 284      4482
 285 02c8 6FC5A80B 		.ascii	"o\305\250\013\241\203\250\023\316\230\013\315\006\003"
 285      A183A813 
 285      CE980BCD 
 285      0603
 286 02d6 CFEA7AF7 		.ascii	"\317\352z\367\210x\015\2320-uJZ<Rq^I\305\225\216\247"
 286      88780D9A 
 286      302D754A 
 286      5A3C5271 
 286      5E49C595 
 287 02ec A57AFC15 		.ascii	"\245z\374\025\265\322\344l\317A\004PORq\201\245\342"
 287      B5D2E46C 
 287      CF410450 
 287      4F527181 
 287      A5E2
 288 02fe 566BFA98 		.ascii	"Vk\372\230\216\360t\311\256\241l,\357\200\352M\245,"
 288      8EF074C9 
 288      AEA16C2C 
 288      EF80EA4D 
 288      A52C
 289 0310 6B35960D 		.ascii	"k5\226\015\300\262\326\233e#e\231Z\264\357\261\017\376"
 289      C0B2D69B 
 289      65236599 
 289      5AB4EFB1 
 289      0FFE
 290 0322 27B55FFE 		.ascii	"'\265_\376\270\327\031\210\267 *\244t<,\325\023g\027"
 290      B8D71988 
 290      B7202AA4 
 290      743C2CD5 
 290      136717
 291 0335 E961229A 		.ascii	"\351a\"\232\003\335\327\3648\233-w\364_\334!\222\345"
 291      03DDD7F4 
 291      389B2D77 
 291      F45FDC21 
 291      92E5
 292 0347 7F132E97 		.ascii	"\177\023.\227\030\227\377\031\346\025%\314\253\255\005"
 292      1897FF19 
 292      E61525CC 
 292      ABAD05
 293 0356 CF8C6A98 		.ascii	"\317\214j\230\377\001f\227\331\346\332\376\263\365\006"
 293      FF016697 
 293      D9E6DAFE 
 293      B3F506
 294 0365 2DBAAB4C 		.ascii	"-\272\253L9\226\177h\320\210\013\230\317\364\022\347"
 294      39967F68 
 294      D0880B98 
 294      CFF412E7 
 295 0375 1E3F8268 		.ascii	"\036?\202h&\210k\014\261w \2435P\215\377\257\271\262"
 295      26886B0C 
 295      B17720A3 
 295      35508DFF 
 295      AFB9B2
 296 0388 2B39C925 		.ascii	"+9\311%\2134\001MZ\002\256\203\233&\357\004\334\240"
 296      8B34014D 
 296      5A02AE83 
 296      9B26EF04 
 296      DCA0
 297 039a 09C86F2E 		.ascii	"\011\310o.q\005\341\375h\342:\335\344\325\351\226R'"
 297      7105E1FD 
 297      68E23ADD 
 297      E4D5E996 
 297      5227
 298 03ac CFDAB432 		.ascii	"\317\332\2642n\245u\271\227\374p5\263}\246\257B\"\200"
 298      6EA575B9 
 298      97FC7035 
 298      B37DA6AF 
 298      422280
 299 03bf 3602B8CD 		.ascii	"6\002\270\315\000w\233\016\035&\315\343WFD\332\024\271"
 299      00779B0E 
 299      1D26CDE3 
 299      574644DA 
 299      14B9
 300 03d1 F4479F54 		.ascii	"\364G\237T\217\0040\025A\034\332\227Y\350\203k\250\011"
 300      8F043015 
 300      411CDA97 
 300      59E8836B 
 300      A809
 301 03e3 B1B6B9F9 		.ascii	"\261\266\271\371\235\016\031\303\241\304\311\254\237"
 301      9D0E19C3 
 301      A1C4C9AC 
 301      9F
 302 03f0 085A3781 		.ascii	"\010Z7\201\270\302\311&\0220\264\356Pt\007\224\264/"
 302      B8C2C926 
 302      1230B4EE 
 302      50740794 
 302      B42F
 303 0402 B8C64ECE 		.ascii	"\270\306N\316nH\223!)\235pu\357\252IQ\257\314@u\357"
 303      6E489321 
 303      299D7075 
 303      EFAA4951 
 303      AFCC4075 
 304 0417 011D0D90 		.ascii	"\001\035\015\220,\257\244\274\324.\026\314\272\330\211"
 304      2CAFA4BC 
 304      D42E16CC 
 304      BAD889
 305 0426 81C32702 		.ascii	"\201\303'\002\230\350\"\3139OG~\311n\225Lz\336@\352"
 305      98E822CB 
 305      394F477E 
 305      C96E954C 
 305      7ADE40EA 
 306 043a 836E3FB6 		.ascii	"\203n?\266<\203T\244*\363\030\302\371\254[f\347\224"
 306      3C8354A4 
 306      2AF318C2 
 306      F9AC5B66 
 306      E794
 307 044c DCF6C54E 		.ascii	"\334\366\305N&\250\3271\230]\307\316\262wg|p\021[\253"
 307      26A8D731 
 307      985DC7CE 
 307      B277677C 
 307      70115BAB 
 308 0460 6A7CDEE8 		.ascii	"j|\336\350\213\0170!\357\364\213Kz\0064\200\330v\255"
 308      8B0F3021 
 308      EFF48B4B 
 308      7A063480 
 308      D876AD
 309 0473 7C53202E 		.ascii	"|S .ak\033\212\316\217\004\340#L(\356\353z\203q9\023"
 309      616B1B8A 
 309      CE8F04E0 
 309      234C28EE 
 309      EB7A8371 
 310 0489 46ABEB65 		.ascii	"F\253\353e\003\256bB\362\351\266L\245\023t\023\371\376"
 310      03AE6242 
 310      F2E9B64C 
 310      A5137413 
 310      F9FE
 311 049b FEFB4E5F 		.ascii	"\376\373N_\205\264\017\351k\015\273\216N\301\307\031"
 311      85B40FE9 
 311      6B0DBB8E 
 311      4EC1C719 
 312 04ab 78E44757 		.ascii	"x\344GW\271\341\203mzHm\323e\254M775\015\033\334-QG"
 312      B9E1836D 
 312      7A486DD3 
 312      65AC4D37 
 312      37350D1B 
 313 04c3 13D70BF0 		.ascii	"\023\327\013\360\036\012\377\221\266\304!\245%\372="
 313      1E0AFF91 
 313      B6C421A5 
 313      25FA3D
 314 04d2 68294E31 		.ascii	"h)N1\2400:B\302\302\302\303\012I\365\\\215W\177\373"
 314      A0303A42 
 314      C2C2C2C3 
 314      0A49F55C 
 314      8D577FFB 
 315 04e6 B06883BC 		.ascii	"\260h\203\274\315Lw?\205\252\274F!\356j\232\210\245"
 315      CD4C773F 
 315      85AABC46 
 315      21EE6A9A 
 315      88A5
 316 04f8 52624F60 		.ascii	"RbO`\370\327p\267\367\315\240\340'\336\340>\3527\322"
 316      F8D770B7 
 316      F7CDA0E0 
 316      27DEE03E 
 316      EA37D2
 317 050b 0DAECBD1 		.ascii	"\015\256\313\321\300\375|\360x\323\327\335\350\307\336"
 317      C0FD7CF0 
 317      78D3D7DD 
 317      E8C7DE
 318 051a E847EFA1 		.ascii	"\350G\357\241\333\335\350\207\336\350\373\336D\372\334"
 318      DBDDE887 
 318      DEE8FBDE 
 318      44FADC
 319 0529 AC07B821 		.ascii	"\254\007\270!Rl\246\222\312Ou\002\032\204\345g\324\014"
 319      526CA692 
 319      CA4F7502 
 319      1A84E567 
 319      D40C
 320 053b 01C34945 		.ascii	"\001\303IEo\341`\217\2400\364\002\346O0_\302|\003\363"
 320      6FE1608F 
 320      A030F402 
 320      E64F305F 
 320      C27C03F3 
 321 054f 15CC6198 		.ascii	"\025\314a\230\2430\337\2410z\236\231\327\0367\305\007"
 321      A330DFA1 
 321      307A9E99 
 321      D71E37C5 
 321      07
 322 0560 7C8AE303 		.ascii	"|\212\343\003\272\344F\377\300\017\237\222dw\251\363"
 322      BAE446FF 
 322      C00F9F92 
 322      6477A9F3 
 323 0570 38861787 		.ascii	"8\206\027\207\200\204q\327\250\220\256\275|\204\223"
 323      808471D7 
 323      A890AEBD 
 323      7C8493
 324 057f 64572A26 		.ascii	"dW*&'\000=WL\251\347\002\335s\233\2023\224\265\271\353"
 324      27003D57 
 324      4CA9E702 
 324      DD739B82 
 324      3394B5B9 
 325 0594 4E107E44 		.ascii	"N\020~D\217\2378\364\266\272\317\007\205\2070\027\015"
 325      8F9F38F4 
 325      B6BACF07 
 325      85873017 
 325      0D
 326 05a5 3B8DC445 		.ascii	";\215\304E\222\030\202\306\264\313J=\3623\205d1\374"
 326      921882C6 
 326      B4CB4A3D 
 326      F2338564 
 326      31FC
 327 05b7 FF4A16D0 		.ascii	"\377J\026\320\330\234\323W\214\3743\264~B\275\272O~"
 327      D89CD357 
 327      8CFC33B4 
 327      7E42BDBA 
 327      4F7E
 328 05c9 B2E8AF00 		.ascii	"\262\350\257\000\037\036ko\327\323.\001:\324\315\332"
 328      1F1E6B6F 
 328      D7D32E01 
 328      3AD4CDDA 
 329 05d9 57C3E09B 		.ascii	"W\303\340\233\026\375\007\337\323T\221\274\247)\242"
 329      16FD07DF 
 329      D35491BC 
 329      A729A2
 330 05e8 F2A0263F 		.ascii	"\362\240&?\3317E\351\323c\033#\262*\345\344\264dY\326"
 330      D93745E9 
 330      D3631B23 
 330      B22AE5E4 
 330      B46459D6 
 331 05fc 11186AD1 		.ascii	"\021\030j\321:u;t\352\026\357N\235&\222N]\330v\272\315"
 331      3A753B74 
 331      EA16EF4E 
 331      9D26924E 
 331      5DD876BA 
 332 0611 178F8A13 		.ascii	"\027\217\212\023w\352\215\"\247S\247\213\274N\375\215"
 332      77EA8D22 
 332      A753A78B 
 332      BC4EFD8D 
 333 0621 C85EAE2D 		.ascii	"\310^\256-\233\\>\012\273K\353\350+\"+\257\310\006Q"
 333      9B5C3E0A 
 333      BB4BEBE8 
 333      2B222BAF 
 333      C80651
 334 0634 E59621EA 		.ascii	"\345\226!\352\210\344\311m\023\345\326\231[Q\203\360"
 334      88E4C96D 
 334      13E5D699 
 334      5B5183F0 
 335 0644 66FC81A7 		.ascii	"f\374\201\247\323\363\265\334,N\374Zn\0259\257\3456"
 335      D3F3B5DC 
 335      2C4EFC5A 
 335      6E1539AF 
 335      E536
 336 0656 20B045E4 		.ascii	" \260E\344\274\226\231L\351\371@ng\312\276]\3472\014"
 336      BC96994C 
 336      E9F9406E 
 336      67CABE5D 
 336      E7320C
 337 0669 4A683DEB 		.ascii	"Jh=\353=\036\310o\265\320\276\003\313\337z\207\266\203"
 337      3D1EC86F 
 337      B5D0BE03 
 337      CBDF7A87 
 337      B683
 338 067b 86D656BC 		.ascii	"\206\326V\274{\007\302{\360\304i\317\346\245=\207\233"
 338      7B07C27B 
 338      F0C469CF 
 338      E6A53D87 
 338      9B
 339 068c F69D8C9B 		.ascii	"\366\235\214\233\307\233\230\313t\033\252\233\267c\365"
 339      C79B98CB 
 339      741BAA9B 
 339      B763F5
 340 069b 41FF3A57 		.ascii	"A\377:W\256e\245 \307$K\343\233\007|\263\274\371\356"
 340      AE65A520 
 340      C7244BE3 
 340      9B077CB3 
 340      BCF9EE
 341 06ae A27CB75E 		.ascii	"\242|\267^\276\332\037\200+&W\212\335\223(E\001\257"
 341      BEDA1F80 
 341      2B26578A 
 341      DD932845 
 341      01AF
 342 06c0 144E20B0 		.ascii	"\024N \260\207W\212\275\274R\0242\345\363\202\246v5"
 342      87578ABD 
 342      BC521432 
 342      E5F382A6 
 342      7635
 343 06d2 B4F67F79 		.ascii	"\264\366\177y\224\"_\013\255\010,\347{\207\266\217\206"
 343      94225F0B 
 343      AD082CE7 
 343      7B87B68F 
 343      86
 344 06e3 56F3EAA7 		.ascii	"V\363\352\247z\214/L\242\024\007x\2458\310-E1\247\024"
 344      7A8C2F4C 
 344      A2140778 
 344      A538C82D 
 344      4531A714 
 345 06f7 8798EEE8 		.ascii	"\207\230\356\350\221\326Sz\205o_:\366\250\305~\215p"
 345      91D6537A 
 345      856F5F3A 
 345      F6A8C57E 
 345      8D70
 346 0709 0910DEEF 		.ascii	"\011\020\336\357M\3700%\\\\\377b?\306m\223 |\204G\270"
 346      4DF83025 
 346      5C5CFF62 
 346      3FC66D93 
 346      207C8447 
 347 071e 8C4BF828 		.ascii	"\214K\370(#7z\356n\203\277\232\314\315\330\343\316\226"
 347      23377AEE 
 347      6E83BF9A 
 347      CCCDD8E3 
 347      CE96
 348 0730 6AE4CA81 		.ascii	"j\344\312\201\\\2517\271\012J\356I\306\273\326\000\374"
 348      5CA937B9 
 348      0A4AEE49 
 348      C6BBD600 
 348      FC
 349 0741 6012E4AA 		.ascii	"`\022\344\252x\344\216q\311}\317\310\365\324\367\014"
 349      78E48E71 
 349      C97DCFC8 
 349      F5D4F70C 
 350 0751 A899ABDB 		.ascii	"\250\231\253\333\352I\256R#w\034\310Uz\223;A\311\265"
 350      EA49AE52 
 350      23771CC8 
 350      557A933B 
 350      41C9B5
 351 0764 0C673A45 		.ascii	"\014g:E\374r\022\344\252y\344Nq\311\235f\344\362*N\014"
 351      FC7212E4 
 351      AA79E44E 
 351      71C99D66 
 351      E4F22A4E 
 352 0779 06A865DD 		.ascii	"\006\250e\335\351I\356\244F\356\014\220;\351M\356,%"
 352      E949EEA4 
 352      46EE0C90 
 352      3BE94DEE 
 352      2C25
 353 078b D79456F5 		.ascii	"\327\224V\365*\020\247\351&&w\216G\316\305%W\313\310"
 353      2A10A7E9 
 353      2626778E 
 353      47CEC525 
 353      57CBC8
 354 079e F55F2C7F 		.ascii	"\365_,\177\243e.\317\223\\\215F\256\016\310\325x\223"
 354      A3652ECF 
 354      935C8D46 
 354      AE0EC8D5 
 354      7893
 355 07b0 3B4FC9A5 		.ascii	";O\311\245\015\334\036\3058\213\221\373\341q\313\235"
 355      0DDC1EC5 
 355      388B91FB 
 355      E171CB9D 
 356 07c0 20F5D723 		.ascii	" \365\327#u\332\373M\363\031_\315i=s\232"
 356      75DAFB4D 
 356      F3195FCD 
 356      693D739A 
 357 07d0 3ADADB49 		.ascii	":\332\333I\316R7\274\337\327\267\343m;\014\324\337\005"
 357      CE5237BC 
 357      DFD7B7E3 
 357      6D3B0CD4 
 357      DF05
 358 07e2 CD5F03F8 		.ascii	"\315_\003\370\273 \262_\325\250\221\372\351\032n\355"
 358      BB20B25F 
 358      D5A891FA 
 358      E91A6EED 
 359 07f2 F41FFF74 		.ascii	"\364\037\377t\322\203\247=\235M\354\351$\377I9\357$"
 359      D283A73D 
 359      9D4DECE9 
 359      24FF4939 
 359      EF24
 360 0804 DD42E4A5 		.ascii	"\335B\344\245L\232\340\227'\272\010\257f\300\237%\273"
 360      4C9AE097 
 360      27BA08AF 
 360      66C09F25 
 360      BB
 361 0815 E4885E6C 		.ascii	"\344\210^l\266\306\304I6\235e\265\331\026\024a\376\233"
 361      B6C6C449 
 361      369D65B5 
 361      D9161461 
 361      FE9B
 362 0827 43B245FF 		.ascii	"C\262E\377C\2628\022lva\212\035\276\304&X\015\326\004"
 362      43B23812 
 362      6C76618A 
 362      1DBEC426 
 362      580DD604 
 363 083b 9BE448B4 		.ascii	"\233\344H\264Y\015\237/\373rVTd\2440'\"\302d_owH\361"
 363      590D9F2F 
 363      FB725654 
 363      64A43027 
 363      22C2645F 
 364 0853 26BBCD62 		.ascii	"&\273\315b\262$\330\034\322\272x\223\264\316\"\255%"
 364      B224D81C 
 364      D2BA7893 
 364      B4CE22AD 
 364      25
 365 0864 3BA25733 		.ascii	";\242W3\263\366\010\213\340\267l\351\022\315\315W\222"
 365      B3F6088B 
 365      E0B76CE9 
 365      12CDCD57 
 365      92
 366 0875 79CDB4C5 		.ascii	"y\315\264\305f[\314\"sb\234\346}\2125\301\022\227`\225"
 366      665BCC22 
 366      73629CE6 
 366      7D8A35C1 
 366      12976095 
 367 0889 C051AC35 		.ascii	"\300Q\2545.\326*\351\255\3465RL\310{\300\350(]\242]"
 367      2ED62AE9 
 367      ADE63552 
 367      4CC87BC0 
 367      E8285DA2 
 368 089e 8A3124C6 		.ascii	"\2121$\306Z\035\013\346G;\2760\255N\210\227L\011k\035"
 368      5A1D0BE6 
 368      473BBE30 
 368      AD4E8897 
 368      4C096B1D 
 369 08b2 26B32D7E 		.ascii	"&\263-~\256#!!\016\002\211\265\332M\253,\226\337\333"
 369      AE232121 
 369      0E0289B5 
 369      DA4DAB2C 
 369      96DFDB
 370 08c5 E29781D1 		.ascii	"\342\227\201\321\317\314+c\177\023=\177^\344\302\277"
 370      CFCC2B63 
 370      7F133D7F 
 370      5EE4C2BF 
 371 08d5 CFA7282B 		.ascii	"\317\247(+(\347J\2405\305Z-q\2111\022\011\305\024mw"
 371      28E74AA0 
 371      35C55A2D 
 371      71893112 
 371      09C5146D 
 372 08ea C480D588 		.ascii	"\304\200\325\210\325\002^k\267\211k-b\234\015\333\""
 372      D5025E6B 
 372      B7896B2D 
 372      629C0DDB 
 372      22
 373 08fb E78BB605 		.ascii	"\347\213\266\005\242\015>#E\333<d\217p\007\256nV\203"
 373      A20D3E23 
 373      45DB3C64 
 373      8F7007AE 
 373      6E5683
 374 090e FF4C0D7E 		.ascii	"\377L\015~\261\032\373j!DS.w\230-k\026\331\314\361\322"
 374      B11AFB6A 
 374      2144532E 
 374      77982D6B 
 374      16D9CCF1 
 375 0923 B4A552FC 		.ascii	"\264\245R\374R\263\325\274JR\243\232\372\207D\273G\230"
 375      52B3D5BC 
 375      4A52A39A 
 375      FA8744BB 
 375      4798
 376 0935 C1DE8AE8 		.ascii	"\301\336\212\350\250\340/\355\260\303C9\375}Ut\224\337"
 376      A8E02FED 
 376      B0C34339 
 376      FD7D5574 
 376      94DF
 377 0947 F215519A 		.ascii	"\362\025Q\232\335?J+\023W-\205r(\212\300?I\326\230\345"
 377      DD3F4A2B 
 377      13572D85 
 377      72288AC0 
 377      3F49D698 
 378 095c 2B543168 		.ascii	"+T1h\371z\373\027\261\2265\252\354\00390\333\034\377"
 378      F97AFB17 
 378      B19635AA 
 378      EC033930 
 378      DB1CFF
 379 096f 05FEF5BB 		.ascii	"\005\376\365\273\206"
 379      86
 380              		.text
 381              		.section	.gnu.lto_.symtab.aa4ec85c638e30af,"",%progbits
 382 0000 52657365 		.ascii	"Reset_Handler\000"
 382      745F4861 
 382      6E646C65 
 382      7200
 383 000e 00       		.ascii	"\000"
 384 000f 00       		.ascii	"\000"
 385 0010 00       		.ascii	"\000"
 386 0011 00000000 		.ascii	"\000\000\000\000\000\000\000\000"
 386      00000000 
 387 0019 C0000000 		.ascii	"\300\000\000\000"
 388 001d 4E4D495F 		.ascii	"NMI_Handler\000"
 388      48616E64 
 388      6C657200 
 389 0029 00       		.ascii	"\000"
 390 002a 01       		.ascii	"\001"
 391 002b 00       		.ascii	"\000"
 392 002c 00000000 		.ascii	"\000\000\000\000\000\000\000\000"
 392      00000000 
 393 0034 C7000000 		.ascii	"\307\000\000\000"
 394 0038 48617264 		.ascii	"HardFault_Handler\000"
 394      4661756C 
 394      745F4861 
 394      6E646C65 
 394      7200
 395 004a 00       		.ascii	"\000"
 396 004b 01       		.ascii	"\001"
 397 004c 00       		.ascii	"\000"
 398 004d 00000000 		.ascii	"\000\000\000\000\000\000\000\000"
 398      00000000 
 399 0055 D3000000 		.ascii	"\323\000\000\000"
 400 0059 48617264 		.ascii	"HardFault_Handler_C\000"
 400      4661756C 
 400      745F4861 
 400      6E646C65 
 400      725F4300 
 401 006d 00       		.ascii	"\000"
 402 006e 01       		.ascii	"\001"
 403 006f 00       		.ascii	"\000"
 404 0070 00000000 		.ascii	"\000\000\000\000\000\000\000\000"
 404      00000000 
 405 0078 05010000 		.ascii	"\005\001\000\000"
 406 007c 4D656D4D 		.ascii	"MemManage_Handler\000"
 406      616E6167 
 406      655F4861 
 406      6E646C65 
 406      7200
 407 008e 00       		.ascii	"\000"
 408 008f 01       		.ascii	"\001"
 409 0090 00       		.ascii	"\000"
 410 0091 00000000 		.ascii	"\000\000\000\000\000\000\000\000"
 410      00000000 
 411 0099 0B010000 		.ascii	"\013\001\000\000"
 412 009d 42757346 		.ascii	"BusFault_Handler\000"
 412      61756C74 
 412      5F48616E 
 412      646C6572 
 412      00
 413 00ae 00       		.ascii	"\000"
 414 00af 01       		.ascii	"\001"
 415 00b0 00       		.ascii	"\000"
 416 00b1 00000000 		.ascii	"\000\000\000\000\000\000\000\000"
 416      00000000 
 417 00b9 14010000 		.ascii	"\024\001\000\000"
 418 00bd 42757346 		.ascii	"BusFault_Handler_C\000"
 418      61756C74 
 418      5F48616E 
 418      646C6572 
 418      5F4300
 419 00d0 00       		.ascii	"\000"
 420 00d1 01       		.ascii	"\001"
 421 00d2 00       		.ascii	"\000"
 422 00d3 00000000 		.ascii	"\000\000\000\000\000\000\000\000"
 422      00000000 
 423 00db 1B010000 		.ascii	"\033\001\000\000"
 424 00df 55736167 		.ascii	"UsageFault_Handler\000"
 424      65466175 
 424      6C745F48 
 424      616E646C 
 424      657200
 425 00f2 00       		.ascii	"\000"
 426 00f3 01       		.ascii	"\001"
 427 00f4 00       		.ascii	"\000"
 428 00f5 00000000 		.ascii	"\000\000\000\000\000\000\000\000"
 428      00000000 
 429 00fd 24010000 		.ascii	"$\001\000\000"
 430 0101 55736167 		.ascii	"UsageFault_Handler_C\000"
 430      65466175 
 430      6C745F48 
 430      616E646C 
 430      65725F43 
 431 0116 00       		.ascii	"\000"
 432 0117 01       		.ascii	"\001"
 433 0118 00       		.ascii	"\000"
 434 0119 00000000 		.ascii	"\000\000\000\000\000\000\000\000"
 434      00000000 
 435 0121 2B010000 		.ascii	"+\001\000\000"
 436 0125 5356435F 		.ascii	"SVC_Handler\000"
 436      48616E64 
 436      6C657200 
 437 0131 00       		.ascii	"\000"
 438 0132 01       		.ascii	"\001"
 439 0133 00       		.ascii	"\000"
 440 0134 00000000 		.ascii	"\000\000\000\000\000\000\000\000"
 440      00000000 
 441 013c 31010000 		.ascii	"1\001\000\000"
 442 0140 44656275 		.ascii	"DebugMon_Handler\000"
 442      674D6F6E 
 442      5F48616E 
 442      646C6572 
 442      00
 443 0151 00       		.ascii	"\000"
 444 0152 01       		.ascii	"\001"
 445 0153 00       		.ascii	"\000"
 446 0154 00000000 		.ascii	"\000\000\000\000\000\000\000\000"
 446      00000000 
 447 015c 37010000 		.ascii	"7\001\000\000"
 448 0160 50656E64 		.ascii	"PendSV_Handler\000"
 448      53565F48 
 448      616E646C 
 448      657200
 449 016f 00       		.ascii	"\000"
 450 0170 01       		.ascii	"\001"
 451 0171 00       		.ascii	"\000"
 452 0172 00000000 		.ascii	"\000\000\000\000\000\000\000\000"
 452      00000000 
 453 017a 3D010000 		.ascii	"=\001\000\000"
 454 017e 53797354 		.ascii	"SysTick_Handler\000"
 454      69636B5F 
 454      48616E64 
 454      6C657200 
 455 018e 00       		.ascii	"\000"
 456 018f 01       		.ascii	"\001"
 457 0190 00       		.ascii	"\000"
 458 0191 00000000 		.ascii	"\000\000\000\000\000\000\000\000"
 458      00000000 
 459 0199 43010000 		.ascii	"C\001\000\000"
 460 019d 5F737461 		.ascii	"_start\000"
 460      727400
 461 01a4 00       		.ascii	"\000"
 462 01a5 03       		.ascii	"\003"
 463 01a6 00       		.ascii	"\000"
 464 01a7 00000000 		.ascii	"\000\000\000\000\000\000\000\000"
 464      00000000 
 465 01af 47010000 		.ascii	"G\001\000\000"
 466              		.text
 467              		.section	.gnu.lto_.opts,"",%progbits
 468 0000 272D666D 		.ascii	"'-fmath-errno' '-fsigned-zeros' '-ftrapping-math' '"
 468      6174682D 
 468      6572726E 
 468      6F272027 
 468      2D667369 
 469 0033 2D666E6F 		.ascii	"-fno-trapv' '-fno-strict-overflow' '-fno-openmp' '-"
 469      2D747261 
 469      70762720 
 469      272D666E 
 469      6F2D7374 
 470 0066 666E6F2D 		.ascii	"fno-openacc' '-dD' '-mcpu=cortex-m4' '-mthumb' '-mf"
 470      6F70656E 
 470      61636327 
 470      20272D64 
 470      44272027 
 471 0099 6C6F6174 		.ascii	"loat-abi=soft' '-g3' '-O0' '-fmessage-length=0' '-f"
 471      2D616269 
 471      3D736F66 
 471      74272027 
 471      2D673327 
 472 00cc 7369676E 		.ascii	"signed-char' '-ffunction-sections' '-fdata-sections"
 472      65642D63 
 472      68617227 
 472      20272D66 
 472      66756E63 
 473 00ff 2720272D 		.ascii	"' '-flto' '-fno-move-loop-invariants'\000"
 473      666C746F 
 473      2720272D 
 473      666E6F2D 
 473      6D6F7665 
 474              		.text
 475              		.comm	__gnu_lto_v1,1,1
 476              		.comm	__gnu_lto_slim,1,1
 477              		.ident	"GCC: (GNU Tools for ARM Embedded Processors 6-2017-q2-update) 6.3.1 20170620 (release) [AR
DEFINED SYMBOLS
                            *ABS*:0000000000000000 exception_handlers.c
                            *COM*:0000000000000001 __gnu_lto_v1
                            *COM*:0000000000000001 __gnu_lto_slim

NO UNDEFINED SYMBOLS
