   1              		.cpu cortex-m4
   2              		.eabi_attribute 20, 1
   3              		.eabi_attribute 21, 1
   4              		.eabi_attribute 23, 3
   5              		.eabi_attribute 24, 1
   6              		.eabi_attribute 25, 1
   7              		.eabi_attribute 26, 1
   8              		.eabi_attribute 30, 1
   9              		.eabi_attribute 34, 1
  10              		.eabi_attribute 18, 4
  11              		.file	"I2Cstm32F411.cpp"
  12              		.text
  13              	.Ltext0:
  14              		.section	.gnu.lto_.profile.a01b0b689861f320,"",%progbits
  15 0000 789C6365 		.ascii	"x\234ce`b`a```d\220\343\004\000\000\305\0004"
  15      60626061 
  15      60606064 
  15      90E30400 
  15      00C50034 
  16              		.text
  17              		.section	.gnu.lto_.inline.a01b0b689861f320,"",%progbits
  18 0000 789C6365 		.ascii	"x\234ce`b\360`@\000f bb\004\01220\260-\220\007Q@6\207"
  18      6062F060 
  18      40006620 
  18      6262040A 
  18      3230B02D 
  19 001a 24AA0833 		.ascii	"$\252\0103\017Pt\202\037\003\0237\003\003\343\004?f"
  19      0F507482 
  19      1F031337 
  19      0303E304 
  19      3F66
  20 002c 061666A0 		.ascii	"\006\026f\240\002\306\027\354\014\354\035\352`\025\014"
  20      02C617EC 
  20      0CEC1DEA 
  20      60150C
  21 003b 00B5B205 		.ascii	"\000\265\262\005\237"
  21      9F
  22              		.text
  23              		.section	.gnu.lto_.jmpfuncs.a01b0b689861f320,"",%progbits
  24 0000 789C6365 		.ascii	"x\234ce`b\340e@\000f f\2021\000\002n\000\035"
  24      6062E065 
  24      40006620 
  24      66823100 
  24      026E001D 
  25              		.text
  26              		.section	.gnu.lto_.pureconst.a01b0b689861f320,"",%progbits
  27 0000 789C6365 		.ascii	"x\234ce`b\340f```e\220`\224`\222`\226b\225\000\000\003"
  27      6062E066 
  27      60606065 
  27      90609460 
  27      92609662 
  28 0018 F8009D   		.ascii	"\370\000\235"
  29              		.text
  30              		.section	.gnu.lto__ZN13I2C_stm32F411D2Ev.a01b0b689861f320,"",%progbits
  31 0000 789C4D4F 		.ascii	"x\234MO=K\202Q\030}\316{\257\257\332\327\037H\242\206"
  31      3D4B8251 
  31      187DCE7B 
  31      AFAFDAD7 
  31      1F48A286 
  32 0014 1017456B 		.ascii	"\020\027Ekp\014\212\240\337\021A\016\202\250\004-y\023"
  32      700C8AA0 
  32      DF11410E 
  32      82A8042D 
  32      7913
  33 0026 232B2809 		.ascii	"#+(\011J\336H^\227\320>\265\245\241\351\305\241 \250"
  33      4ADE485E 
  33      97D03EB5 
  33      A5A1E9C5 
  33      A120A8
  34 0039 4868081A 		.ascii	"Hh\010\032\"\2070\210\220\2066\353\271M\015\227\373"
  34      22873088 
  34      908636EB 
  34      B94D0D97 
  34      FB
  35 004a 7C9C739E 		.ascii	"|\234s\236s\\d\320\004\210F\211h\220\037\004\301(\334"
  35      735C64D0 
  35      04884689 
  35      68901F04 
  35      C128DC
  36 005d 112D7B0C 		.ascii	"\021-{\014@\027\312\003\312\030\310`K\024\005\036r\365"
  36      4017CA03 
  36      CA18C860 
  36      4B14051E 
  36      72F5
  37 006f 7DB1296C 		.ascii	"}\261)l\206In;\267{\255\001\335\002\303z\373\376\226"
  37      86496E3B 
  37      B77BAD01 
  37      DD02C37A 
  37      FBFE96
  38 0082 EB0D5494 		.ascii	"\353\015T\224\312*\247\330\224V\325\221\2660\310bt\025"
  38      CA2AA7D8 
  38      9456D591 
  38      B630C862 
  38      7415
  39 0094 3E54E0D3 		.ascii	">T\340\323'\016\021`\354\327\343g\313+F@\\?\331Wk\246"
  39      270E1160 
  39      ECD7E367 
  39      CB2B4640 
  39      5C3FD957 
  40 00aa FF401598 		.ascii	"\377@\025\230\327\355\270\255\262\346\011\034A\374\247"
  40      D7EDB8AD 
  40      B2E6091C 
  40      41FCA7
  41 00b9 F288700C 		.ascii	"\362\210p\014\277f\274\236ww\372M\251\245Y\361\004&"
  41      BF66BC9E 
  41      7777FA4D 
  41      A9A559F1 
  41      0426
  42 00cb 67A05A13 		.ascii	"g\240Z\023\216\352\376\254*u\331\003\311\3765\230\326"
  42      8EEAFEAC 
  42      2A75D903 
  42      C9FE3598 
  42      D6
  43 00dc 19A2836C 		.ascii	"\031\242\203l\260\023\376E\033\215\347\266\275\364O"
  43      B013FE45 
  43      1B8DE7B6 
  43      BDF44F
  44 00eb 44F359E5 		.ascii	"D\363Y\345\024&\017wW\032\367n\035I\376Y\373\276\276"
  44      14260F77 
  44      571AF76E 
  44      1D49FE59 
  44      FBBEBE
  45 00fe C9F7D928 		.ascii	"\311\367\331(\301\026\256\2220p\2463\240\006\033\274"
  45      C116AE92 
  45      3070A633 
  45      A0061BBC 
  46 010e B45E9C6D 		.ascii	"\264^\234mW\364B\345\365\226PG\224>\220-W\274Z\221\321"
  46      57F442E5 
  46      F5965047 
  46      943E902D 
  46      57BC5A91 
  47 0123 EC89CF43 		.ascii	"\354\211\317C\237\345z(\030\014\305\027\247\222\261"
  47      9FE57A28 
  47      180CC517 
  47      A792B1
  48 0132 85B9642A 		.ascii	"\205\271d*4\023\231L\245\343c\221\351\361p88\233H\220"
  48      3413994C 
  48      A5E36391 
  48      E9F17038 
  48      389B4890 
  49 0146 4CCFC752 		.ascii	"L\317\307R\277V\253r\024"
  49      BF56AB72 
  49      14
  50              		.text
  51              		.section	.gnu.lto__ZN13I2C_stm32F411D0Ev.a01b0b689861f320,"",%progbits
  52 0000 789C6D90 		.ascii	"x\234m\220\317JBQ\020\306\347\273\347\336\353\255\250"
  52      CF4A4251 
  52      10C6E7BB 
  52      E7DEEBAD 
  52      A8
  53 0011 1748C216 		.ascii	"\027H\302\026!n\024\2557(\212\236#\202\\\010\242\022"
  53      216E14AD 
  53      37288A9E 
  53      23825C08 
  53      A212
  54 0023 B4BA2731 		.ascii	"\264\272'1\242\202r\023r%\271nB\373k-\255\215\253\026"
  54      A2827213 
  54      7225B96E 
  54      42FB6B2D 
  54      AD8DAB16 
  55 0037 4141428B 		.ascii	"AAB\213h\227\213 \213\220\332f\315\320\246E\213\303"
  55      68978B20 
  55      8B90DA66 
  55      CDD0A645 
  55      8BC3
  56 0049 9939F3FB 		.ascii	"\2319\363\373\276\2319\026\0314\007\242\011\"\032\345"
  56      BE993916 
  56      193407A2 
  56      09221AE5 
  57 0059 0345308A 		.ascii	"\003E0\212\267D\253\216\001H\240\035\220k\300\305\216"
  57      B744AB8E 
  57      0148A01D 
  57      906BC0C5 
  57      8E
  58 006a 2A29DC15 		.ascii	"*)\334\025\316\366\324\266\362\03139\355\335\224;#\222"
  58      CEF6D4B6 
  58      F2193339 
  58      EDDD943B 
  58      2392
  59 007c 0221A9BE 		.ascii	"\002!\251\276<\027\206\"5\255\363\272Uj\233^\275e\372"
  59      3C178622 
  59      35ADF3BA 
  59      556A9B5E 
  59      BD65FA
  60 008f CA208FE9 		.ascii	"\312 \217\351:\202\250!(-\016\020a\366\343\376\2753"
  60      3A82A821 
  60      282D0E10 
  60      61F6E3FE 
  60      BD33
  61 00a1 A0C6411C 		.ascii	"\240\306A\034?\370W\033vx_\027Y\327\357\005\274\252"
  61      3FF8571B 
  61      76785F17 
  61      59D7EF05 
  61      BCAA
  62 00b3 E8140EA1 		.ascii	"\350\024\016\241\376J\371\211p\204\260(\236\316\373"
  62      FE4AF989 
  62      7084B028 
  62      9ECEFB
  63 00c2 BBC3B629 		.ascii	"\273\303\266)\326\354x\014\233w\240F\033-\335\377^\327"
  63      D6EC780C 
  63      9B77A046 
  63      1B2DDDFF 
  63      5ED7
  64 00d4 FA621016 		.ascii	"\372b\020\026\317/0m2\"\213l\361$|\253.\012uS$\342\323"
  64      CF2F306D 
  64      32228B6C 
  64      F1247CAB 
  64      2E0A7553 
  65 00eb 6CBE3E06 		.ascii	"l\276>\006\334/\355\370\312\364\024\233\340\004.U\224"
  65      DC2FEDF8 
  65      CAF4149B 
  65      E0042E55 
  65      94
  66 00fc E12B8BBA 		.ascii	"\341+\213\272X\373\227\264=\266\"\234\376\222\\+_~^"
  66      58FB97B4 
  66      3DB6229C 
  66      FE925C2B 
  66      5F7E5E
  67 010f 5BF20D01 		.ascii	"[\362\015\0018h \350+\207\336\220\017\211\266\"\254"
  67      386820E8 
  67      2B87DE90 
  67      0F89B622 
  67      AC
  68 0120 4C01E9CE 		.ascii	"L\001\351\316\361X4\032K\255\314d\222\313\213\231ll"
  68      F158341A 
  68      4BADCC64 
  68      92CB8B99 
  68      6C6C
  69 0132 3E319DCD 		.ascii	">1\235\315\245&\023\263S\361xt!\235&3\267\224\314\376"
  69      A52613B3 
  69      53F17874 
  69      219D2633 
  69      B794CCFE 
  70 0146 0085C271 		.ascii	"\000\205\302q\346"
  70      E6
  71              		.text
  72              		.section	.gnu.lto__ZN13I2C_stm32F411C2Ev.a01b0b689861f320,"",%progbits
  73 0000 789C6D91 		.ascii	"x\234m\221\315K\033Q\024\305\357\2317\223\231\224V\\"
  73      CD4B1B51 
  73      14C5EF99 
  73      37939994 
  73      565C
  74 0012 161A4417 		.ascii	"\026\032D\027\".\232\240u\341\276\245\320\277C\004]"
  74      222E9AA0 
  74      75E1BEA5 
  74      D0BF4304 
  74      5D
  75 0023 086282A5 		.ascii	"\010b\202\245 \344\231\2664*X\0214&\255\274\200\212"
  75      20E499B6 
  75      342A5811 
  75      3426ADBC 
  75      808A
  76 0035 DFD1A8B5 		.ascii	"\337\321\250\265\220.\022\\X\020\254V\260Pp\341\327"
  76      902E125C 
  76      5810AC56 
  76      B05070E1 
  76      D7
  77 0046 260B1149 		.ascii	"&\013\021IQ(\250\275W\\Xp1\314\273\357\236\363\273\347"
  77      5128A8BD 
  77      575C5870 
  77      31CCBBEF 
  77      9EF3BBE7 
  78 005a CE3864D1 		.ascii	"\3168d\321\031\210\252\211\350\011?P\004k\340\007Q\267"
  78      1988AA89 
  78      E8093F50 
  78      046BE007 
  78      51B7
  79 006c 670172D0 		.ascii	"g\001r\320\036(j!\212\217*\241\360\363\335\342g\325"
  79      1E286A21 
  79      8A8F2AA1 
  79      F0F3DDE2 
  79      67D5
  80 007e AF0CCB6C 		.ascii	"\257\014\313l.\3176SGeR\002\225\\~\322;=n\355\244\326"
  80      2ECF3653 
  80      47655202 
  80      955C7ED2 
  80      3B3D6EED 
  81 0094 315D48E4 		.ascii	"1]H\344\354\344T\3016\312\242$\253\247\020\300$\002"
  81      ECE454C1 
  81      36CAA224 
  81      ABA710C0 
  81      2402
  82 00a6 32621AB5 		.ascii	"2b\032\265\254-\355\236\036\371U\025\210\317\277\315"
  82      AC2DED9E 
  82      1EF95515 
  82      88CFBFCD 
  83 00b6 7A8FAF66 		.ascii	"z\217\257fB\017\260\357\327\201\233L\213Oa\006\352\256"
  83      420FB0EF 
  83      D7819B4C 
  83      8B4F6106 
  83      EAAE
  84 00c8 95AF08B3 		.ascii	"\225\257\010\263\250\021\307a\366j\350\221\317\0264"
  84      A811C761 
  84      F66AE891 
  84      CF1634
  85 00d7 13E7E0E3 		.ascii	"\023\347\340\343\035ha\007\005}u\375A\353\234\013\207"
  85      1D686107 
  85      057D75FD 
  85      41EB9C0B 
  85      87
  86 00e8 F38B987A 		.ascii	"\363\213\230zY\"\213\364q\022~\253\"\326\366\212\251"
  86      59228BF4 
  86      71127EAB 
  86      22D6F68A 
  86      A9
  87 00f9 2E313168 		.ascii	".11h\370\375\332\226+\033\3307I.\276o\304\037\032\214"
  87      F8FDDA96 
  87      2B1BD837 
  87      492EBE6F 
  87      C41F1A8C 
  88 010d 766BAD2B 		.ascii	"vk\255+\215rF\225\205y\211\215\014\014X\220\334/\014"
  88      8D724695 
  88      8579898D 
  88      0C0C5890 
  88      DC2F0C
  89 0120 3A8DAB3A 		.ascii	":\215\253:\016\356\022\026\320HE\304\206\375w2\011\231"
  89      0EEE1216 
  89      D04845C4 
  89      86FD7732 
  89      0999
  90 0132 0D8BFFF3 		.ascii	"\015\213\377\363\255\373\370>\341g\205\317\275\211\343"
  90      ADFBF83E 
  90      E16785CF 
  90      BD89E3
  91 0141 58C60D3D 		.ascii	"X\306\015=5\312\305\022\017\033\221\325\010\313\010"
  91      35CAC512 
  91      0F1B91D5 
  91      08CB08
  92 0150 712FF5ED 		.ascii	"q/\365\355\317\206#\030\017\036\227o\377\346Ke\321K"
  92      CF862318 
  92      0F1E976F 
  92      FFE64B65 
  92      D14B
  93 0162 FDD828FF 		.ascii	"\375\330(\377\230\350\370n|,\277k\011\272\334\250\007"
  93      98E8F86E 
  93      7C2CBF6B 
  93      09BADCA8 
  93      07
  94 0173 F8C27F6C 		.ascii	"\370\302\177l\345\026\274\271}\376\232\305#7#\375Xe"
  94      E516BCB9 
  94      7DFE9AC5 
  94      233723FD 
  94      5865
  95 0185 B8A4237C 		.ascii	"\270\244#|E\224N\020K_x\222\231\263\310\304^\005\371"
  95      45944E10 
  95      4B5F7892 
  95      99B3C8C4 
  95      5E05F9
  96 0198 4E7CAE08 		.ascii	"N|\256\010\006Cmo^t\264v6w\204C\257\352\237\207#m\317"
  96      06436D6F 
  96      5E74B476 
  96      36778443 
  96      AFEA9F87 
  97 01af EA5F36D4 		.ascii	"\352_6\324\325\005\233\332\333\311\216\264\264\206\377"
  97      D5059BDA 
  97      DBC98EB4 
  97      B486FF
  98 01be 01CDB1AB 		.ascii	"\001\315\261\253E"
  98      45
  99              		.text
 100              		.section	.gnu.lto__ZTV13I2C_stm32F411.a01b0b689861f320,"",%progbits
 101 0000 789C6365 		.ascii	"x\234ce`b\350f```d\200\200\351\314\214;w\276\271\315"
 101      6062E866 
 101      60606064 
 101      8080E9CC 
 101      8C3B77BE 
 102 0016 5EFFB781 		.ascii	"^\377\267\201c>3\303Lflb\214`\261\253\027653W\377\004"
 102      633E33C3 
 102      4C666C62 
 102      8C60B1AB 
 102      17363533 
 103 002d 8931326A 		.ascii	"\21112j\311\200\305\326\277\331\371\223\267\217y>3\023"
 103      C980C5D6 
 103      BFD9F993 
 103      B78F793E 
 103      3313
 104 003f 23887B67 		.ascii	"#\210{g\373\203~\026\230\222U\214\0205\377N\236\376"
 104      FB837E16 
 104      9892558C 
 104      1035FF4E 
 104      9EFE
 105 0051 C467B1AD 		.ascii	"\304g\261\255\241\243\241\301a>33\003\343j\306j\006"
 105      A1A3A1C1 
 105      613E3333 
 105      03E36AC6 
 105      6A06
 106 0063 C6952062 		.ascii	"\306\225 b\005c=\003\343r\020\261\206\321\202\001\000"
 106      05633D03 
 106      E37210B1 
 106      86D18201 
 106      00
 107 0074 09212EED 		.ascii	"\011!.\355"
 108              		.text
 109              		.section	.gnu.lto_.symbol_nodes.a01b0b689861f320,"",%progbits
 110 0000 789C55CC 		.ascii	"x\234U\314\261\015\302P\014\204\341\377\374x\031\204"
 110      B10DC250 
 110      0C84E1FF 
 110      FC781984 
 111 0010 4940622F 		.ascii	"I@b/;\004QSS=1\006553\260H\242\230H\211\0247'}\272s"
 111      3B045153 
 111      533D3106 
 111      353533B0 
 111      48A29848 
 112 002b C5B89367 		.ascii	"\305\270\223g!\207\307\0272\336\355\234\322\313\265"
 112      2187C717 
 112      32DEED9C 
 112      D2CBB5
 113 003a CAB35D52 		.ascii	"\312\263]R\256r\333wF\274l\022)u\020\375\361\377p\302"
 113      AE72DB77 
 113      46BC6C12 
 113      297510FD 
 113      F1FF70C2 
 114 004e 0FDB3C72 		.ascii	"\017\333<r\256\233\274.\002\021'(&^\277I\305:>\231\314"
 114      AE9BBC2E 
 114      02112728 
 114      265EBF49 
 114      C53A3E99 
 115 0063 D61D2185 		.ascii	"\326\035!\205"
 116              		.text
 117              		.section	.gnu.lto_.refs.a01b0b689861f320,"",%progbits
 118 0000 789C6365 		.ascii	"x\234ce`b\020c```dd\006\022\314L,L@\304\310\304\304"
 118      60621063 
 118      60606064 
 118      640612CC 
 118      4C2C4C40 
 119 0018 C8CA0C14 		.ascii	"\310\312\014\024\000\000\004\363\000H"
 119      000004F3 
 119      0048
 120              		.text
 121              		.section	.gnu.lto_.decls.a01b0b689861f320,"",%progbits
 122 0000 789CB556 		.ascii	"x\234\265V}LTW\026\177\347\335\031\204a\006\0144\215"
 122      7D4C5457 
 122      167FE7DD 
 122      19846106 
 122      0C348D
 123 0013 2664C336 		.ascii	"&d\3036\264%k`\234\321t\377\351&v\321\3566\331\324."
 123      B4256B60 
 123      9CD174FF 
 123      E92676D1 
 123      EE36D9D4 
 124 0028 C5A6319B 		.ascii	"\305\2461\233L\370\230\326\331\360%3\222\232\375\347"
 124      4CF898D6 
 124      D9F02533 
 124      929AFDE7 
 125 0038 F1A152F0 		.ascii	"\361\241R\360\213\332E\001mQ@QhE\255\260\254\262\016"
 125      8BDA4501 
 125      6D514051 
 125      6845ADB0 
 125      ACB20E
 126 004b E007B008 		.ascii	"\340\007\260\010\010\025\301\012\202\324\017\344S\012"
 126      0815C10A 
 126      82D40FE4 
 126      530A
 127 0059 F58315F7 		.ascii	"\365\203\025\367\334{\337\233y\214C6\375co\346\314\273"
 127      DC7BDF9B 
 127      798C4336 
 127      FD636FE6 
 127      CCBB
 128 006b E7DCDFFD 		.ascii	"\347\334\337\375\335s\316}\367\334\247\025D\341o\006"
 128      DD73CE7D 
 128      F7DCA715 
 128      44E16F06 
 129 007b 41B08A82 		.ascii	"A\260\212\202\360\027\020\204\027\330\264\202 |#\270"
 129      F0171084 
 129      17D8B482 
 129      207C23B8 
 130 008b 9B0FCA43 		.ascii	"\233\017\312C\224q\224)\224Y\224'(\200x\374\011K@X\320"
 130      94719429 
 130      94599427 
 130      288078FC 
 130      094B4058 
 131 00a0 AE039F13 		.ascii	"\256\003\237\023\204\362\012\312\006\024_\264\351Q\374"
 131      84F20ACA 
 131      06145FB4 
 131      E951FC
 132 00af 652CC89C 		.ascii	"e,\310\234\236m\010\007\374\274\3145\240\214`?\000\237"
 132      9E6D0807 
 132      FCBCCC35 
 132      A08C603F 
 132      009F
 133 00c1 EB15026C 		.ascii	"\353\025\002lD\366i\\\366\307\263\215\3225U|\367<|\031"
 133      44F6695C 
 133      F6C7B38D 
 133      D235557C 
 133      F73C7C19 
 134 00d5 46FD8CBC 		.ascii	"F\375\214\274N \365[\216\351Gy\211Y\301{\214\201\230"
 134      4E20F55B 
 134      8EE94779 
 134      8959C17B 
 134      8C8198
 135 00e8 2F8DC0FD 		.ascii	"/\215\300\375:\215\317`\201\317\245MT\371\344\331\366"
 135      3A8DCF60 
 135      81CFA54D 
 135      54F9E4D9 
 135      F6
 136 00f9 13387AB6 		.ascii	"\0238z\266\345\020\014\300-t\027Xs\005C-\362\223m\004"
 136      E5100CC0 
 136      2D741758 
 136      7305432D 
 136      F2936D04 
 137 010d 6BA00406 		.ascii	"k\240\004\006\242\0227\270R(w\330<\020D\340`Q\360\006"
 137      A21237B8 
 137      522877D8 
 137      3C1044E0 
 137      6051F006 
 138 0121 5233BAEC 		.ascii	"R3\272\354\2404\305\006\013))\2332\006*\270\207\213"
 138      A034C506 
 138      0B29299B 
 138      32062AB8 
 138      878B
 139 0133 72141C21 		.ascii	"r\024\034!\250\027\220\275'J\364\217\012\333\356\351"
 139      A81790BD 
 139      274AF48F 
 139      0ADBEEE9 
 140 0143 6E433FB5 		.ascii	"nC?\265\226\254\001f\353\250\317/\327\020\\\007\373"
 140      96AC0166 
 140      EBA8CF2F 
 140      D7105C07 
 140      FB
 141 0154 D7B2AB0F 		.ascii	"\327\262\253\017\222\335\004\202t\240\241\360\253E\303"
 141      92DD0482 
 141      74A0A1F0 
 141      AB45C3
 142 0163 01A8BEA2 		.ascii	"\001\250\276\242\203PT{\277\3538k \313\031\262\372B"
 142      8350547B 
 142      BFEB386B 
 142      20CB19B2 
 142      FA42
 143 0175 C9F30012 		.ascii	"\311\363\000\022\301\372\227^<v\006\362Y\"\252]Sm\207"
 143      C1FA975E 
 143      3C7606F2 
 143      5922AA5D 
 143      536D87
 144 0188 FCF9ACA5 		.ascii	"\374\371\254\245\250>\311\270\336\240[V \321\226%-\025"
 144      A83EC9B8 
 144      DEA05B56 
 144      20D19625 
 144      2D15
 145 019a E1031D9C 		.ascii	"\341\003\035\234\204\020\370\026B\320\275jX\246\354"
 145      8410F816 
 145      42D0BD6A 
 145      58A6EC
 146 01a9 8DF8B4EA 		.ascii	"\215\370\264\352\312#\177\010\327\037\245\320\022\251"
 146      CA237F08 
 146      D71FA5D0 
 146      12A9
 147 01b7 C45780D3 		.ascii	"\304W\200\323\240\207o\200(\321\344JR\246\2647K\362"
 147      A0876F80 
 147      28D1E44A 
 147      52A6B437 
 147      4BF2
 148 01c9 FB239D08 		.ascii	"\373#\235\010\225Hs\002i\340\024\204S\250\034\345\300"
 148      95487302 
 148      69E01484 
 148      53A81CE5 
 148      C0
 149 01da A5FE3AD0 		.ascii	"\245\376:\320\253\260\224E\301\012p\306\005<\360\367"
 149      ABB09445 
 149      C10A70C6 
 149      053CF0F7 
 150 01ea 9169427E 		.ascii	"\221iB~\307\202Pb\015\342\261J#M_\211\344\0356\324\337"
 150      C7825062 
 150      0DE2B14A 
 150      234D5F89 
 150      E41D36D4 
 151 01ff 7CBC9266 		.ascii	"|\274\222f\345M\035\320\204\007\242\351\344X\335S\003"
 151      E54D1DD0 
 151      8407A2E9 
 151      E458DD53 
 151      03
 152 0210 37514451 		.ascii	"7QDQs\351\016}d\225\304\233\357n\305a\034:^\226\177"
 152      73E90E7D 
 152      6495C49B 
 152      EF6EC561 
 152      1C3A5E96 
 153 0225 C487FC99 		.ascii	"\304\207\374\231\302\304\206k\327\3465\240\013\317q"
 153      C2C4866B 
 153      D7E635A0 
 153      0BCF71
 154 0234 B926B863 		.ascii	"\271&\270c8\2171\274\251C\377\376\201\226Z\264\2604"
 154      388F31BC 
 154      A943FFFE 
 154      81965AB4 
 154      B034
 155 0246 386F149B 		.ascii	"8o\024\233\013vH\222\010\347@\007\377\004\002u\020I"
 155      0B764892 
 155      08E74007 
 155      FF040275 
 155      1049
 156 0258 F7954229 		.ascii	"\367\225B)\177iEO\227N\227Cs\373?\031\021~%\267\274"
 156      7F69454F 
 156      974E9743 
 156      73FB3F19 
 156      117E25B7 
 157 026d CC402E02 		.ascii	"\314@.\002s{\"\373\356\240?\217y\031\252\365]\267\326"
 157      737B22FB 
 157      EEA03F8F 
 157      7919AAF5 
 157      5DB7D6
 158 0280 90563E54 		.ascii	"\220V>T\3710\247\206\220v\256(;\032\304w\264\366\\c"
 158      F930A786 
 158      9076AE28 
 158      3B1AC477 
 158      B4F65C63 
 159 0294 AF8674C9 		.ascii	"\257\206t\311\034\263\271w4\244\207+E\347fZ\265\034"
 159      1CB3B977 
 159      34A4872B 
 159      45E7665A 
 159      B51C
 160 02a6 E88B6A71 		.ascii	"\350\213jqqk\236\226\364\361\261\221\331\355'\265d\200"
 160      716B9E96 
 160      F4F1B191 
 160      D9ED27B5 
 160      6480
 161 02b8 2BDFD75D 		.ascii	"+\337\327]\317\361'\303\\\3119u\352\200?\271\317\225"
 161      CFF127C3 
 161      5CC93975 
 161      EA803FB9 
 161      CF95
 162 02ca EE672D37 		.ascii	"\356g-7}\310(WJ\236\317m7\220\247\\)\376\251\177\304"
 162      7DC82857 
 162      4A9ECF6D 
 162      3790A75C 
 162      29FEA97F 
 163 02df 8F9387A3 		.ascii	"\217\223\207\243\272\247\363\353\037|\371k\346\304\327"
 163      BAA7F3EB 
 163      1F7CF96B 
 163      E6C4D7
 164 02ee 2EB069E7 		.ascii	".\260i\347L\247\010\341\301a\256\026\036\036\314s8\331"
 164      4CA708E1 
 164      C161AE16 
 164      1E1ECC73 
 164      38D9
 165 0300 BCBA23D3 		.ascii	"\274\272#\323\231#\342\261\017\026\240\003h\275\220"
 165      9923E2B1 
 165      0F16A003 
 165      68BD90
 166 030f 1FF914B0 		.ascii	"\037\371\024\260W\222\326h\004\270\212ij\243\211\373"
 166      5792D668 
 166      04B88A69 
 166      6AA389FB 
 167 031f 011387C3 		.ascii	"\001\023\207\3034\325p\023\373}\020\006\275(7PzP\256"
 167      34D57013 
 167      FB7D1006 
 167      BD283750 
 167      7A50AE
 168 0332 A37C8FD2 		.ascii	"\243|\217\322\215\322\205r\015\245\023\245\035\302\331"
 168      8DD28572 
 168      0DA513A5 
 168      1DC2D9
 169 0341 B61F91B2 		.ascii	"\266\037\221\262\263$\347|o\320\027\245R\363J\250\307"
 169      B324E77C 
 169      6FD017A5 
 169      52F34AA8 
 169      C7
 170 0352 9DABC19D 		.ascii	"\235\253\301\235\243\224\256\3159\313\336\305J\372/"
 170      A394AECD 
 170      39CBDEC5 
 170      4AFA2F
 171 0361 E3A73F2E 		.ascii	"\343\247?.\314tf\023\006\377\227w\270\311\215~\250B"
 171      CC746613 
 171      06FF9777 
 171      B8C98D7E 
 171      A842
 172 0373 3B3DD117 		.ascii	";=\321\027^\"\277\243\2027x\207\253\310o\252\320M\236"
 172      5E22BFA3 
 172      82377887 
 172      ABC86FAA 
 172      D04D9E
 173 0386 E8C697C8 		.ascii	"\350\306\227\310\273T\360\213\336\341*\362V\025\372"
 173      BB54F08B 
 173      DEE12AF2 
 173      5615FA
 174 0395 B227FAD2 		.ascii	"\262'\372\322K\344\215*\370\025\357p\025\371\263\365"
 174      4BE48D2A 
 174      F815EF70 
 174      15F9B3F5 
 175 03a5 6E74B327 		.ascii	"nt\263'\332\370R\312U\350\026\257hF}\024\253\221\344"
 175      DAF852CA 
 175      55E816AF 
 175      68467D14 
 175      AB91E4
 176 03b8 9CE810A5 		.ascii	"\234\350\020\245\022'\260\027G>\205\002\033\244\257"
 176      1227B017 
 176      473E8502 
 176      1BA4AF
 177 03c7 D8E53E1F 		.ascii	"\330\345>\037<\370\214\340\337\256C*@+\255]\377\227"
 177      3CF88CE0 
 177      DFAE432A 
 177      402BAD5D 
 177      FF97
 178 03d9 778C1ECB 		.ascii	"w\214\036\313\2537\306\003\324uN\355\276\200U^\251s"
 178      AB37C603 
 178      D4754EED 
 178      BE80555E 
 178      A973
 179 03eb BB0E76D7 		.ascii	"\273\016v\327hI\025\257\361\371\215\371\223\276\344"
 179      684915AF 
 179      F1F98DF9 
 179      93BEE4
 180 03fa 3C576A27 		.ascii	"<Wj'*k\015\362!B]\203\007xF\2040<EG\2206\303y\243\357"
 180      2A6B0DF2 
 180      21425D83 
 180      07784684 
 180      303C4547 
 181 0414 ED8CF2CB 		.ascii	"\355\214\362\313\322\336X\312\006\337ad\303\213$T\316"
 181      D2DE58CA 
 181      06DF6164 
 181      C38B2454 
 181      CE
 182 0425 D1E60C9A 		.ascii	"\321\346\014\232\"\012\272\255J\303\000O\203\023\323"
 182      220ABAAD 
 182      4AC3004F 
 182      8313D3
 183 0434 E0646918 		.ascii	"\340di\030D\006\272wp\007C\037\226\323@\373?b\210C\020"
 183      4406BA77 
 183      7007431F 
 183      96D340FB 
 183      3F628843 
 184 0449 26B04E8C 		.ascii	"&\260N\214H7\012\303s6\037\026\361 a\345\206*\257>\230"
 184      48370AC3 
 184      73361F16 
 184      F12061E5 
 184      862AAF3E 
 185 045e 42A89105 		.ascii	"B\250\221\005\233\177f\264$\200\334\347\3615\034<\334"
 185      9B7F66B4 
 185      2480DCE7 
 185      F1351C3C 
 185      DC
 186 046f EEA34ED1 		.ascii	"\356\243N\321\360\202\024\335s\245h\254\354\304\274"
 186      F08214DD 
 186      73A568AC 
 186      ECC4BC
 187 047e 5E23721B 		.ascii	"^#r\033\304iX\015\3549;K\226\357w\337\\\033\364\252"
 187      C469580D 
 187      EC393B4B 
 187      96EF77DF 
 187      5C1BF4AA 
 188 0492 9BEB012C 		.ascii	"\233\353\001,\307\377\373\200\321\320\245\021?t\260"
 188      C7FFFB80 
 188      D1D0A511 
 188      3F74B0
 189 04a1 25DBFF17 		.ascii	"%\333\377\027\340\277x\266\357\266\357kx\321\015J\316"
 189      E0BF78B6 
 189      EFB6EF6B 
 189      78D10D4A 
 189      CE
 190 04b2 FB036FE7 		.ascii	"\373\003o\347\237\226\244mR\266\244\201\021X\016wy\234"
 190      9F96A46D 
 190      52B6A481 
 190      11580E77 
 190      799C
 191 04c4 347BC769 		.ascii	"4{\307i\366\240\0023\012\3070\225\002<\204\327p\372"
 191      F6A00233 
 191      0AC73095 
 191      023C84D7 
 191      70FA
 192 04d6 DC40DF97 		.ascii	"\334@\337\227\001d\037a\201^\234)n\"\344\004W\276j:"
 192      01641F61 
 192      815E9C29 
 192      6E22E404 
 192      57BE6A3A 
 193 04ea 7E341089 		.ascii	"~4\020\211\007\221\270\371\327\025\2703\241\214s\314"
 193      0791B8F9 
 193      D715B833 
 193      A18C73CC 
 194 04fa CD398ADD 		.ascii	"\3159\212\335\337\204\260\315\031gl\245Y\003=\001\244"
 194      DF84B0CD 
 194      19676CA5 
 194      59033D01 
 194      A4
 195 050b 96133C28 		.ascii	"\226\023<(\350}\203\264\363\376\266\352\271\231\000"
 195      E87D83B4 
 195      F3FEB6EA 
 195      B99900
 196 051a 2F64936E 		.ascii	"/d\223n\262\011\354\256\010Y\340\342\024#\275\332P9"
 196      B209ECAE 
 196      0859E0E2 
 196      1423BDDA 
 196      5039
 197 052c 49C86D4E 		.ascii	"I\310mN\324~\267\255\016\310\317\\\361\226\357K\265"
 197      D47EB7AD 
 197      0EC8CF5C 
 197      F196EF4B 
 197      B5
 198 053d E5F50675 		.ascii	"\345\365\006u\376\350\220;\2013,\201?\251\022xd\246"
 198      FEE8903B 
 198      81332C81 
 198      3FA91278 
 198      64A6
 199 054f E9815E4E 		.ascii	"\351\201^N`W>\221\276\224r\244\245\024\007\323n\347"
 199      60573E91 
 199      BE9472A4 
 199      A51407D3 
 199      6EE7
 200 0561 1E79666F 		.ascii	"\036yfo\226\27164\327\273S$Y\032\346\315\344\266:\274"
 200      96B93634 
 200      D7BB5324 
 200      591AE6CD 
 200      E4B63ABC 
 201 0575 A48BB8D2 		.ascii	"\244\213\270\3226\327\337\251\225Y\233\241\002On(\343"
 201      36D7DFA9 
 201      95599BA1 
 201      024F6E28 
 201      E3
 202 0586 7CECE6FC 		.ascii	"|\354\346\374Y\376$\201'\214\253rOE\367\022r\214O\227"
 202      59FE2481 
 202      278CAB72 
 202      4F45F712 
 202      728C4F97 
 203 059a 06468B81 		.ascii	"\006F\213\201\234\344\312\267Us\325:\026\346z\235\034"
 203      9CE4CAB7 
 203      5573D53A 
 203      16E67A9D 
 203      1C
 204 05ab E5D0B1BB 		.ascii	"\345\320\261\273[\230\005\337\2169`\246\274S\225\365"
 204      5B9805DF 
 204      8E3960A6 
 204      BC5395F5 
 205 05bb 22B9C0A7 		.ascii	"\"\271\300\247\024\234\356<D3\003\317\331\"h\031\255"
 205      149CEE3C 
 205      443303CF 
 205      D9226819 
 205      AD
 206 05cc 7870C14F 		.ascii	"xp\301O\375\005\365\321\253JZ`\236\246\343\005\375\210"
 206      FD05F5D1 
 206      AB4A5A60 
 206      9EA6E305 
 206      FD88
 207 05de 82FF8086 		.ascii	"\202\377\200\206\343\313s\363$\375/\300\267\234x^H\323"
 207      E3CB73F3 
 207      24FD2FC0 
 207      B79C785E 
 207      48D3
 208 05f0 38883117 		.ascii	"8\2101\027\226\374>3\024$q\031<s\177k<U\302\315\020"
 208      96FC3E33 
 208      14247119 
 208      3C737F6B 
 208      3C55C2CD 
 209 0605 69B8FB1E 		.ascii	"i\270\373\036\327\344\350I\027w\267\346^\313e\035\257"
 209      D7E4E849 
 209      1777B7E6 
 209      5ECB651D 
 209      AF
 210 0616 2012A0DE 		.ascii	" \022\240\3368]}L\317oiB\357\366\302\351\316@\372y\""
 210      385D7D4C 
 210      CF6F6942 
 210      EFF6C2E9 
 210      CE40FA79 
 211 062b C90710ED 		.ascii	"\311\007\020\355\356\363\267M\244\237'\306\020\310\026"
 211      EEF3B74D 
 211      A49F27C6 
 211      10C816
 212 063a D9D749D9 		.ascii	"\331\327I\331\327\007\272\305\240\275r\275\014\325\260"
 212      D707BAC5 
 212      A0BD72BD 
 212      0CD5B0
 213 0649 2FB72C31 		.ascii	"/\267,1D\276D\266\213A\312$\212\376\274~\254\310\360"
 213      44BE44B6 
 213      8B41CA24 
 213      8AFEBC7E 
 213      ACC8F0
 214 065c 7AA934E5 		.ascii	"z\2514\345\304\317\244\276\325\2172{3\374(\0062E^#\334"
 214      C4CFA4BE 
 214      D58F327B 
 214      33FC2806 
 214      32455E23 
 215 0671 33A905AB 		.ascii	"3\251\005\253\011\354\020_\307\211\343\347\247v\352"
 215      09EC105F 
 215      C789E3E7 
 215      A776EA
 216 0680 95AA90B3 		.ascii	"\225\252\220\263XU\200\034Q\277\237\220\371\035\005"
 216      5855801C 
 216      51BF9F90 
 216      F91D05
 217 068f 535A080B 		.ascii	"SZ\010\013\013\346\025q>C\313\357\014\245 \346\211\213"
 217      0BE61571 
 217      3E43CBEF 
 217      0CA520E6 
 217      898B
 218 06a1 DD30B470 		.ascii	"\3350\264pMl.,\243h\245t\275\214VJ\227\372\226P\312"
 218      4D6C2E2C 
 218      A368A574 
 218      BD8C564A 
 218      97FA9650 
 219 06b6 A3C0F074 		.ascii	"\243\300\360t\030r\3050\370\\\014s}V>\276\225l\310s"
 219      1872C530 
 219      F85C0C73 
 219      7D563EBE 
 219      956CC873 
 220 06ca D73535AF 		.ascii	"\32755\257\000;E\003\213\000\237\364\215\033\237\230"
 220      003B4503 
 220      8B009FF4 
 220      8D1B9F98 
 221 06da D6A88B20 		.ascii	"\326\250\213 =\276n\360.\221\207\273\213\206\013\207"
 221      3DBE6EF0 
 221      2E9187BB 
 221      8B860B87 
 222 06ea DBC7B2B4 		.ascii	"\333\307\262\264j0}\027\334\340\3352x7\003\337i\035"
 222      6A307D17 
 222      DCE0DD32 
 222      783703DF 
 222      691D
 223 06fc 3CA35383 		.ascii	"<\243S\203i\366\335\340=2\230>_\265l|\337\264\352=s"
 223      69F6DDE0 
 223      3D32983E 
 223      5FB56C7C 
 223      DFB4EA3D 
 224 0711 94C5EE48 		.ascii	"\224\305\356HZe~w\265\311\264\326\274.=\330\222\236"
 224      5A657E77 
 224      B5C9B4D6 
 224      BC2E3DD8 
 224      929E
 225 0723 EA488B5C 		.ascii	"\352H\213\\`\017\264X\322\035q\211\026\034\2608\266"
 225      600FB458 
 225      D21D7189 
 225      161CB038 
 225      B6
 226 0734 A65A89CD 		.ascii	"\246Z\211\315\034\257y\367O1\321\272?\274\277!4j\305"
 226      1CAF79F7 
 226      4F31D1BA 
 226      3FBCBF21 
 226      346AC5
 227 0747 0AD36AC1 		.ascii	"\012\323j\301w\213-\331\261\312lq\330\214\233R\222\254"
 227      778B2DD9 
 227      B1CA6C71 
 227      D88C9B52 
 227      92AC
 228 0759 C6945487 		.ascii	"\306\224T\2071&%%1~S\254-\331n\3744>>\"6-)\"9%\331\032"
 228      31262525 
 228      317E53AC 
 228      2DD96EFC 
 228      343E3E22 
 229 0775 618D8DB3 		.ascii	"a\215\215\263E\274\025a^i\372m\304fS\304\226\324\204"
 229      45BC1561 
 229      5E69FA6D 
 229      C46653C4 
 229      96D484
 230 0788 5887D598 		.ascii	"X\207\325\230h\213\2430\343\002\230\361\255\310U\221"
 230      688BA330 
 230      E30298F1 
 230      ADC85591 
 231 0798 26A32D39 		.ascii	"&\243-9>qK\202\325hw$\3402\021\010\213\334$hc\242\337"
 231      3E714B82 
 231      D5687724 
 231      E0321108 
 231      8BDC2468 
 232 07af FB701D89 		.ascii	"\373p\035\211\212\212&\037F\233QL\342\332h\315\372w"
 232      8A8A261F 
 232      469B514C 
 232      E2DA68CD 
 232      FA77
 233 07c1 A2CDF4CF 		.ascii	"\242\315\364\317D\242\320\030\025m2\230L4\232"
 233      44A2D018 
 233      156D3298 
 233      4C349A
 234 07d0 18747CAD 		.ascii	"\030t|\255\365\023\177U\377\215\310H\243}\253\335aM"
 234      F5137F55 
 234      FF8DC848 
 234      A37DABDD 
 234      614D
 235 07e2 722D109F 		.ascii	"r-\020\237d\267\331\215,\362O0\362\317\254\270N\240"
 235      64B7D98D 
 235      2CF24F30 
 235      F2CFACB8 
 235      4EA0
 236 07f4 479A0C0B 		.ascii	"G\232\014\013\264\020$I\332\2726\315\226nM\263\033q"
 236      B4102449 
 236      DABA36CD 
 236      966E4DB3 
 236      1B71
 237 0806 C8358253 		.ascii	"\3105\202S\365\026K\\\254\335jIp\244\244\205\376jqd"
 237      F5164B5C 
 237      ACDD6A49 
 237      70A4A485 
 237      FE6A7164 
 238 081a 7C6AAAD7 		.ascii	"|j\252\327\0151\255KG\212\370\224\244TN\341\015\263"
 238      0D31AD4B 
 238      478AF894 
 238      A4544EE1 
 238      0DB3
 239 082c 725DFA52 		.ascii	"r]\372R\213%\301\232hu\330\222?]\024\027ef\\\314\235"
 239      8B25C19A 
 239      6875D892 
 239      3F5D1417 
 239      65665CCC 
 240 0841 F8C530AA 		.ascii	"\370\3050\252\365\030f\211ecB\342\007\351\177\015LI"
 240      F5186689 
 240      656342E2 
 240      07E97F0D 
 240      4C49
 241 0853 B5A6C552 		.ascii	"\265\246\305R\013[\307\032d\375\314aMK\216ML\334jI\267"
 241      0B5BC71A 
 241      64FDCC61 
 241      4D4B8E4D 
 241      4CDC6A49 
 242 0868 D96D7189 		.ascii	"\331mq\211\326`\313\306\230\217<\370\376\013\320\310"
 242      D660CBC6 
 242      988F3CF8 
 242      FE0BD0C8 
 243 0878 8876     		.ascii	"\210v"
 244              		.text
 245              		.section	.gnu.lto_.symtab.a01b0b689861f320,"",%progbits
 246 0000 5F5A4E31 		.ascii	"_ZN13I2C_stm32F411D2Ev\000"
 246      33493243 
 246      5F73746D 
 246      33324634 
 246      31314432 
 247 0017 00       		.ascii	"\000"
 248 0018 00       		.ascii	"\000"
 249 0019 00       		.ascii	"\000"
 250 001a 00000000 		.ascii	"\000\000\000\000\000\000\000\000"
 250      00000000 
 251 0022 EA000000 		.ascii	"\352\000\000\000"
 252 0026 5F5A4E31 		.ascii	"_ZN13I2C_stm32F411D1Ev\000"
 252      33493243 
 252      5F73746D 
 252      33324634 
 252      31314431 
 253 003d 00       		.ascii	"\000"
 254 003e 00       		.ascii	"\000"
 255 003f 00       		.ascii	"\000"
 256 0040 00000000 		.ascii	"\000\000\000\000\000\000\000\000"
 256      00000000 
 257 0048 ED000000 		.ascii	"\355\000\000\000"
 258 004c 5F5A4E31 		.ascii	"_ZN13I2C_stm32F411D0Ev\000"
 258      33493243 
 258      5F73746D 
 258      33324634 
 258      31314430 
 259 0063 00       		.ascii	"\000"
 260 0064 00       		.ascii	"\000"
 261 0065 00       		.ascii	"\000"
 262 0066 00000000 		.ascii	"\000\000\000\000\000\000\000\000"
 262      00000000 
 263 006e F0000000 		.ascii	"\360\000\000\000"
 264 0072 5F5A4E31 		.ascii	"_ZN13I2C_stm32F411C2Ev\000"
 264      33493243 
 264      5F73746D 
 264      33324634 
 264      31314332 
 265 0089 00       		.ascii	"\000"
 266 008a 00       		.ascii	"\000"
 267 008b 00       		.ascii	"\000"
 268 008c 00000000 		.ascii	"\000\000\000\000\000\000\000\000"
 268      00000000 
 269 0094 F5000000 		.ascii	"\365\000\000\000"
 270 0098 5F5A5456 		.ascii	"_ZTV13I2C_stm32F411\000"
 270      31334932 
 270      435F7374 
 270      6D333246 
 270      34313100 
 271 00ac 00       		.ascii	"\000"
 272 00ad 00       		.ascii	"\000"
 273 00ae 00       		.ascii	"\000"
 274 00af 00000000 		.ascii	"\000\000\000\000\000\000\000\000"
 274      00000000 
 275 00b7 07010000 		.ascii	"\007\001\000\000"
 276 00bb 5F5A4E31 		.ascii	"_ZN13I2C_stm32F411C1Ev\000"
 276      33493243 
 276      5F73746D 
 276      33324634 
 276      31314331 
 277 00d2 00       		.ascii	"\000"
 278 00d3 00       		.ascii	"\000"
 279 00d4 00       		.ascii	"\000"
 280 00d5 00000000 		.ascii	"\000\000\000\000\000\000\000\000"
 280      00000000 
 281 00dd F8000000 		.ascii	"\370\000\000\000"
 282 00e1 5F5A646C 		.ascii	"_ZdlPvj\000"
 282      50766A00 
 283 00e9 00       		.ascii	"\000"
 284 00ea 02       		.ascii	"\002"
 285 00eb 00       		.ascii	"\000"
 286 00ec 00000000 		.ascii	"\000\000\000\000\000\000\000\000"
 286      00000000 
 287 00f4 01010000 		.ascii	"\001\001\000\000"
 288              		.text
 289              		.section	.gnu.lto_.opts,"",%progbits
 290 0000 272D666D 		.ascii	"'-fmath-errno' '-fsigned-zeros' '-ftrapping-math' '"
 290      6174682D 
 290      6572726E 
 290      6F272027 
 290      2D667369 
 291 0033 2D666E6F 		.ascii	"-fno-trapv' '-fno-strict-overflow' '-fno-openmp' '-"
 291      2D747261 
 291      70762720 
 291      272D666E 
 291      6F2D7374 
 292 0066 666E6F2D 		.ascii	"fno-openacc' '-dD' '-mcpu=cortex-m4' '-mthumb' '-mf"
 292      6F70656E 
 292      61636327 
 292      20272D64 
 292      44272027 
 293 0099 6C6F6174 		.ascii	"loat-abi=soft' '-g3' '-Og' '-fmessage-length=0' '-f"
 293      2D616269 
 293      3D736F66 
 293      74272027 
 293      2D673327 
 294 00cc 7369676E 		.ascii	"signed-char' '-ffunction-sections' '-fdata-sections"
 294      65642D63 
 294      68617227 
 294      20272D66 
 294      66756E63 
 295 00ff 2720272D 		.ascii	"' '-flto' '-fno-move-loop-invariants' '-fabi-versio"
 295      666C746F 
 295      2720272D 
 295      666E6F2D 
 295      6D6F7665 
 296 0132 6E3D3027 		.ascii	"n=0' '-fno-exceptions'\000"
 296      20272D66 
 296      6E6F2D65 
 296      78636570 
 296      74696F6E 
 297              		.text
 298              		.comm	__gnu_lto_v1,1,1
 299              		.comm	__gnu_lto_slim,1,1
 300              		.ident	"GCC: (GNU Tools for ARM Embedded Processors 6-2017-q1-update) 6.3.1 20170215 (release) [AR
DEFINED SYMBOLS
                            *ABS*:0000000000000000 I2Cstm32F411.cpp
                            *COM*:0000000000000001 __gnu_lto_v1
                            *COM*:0000000000000001 __gnu_lto_slim

NO UNDEFINED SYMBOLS
