   1              		.cpu cortex-m4
   2              		.eabi_attribute 20, 1
   3              		.eabi_attribute 21, 1
   4              		.eabi_attribute 23, 3
   5              		.eabi_attribute 24, 1
   6              		.eabi_attribute 25, 1
   7              		.eabi_attribute 26, 1
   8              		.eabi_attribute 30, 6
   9              		.eabi_attribute 34, 1
  10              		.eabi_attribute 18, 4
  11              		.file	"vectors_stm32f411xe.c"
  12              		.text
  13              	.Ltext0:
  14              		.section	.gnu.lto_.inline.756303444d9ee886,"",%progbits
  15 0000 789C6365 		.ascii	"x\234ce`b\020a@\000F\006\006f fb\272\300\317\300\002"
  15      60621061 
  15      40004606 
  15      06662066 
  15      62BAC0CF 
  16 0016 94030100 		.ascii	"\224\003\001\000\015\327\001\012"
  16      0DD7010A 
  17              		.text
  18              		.section	.gnu.lto_Default_Handler.756303444d9ee886,"",%progbits
  19 0000 789C6365 		.ascii	"x\234ce`b\250c``0\001b\025 f`a`db\000bFf \311\014&\031"
  19      6062A863 
  19      60603001 
  19      62152066 
  19      60616064 
  20 001e 19EA9998 		.ascii	"\031\352\231\230\031\201\230\001\002\372\231\24733\036"
  20      19819801 
  20      02FA99A7 
  20      33331E
  21 002d 6A7FB693 		.ascii	"j\177\266\223Isy\003\020\034\230\376I\250\261\241Ub"
  21      49737903 
  21      101C98FE 
  21      49A8B1A1 
  21      5562
  22 003f 3E50C14C 		.ascii	">P\301L\250\"\306\345\214\232\014@e\2176\376\233\312"
  22      A822C6E5 
  22      8C9A0C40 
  22      658F36FE 
  22      9BCA
  23 0051 CBC60211 		.ascii	"\313\306\002\021g\\\301\310\306\010\244\327_b<\320\360"
  23      675CC1C8 
  23      C608A4D7 
  23      5F623CD0 
  23      F0
  24 0062 EF7F7BC3 		.ascii	"\357\177{\303\201K\336\25361\001\205\272\300\332\272"
  24      814BDEAB 
  24      36310185 
  24      BAC0DABA 
  25 0072 99815633 		.ascii	"\231\201V3\277blX\374Q\025\244\026$\246\313\000\222"
  25      BF626C58 
  25      FC5115A4 
  25      1624A6CB 
  25      0092
  26 0084 054A3377 		.ascii	"\005J3w13\202\215\326\322\323\323/\256,.I\315\325/."
  26      3133828D 
  26      D6D2D3D3 
  26      2FAE2C2E 
  26      49CDD52F 
  27 0099 4AD64FCE 		.ascii	"J\326O\316-\316,\326/KM.\311/*\216/.\31156J314\254H"
  27      2DCE2CD6 
  27      2F4B4D2E 
  27      C92F2A8E 
  27      2F2EC935 
  28 00b4 D54B6660 		.ascii	"\325Kf`O\312.(Q0`\000\000\360@46"
  28      4FCA2E28 
  28      51306000 
  28      00F04034 
  28      36
  29              		.text
  30              		.section	.gnu.lto___isr_vectors.756303444d9ee886,"",%progbits
  31 0000 789C6597 		.ascii	"x\234e\227WSTI\030\206\347\314\010\2109G\3149\201\200"
  31      57535449 
  31      1886E7CC 
  31      08883947 
  31      CC398180 
  32 0014 01D3BABB 		.ascii	"\001\323\272\273W\2737\373\027\366\302r\253\366\302"
  32      57BB37FB 
  32      17F6C272 
  32      ABF6C2
  33 0023 DA2AB1B6 		.ascii	"\332*\261\266\334\262j\031\025\020\023\"\202\030@@d"
  33      DCB26A19 
  33      15101322 
  33      82184040 
  33      64
  34 0034 0149A388 		.ascii	"\001I\243\210\343\014Ar\222(\240\214\244A@\020\305@"
  34      E30C4172 
  34      9228A08C 
  34      A4414010 
  34      C540
  35 0046 0641F7ED 		.ascii	"\006A\367\355\376>o\032\252N=\365q\236\356\323\247\373"
  35      FE3E6F1A 
  35      AA4E3DF5 
  35      719EEED3 
  35      A7FB
  36 0058 ED9E1907 		.ascii	"\355\236\031\007\235^7>[\247\333\256\243\2770\203f\261"
  36      9D5E373E 
  36      5BA7DBAE 
  36      A3BF3083 
  36      66B1
  37 006a BC6F74F2 		.ascii	"\274ot\362\2310\006\030\215\366\213w\234\035\"\015\272"
  37      99300618 
  37      8DF68B77 
  37      9C1D220D 
  37      BA
  38 007b 9B06BA15 		.ascii	"\233\006\272\025\222\021\330\352\034h\2104hZ\247\242"
  38      9211D8EA 
  38      1C688834 
  38      685AA7A2 
  39 008b 460DAE97 		.ascii	"F\015\256\227\242&\305\262\230\241<\007\022;D}\335/"
  39      A226C5B2 
  39      98A13C07 
  39      123B447D 
  39      DD2F
  40 009d AFCA49D4 		.ascii	"\257\312I\324:M\224\241a#\025\032\335n\027u\266\315"
  40      3A4D94A1 
  40      6123151A 
  40      DD6E1775 
  40      B6CD
  41 00af BFC391EA 		.ascii	"\277\303\221\352\327j\277o\251_\275\3547\257\247\351"
  41      D76ABF6F 
  41      A95FBDEC 
  41      37AFA7E9 
  42 00bf 2AF7DB26 		.ascii	"*\367\333&\3523\031\266\253\263\251\266\213\272\345"
  42      EA3319B6 
  42      ABB3A9B6 
  42      8BBAE5
  43 00ce 566D2F0F 		.ascii	"Vm/\017\260U\324\367\012\315\311z\252[D=0\370\350\306"
  43      B055D4F7 
  43      0ACDC97A 
  43      AA5B443D 
  43      30F8E8C6 
  44 00e2 74AA9B45 		.ascii	"t\252\233E\235\350o\213\230Ju\223\250\357'v\324\363"
  44      9DE86F8B 
  44      984A7593 
  44      A8EF2776 
  44      D4F3
  45 00f4 C01A451D 		.ascii	"\300\032E\035\3310j\342\376^\251\003K\240\201\031\344"
  45      D9306AE2 
  45      FE5EA903 
  45      4BA08119 
  45      E4
  46 0105 C0866F8C 		.ascii	"\300\206o\214%\360\300l\252\030K\342\024)\232\333B\237"
  46      25F0C06C 
  46      AA184BE2 
  46      14299ADB 
  46      429F
  47 0117 728F0DAA 		.ascii	"r\217\015\252\030M\242\203\024\215\201A\267yN^\252\342"
  47      184DA283 
  47      148D8141 
  47      B7794E5E 
  47      AAE2
  48 0129 C42A293A 		.ascii	"\304*):J1\337\236\366\225\337\361\205*\216\222\350$"
  48      4A31DF9E 
  48      F695DFF1 
  48      852A8E92 
  48      E824
  49 013b C5B6D86B 		.ascii	"\305\266\330k!\374\350\372I\253G\342T)\226\244\006\267"
  49      21FCE8FA 
  49      49AB47E2 
  49      542996A4 
  49      06B7
  50 014d CC20B14E 		.ascii	"\314 \261N\025?\223\350,E\233\325\230\305\323U+\352"
  50      153F93E8 
  50      2C459BD5 
  50      98C5D355 
  50      2BEA
  51 015f 84A8B26C 		.ascii	"\204\250\262l'\252\237\213\272\240-5\211\357\327\210"
  51      27AA9F8B 
  51      BAA02D35 
  51      89EFD788 
  52 016f BAF64DB4 		.ascii	"\272\366M\264/w\\-j\353\315s\277QY%\312\206\326\242"
  52      2F775C2D 
  52      6AEBCD73 
  52      BF515925 
  52      CA86D6A2 
  53 0183 9354568A 		.ascii	"\223TV\212\362]v|.\267\256P\207\221N\303\230&\207QU"
  53      F25D767C 
  53      2EB7AE50 
  53      87914EC3 
  53      98268751 
  54 0198 337CC740 		.ascii	"3|\307@b\271*> q\272\024s\2073\337s\\\236\251b2\211"
  54      62B92A3E 
  54      2071BA14 
  54      738733DF 
  54      735C9EA9 
  55 01af 33A49874 		.ascii	"3\244\230t!\260\206\305\262I\353N\342L)\366\266\016"
  55      21B086C5 
  55      B249EB4E 
  55      E24C29F6 
  55      B60E
  56 01c1 4FB0583A 		.ascii	"O\260X:i\335I\234%\305\213\205\351E<\306\022Q\367\\"
  56      69DD499C 
  56      25C58B85 
  56      E9453CC6 
  56      1251F75C 
  57 01d5 0AAAE455 		.ascii	"\012\252\344U+\026\265\275+\255\235\247\256H\324C\345"
  57      2B16B5BD 
  57      2BAD9DA7 
  57      AE48D443 
  57      E5
  58 01e6 A9753C55 		.ascii	"\251u<U\205\242\016o\315k\341\305+\230\264&+\345\203"
  58      85A20E6F 
  58      CD6BE1C5 
  58      2B98B426 
  58      2BE583
  59 01f9 66CB07F5 		.ascii	"f\313\007\365\325\365<\344\021\345\253b/\211s\244\370"
  59      D5F53CE4 
  59      11E5AB62 
  59      2F8973A4 
  59      F8
  60 020a 22B3CFCA 		.ascii	"\"\263\317\312#\310\233\264\351H\234K\007\2021\251\231"
  60      23C89BB4 
  60      E9489C4B 
  60      078231A9 
  60      99
  61 021b 87922B23 		.ascii	"\207\222+#\374!\321<\223\352\034\265a\0335\234'\033"
  61      FC21D13C 
  61      93EA1CB5 
  61      611B359C 
  61      271B
  62 022d BE3E1B6C 		.ascii	"\276>\033l\344\206\207\205\027\224=\310#\373\001\245"
  62      E4868785 
  62      17943DC8 
  62      23FB01A5 
  63 023d 7F425309 		.ascii	"\177BS\011\277\361!\224W\316\266\374K\325Aq\263*\364"
  63      BFF12194 
  63      57CEB6FC 
  63      4BD54171 
  63      B32AF4
  64 0250 ED2C2A0F 		.ascii	"\355,*\017\250\013E\217\230/\037\221f\033y9\205\274"
  64      A80B458F 
  64      982F1F91 
  64      661B7939 
  64      85BC
  65 0262 FDEA3A91 		.ascii	"\375\352:\221\267@z\015\205\3351\374\262\373\324e\""
  65      B7407A0D 
  65      85DD31FC 
  65      B2FBD465 
  65      22
  66 0273 6FA1F4E2 		.ascii	"o\241\364\342\337\204\007\362\220\275\304y\323\230\025"
  66      DF8407F2 
  66      90BDC479 
  66      D39815
  67 0282 C0DB7AAF 		.ascii	"\300\333z\257\272\007W\310f\213d\263\226\320\261\347"
  67      BA0757C8 
  67      668B64B3 
  67      96D0B1E7 
  68 0292 ECED51B7 		.ascii	"\354\355Q\267 y\213\245\327Z\327\025\316)\330\255\356"
  68      20798BA5 
  68      D75AD715 
  68      CE29D8AD 
  68      EE
  69 02a3 40F29648 		.ascii	"@\362\226H\357e\365\353_H\333\245\2565iK\245\026\374"
  69      EF65F5EB 
  69      5F48DBA5 
  69      AE35694B 
  69      A516FC
  70 02b6 EE63154F 		.ascii	"\356c\025O\241\247\272\324\344-\223^\372\233\363F^1"
  70      A1A7BAD4 
  70      E42D935E 
  70      FA9BF346 
  70      5E31
  71 02c8 0F75A5C9 		.ascii	"\017u\245\311[.\275\273O+}HsW\264N\322\\\244\226a\316"
  71      5B2EBDBB 
  71      4F2B7D48 
  71      7357B44E 
  71      D25CA496 
  72 02de 2CE2B7DD 		.ascii	",\342\267\335\251\256?y+\350\034i\274\234\315G\230\233"
  72      A9AE3F79 
  72      2BE81C69 
  72      BC9CCD47 
  72      989B
  73 02f0 E26591B7 		.ascii	"\342e\221\267Rz&{\363i\366\\\025\317B\336*\351\365w"
  73      527A267B 
  73      F369F65C 
  73      15CF42DE 
  73      2AE9F577 
  74 0304 997B79F6 		.ascii	"\231{y\366v\250\347\001y\253\245\347\033\021T\305\213"
  74      76A8E701 
  74      79ABA5E7 
  74      1B1154C5 
  74      8B
  75 0315 BD5D3D0E 		.ascii	"\275]=\016\310[#\275\342\376\356Z\336S\333\324\220\221"
  75      C85B23BD 
  75      E2FEEE5A 
  75      DE53DBD4 
  75      9091
  76 0327 B7567A71 		.ascii	"\267Vzq5!\0279\270[\325\220\221\267Nzc\226\346\273\034"
  76      35211739 
  76      B85BD590 
  76      91B74E7A 
  76      6396E6BB 
  77 033c C62D6AC8 		.ascii	"\306-j\310\310[/\275\333\375\315o\371\271\233\325\217"
  77      C85B2FBD 
  77      DBFDCD6F 
  77      F9B99BD5 
  77      8F
  78 034d 00F23648 		.ascii	"\000\3626H/\326l\373\225\264M\342D\010:}\231\337~\243"
  78      2FD66CFB 
  78      95B44DE2 
  78      44083A7D 
  78      99DF7EA3 
  79 0361 885C4E65 		.ascii	"\210\\Ne\003O\332\006\224#\2315w\371\235\327\213\255"
  79      034FDA06 
  79      94239935 
  79      77F99DD7 
  79      8BAD
  80 0373 671A6A62 		.ascii	"g\032jby\235\232\014\027\371\210\215\224\240@s07[\253"
  80      799D9A0C 
  80      17F9888D 
  80      94A04073 
  80      30375BAB 
  81 0387 2683BC4D 		.ascii	"&\203\274M\322\013h|?\300\373b\215\032\015\3626K\357"
  81      D20B687C 
  81      3FC0FB62 
  81      8D1A0DF2 
  81      364BEF
  82 039a 73C5AD76 		.ascii	"s\305\255v\336\267\253\325h\220\267Ez\327\356\245X8"
  82      DEB7ABD5 
  82      6890B745 
  82      7AD7EEA5 
  82      5838
  83 03ac 91ABD468 		.ascii	"\221\253\324h\220\267Uz\326\263\211&\366V\252\321 o"
  83      90B7557A 
  83      D6B38926 
  83      F656AAD1 
  83      206F
  84 03be 1B25B7BB 		.ascii	"\033%\267\273\242\224#\271B\215\006y\333\245\367$\253"
  84      A29423B9 
  84      428D0679 
  84      DBA5F724 
  84      AB
  85 03cf D7833417 		.ascii	"\327\2034\0275\031\244\355\240c\2400\317\314\037=\313"
  85      3519A4ED 
  85      A063A030 
  85      CFCC1F3D 
  85      CB
  86 03e0 D56490E7 		.ascii	"\325d\220\347*\275\256\256\350\020\236\226ej2\310s\223"
  86      2ABDAEAE 
  86      E8109E96 
  86      656A32C8 
  86      7393
  87 03f2 DE4058B9 		.ascii	"\336@X\271\215\023\264TM\006y;\245\367\301\267\323\316"
  87      8D13B454 
  87      4D06793B 
  87      A5F7C1B7 
  87      D3CE
  88 0404 DF4F96A8 		.ascii	"\337O\226\250\311 \317\235vB\230\337y\376\336\262X="
  88      C920CF9D 
  88      764298DF 
  88      79FEDEB2 
  88      583D
  89 0416 97164BCF 		.ascii	"\227\026K\317Cz\203\243\027>p\322\026\251\347\022y\236"
  89      437A83A3 
  89      173E70D2 
  89      16A9E712 
  89      799E
  90 0428 D26B8FFB 		.ascii	"\322k\217\373\032\306aZ\250\236K\344\355\242\345\035"
  90      1AC6615A 
  90      A89E4BE4 
  90      EDA2E51D 
  91 0438 8F30737F 		.ascii	"\2170s\177\013\324\203\211\274\335\364\276\026\3771"
  91      0BD48389 
  91      BCDDF4BE 
  91      16FF31
  92 0447 8EC17C35 		.ascii	"\216\301|5~\344\355\221\336\003\373x&\357\230yj\374"
  92      7EE4ED91 
  92      DE03FB78 
  92      26EF9879 
  92      6AFC
  93 0459 C8DB4BF1 		.ascii	"\310\333K\361+n\371\376\275l\256\032?\362\274\244\367"
  93      2B6EF9FE 
  93      BD6CAE1A 
  93      3FF2BCA4 
  93      F7
  94 046a FC537904 		.ascii	"\374Sy\004\317\337\0345\006\344\355\223^J\337@\012\277"
  94      CFDF1C35 
  94      06E4ED93 
  94      5E4ADF40 
  94      0ABF
  95 047c EF6C3507 		.ascii	"\357l5\007\344\355\227\336D\323\351\357\337\255f\241"
  95      E4ED97DE 
  95      44D3E9EF 
  95      DFAD66A1 
  96 048c 8CE9B1E4 		.ascii	"\214\351\261\344s\312f\252\323\276H6; \233}\351\016"
  96      73CA66AA 
  96      D3BE4836 
  96      3B209B7D 
  96      E90E
  97 049e B1F17067 		.ascii	"\261\361pg\250\323I\336A:\346m\276\026\366\246\213\247"
  97      A8D349DE 
  97      413AE66D 
  97      BE16F6A6 
  97      8BA7
  98 04b0 7DAA9EE0 		.ascii	"}\252\236\3404MC\231\3708\326\312w\235\305\234^\360"
  98      344D4399 
  98      F838D6CA 
  98      779DC59C 
  98      5EF0
  99 04c2 1BE62DED 		.ascii	"\033\346-\355\244f\222:=$;\355\370\222l\345\271wT3I"
  99      A466923A 
  99      3D243BED 
  99      F8926CE5 
  99      B9775433 
 100 04d7 DE0FD22B 		.ascii	"\336\017\322+\275g\035\347\2479\250\231$\357\260\364"
 100      BD671DE7 
 100      A739A899 
 100      24EFB0F4 
 101 04e7 6A7C4DDF 		.ascii	"j|M\337?\263\246\250\031Z(\275\037\351\273y\237)\216"
 101      3FB3A6A8 
 101      195A28BD 
 101      1FE9BB79 
 101      9F298E
 102 04fa FB33A82F 		.ascii	"\3733\250/M\336O\322+\3746\234\303{A\257f\203\274\237"
 102      4DDE4FD2 
 102      2BFC369C 
 102      C37B41AF 
 102      6683BC9F 
 103 050e D5DF2151 		.ascii	"\325\337!Q\357B7G\032\3641\3743\304To\015q:5j\234*~"
 103      EF423747 
 103      1AF431FC 
 103      33C4546F 
 103      0D713A35 
 104 0526 4F54EA7D 		.ascii	"OT\352}\350$;3\020\356\350\365\330\030\020e\264\357"
 104      E8243B33 
 104      10EEE8F5 
 104      D8181065 
 104      B4EF
 105 0538 8B341834 		.ascii	"\2134\0304w\027\255J\177J\363p\321*\364>Z\271\336E{"
 105      7717AD4A 
 105      7F4AF370 
 105      D12AF43E 
 105      5AB9DE45 
 106 054d 069681A5 		.ascii	"\006\226\201\245`\011X\014\026\201\205`\001\230\017"
 106      6009580C 
 106      16818560 
 106      01980F
 107 055c E681899A 		.ascii	"\346\201\211\232\213\346I\310\3452\207\371\024\314\206"
 107      8BE649C8 
 107      E53287F9 
 107      14CC86
 108 056b 96056682 		.ascii	"\226\005f\202\031\374\177+hA\375\0044\203\217\301t\360"
 108      19FC7F2B 
 108      6841FD04 
 108      34838FC1 
 108      74F0
 109 057d 1198063E 		.ascii	"\021\230\006>\004\037\200&0\025L\001\223\301$\321\036"
 109      041F8026 
 109      30154C01 
 109      93C124D1 
 109      1E
 110 058e BC0F2680 		.ascii	"\274\017&\200\361`\034\370\037\030\013\336\003c\300"
 110      F1601CF8 
 110      1F180BDE 
 110      0363C0
 111 059d BB603418 		.ascii	"\273`4\030\005F\202w\300\0100\034\274\015\336\002o\202"
 111      05468277 
 111      C008301C 
 111      BC0DDE02 
 111      6F82
 112 05af 37C030F0 		.ascii	"7\3000\360:\030\012\206\200\327\300`\360*\030\304\343"
 112      3A180A86 
 112      80D7C060 
 112      F02A18C4 
 112      E3
 113 05c0 BDC20C64 		.ascii	"\275\302\014d^f^\002/\302\273\000\236\007\003\300s\240"
 113      5E665E02 
 113      2FC2BB00 
 113      9E0703C0 
 113      73A0
 114 05d2 3FE807FA 		.ascii	"?\350\007\372\202g\3013\340i\320\010~\323|\264\257h"
 114      8267C133 
 114      E069D008 
 114      7ED37CB4 
 114      AF68
 115 05e4 3B018E83 		.ascii	";\001\216\203_\3001p\024\034\001\207\301!p\020\034\000"
 115      5FC03170 
 115      141C0187 
 115      C1217010 
 115      1C00
 116 05f6 FBC13EF0 		.ascii	"\373\301>\3603\370\011\374\010~\000{\301\367\032\215"
 116      33F809FC 
 116      087E007B 
 116      C1F71A8D 
 117 0606 E31DAE1E 		.ascii	"\343\035\256\036\324o\301n\260\013|\003v\362\375\016"
 117      D46FC16E 
 117      B00B7C03 
 117      76F2FD0E 
 118 0616 663BF335 		.ascii	"f;\3635\263\015\227\035^+\327-\270\232Q7\201\215\340"
 118      B30D971D 
 118      5E2BD72D 
 118      B89A5137 
 118      818DE0
 119 0629 2BD00636 		.ascii	"+\320\0066\360\375\227\314\027\314zf\035\256Zx\317\301"
 119      F0FD97CC 
 119      17CC7A66 
 119      1DAE5A78 
 119      CFC1
 120 063b 1AB01AAC 		.ascii	"\032\260\032\254\002+\301\012\260\034|\006\226\261_"
 120      022BC10A 
 120      B01C7C06 
 120      96B15F
 121 064a CA2C6116 		.ascii	"\312,a\0263\213\230\205\314\002\\\371h\227'\262\005"
 121      338B9885 
 121      CC025CF9 
 121      689727B2 
 121      05
 122 065b E6884C81 		.ascii	"\346\210L\201\331`\026\230\011f\200V\320\002>\001\315"
 122      D9601698 
 122      09668056 
 122      D0023E01 
 122      CD
 123 066c E0636E9F 		.ascii	"\340cn\237\316|\304Lc>d>`\232\230\251\270R\320>\231"
 123      CE7CC44C 
 123      633E643E 
 123      609A98A9 
 123      B852D03E 
 124 0681 EB24E67D 		.ascii	"\353$\346}\\\011\370\177<\030\247\371\350\264j\275\227"
 124      5C09F87F 
 124      3C18A7F9 
 124      E8B46ABD 
 124      97
 125 0692 6EABABAB 		.ascii	"n\253\253\253\233\367?\336'\216\036s\363>~\304\355\310"
 125      9BF73FDE 
 125      278E1E73 
 125      F33E7EC4 
 125      EDC8
 126 06a4 31EF3FBD 		.ascii	"1\357?\275\335\376>z\344\304_\307\275\177\367>q\314"
 126      DDFE3E7A 
 126      E4C45FC7 
 126      BD7FF73E 
 126      71CC
 127 06b6 D3E38F5D 		.ascii	"\323\343\217]\356\356'\217\272\036\321\375\017\271\264"
 127      EEEE278F 
 127      BA1ED1FD 
 127      0FB9B4
 128 06c5 AE4E     		.ascii	"\256N"
 129              		.text
 130              		.section	.gnu.lto_.symbol_nodes.756303444d9ee886,"",%progbits
 131 0000 789C7DD5 		.ascii	"x\234}\325[/\302q\034\307\361o\245\022\251t@N\035\034"
 131      5B2FC271 
 131      1CC7F16F 
 131      A512A974 
 131      404E1D1C 
 132 0014 2A254549 		.ascii	"*%EIB\302\363036W6\231\333\267\0337\256<\004\236\206"
 132      42C2F330 
 132      33365736 
 132      99DBB71B 
 132      37AE3C04 
 133 002a 2BE7CD8D 		.ascii	"+\347\315\215\307\344?\233\315\177\266\317\325o\237"
 133      C7E43F9B 
 133      CD7FB6CF 
 133      D56F9F
 134 0039 F76BDFEB 		.ascii	"\367k\337\353\237\337\274\366\03143o\007\263\273/3\347"
 134      9FDFBCF6 
 134      1934336F 
 134      07B3BB2F 
 134      33E7
 135 004b 797CE855 		.ascii	"y|\350U\217N/O.\016\257N\216/\317/\372\016\033\236_"
 135      8F4E2F4F 
 135      2E0EAF4E 
 135      8E2FCF2F 
 135      FA0E1B9E 
 136 0060 BEBD3FF8 		.ascii	"\276\275?\370\307\036\274\212\275\370\024\373\030P<"
 136      C71EBC8A 
 136      BDF814FB 
 136      18503C
 137 006f 805FB19F 		.ascii	"\200_\261\237\200\342\000A\305A\006\025\017\022R\034"
 137      80E20041 
 137      C5410615 
 137      0F12521C 
 138 007f 6248F110 		.ascii	"bH\361\020\303\212\207\011+\0163\242x\204\210\342\010"
 138      C38A8709 
 138      2B0E33A2 
 138      788488E2 
 138      08
 139 0090 51C55162 		.ascii	"Q\305Qb\212c\214*\036%\2568NBq\202\244\342$)\305)\306"
 139      8A638C2A 
 139      1E25AE38 
 139      4E427182 
 139      A4E22429 
 140 00a7 148F31AE 		.ascii	"\024\2171\256x\234\011\305\023\244\025\247\231T<\311"
 140      789C09C5 
 140      13A415A7 
 140      99543CC9 
 141 00b7 94E229A6 		.ascii	"\224\342)\246\025O3\243x\206Y\305\263d\024g\310*\316"
 141      154F33A3 
 141      788659C5 
 141      B3641467 
 141      C82ACE
 142 00ca 92539C23 		.ascii	"\222S\234#\2578\317\234\3429\346\025\317\263\240x\201"
 142      AF38CF9C 
 142      E239E615 
 142      CFB3A078 
 142      81
 143 00db 45C58B14 		.ascii	"E\305\213\024\024\027(*.RR\\bI\361\022e\305e*\212+,"
 143      1417282A 
 143      2E52525C 
 143      6249F112 
 143      65C5652A 
 144 00f2 2B5EA6AA 		.ascii	"+^\246\252\270\312\212\342\025j\212k\324\025\327YU\274"
 144      B8CA8AE2 
 144      156A8A6B 
 144      D415D759 
 144      55BC
 145 0104 CA9AE235 		.ascii	"\312\232\3425\032\212\0334\0257YW\274NKq\213\015\305"
 145      1A8A1B34 
 145      15375957 
 145      BC4E4B71 
 145      8B0DC5
 146 0117 1BB405FB 		.ascii	"\033\264\005\373\333v\223\267\352Y\377\2679i\313\223"
 146      DB7693B7 
 146      EA59FFB7 
 146      3969CB93 
 147 0127 75FE47CF 		.ascii	"u\376G\3176\233?\207f\327\367\273\316\336\241\343\332"
 147      369B3F87 
 147      66D7F7BB 
 147      CEDEA1E3 
 147      DA
 148 0138 5DB65CFB 		.ascii	"]\266\\\373\311\330v\205gc\307\025^\214\256+\274\032"
 148      C9D87685 
 148      6763C715 
 148      5E8CAE2B 
 148      BC1A
 149 014a BBAEF066 		.ascii	"\273\256\360f\364\\\341\335\330s\205\017c\377o\260o"
 149      F45CE1DD 
 149      D873850F 
 149      63FF6FB0 
 149      6F
 150 015b 71D6604B 		.ascii	"q\326`K"
 151              		.text
 152              		.section	.gnu.lto_.refs.756303444d9ee886,"",%progbits
 153 0000 789C15C4 		.ascii	"x\234\025\304UB\002P\000\000\301\307\022\322%\335\015"
 153      55420250 
 153      0000C1C7 
 153      12D225DD 
 153      0D
 154 0011 020A0665 		.ascii	"\002\012\006e\036\331+\030x/\331\371\230x |FB\210D\242"
 154      1ED92B18 
 154      782FD9F9 
 154      9878207C 
 154      46428844 
 155 0026 97B0A8C5 		.ascii	"\227\260\250\305,n\011\273\262\244\245,m\031\313Z\316"
 155      2C6E09BB 
 155      B2A4A52C 
 155      6D19CB5A 
 155      CE
 156 0037 F256B0A2 		.ascii	"\362V\260\242\225\254l\327V\261\252\325\254n\015kZ\313"
 156      95AC6CD7 
 156      56B1AAD5 
 156      AC6E0D6B 
 156      5ACB
 157 0049 DAD6B1AE 		.ascii	"\332\326\261\256\365\254o\003\033\332\310\3066\261\251"
 157      F5AC6F03 
 157      1BDAC8C6 
 157      36B1A9
 158 0058 CD6C6E0B 		.ascii	"\315ln\013\273\261\245\255lm\267vg\033\333\332\275="
 158      BBB1A5AD 
 158      6C6DB776 
 158      671BDBDA 
 158      BD3D
 159 006a D8A33DD9 		.ascii	"\330\243=\331\316\366v\260\243\235.\235\3033/\274\362"
 159      CEF676B0 
 159      A39D2E9D 
 159      C3332FBC 
 159      F2
 160 007b C63B1F7C 		.ascii	"\306;\037|\005\276\003?\201\337\3009\360\027\210\000"
 160      05BE033F 
 160      81DFC039 
 160      F0178800 
 161 008b 5162C449 		.ascii	"Qb\304IpE\222\024i2d\311\221\247@\221\022e\256\251P"
 161      70459214 
 161      693264C9 
 161      91A74091 
 161      1265AEA9 
 162 00a0 A5469D06 		.ascii	"\245F\235\006MZ\264\351\320\245G\237\001CF\214\2310"
 162      4D5AB4E9 
 162      D0A5479F 
 162      0143468C 
 162      9930
 163 00b2 65C69C05 		.ascii	"e\306\234\0057,Y\261\346\226;6l\271\347\201G\236\330"
 163      372C59B1 
 163      E6963B36 
 163      6CB9E781 
 163      479ED8
 164 00c5 B1E7C091 		.ascii	"\261\347\300\221S\370\007\356(\025\314"
 164      53F807EE 
 164      2815CC
 165              		.text
 166              		.section	.gnu.lto_.decls.756303444d9ee886,"",%progbits
 167 0000 789C9DDA 		.ascii	"x\234\235\332{PTW\232\000\360>}\232\367\3130f\306\314"
 167      7B505457 
 167      9A00F03E 
 167      7D9AF7CB 
 167      3066C6CC 
 168 0014 904D9C29 		.ascii	"\220M\234)+\316d\027\003&\223\232?R3\216F\343\316:\272"
 168      2BCE6417 
 168      0326939A 
 168      3F52338E 
 168      46E3CE3A 
 169 0029 BE32555B 		.ascii	"\2762U[[\024\203$\261\242fJt7\331\375c\233\227<DD\336"
 169      5B148324 
 169      B1A2664A 
 169      7437D9FD 
 169      639B973C 
 170 0040 A0222F79 		.ascii	"\240\"/y\203\200\200\020D\032D@\004\025\021\020D\036"
 170      83808010 
 170      441A4440 
 170      04151110 
 170      441E
 171 0052 22C843DE 		.ascii	"\"\310C\336\250\320\012\354w\317\271\347\334K{\311\037"
 171      A8D00AEC 
 171      77CFB9E7 
 171      DC4B7BC9 
 171      1F
 172 0063 B78B0FFA 		.ascii	"\267\213\017\372\336\373}\367\373\335sN7\335\320f\032"
 172      DEFB7DF7 
 172      FBDD734E 
 172      37DDD066 
 172      1A
 173 0074 ADE6FC6F 		.ascii	"\255\346\374o5\232a3\215&U\253\321,\301\015k4\232\\"
 173      359A6133 
 173      8D2655AB 
 173      D12CC10D 
 173      6B349A5C 
 174 0088 8D74DB02 		.ascii	"\215t\333\002a\200\270\005\321\014\321\016\361\010\242"
 174      6180B805 
 174      D10CD10E 
 174      F108A2
 175 0097 1F621862 		.ascii	"\037b\030b\002\3429\304+\010\2044\032\013\010;\210\237"
 175      02E239C4 
 175      2B088434 
 175      1A0B083B 
 175      889F
 176 00a9 41BC03F1 		.ascii	"A\274\003\361\036\304:\210\017!\\ >\205\370\014b3\304"
 176      1EC43A88 
 176      0F215C20 
 176      3E85F80C 
 176      6233C4
 177 00bc 76889D10 		.ascii	"v\210\235\020\373 \376\003\302\035\342k\210\303\020"
 177      FB20FE03 
 177      C21DE26B 
 177      88C310
 178 00cb 5E103F40 		.ascii	"^\020?@\374\037\204?\304I\2103\0201\020\347!R 2!.A\024"
 178      FC1F843F 
 178      C4498833 
 178      103110E7 
 178      21522032 
 179 00e3 43944354 		.ascii	"C\224CTA\324A4A\264@t@\364@\014@\214BLA\274\204X\200"
 179      41D44134 
 179      41B44074 
 179      40F4400C 
 179      408C424C 
 180 00fc C070BD56 		.ascii	"\300p\275V\020\016\020oC\374\012\342]\210\367 \326B"
 180      100E106F 
 180      43FC0AE2 
 180      5D88F720 
 180      D642
 181 010e FC06621D 		.ascii	"\374\006b\035\304\007\020\277\205\370\020\342_ 6@\300"
 181      C40710BF 
 181      85F810E2 
 181      5F203640 
 181      C0
 182 011f 97661B7C 		.ascii	"\227f\033|\333\256\325,\273y\303y\341K\263_\334F\342"
 182      DBAED52C 
 182      BB79C379 
 182      E14BB35F 
 182      DC46E2
 183 0132 D899DE4E 		.ascii	"\330\231\336N\3534\032\370\322\374\021\352W\303\317"
 183      EB341AF8 
 183      D2FC11EA 
 183      57C3CF
 184 0141 7F859F5B 		.ascii	"\177\205\237[\305sm\326P\313\333\242M0\012\326\005\321"
 184      C5736DD6 
 184      50CBDBA2 
 184      4D300AD6 
 184      05D1
 185 0153 3E255ECB 		.ascii	">%^\313\200xm\035\342\2656\211\327^%\216E\26186\231"
 185      80786D1D 
 185      E2B53689 
 185      D75E258E 
 185      45B13836 
 186 0168 E2589D17 		.ascii	"\342X\235\027\307\356\2148\226\376\342\330\376 \216"
 186      C7EE8C38 
 186      96FEE2D8 
 186      FE208E
 187 0177 F56171EC 		.ascii	"\365aq\354\335\305\271\330'\316\315vq\256>\023\347\316"
 187      DDC5B9D8 
 187      27CECD76 
 187      71AE3E13 
 187      E7CE
 188 0189 459CCB75 		.ascii	"E\234\313u\342\334\276#\316\265\2358\367\302\032x%\256"
 188      E2DCBE23 
 188      CEB59D38 
 188      F7C21A78 
 188      25AE
 189 019b 8909718D 		.ascii	"\211\011q\215\364\213k\246]\\C\302Z\332 \216\347\207"
 189      F48B6BA6 
 189      5D5C43C2 
 189      5ADA208E 
 189      E787
 190 01ad E2F87E20 		.ascii	"\342\370~ \216\367o\304\361\177O\234\017a\014M\3079"
 190      8EF76FC4 
 190      F17F4F9C 
 190      0F610C4D 
 190      C739
 191 01bf 06A3DEBE 		.ascii	"\006\243\336\276V\177\363n\324\205\310\262CH\034y\331"
 191      567FF36E 
 191      D485C8B2 
 191      43481C79 
 191      D9
 192 01d0 4DD85C62 		.ascii	"M\330\\b7\021\246\241s'\245\"\223\"\215\230\010\261"
 192      3711A6A1 
 192      7327A522 
 192      93228D98 
 192      08B1
 193 01e2 3C911D95 		.ascii	"<\221\035\225\237Q:\011\001\020\204\274B\334$_Z\272"
 193      9F513A09 
 193      011084BC 
 193      42DC245F 
 193      5ABA
 194 01f4 81F87196 		.ascii	"\201\370q\226+;\241x\025H\201Eo\230]\375T\\\343\240"
 194      2B3BA178 
 194      15488145 
 194      6F985DFD 
 194      545CE3A0 
 195 0208 750F7A24 		.ascii	"u\017z$\344%\376\011\221}\376z\375\015\033\014}\340"
 195      E425FE09 
 195      917DFE7A 
 195      FD0D1B0C 
 195      7DE0
 196 021a 7E53D758 		.ascii	"~S\327X\216\031v$\367\363\317\275n\266\324i5(\013aZ"
 196      8E197624 
 196      F7F3CFBD 
 196      6EB6D469 
 196      35280B61 
 197 022f BDD0E5BD 		.ascii	"\275\320\345\275\250\015\305\310\321\032\331\303f\263"
 197      A80DC5C8 
 197      D11AD9C3 
 197      66B3
 198 023d 5FFE394C 		.ascii	"_\3769L7u\302\271\233\342\373\355as\2655z\0376_\371"
 198      3775C2B9 
 198      9BE2FBED 
 198      6173B535 
 198      7A1F365F 
 199 0252 7487DA59 		.ascii	"t\207\332Y\007\352\341\026\346\253\267\372BH\313CN("
 199      07EAE116 
 199      E6ABB7FA 
 199      4248CB43 
 199      4E28
 200 0264 173981F3 		.ascii	"\0279\201\363\022\262\206\357\033\234P\016lBv\336\364"
 200      12B286EF 
 200      1B9C500E 
 200      6C4276DE 
 200      F4
 201 0275 6C9E393D 		.ascii	"l\2369=\227\003l\006\366\005\264X\323s\315\011\207["
 201      97036C06 
 201      F605B458 
 201      D373CD09 
 201      875B
 202 0287 E72A8CB6 		.ascii	"\347*\214\266\370\027\202K\027\221QPg\211\326[;!8\033"
 202      F817824B 
 202      17915150 
 202      6789D65B 
 202      3B21381B 
 203 029b 4AD3D39B 		.ascii	"J\323\323\233\245\006\025!kT\2100\273h\322z2Y\217\327"
 203      A5061521 
 203      6B548830 
 203      BB68D27A 
 203      32598FD7 
 204 02af 68D04627 		.ascii	"h\320F'\364\221\223\006]F\353\205,\350\\\014\265%\320"
 204      F4919306 
 204      5D46EB85 
 204      2CE85C0C 
 204      B525D0
 205 02c2 3A5E2FA4 		.ascii	":^/\2445#\262\233lL\376\221\334\207\246\325e\243\301"
 205      3523B29B 
 205      6C4CFE91 
 205      DC87A6D5 
 205      65A3C1
 206 02d5 5AC73072 		.ascii	"Z\3070r\005z\375\373$\007\025@a>\271\204+\310\221]\210"
 206      057AFDFB 
 206      24071540 
 206      613EB984 
 206      2BC8915D 
 207 02ea 907D67FA 		.ascii	"\220}g\372\311\250\325Z\247\013\372\330\367\311!\330"
 207      C9A8D55A 
 207      A70BFAD8 
 207      F7C921D8 
 208 02fa 5518956E 		.ascii	"U\030\225n\264\320\011k\261\024\255%I\003\336\2651v"
 208      B4D0096B 
 208      B114AD25 
 208      4903DEB5 
 208      3176
 209 030c F89FC9F8 		.ascii	"\370\237\311\370\306<\274\030$\034E?\"\214\312\220\016"
 209      C63CBC18 
 209      241C453F 
 209      228CCA90 
 209      0E
 210 031d 65239DB0 		.ascii	"e#\235\260\277g>c\253s\016\273\254C\322\322\275\261"
 210      BF673E63 
 210      AB730EBB 
 210      AC43D2D2 
 210      BDB1
 211 032f F4D2E040 		.ascii	"\364\322\340@\307H\013\233\367&\033\317\333\3201Z\005"
 211      C7480B9B 
 211      F7261BCF 
 211      DBD0315A 
 211      05
 212 0340 9B73DEAD 		.ascii	"\233s\336\255U\326k\242I\225\257~\225\026\355\3779\272"
 212      55D66BA2 
 212      4995AF7E 
 212      9516EDFF 
 212      39BA
 213 0352 06D80A82 		.ascii	"\006\330\012\202\255Dk\340\373\337u\364L\245=\331\236"
 213      AD446BE0 
 213      FBDF75F4 
 213      4CA53DD9 
 213      9E
 214 0363 BF4ED427 		.ascii	"\277N\324'\032\364\206\211t\347\310B\275\336\337G\257"
 214      1AF48689 
 214      74E7C842 
 214      BDDEDF47 
 214      AF
 215 0374 D7095928 		.ascii	"\327\011Y(\0234W\2213d\227\203)S\030O\224\201z\020J"
 215      13345791 
 215      33649783 
 215      2953184F 
 215      94817A10 
 216 0389 47DDB0C6 		.ascii	"G\335\260\306\014\350\327p\202\305\224\271\020[\374"
 216      0CE8D770 
 216      82C594B9 
 216      105BFC
 217 0398 CD0AEB64 		.ascii	"\315\012\353d~\306\220o\271\342\324_gS\237O\247\236"
 217      7EC6906F 
 217      B9E2D45F 
 217      67539F4F 
 217      A79E
 218 03aa 5D8723BD 		.ascii	"]\207#\275\216\222\301\233\265\342\324\353\021lGM\015"
 218      8E92C19B 
 218      B5E2D4EB 
 218      116C474D 
 218      0D
 219 03bb 473998CE 		.ascii	"G9\230\316\302\0158[\0159[-\231\205\353l\026J\036\204"
 219      C20D385B 
 219      0D395B2D 
 219      9985EB6C 
 219      164A1E84 
 220 03cf 4D59ADFD 		.ascii	"MY\255\375\236\314B-\235\205\370\331\245\00432\013u"
 220      9ECC422D 
 220      9D85F8D9 
 220      A5043332 
 220      0B75
 221 03e1 E22C6456 		.ascii	"\342,dV\266\304\232\341 D\370\247\332}\352\261\300\277"
 221      B6C49AE1 
 221      2044F8A7 
 221      DA7DEAB1 
 221      C0BF
 222 03f3 09175E0F 		.ascii	"\011\027^\017\227\\M\247\241\264>{\316\026\006\251\027"
 222      975C4DA7 
 222      A1B43E7B 
 222      CE1606A9 
 222      17
 223 0404 06C9188E 		.ascii	"\006\311\030\216\365\221\226dx\252\370\3604@n\225\270"
 223      F5919664 
 223      78AAF8F0 
 223      34406E95 
 223      B8
 224 0415 DCD02D32 		.ascii	"\334\320-2,\271s\203\227\315\360i\264\302\270\374$\356"
 224      2CB97383 
 224      97CDF069 
 224      B4C2B8FC 
 224      24EE
 225 0427 B6885BE6 		.ascii	"\266\210[\346\271\003=\232\250\247\321\320_\242\023"
 225      B9033D9A 
 225      A8A7D1D0 
 225      5FA213
 226 0436 3D0D11DC 		.ascii	"=\015\021\334\323\310=w!\267\221y\232\211\247\334\277"
 226      D3C83D77 
 226      21B79179 
 226      9A89A7DC 
 226      BF
 227 0447 7A5A8B13 		.ascii	"zZ\213\023Ty\356+yZ\241G\013\365\214t\264\245\333\210"
 227      5479EE2B 
 227      795AA147 
 227      0BF58C74 
 227      B4A5DB88 
 228 045b 9E4EC973 		.ascii	"\236N\311s\217{\332 \367\036\363\264\023\317\335\350"
 228      8F7BDA20 
 228      F71EF3B4 
 228      13CFDDE8 
 229 046b B0012D2E 		.ascii	"\260\001-.R\345\351T\362<\204\036\035\324\023\021\027"
 229      52E5E954 
 229      F23C841E 
 229      1DD41311 
 229      17
 230 047c 926D2D7A 		.ascii	"\222m-zF$\317\003\356\351\202\334\007\314\363\210x\036"
 230      4624CF03 
 230      EEE982DC 
 230      07CCF388 
 230      781E
 231 048e 849C786D 		.ascii	"\204\234xm\216\353Uyz\225<}\320\243\207z\352f\253z\034"
 231      8EEB5579 
 231      7A953C7D 
 231      D0A3877A 
 231      EA66AB7A 
 232 04a3 D8FA913C 		.ascii	"\330\372\221<\335\334\363\030r\273\231\247\237xNME="
 232      DDDCF318 
 232      72BB99A7 
 232      9F784E4D 
 232      453D
 233 04b5 31C71DAA 		.ascii	"1\307\035\252<\203J\236\247\320c\200z|\236\352\037\230"
 233      3C834A9E 
 233      A7D06380 
 233      7A7C9EEA 
 233      1F98
 234 04c7 B3F513C9 		.ascii	"\263\365\023\311=O\270g\010r\2370\3170\361\0302o%Y\342"
 234      3D4FB867 
 234      08729F30 
 234      CF30F118 
 234      326F2559 
 235 04dc 21559E67 		.ascii	"!U\236gJ\2361\3501J=!9\035\303\314\323)yF\270g\034r"
 235      4A9E31E8 
 235      314A3D21 
 235      391DC3CC 
 235      D3297946 
 236 04f4 47986782 		.ascii	"G\230g\202x\032*\013\315\361\274*\316\264\022g\006Z"
 236      781A2A0B 
 236      CDF1BC2A 
 236      CEB41267 
 236      065A
 237 0506 4C51CE35 		.ascii	"LQ\3165_\337\213fl\371H\234I\316\231\205\334I\306yN"
 237      5FDF8B66 
 237      6CF9489C 
 237      49CE9985 
 237      DC49C679 
 238 051b 3879EDD5 		.ascii	"8y\355\325wlp\260V\215gN\3113\017=^R\217_\\\370)\013"
 238      776C70B0 
 238      568D674E 
 238      C9330F3D 
 238      5E528F5F 
 239 0533 B67C24CF 		.ascii	"\266|$\317\013\3561B\356\013\346yE<q\372\3114\013|V"
 239      0BEE3142 
 239      EE0BE679 
 239      453C71FA 
 239      C9340B7C 
 240 0548 956751C9 		.ascii	"\225gQ\311\263\004=\026\250'\276\365T\001\3634Dq\317"
 240      B3043D16 
 240      A827BEF5 
 240      5401F334 
 240      4471CF
 241 055b 6BEED16B 		.ascii	"k\356\321ku\302\026\365xk\005\317\235\326\033\301v8"
 241      75C216F5 
 241      786B05CF 
 241      9DD61BC1 
 241      7638
 242 056d 4795C74F 		.ascii	"G\225\307O\253\340\361\207\036\276Z\342I\015\033J\306"
 242      ABE0F187 
 242      1EBE5AE2 
 242      490D1B4A 
 242      C6
 243 057e 6CF9481E 		.ascii	"l\371H\036\037-\363\234\200\\\330\242\236\000\3429\333"
 243      1F2DF39C 
 243      805CD8A2 
 243      9E00E239 
 243      DB
 244 058f 321B8C70 		.ascii	"2\033\214p\205*O\260\222\347$\364\010\242\236\210\016"
 244      852A4FB0 
 244      92E724F4 
 244      08A29E88 
 244      0E
 245 05a0 EF00363E 		.ascii	"\357\0006>#\222'\220{B 7\220yN\021O__O\036\302\255\252"
 245      23922790 
 245      7B422037 
 245      90794E11 
 245      4F5F5F4F 
 246 05b8 3C614A9E 		.ascii	"<aJ\2363\320\3434\365\304<\254;\315\327\217\344\011"
 246      33D0E334 
 246      F5C43CAC 
 246      3BCDD78F 
 246      E409
 247 05ca E59E70C8 		.ascii	"\345\236p\310\015e\236\010\342\311\037\013\272h\201"
 247      0D659E08 
 247      E2C91F0B 
 247      BA6881
 248 05d9 C75479A2 		.ascii	"\307Ty\242\225<1\320#\212z\302\323C\272\354\330\372"
 248      953C31D0 
 248      238A7AC2 
 248      D343BAEC 
 248      D8FA
 249 05eb 89E69E48 		.ascii	"\211\346\236H\356\211\205\334H\346\211#\236\302\232"
 249      EE8985DC 
 249      48E68923 
 249      9EC29A
 250 05fa C13A0BEC 		.ascii	"\301:\013\354\217\325x\316)y\316C\217\263\3243]\236"
 250      8FD578CE 
 250      2979CE43 
 250      8FB3D433 
 250      5D9E
 251 060c 38C63C9D 		.ascii	"8\306<\235\222'\236{\022 7\236y.\020O\364\263\305\022"
 251      92279E7B 
 251      1220379E 
 251      792E104F 
 251      F4B3C512 
 252 0620 2B7C5E95 		.ascii	"+|^\225'Y\311\223\002=\222\250g&\2466\202\375:\035\221"
 252      2759C993 
 252      023D92A8 
 252      6726A636 
 252      82FD3A1D 
 253 0635 3C89DC93 		.ascii	"<\211\334\223\012\271\211\314s\221x\332\302*{\315q\261"
 253      0AB989CC 
 253      739178DA 
 253      C22A7BCD 
 253      71B1
 254 0647 2A4F8692 		.ascii	"*O\206\222'\023z\244S\217\177Y[8{|\031%O\032\367dAn"
 254      27137AA4 
 254      538F7F59 
 254      5B387B7C 
 254      19254F1A 
 255 065f 1AF36413 		.ascii	"\032\363d\023O\363\211\332r\013\334\244\312\223\247"
 255      4FF389DA 
 255      720BDCA4 
 255      CA93A7
 256 066e E4B9043D 		.ascii	"\344\271\004=r\251\247#.\261\207\277\374\211\341\236"
 256      72A9A723 
 256      2EB187BF 
 256      FC89E19E 
 257 067e 1CEEC987 		.ascii	"\034\356\311\207\334\034\346) \236\322\264\227\301\266"
 257      DC1CE629 
 257      209ED2B4 
 257      97C1B6
 258 068d 784095A7 		.ascii	"x@\225\247H\311S\014=.S\317\340\313\272+\210\255\037"
 258      48C9530C 
 258      3D2E53CF 
 258      E0CBBA2B 
 258      88AD1F
 259 06a0 C953C83D 		.ascii	"\311S\310=%\220[\310<W\210\307\177:+\300\002\317\252"
 259      25905BC8 
 259      3C5788C7 
 259      7F3A2BC0 
 259      02CFAA
 260 06b3 F2FCA8E4 		.ascii	"\362\374\250\344)\207\036e\324\323\337[X\313\327\217"
 260      29871E65 
 260      D4D3DF5B 
 260      58CBD78F 
 261 06c3 E429E59E 		.ascii	"\344)\345\236\253\220[\312<\025\3043S\324>\341\200\003"
 261      AB905BCA 
 261      3C15C433 
 261      53D43EE1 
 261      8003
 262 06d5 746A3C06 		.ascii	"tj<\006%O\025\364\250\024=%\245~l|\214\222\347\032\367"
 262      254F15F4 
 262      A8143D25 
 262      A57E6C7C 
 262      8C92E71A 
 263 06ea 5443EE35 		.ascii	"TC\3565\346\271N<9\011\027\342lq\242*O\255\222\247\016"
 263      E6B94E3C 
 263      390917E2 
 263      6C71A22A 
 263      4FAD92A7 
 264 06ff 7ADCA09E 		.ascii	"z\334\240\236\241d}9_?k\342\364\006\037D@5\034T\017"
 264      A1647D39 
 264      5F3F6BE2 
 264      F4061F44 
 264      40351C54 
 265 0714 C9350C74 		.ascii	"\3115\014t\223\200\346c\353\377\027\227\251\3624*y\232"
 265      9380E663 
 265      EBFF1797 
 265      A9F2342A 
 265      799A
 266 0726 A0C52DEA 		.ascii	"\240\305-\352I.\011\270n\311\326\217\314\323\300=\267"
 266      492E09B8 
 266      6EC9D68F 
 266      CCD3C03D 
 266      B7
 267 0737 21B98179 		.ascii	"!\271\201y\356\020O\345|\355\234\015nW\005\272\247\004"
 267      EE104FE5 
 267      7CED9C0D 
 267      6E5705BA 
 267      A704
 268 0749 6A811ECD 		.ascii	"j\201\036\315\024\264P|\361\034{=6\"\003\335\345\240"
 268      14B4507C 
 268      F11C7B3D 
 268      362203DD 
 268      E5A0
 269 075b FB907C97 		.ascii	"\373\220|\227\201Z\011h\311x\371\205\035\036Q\005z\240"
 269      815A0968 
 269      C978F985 
 269      1D1E5105 
 269      7AA0
 270 076d 04EA801E 		.ascii	"\004\352\200\036\355\024\224\226\036\373\324\212\255"
 270      ED149496 
 270      1EFBD48A 
 270      AD
 271 077a 2019A88D 		.ascii	" \031\250\215\203:!\271\215\201\036\022\320\302l\351"
 271      833A21B9 
 271      8D811E12 
 271      D0C26CE9 
 272 078a 535B6C54 		.ascii	"S[lT\005\352V\002\365@\217G\024\324\224\220P\304_A\277"
 272      05EA5602 
 272      F5408F47 
 272      14D49490 
 272      50C45F41 
 273 079f 2381BA38 		.ascii	"#\201\2728\250\027\222\273\030\250\217\200\356\365\307"
 273      A81792BB 
 273      18A88F80 
 273      EEF5C7
 274 07ae DEB0C7C1 		.ascii	"\336\260\307\301fj@O\224@\003\320\243\237\202\232\213"
 274      666A404F 
 274      944003D0 
 274      A39F829A 
 274      8B
 275 07bf 8A9BD85B 		.ascii	"\212\233\330[\324N\031\3501\007\015B\362c\006zJ"
 275      D44E19E8 
 275      31070D42 
 275      F263067A 
 275      4A
 276 07d0 40310DCF 		.ascii	"@1\015\317\007\021\216W\005\032Q\002\215B\217a\012Z"
 276      07118E57 
 276      051A5102 
 276      8D428F61 
 276      0A5A
 277 07e2 BA5616C6 		.ascii	"\272V\026\306@#2\320\020\007=\203\344!\006\032# \337"
 277      402332D0 
 277      10073D83 
 277      E421061A 
 277      2320DF
 278 07f5 90A40107 		.ascii	"\220\244\001\007\234\253\0124\251\004\232\202\036\023"
 278      9CAB0A34 
 278      A9049A82 
 278      1E13
 279 0803 14D4E733 		.ascii	"\024\324\3473Po\317\326\220\0144\316A\323\220<\316@"
 279      506FCFD6 
 279      900C34CE 
 279      41D3903C 
 279      CE40
 280 0815 3304D455 		.ascii	"3\004\324U\224~\311\032\033T\201^(\201^B\217\347\024"
 280      947EC91A 
 280      1B54815E 
 280      28815E42 
 280      8FE714
 281 0828 F47C2C64 		.ascii	"\364|,d\206\275Km\370\245\004\232\345\2409H\236e\240"
 281      86BD4B6D 
 281      F8A5049A 
 281      E5A03948 
 281      9E65A0
 282 083b 79FA7B2C 		.ascii	"y\372{,\250\270\327\014\267\250\002\275V\002-@\217W"
 282      A8B8D70C 
 282      B7A802BD 
 282      56022D40 
 282      8F57
 283 084d 14A46F79 		.ascii	"\024\244oy\320\303\177\217\311@F\016Z\204d#\003-\321"
 283      D0C37F8F 
 283      C940460E 
 283      5A846423 
 283      032DD1
 284 0860 296BA9BA 		.ascii	")k\251\272\217\361\240*\220\017V\000\371b\035\362\306"
 284      8FF1A02A 
 284      900F5600 
 284      F9621DF2 
 284      C6
 285 0871 F48D58C0 		.ascii	"\364\215X\300x\010\177!-\003\3511\003\371A2lQ\220?\026"
 285      78087F21 
 285      2D03E931 
 285      03F94132 
 285      6C51903F 
 286 0886 40835752 		.ascii	"@\203WRSm\360\013U\240@%P\020\364\010\240\240\251\250"
 286      536DF00B 
 286      55A04025 
 286      5010F408 
 286      A0A0A9A8 
 287 089a D8CFD812 		.ascii	"\330\317\330\022\222yNpO0\344\236`\236\223\304\223Z"
 287      92794E70 
 287      4F30E49E 
 287      609E93C4 
 287      935A
 288 08ac 3A936F8D 		.ascii	":\223o\215O\230\253\361\204*yNC\217S\324\26388W\312"
 288      4F98ABF1 
 288      842A794E 
 288      438F53D4 
 288      B3383857 
 289 08c1 97D0AF24 		.ascii	"\227\320\257$P\010\007\205Ar\010\003\235!\240\226\270"
 289      50080785 
 289      41720803 
 289      9D21A096 
 289      B8
 290 08d2 B04C7B1C 		.ascii	"\260L{\034\253\012\024\251\004\212\202\036\021\024\024"
 290      AB0A14A9 
 290      048A821E 
 290      111414
 291 08e1 D038D6C0 		.ascii	"\3208\326\300\227\220\014\024\316A\321\220\034\316@"
 291      97900C14 
 291      CE41D190 
 291      1CCE40
 292 08f0 310454D9 		.ascii	"1\004T\331>p\317\001g\251\002\305+\201\316B\2178\012"
 292      3E70CF01 
 292      67A902C5 
 292      2B81CE42 
 292      8F380A
 293 0903 2A1AAA39 		.ascii	"*\032\2529\311\036\365#2P,\007\235\203\344X\006:O@\003"
 293      C91EF523 
 293      32502C07 
 293      9D83E458 
 293      063A4F40 
 294 0918 E3994D08 		.ascii	"\343\231M\010W\252\002%*\201\222\240\307\005\012J\272"
 294      57AA0225 
 294      2A8192A0 
 294      C7050A4A 
 294      BA
 295 0929 9D759B3F 		.ascii	"\235u\233?\015\311@\011\034\224\014\311\011\014\224"
 295      0DC94009 
 295      1C940CC9 
 295      090C94
 296 0938 4240773A 		.ascii	"B@w:c\232\314\360}U\2404%P:\364\270HA\315\243\215}\374"
 296      639ACCF0 
 296      7D55A034 
 296      25503AF4 
 296      B84841CD 
 297 0950 D5909304 		.ascii	"\325\220\223\004J\345\240\014HNe\240L\002\232\355,8"
 297      4AE5A00C 
 297      484E65A0 
 297      4C029AED 
 297      2C38
 298 0962 6F8E4755 		.ascii	"o\216GU\201r\224@\271\320#\233\202\006.\327\\b#\324"
 298      81729440 
 298      B9D0239B 
 298      82062ED7 
 298      5C6223D4 
 299 0976 29036571 		.ascii	")\003eqP\036$g1\320%\272\206z}\374\314\260\257\205\032"
 299      501E2467 
 299      31D025BA 
 299      867A7DFC 
 299      CCB0AF85 
 300 098b 50A112E8 		.ascii	"P\241\022\3502\364(\240\240\245\330\334b-[C2P>\007\025"
 300      32F428A0 
 300      A0A5D8DC 
 300      622D5B43 
 300      32503E07 
 301 09a0 41723E03 		.ascii	"Ar>\003\025\323\021\232\322\373a\034\241\012T\252\004"
 301      15D3119A 
 301      D2FB611C 
 301      A10A54AA 
 301      04
 302 09b1 2A831E57 		.ascii	"*\203\036W(\250.\331\377)\177A-\003\225p\320\217\220"
 302      28A82ED9 
 302      FF297F41 
 302      2D039570 
 302      D08F90
 303 09c4 5CC240E5 		.ascii	"\\\302@\345\004t\313\3304k\206ST\201\256)\201*\241G"
 303      0474CBD8 
 303      346B8653 
 303      5481AE29 
 303      812AA147 
 304 09d8 0505357A 		.ascii	"\005\0055z_\010`\357\020\033\336\225@W9\310\000\311"
 304      5F0860EF 
 304      101BDE95 
 304      405739C8 
 304      00C9
 305 09ea 5719A88A 		.ascii	"W\031\250\212\200\214\011\235\035:|Y\025\250F\011t\003"
 305      808C099D 
 305      1D3A7C59 
 305      15A84609 
 305      7403
 306 09fc 7A5C179F 		.ascii	"z\\\027\237\030\365\001\322_\024e\240j\016\252\205\344"
 306      18F501D2 
 306      5F1465A0 
 306      6A0EAA85 
 306      E4
 307 0a0d 6A06AA23 		.ascii	"j\006\252#\240\234\263\361\301\016\370\226*P\203\022"
 307      A09CB3F1 
 307      C10EF896 
 307      2A508312 
 308 0a1d E816F4B8 		.ascii	"\350\026\364\270IA\3035\223\001\374o\2122P=\0075Br="
 308      4941C335 
 308      9301FC6F 
 308      8A32503D 
 308      07354272 
 309 0a32 033511D0 		.ascii	"\0035\021\320\370|P\016\302\375\252@w\225@\315\320\343"
 309      F87C500E 
 309      C2FDAA40 
 309      779540CD 
 309      D0E3
 310 0a44 0E053DBB 		.ascii	"\016\005=\273\272\220\310\336$\032e\240\333\034t\017"
 310      BA90C8DE 
 310      241A65A0 
 310      DB1C740F 
 311 0a54 926F3350 		.ascii	"\222o3P\013\001%\025\0046\330\340W\252@mJ\240v\350\321"
 311      0B012515 
 311      0436D8E0 
 311      57AA406D 
 311      4AA076E8 
 312 0a69 4A41A7FB 		.ascii	"JA\247\373\273S\330\037\311\033\376I\002\335\347\240"
 312      BB53D81F 
 312      C91BFE49 
 312      02DDE7A0 
 313 0a79 07907C9F 		.ascii	"\007\220|\237\201:\010\250\254\355I\232\035\216\260"
 313      813A08A8 
 313      ACED499A 
 313      1D8EB0
 314 0a88 5403EA52 		.ascii	"T\003\352R\002=\202\036\017)(\364Q\177\"\003u\312@\235"
 314      023D821E 
 314      0F2928F4 
 314      517F2203 
 314      75CA409D 
 315 0a9c 1CD40DC9 		.ascii	"\034\324\015\311\235\014\324C@\206\300Ex\011\231\255"
 315      9D0CD443 
 315      4086C045 
 315      780999AD 
 316 0aac 0AF45809 		.ascii	"\012\364X\011\324\017=\372(\350\376\355\247\235\374"
 316      D40F3DFA 
 316      28E8FEED 
 316      A79DFC
 317 0abb E5900CD4 		.ascii	"\345\220\014\324\313AO \271\227\201\006\010\250\343"
 317      CB414F20 
 317      B9978106 
 317      08A8E3
 318 0aca 31BC91AD 		.ascii	"1\274\221\255P\345\031R\362\014C\213\247\324\323\327"
 318      50E51952 
 318      F20C438B 
 318      A7D4D3D7 
 319 0ada 19DDC29E 		.ascii	"\031\335\302\236\027\2152\317 \367\214@\362 \363\214"
 319      178D32CF 
 319      20F78C40 
 319      F220F38C 
 320 0aea 12CFD5C2 		.ascii	"\022\317\325\302\3349s\334\252\0124\256\004\232\200"
 320      DC3973DC 
 320      AA0A34AE 
 320      049A80
 321 0af9 1E6314D4 		.ascii	"\036c\024\324\332X\332\316\036d\015\357I\240g\0344\011"
 321      DA58DACE 
 321      1E640DEF 
 321      49A0671C 
 321      3409
 322 0b0b C9CF1868 		.ascii	"\311\317\030h\212\200\232\026_\355\304c\252<\263J\236"
 322      8A809A16 
 322      5FEDC463 
 322      AA3CB34A 
 322      9E
 323 0b1c E7D06286 		.ascii	"\347\320b\206z\242\223\343\342\330\204u\312<\323\334"
 323      7AA293E3 
 323      E2D88475 
 323      CA3CD3DC 
 324 0b2c F30292A7 		.ascii	"\363\002\222\247\231\347%\361\204V\031zt\330\337J\015"
 324      99E725F1 
 324      8456197A 
 324      74D8DF4A 
 324      0D
 325 0b3d C8A8047A 		.ascii	"\310\250\004z\005=\346)h\356\341\3038\376\246L\006\232"
 325      053DE629 
 325      68EEE1C3 
 325      38FEA64C 
 325      069A
 326 0b4f E3A0D790 		.ascii	"\343\240\327\220<\307@\013\004\024\374<#\000\341\030"
 326      3CC7400B 
 326      0414FC3C 
 326      2300E118 
 327 0b5f 5520BD4E 		.ascii	"U \275N\001\344\255\323\241%\012\272\233\3760\231\375"
 327      01E4ADD3 
 327      A1250ABA 
 327      9BFE3099 
 327      FD
 328 0b70 E9D52803 		.ascii	"\351\325(\003-r\220\017$/2\220\257N\000\005\315\347"
 328      2D72900F 
 328      242F3290 
 328      AF4E0005 
 328      CDE7
 329 0b82 DEB2C459 		.ascii	"\336\262\304Y\252@'\224@\001\320\303_G@'\317\031\015"
 329      AA402794 
 329      4001D0C3 
 329      5F474027 
 329      CF190D
 330 0b95 EC576BC3 		.ascii	"\354Wk\303z\011\344\247c\240@H\206-\012\012\"\240\354"
 330      7A09E4A7 
 330      63A04048 
 330      862D0A0A 
 330      22A0EC
 331 0ba8 D7A31366 		.ascii	"\327\243\023f\270B\025(D\011t\012z\234\244 cvl\027_"
 331      B8421528 
 331      4409740A 
 331      7A9CA420 
 331      63766C17 
 332 0bbd 43325030 		.ascii	"C2P0\007\205Br0\003\235\246\240\212\361p\007\334\250"
 332      07854272 
 332      30039DA6 
 332      A08AF170 
 332      07DCA8
 333 0bd0 0A14AE04 		.ascii	"\012\024\256\004\212\200\036g(\250\365\324p\034{\275"
 333      8A801E67 
 333      28A8F5D4 
 333      701C7BBD 
 334 0be0 38220385 		.ascii	"8\"\003\205qP$$\2071P\024\001%\246^\372\037\334\245"
 334      71502424 
 334      87315014 
 334      0125A65E 
 334      FA1FDCA5 
 335 0bf4 CA13ABE4 		.ascii	"\312\023\253\344\211\203\0261\324S\327\222\377\230\377"
 335      89831631 
 335      D453D792 
 335      FF98FF
 336 0c03 7743E689 		.ascii	"wC\346\211\346\236xH\216f\236\263\3043Z\030\330\243"
 336      E69E7848 
 336      8E669EB3 
 336      C4335A18 
 336      D8A3
 337 0c15 C5CF28A8 		.ascii	"\305\317(\250\255>\3574yT\350\365\206\366J\263\262\264"
 337      AD3EEF34 
 337      7954E8F5 
 337      86F64AB3 
 337      B2B4
 338 0c27 13865DE4 		.ascii	"\023\206]\344c\022\350\034;\207F\270+\276E '\230\250"
 338      6312E81C 
 338      3B8746B8 
 338      2BBE4520 
 338      2798A8
 339 0c3a EE4FD0E2 		.ascii	"\356O\320\342Lkr\202\372\240B'\261\2763\002\207\255"
 339      4C6B7282 
 339      FAA04227 
 339      B1BE3302 
 339      87AD
 340 0c4c A62FE8A5 		.ascii	"\246/\350\245\332\004V{\201\324\372\245\244\016\231"
 340      DA04567B 
 340      81D4FAA5 
 340      A40E99
 341 0c5b E3625ADB 		.ascii	"\343bZ\333\020>\225d)\026\217\360\342D\2518\221\025"
 341      103E9564 
 341      29168FF0 
 341      E244A938 
 341      9115
 342 0c6d 2791E2E4 		.ascii	"'\221\342\344\216\362\016+\\G\213\207\237\024\376\247"
 342      8EF20E2B 
 342      5C478B87 
 342      9F14FEA7 
 343 0c7d 58DB10C9 		.ascii	"X\333\020\311j\223\245\332dV\233Bj\273\343\012\256!"
 343      6A93A5DA 
 343      64569B42 
 343      6ABBE30A 
 343      AE21
 344 0c8f DC416B9B 		.ascii	"\334Ak\233\316^9\255ej^\234*\025\247\262\342\213\244"
 344      CE5E39AD 
 344      656A5E9C 
 344      2A15A7B2 
 344      E28BA4
 345 0ca2 F874E39D 		.ascii	"\370t\343\235Q;<B\213\237\234\211LCL\315\213\323\244"
 345      513B3C42 
 345      8B9F9C89 
 345      4C434CCD 
 345      8BD3A4
 346 0cb5 E234569C 		.ascii	"\3424V\234N\2123n\314^\304x\201\026\317\244L.\350X\347"
 346      4E8A336E 
 346      CC5EC478 
 346      8116CFA4 
 346      4C2EE858 
 347 0cca 28569C21 		.ascii	"(V\234!\025g\260\342LR\374,x\261\335\016\007\331\220"
 347      1567B0E2 
 347      4C52FC2C 
 347      78B1DD0E 
 347      07D990
 348 0cdd E2E09B75 		.ascii	"\342\340\233u\364\2375z\362\317P\2618K*\316b\305\331"
 348      F49F357A 
 348      F2CF50B1 
 348      384B2ACE 
 348      62C5D9
 349 0cf0 A4F8FEDC 		.ascii	"\244\370\376\334\231D-\216\247\305\001\235\003\337\213"
 349      99442D8E 
 349      A7C5019D 
 349      03DF8B
 350 0cff B5D3BC71 		.ascii	"\265\323\274q\216T\233\303jsIm\275\377\345\227\3668"
 350      8E549BC3 
 350      6A73496D 
 350      BDFFE597 
 350      F638
 351 0d11 93D6D6DE 		.ascii	"\223\326\326\336.\0315\023\213\253\243Yq\236T\234\307"
 351      2E193513 
 351      8BABA359 
 351      719E549C 
 351      C7
 352 0d22 8A2F91E2 		.ascii	"\212/\221\342\320\272G\217\355p\031-n\357\360+C\364"
 352      D0BA478F 
 352      ED70192D 
 352      6EEFF02B 
 352      43F4
 353 0d34 832D36B0 		.ascii	"\203-6\260\031v\253\347o+~(\246P'~(\246@G>\024\363j"
 353      1976ABE7 
 353      6F2B7E28 
 353      A650277E 
 353      28A64047 
 354 0d4c 28B243AC 		.ascii	"(\262C\254\265\205M\237\362\2163\016\364C1\275\302\341"
 354      B5854D9F 
 354      F28E330E 
 354      F44331BD 
 354      C2E1
 355 0d5e DB191585 		.ascii	"\333\031\025\205\326\246\037\212)\3229\241\313:\341"
 355      D6A61F8A 
 355      29D239A1 
 355      CB3AE1
 356 0d6d 6CC53A47 		.ascii	"l\305:GvN!{\"\315\377\245\365\332:\033\362X\023\216"
 356      764E217B 
 356      22CDFFA5 
 356      F5DA3A1B 
 356      F258138E 
 357 0d81 09437A65 		.ascii	"\011Cze\246\306\232<\326J\304\307\332xAq\237\215N\374"
 357      A6C69A3C 
 357      D64AC4C7 
 357      DA784171 
 357      9F8D4EFC 
 358 0d95 3CD21578 		.ascii	"<\322\025x\234\011;s\252\343\340\305\337}zA\025\001"
 358      9C093B73 
 358      AAE3E0C5 
 358      DF7D7A41 
 358      1501
 359 0da7 03717642 		.ascii	"\003qvBF\031\\5*\245\017\305\307)\347\032\305O%\305"
 359      46195C35 
 359      2AA50FC5 
 359      C729E71A 
 359      C54F25C5 
 360 0dbb 62D8F69F 		.ascii	"b\330\366\2375\216\353(\325\360\016lG\226\207\366X\321"
 360      358EEB28 
 360      D5F00E6C 
 360      479687F6 
 360      58D1
 361 0dcd E30342FE 		.ascii	"\343\003B\376\211\232\347\271\272\025\307\341\032\033"
 361      899AE7B9 
 361      BA15C7E1 
 361      1A1B
 362 0ddb 870A3A0E 		.ascii	"\207\012:\016=s\355\335\266\266\301z\275\217\230M\306"
 362      3D73EDDD 
 362      B6B6C17A 
 362      BD8F984D 
 362      C6
 363 0dec 9FA757EA 		.ascii	"\237\247W\352l\305\231\020\236o\206\223\312-Yn\340O"
 363      6CC59910 
 363      9E6F8693 
 363      CA2D596E 
 363      E04F
 364 0dfe E76687B5 		.ascii	"\347f\207\265\264\331\343\016r]\332\353\231Kg\315\220"
 364      B4D9E30E 
 364      725DDAEB 
 364      994B67CD 
 364      90
 365 0e0f EDFA154A 		.ascii	"\355\372\025J\321u\335zY5\371\304\231a\242\356\203d"
 365      D175DD7A 
 365      5935F9C4 
 365      9961A2EE 
 365      8364
 366 0e21 5FBD5E8B 		.ascii	"_\275^\213\252\341@\225\264 \014:[\332a`4?\310a%\271"
 366      AAE14095 
 366      B4200C3A 
 366      5BDA6160 
 366      343FC861 
 367 0e37 C929213D 		.ascii	"\311)!=\253\257\364\265\2354\243:T#\034\205\031-'3z"
 367      ABAFF4B5 
 367      9D34A33A 
 367      54231C85 
 367      192D2733 
 368 0e4c 83CCE835 		.ascii	"\203\314\35056\243I\223a\006syv\365OeW\215\015g\233"
 368      36A34993 
 368      61067379 
 368      76F54F65 
 368      578D0D67 
 369 0e61 AF4BD1E7 		.ascii	"\257K\321\347\013\317\226\277\363\326W\351P\255\316"
 369      0BCF96BF 
 369      F3D657E9 
 369      50ADCE
 370 0e70 11E55335 		.ascii	"\021\345S5\253C?\302\204\222\235{a\212\353t\353\240"
 370      AB433FC2 
 370      84929D7B 
 370      618AEB74 
 370      EBA0
 371 0e82 32BDCC08 		.ascii	"2\275\314\010\353\3711\235\376\024\275\301\327\012N"
 371      EBF9319D 
 371      FE14BDC1 
 371      D70A4E
 372 0e91 D3EBA337 		.ascii	"\323\353\2437tg\3762\3347\261\376Oh\2475\252\027\317"
 372      7467FE32 
 372      DC37B1FE 
 372      4F68A735 
 372      AA17CF
 373 0ea4 230D75BD 		.ascii	"#\015u\275\360\250@7\311)\032\212\0072\314\344\343\260"
 373      F0A84037 
 373      C9291A8A 
 373      0732CCE4 
 373      E3B0
 374 0eb6 533EDF0D 		.ascii	"S>\337\015d\270\350O\207-\236_\271\037?t\314\355\013"
 374      64B8E84F 
 374      872D9E5F 
 374      B91F3F74 
 374      CCED0B
 375 0ec9 F723070E 		.ascii	"\367#\007\016y\036\325\375\267\247\373\267:\217o\334"
 375      791ED5FD 
 375      B7A7FBB7 
 375      3A8F6FDC 
 376 0ed9 8F3A38BB 		.ascii	"\217:8\273\177u\314\363\250\333\177yz\034\373\356\250"
 376      7F75CCF3 
 376      A8DB7F79 
 376      7A1CFBEE 
 376      A8
 377 0eea 97C6C20B 		.ascii	"\227\306\302\013\356\034\374\356\210\345\266\277\356"
 377      EE1CFCEE 
 377      88E5B6BF 
 377      EE
 378 0ef7 7B7FB38B 		.ascii	"{\177\263\213\213\346w\316\316\033\274~\360:\346yx\203"
 378      8BE677CE 
 378      CE1BBC7E 
 378      F03AE679 
 378      7883
 379 0f09 D7518F0D 		.ascii	"\327Q\217\015\036\207\275\016zm\020\263\335\274\216"
 379      1E87BD0E 
 379      7A6D10B3 
 379      DDBC8E
 380 0f18 1DDEE8FA 		.ascii	"\035\336\350\372\325\307..\337{:{h\034\276\374r\313"
 380      D5C72E2E 
 380      DF7B3A7B 
 380      681CBEFC 
 380      72CB
 381 0f2a 36B7EDBB 		.ascii	"6\267\355\273\377]\354\262\312\244\253\306\314\375\320"
 381      FF5DECB2 
 381      CAA4ABC6 
 381      CCFDD0
 382 0f39 41772FFB 		.ascii	"Aw/\373]\373\267\310\262\336\336\273i\307.\267=\344"
 382      5DFBB7C8 
 382      B2DEDEBB 
 382      69C72EB7 
 382      3DE4
 383 0f4b BBB4F767 		.ascii	"\273\264\367g\273\367nv\373\362/\373\344\373Vm\375\267"
 383      BBF76E76 
 383      FBF22FFB 
 383      E4FB566D 
 383      FDB7
 384 0f5d 4D7BBE90 		.ascii	"M{\276\220\355\260\337\275y\263\374\370\347\177\333"
 384      EDB0DFBD 
 384      79B3FCF8 
 384      E77FDB
 385 0f6c BBFD23D3 		.ascii	"\273\375#\323\035.\246;\\Mwl4\335\361\261l\307/\266"
 385      1D2EA63B 
 385      5C4D776C 
 385      34DDF1B1 
 385      6CC72FB6 
 386 0f80 ECD8E4E2 		.ascii	"\354\330\344\342\266\347\330QO\367\303\037\255\260\337"
 386      B6E7D851 
 386      4FF7C31F 
 386      ADB0DF
 387 0f8f 6585FDAE 		.ascii	"e\205\375\256+\354\337\270\302\376\225\372~\262\302"
 387      2BECDFB8 
 387      C2FE95FA 
 387      7EB2C2
 388 0f9e FEDF     		.ascii	"\376\337"
 389 0fa0 CBC762D3 		.ascii	"\313\307b\323\026\371X8\012\327\361\0077y\345\232\275"
 389      16F95838 
 389      0AD7F107 
 389      3779E59A 
 389      BD
 390 0fb1 DB77B8B8 		.ascii	"\333w\270\270\375y\367_\334\340\316\037\3368\000C-\374"
 390      FD79F75F 
 390      DCE0CE1F 
 390      DE380043 
 390      2DFC
 391 0fc3 945FE3BB 		.ascii	"\224_\343\273\344\300\336\335\333\3346\357\334A\216"
 391      E4C0DEDD 
 391      DBDC36EF 
 391      DC418E
 392 0fd2 CAAFD491 		.ascii	"\312\257\324\221\034]6\003\016\260\313\325d{\243\311"
 392      1C5D3603 
 392      0EB0CBD5 
 392      647BA3C9 
 393 0fe2 B6FC221D 		.ascii	"\266\374\"\035\267\273nvq\373|\377\233\273v\233\354"
 393      B7BB6E76 
 393      71FB7CFF 
 393      9BBB769B 
 393      EC
 394 0ff3 727D33CB 		.ascii	"r}3\313uy\226\303\236]\313\346Z"
 394      757996C3 
 394      9E5DCBE6 
 394      5A
 395 1000 D8965BDE 		.ascii	"\330\226[\336\332\267g\323\356\275.o\354\221\347\254"
 395      DAB767D3 
 395      EEBD2E6F 
 395      EC91E7AC 
 396 1010 260BE613 		.ascii	"&\013\346\023\267e\243\260ZX\212\233\016\271\037=,\333"
 396      B765A3B0 
 396      5A588A9B 
 396      0EB91F3D 
 396      2CDB
 397 1022 F9F39D7B 		.ascii	"\371\363\235{\267\271m\335c\272D\345\263\363\3512\314"
 397      B7B96DDD 
 397      63BA44E5 
 397      B3F3E932 
 397      CC
 398 1033 96ED3B4D 		.ascii	"\226\355;M\006\342\023\023\254\351\252p]a\325\271\256"
 398      06E21313 
 398      ACE9AA70 
 398      5D61D5B9 
 398      AE
 399 1044 B0EA5C57 		.ascii	"\260\352\\WXu\256+\254:W\205U\367\226xY\312\231\246"
 399      5875AE2B 
 399      AC3A5785 
 399      55F79678 
 399      59CA99A6 
 400 1058 EBD05561 		.ascii	"\353\320Ua\035\312\367\177\372\306`\377\336d\0167\276"
 400      1DCAF77F 
 400      FAC660FF 
 400      DE640E37 
 400      BE
 401 1069 39AD1B97 		.ascii	"9\255\033\227O\253\375\326]\373L\006\352c\223m9\313"
 401      4FABFDD6 
 401      5DFB4C06 
 401      EA63936D 
 401      39CB
 402 107b 6EB7A797 		.ascii	"n\267\247\227'\177\306q\226\236\274\016\036\3618t\374"
 402      277FC671 
 402      969EBC0E 
 402      1EF13874 
 402      FC
 403 108c 80E7068F 		.ascii	"\200\347\006\217\357\216\036\363\374\376\360\206\317"
 403      EF8E1EF3 
 403      FCFEF086 
 403      CF
 404 1099 BFF7F0FC 		.ascii	"\277\367\360\374\207\360L'\246z9\177\243\261\371\353"
 404      87F04C27 
 404      A67A397F 
 404      A3B1F9EB 
 405 10a9 8EEDACF4 		.ascii	"\216\355\254\364\255/\334\217\036\330*\177\372zk\207"
 405      AD2FDC8F 
 405      1ED82A7F 
 405      FA7A6B87 
 406 10b9 E7E11DEE 		.ascii	"\347\341\035\356G\334\277\366d{V\375\371\270\327\262"
 406      47DCBFF6 
 406      647B56FD 
 406      F9B8D7B2 
 407 10c9 14C77D5E 		.ascii	"\024\307}^px\331.\233=\3737\363\374-\236\177?\376\365"
 407      7078D92E 
 407      9B3DFB37 
 407      F3FC2D9E 
 407      7F3FFEF5 
 408 10dd 8EEF8EB0 		.ascii	"\216\357\216\260\035\366\273<\217\034\330\263\337\215"
 408      1DF6BB3C 
 408      8F1CD8B3 
 408      DF8D
 409 10eb 5FCC0F5E 		.ascii	"_\314\017^{\017z|\313\266\355\334\334\016z\361\347f"
 409      7B0F7A7C 
 409      CBB6EDDC 
 409      DC0E7AF1 
 409      E766
 410 10fd 5B676943 		.ascii	"[giC\243;\356\345y\300\362\037b\242\205\233\247\327"
 410      A33BEEE5 
 410      79C0F21F 
 410      62A2859B 
 410      A7D7
 411 110f 31778F6F 		.ascii	"1w\217o\377\037\210(1\261"
 411      FF1F8828 
 411      31B1
 412              		.text
 413              		.section	.gnu.lto_.symtab.756303444d9ee886,"",%progbits
 414 0000 44656661 		.ascii	"Default_Handler\000"
 414      756C745F 
 414      48616E64 
 414      6C657200 
 415 0010 00       		.ascii	"\000"
 416 0011 01       		.ascii	"\001"
 417 0012 00       		.ascii	"\000"
 418 0013 00000000 		.ascii	"\000\000\000\000\000\000\000\000"
 418      00000000 
 419 001b C0000000 		.ascii	"\300\000\000\000"
 420 001f 57574447 		.ascii	"WWDG_IRQHandler\000"
 420      5F495251 
 420      48616E64 
 420      6C657200 
 421 002f 00       		.ascii	"\000"
 422 0030 01       		.ascii	"\001"
 423 0031 00       		.ascii	"\000"
 424 0032 00000000 		.ascii	"\000\000\000\000\000\000\000\000"
 424      00000000 
 425 003a CB000000 		.ascii	"\313\000\000\000"
 426 003e 5056445F 		.ascii	"PVD_IRQHandler\000"
 426      49525148 
 426      616E646C 
 426      657200
 427 004d 00       		.ascii	"\000"
 428 004e 01       		.ascii	"\001"
 429 004f 00       		.ascii	"\000"
 430 0050 00000000 		.ascii	"\000\000\000\000\000\000\000\000"
 430      00000000 
 431 0058 D1000000 		.ascii	"\321\000\000\000"
 432 005c 54414D50 		.ascii	"TAMP_STAMP_IRQHandler\000"
 432      5F535441 
 432      4D505F49 
 432      52514861 
 432      6E646C65 
 433 0072 00       		.ascii	"\000"
 434 0073 01       		.ascii	"\001"
 435 0074 00       		.ascii	"\000"
 436 0075 00000000 		.ascii	"\000\000\000\000\000\000\000\000"
 436      00000000 
 437 007d D7000000 		.ascii	"\327\000\000\000"
 438 0081 5254435F 		.ascii	"RTC_WKUP_IRQHandler\000"
 438      574B5550 
 438      5F495251 
 438      48616E64 
 438      6C657200 
 439 0095 00       		.ascii	"\000"
 440 0096 01       		.ascii	"\001"
 441 0097 00       		.ascii	"\000"
 442 0098 00000000 		.ascii	"\000\000\000\000\000\000\000\000"
 442      00000000 
 443 00a0 DD000000 		.ascii	"\335\000\000\000"
 444 00a4 464C4153 		.ascii	"FLASH_IRQHandler\000"
 444      485F4952 
 444      5148616E 
 444      646C6572 
 444      00
 445 00b5 00       		.ascii	"\000"
 446 00b6 01       		.ascii	"\001"
 447 00b7 00       		.ascii	"\000"
 448 00b8 00000000 		.ascii	"\000\000\000\000\000\000\000\000"
 448      00000000 
 449 00c0 E3000000 		.ascii	"\343\000\000\000"
 450 00c4 5243435F 		.ascii	"RCC_IRQHandler\000"
 450      49525148 
 450      616E646C 
 450      657200
 451 00d3 00       		.ascii	"\000"
 452 00d4 01       		.ascii	"\001"
 453 00d5 00       		.ascii	"\000"
 454 00d6 00000000 		.ascii	"\000\000\000\000\000\000\000\000"
 454      00000000 
 455 00de E9000000 		.ascii	"\351\000\000\000"
 456 00e2 45585449 		.ascii	"EXTI0_IRQHandler\000"
 456      305F4952 
 456      5148616E 
 456      646C6572 
 456      00
 457 00f3 00       		.ascii	"\000"
 458 00f4 01       		.ascii	"\001"
 459 00f5 00       		.ascii	"\000"
 460 00f6 00000000 		.ascii	"\000\000\000\000\000\000\000\000"
 460      00000000 
 461 00fe EF000000 		.ascii	"\357\000\000\000"
 462 0102 45585449 		.ascii	"EXTI1_IRQHandler\000"
 462      315F4952 
 462      5148616E 
 462      646C6572 
 462      00
 463 0113 00       		.ascii	"\000"
 464 0114 01       		.ascii	"\001"
 465 0115 00       		.ascii	"\000"
 466 0116 00000000 		.ascii	"\000\000\000\000\000\000\000\000"
 466      00000000 
 467 011e F5000000 		.ascii	"\365\000\000\000"
 468 0122 45585449 		.ascii	"EXTI2_IRQHandler\000"
 468      325F4952 
 468      5148616E 
 468      646C6572 
 468      00
 469 0133 00       		.ascii	"\000"
 470 0134 01       		.ascii	"\001"
 471 0135 00       		.ascii	"\000"
 472 0136 00000000 		.ascii	"\000\000\000\000\000\000\000\000"
 472      00000000 
 473 013e FB000000 		.ascii	"\373\000\000\000"
 474 0142 45585449 		.ascii	"EXTI3_IRQHandler\000"
 474      335F4952 
 474      5148616E 
 474      646C6572 
 474      00
 475 0153 00       		.ascii	"\000"
 476 0154 01       		.ascii	"\001"
 477 0155 00       		.ascii	"\000"
 478 0156 00000000 		.ascii	"\000\000\000\000\000\000\000\000"
 478      00000000 
 479 015e 01010000 		.ascii	"\001\001\000\000"
 480 0162 45585449 		.ascii	"EXTI4_IRQHandler\000"
 480      345F4952 
 480      5148616E 
 480      646C6572 
 480      00
 481 0173 00       		.ascii	"\000"
 482 0174 01       		.ascii	"\001"
 483 0175 00       		.ascii	"\000"
 484 0176 00000000 		.ascii	"\000\000\000\000\000\000\000\000"
 484      00000000 
 485 017e 07010000 		.ascii	"\007\001\000\000"
 486 0182 444D4131 		.ascii	"DMA1_Stream0_IRQHandler\000"
 486      5F537472 
 486      65616D30 
 486      5F495251 
 486      48616E64 
 487 019a 00       		.ascii	"\000"
 488 019b 01       		.ascii	"\001"
 489 019c 00       		.ascii	"\000"
 490 019d 00000000 		.ascii	"\000\000\000\000\000\000\000\000"
 490      00000000 
 491 01a5 0D010000 		.ascii	"\015\001\000\000"
 492 01a9 444D4131 		.ascii	"DMA1_Stream1_IRQHandler\000"
 492      5F537472 
 492      65616D31 
 492      5F495251 
 492      48616E64 
 493 01c1 00       		.ascii	"\000"
 494 01c2 01       		.ascii	"\001"
 495 01c3 00       		.ascii	"\000"
 496 01c4 00000000 		.ascii	"\000\000\000\000\000\000\000\000"
 496      00000000 
 497 01cc 13010000 		.ascii	"\023\001\000\000"
 498 01d0 444D4131 		.ascii	"DMA1_Stream2_IRQHandler\000"
 498      5F537472 
 498      65616D32 
 498      5F495251 
 498      48616E64 
 499 01e8 00       		.ascii	"\000"
 500 01e9 01       		.ascii	"\001"
 501 01ea 00       		.ascii	"\000"
 502 01eb 00000000 		.ascii	"\000\000\000\000\000\000\000\000"
 502      00000000 
 503 01f3 19010000 		.ascii	"\031\001\000\000"
 504 01f7 444D4131 		.ascii	"DMA1_Stream3_IRQHandler\000"
 504      5F537472 
 504      65616D33 
 504      5F495251 
 504      48616E64 
 505 020f 00       		.ascii	"\000"
 506 0210 01       		.ascii	"\001"
 507 0211 00       		.ascii	"\000"
 508 0212 00000000 		.ascii	"\000\000\000\000\000\000\000\000"
 508      00000000 
 509 021a 1F010000 		.ascii	"\037\001\000\000"
 510 021e 444D4131 		.ascii	"DMA1_Stream4_IRQHandler\000"
 510      5F537472 
 510      65616D34 
 510      5F495251 
 510      48616E64 
 511 0236 00       		.ascii	"\000"
 512 0237 01       		.ascii	"\001"
 513 0238 00       		.ascii	"\000"
 514 0239 00000000 		.ascii	"\000\000\000\000\000\000\000\000"
 514      00000000 
 515 0241 25010000 		.ascii	"%\001\000\000"
 516 0245 444D4131 		.ascii	"DMA1_Stream5_IRQHandler\000"
 516      5F537472 
 516      65616D35 
 516      5F495251 
 516      48616E64 
 517 025d 00       		.ascii	"\000"
 518 025e 01       		.ascii	"\001"
 519 025f 00       		.ascii	"\000"
 520 0260 00000000 		.ascii	"\000\000\000\000\000\000\000\000"
 520      00000000 
 521 0268 2B010000 		.ascii	"+\001\000\000"
 522 026c 444D4131 		.ascii	"DMA1_Stream6_IRQHandler\000"
 522      5F537472 
 522      65616D36 
 522      5F495251 
 522      48616E64 
 523 0284 00       		.ascii	"\000"
 524 0285 01       		.ascii	"\001"
 525 0286 00       		.ascii	"\000"
 526 0287 00000000 		.ascii	"\000\000\000\000\000\000\000\000"
 526      00000000 
 527 028f 31010000 		.ascii	"1\001\000\000"
 528 0293 4144435F 		.ascii	"ADC_IRQHandler\000"
 528      49525148 
 528      616E646C 
 528      657200
 529 02a2 00       		.ascii	"\000"
 530 02a3 01       		.ascii	"\001"
 531 02a4 00       		.ascii	"\000"
 532 02a5 00000000 		.ascii	"\000\000\000\000\000\000\000\000"
 532      00000000 
 533 02ad 37010000 		.ascii	"7\001\000\000"
 534 02b1 45585449 		.ascii	"EXTI9_5_IRQHandler\000"
 534      395F355F 
 534      49525148 
 534      616E646C 
 534      657200
 535 02c4 00       		.ascii	"\000"
 536 02c5 01       		.ascii	"\001"
 537 02c6 00       		.ascii	"\000"
 538 02c7 00000000 		.ascii	"\000\000\000\000\000\000\000\000"
 538      00000000 
 539 02cf 3D010000 		.ascii	"=\001\000\000"
 540 02d3 54494D31 		.ascii	"TIM1_BRK_TIM9_IRQHandler\000"
 540      5F42524B 
 540      5F54494D 
 540      395F4952 
 540      5148616E 
 541 02ec 00       		.ascii	"\000"
 542 02ed 01       		.ascii	"\001"
 543 02ee 00       		.ascii	"\000"
 544 02ef 00000000 		.ascii	"\000\000\000\000\000\000\000\000"
 544      00000000 
 545 02f7 43010000 		.ascii	"C\001\000\000"
 546 02fb 54494D31 		.ascii	"TIM1_UP_TIM10_IRQHandler\000"
 546      5F55505F 
 546      54494D31 
 546      305F4952 
 546      5148616E 
 547 0314 00       		.ascii	"\000"
 548 0315 01       		.ascii	"\001"
 549 0316 00       		.ascii	"\000"
 550 0317 00000000 		.ascii	"\000\000\000\000\000\000\000\000"
 550      00000000 
 551 031f 49010000 		.ascii	"I\001\000\000"
 552 0323 54494D31 		.ascii	"TIM1_TRG_COM_TIM11_IRQHandler\000"
 552      5F545247 
 552      5F434F4D 
 552      5F54494D 
 552      31315F49 
 553 0341 00       		.ascii	"\000"
 554 0342 01       		.ascii	"\001"
 555 0343 00       		.ascii	"\000"
 556 0344 00000000 		.ascii	"\000\000\000\000\000\000\000\000"
 556      00000000 
 557 034c 4F010000 		.ascii	"O\001\000\000"
 558 0350 54494D31 		.ascii	"TIM1_CC_IRQHandler\000"
 558      5F43435F 
 558      49525148 
 558      616E646C 
 558      657200
 559 0363 00       		.ascii	"\000"
 560 0364 01       		.ascii	"\001"
 561 0365 00       		.ascii	"\000"
 562 0366 00000000 		.ascii	"\000\000\000\000\000\000\000\000"
 562      00000000 
 563 036e 55010000 		.ascii	"U\001\000\000"
 564 0372 54494D32 		.ascii	"TIM2_IRQHandler\000"
 564      5F495251 
 564      48616E64 
 564      6C657200 
 565 0382 00       		.ascii	"\000"
 566 0383 01       		.ascii	"\001"
 567 0384 00       		.ascii	"\000"
 568 0385 00000000 		.ascii	"\000\000\000\000\000\000\000\000"
 568      00000000 
 569 038d 5B010000 		.ascii	"[\001\000\000"
 570 0391 54494D33 		.ascii	"TIM3_IRQHandler\000"
 570      5F495251 
 570      48616E64 
 570      6C657200 
 571 03a1 00       		.ascii	"\000"
 572 03a2 01       		.ascii	"\001"
 573 03a3 00       		.ascii	"\000"
 574 03a4 00000000 		.ascii	"\000\000\000\000\000\000\000\000"
 574      00000000 
 575 03ac 61010000 		.ascii	"a\001\000\000"
 576 03b0 54494D34 		.ascii	"TIM4_IRQHandler\000"
 576      5F495251 
 576      48616E64 
 576      6C657200 
 577 03c0 00       		.ascii	"\000"
 578 03c1 01       		.ascii	"\001"
 579 03c2 00       		.ascii	"\000"
 580 03c3 00000000 		.ascii	"\000\000\000\000\000\000\000\000"
 580      00000000 
 581 03cb 67010000 		.ascii	"g\001\000\000"
 582 03cf 49324331 		.ascii	"I2C1_EV_IRQHandler\000"
 582      5F45565F 
 582      49525148 
 582      616E646C 
 582      657200
 583 03e2 00       		.ascii	"\000"
 584 03e3 01       		.ascii	"\001"
 585 03e4 00       		.ascii	"\000"
 586 03e5 00000000 		.ascii	"\000\000\000\000\000\000\000\000"
 586      00000000 
 587 03ed 6D010000 		.ascii	"m\001\000\000"
 588 03f1 49324331 		.ascii	"I2C1_ER_IRQHandler\000"
 588      5F45525F 
 588      49525148 
 588      616E646C 
 588      657200
 589 0404 00       		.ascii	"\000"
 590 0405 01       		.ascii	"\001"
 591 0406 00       		.ascii	"\000"
 592 0407 00000000 		.ascii	"\000\000\000\000\000\000\000\000"
 592      00000000 
 593 040f 73010000 		.ascii	"s\001\000\000"
 594 0413 49324332 		.ascii	"I2C2_EV_IRQHandler\000"
 594      5F45565F 
 594      49525148 
 594      616E646C 
 594      657200
 595 0426 00       		.ascii	"\000"
 596 0427 01       		.ascii	"\001"
 597 0428 00       		.ascii	"\000"
 598 0429 00000000 		.ascii	"\000\000\000\000\000\000\000\000"
 598      00000000 
 599 0431 79010000 		.ascii	"y\001\000\000"
 600 0435 49324332 		.ascii	"I2C2_ER_IRQHandler\000"
 600      5F45525F 
 600      49525148 
 600      616E646C 
 600      657200
 601 0448 00       		.ascii	"\000"
 602 0449 01       		.ascii	"\001"
 603 044a 00       		.ascii	"\000"
 604 044b 00000000 		.ascii	"\000\000\000\000\000\000\000\000"
 604      00000000 
 605 0453 7F010000 		.ascii	"\177\001\000\000"
 606 0457 53504931 		.ascii	"SPI1_IRQHandler\000"
 606      5F495251 
 606      48616E64 
 606      6C657200 
 607 0467 00       		.ascii	"\000"
 608 0468 01       		.ascii	"\001"
 609 0469 00       		.ascii	"\000"
 610 046a 00000000 		.ascii	"\000\000\000\000\000\000\000\000"
 610      00000000 
 611 0472 85010000 		.ascii	"\205\001\000\000"
 612 0476 53504932 		.ascii	"SPI2_IRQHandler\000"
 612      5F495251 
 612      48616E64 
 612      6C657200 
 613 0486 00       		.ascii	"\000"
 614 0487 01       		.ascii	"\001"
 615 0488 00       		.ascii	"\000"
 616 0489 00000000 		.ascii	"\000\000\000\000\000\000\000\000"
 616      00000000 
 617 0491 8B010000 		.ascii	"\213\001\000\000"
 618 0495 55534152 		.ascii	"USART1_IRQHandler\000"
 618      54315F49 
 618      52514861 
 618      6E646C65 
 618      7200
 619 04a7 00       		.ascii	"\000"
 620 04a8 01       		.ascii	"\001"
 621 04a9 00       		.ascii	"\000"
 622 04aa 00000000 		.ascii	"\000\000\000\000\000\000\000\000"
 622      00000000 
 623 04b2 91010000 		.ascii	"\221\001\000\000"
 624 04b6 55534152 		.ascii	"USART2_IRQHandler\000"
 624      54325F49 
 624      52514861 
 624      6E646C65 
 624      7200
 625 04c8 00       		.ascii	"\000"
 626 04c9 01       		.ascii	"\001"
 627 04ca 00       		.ascii	"\000"
 628 04cb 00000000 		.ascii	"\000\000\000\000\000\000\000\000"
 628      00000000 
 629 04d3 97010000 		.ascii	"\227\001\000\000"
 630 04d7 45585449 		.ascii	"EXTI15_10_IRQHandler\000"
 630      31355F31 
 630      305F4952 
 630      5148616E 
 630      646C6572 
 631 04ec 00       		.ascii	"\000"
 632 04ed 01       		.ascii	"\001"
 633 04ee 00       		.ascii	"\000"
 634 04ef 00000000 		.ascii	"\000\000\000\000\000\000\000\000"
 634      00000000 
 635 04f7 9D010000 		.ascii	"\235\001\000\000"
 636 04fb 5254435F 		.ascii	"RTC_Alarm_IRQHandler\000"
 636      416C6172 
 636      6D5F4952 
 636      5148616E 
 636      646C6572 
 637 0510 00       		.ascii	"\000"
 638 0511 01       		.ascii	"\001"
 639 0512 00       		.ascii	"\000"
 640 0513 00000000 		.ascii	"\000\000\000\000\000\000\000\000"
 640      00000000 
 641 051b A3010000 		.ascii	"\243\001\000\000"
 642 051f 4F54475F 		.ascii	"OTG_FS_WKUP_IRQHandler\000"
 642      46535F57 
 642      4B55505F 
 642      49525148 
 642      616E646C 
 643 0536 00       		.ascii	"\000"
 644 0537 01       		.ascii	"\001"
 645 0538 00       		.ascii	"\000"
 646 0539 00000000 		.ascii	"\000\000\000\000\000\000\000\000"
 646      00000000 
 647 0541 A9010000 		.ascii	"\251\001\000\000"
 648 0545 444D4131 		.ascii	"DMA1_Stream7_IRQHandler\000"
 648      5F537472 
 648      65616D37 
 648      5F495251 
 648      48616E64 
 649 055d 00       		.ascii	"\000"
 650 055e 01       		.ascii	"\001"
 651 055f 00       		.ascii	"\000"
 652 0560 00000000 		.ascii	"\000\000\000\000\000\000\000\000"
 652      00000000 
 653 0568 AF010000 		.ascii	"\257\001\000\000"
 654 056c 5344494F 		.ascii	"SDIO_IRQHandler\000"
 654      5F495251 
 654      48616E64 
 654      6C657200 
 655 057c 00       		.ascii	"\000"
 656 057d 01       		.ascii	"\001"
 657 057e 00       		.ascii	"\000"
 658 057f 00000000 		.ascii	"\000\000\000\000\000\000\000\000"
 658      00000000 
 659 0587 B5010000 		.ascii	"\265\001\000\000"
 660 058b 54494D35 		.ascii	"TIM5_IRQHandler\000"
 660      5F495251 
 660      48616E64 
 660      6C657200 
 661 059b 00       		.ascii	"\000"
 662 059c 01       		.ascii	"\001"
 663 059d 00       		.ascii	"\000"
 664 059e 00000000 		.ascii	"\000\000\000\000\000\000\000\000"
 664      00000000 
 665 05a6 BB010000 		.ascii	"\273\001\000\000"
 666 05aa 53504933 		.ascii	"SPI3_IRQHandler\000"
 666      5F495251 
 666      48616E64 
 666      6C657200 
 667 05ba 00       		.ascii	"\000"
 668 05bb 01       		.ascii	"\001"
 669 05bc 00       		.ascii	"\000"
 670 05bd 00000000 		.ascii	"\000\000\000\000\000\000\000\000"
 670      00000000 
 671 05c5 C1010000 		.ascii	"\301\001\000\000"
 672 05c9 444D4132 		.ascii	"DMA2_Stream0_IRQHandler\000"
 672      5F537472 
 672      65616D30 
 672      5F495251 
 672      48616E64 
 673 05e1 00       		.ascii	"\000"
 674 05e2 01       		.ascii	"\001"
 675 05e3 00       		.ascii	"\000"
 676 05e4 00000000 		.ascii	"\000\000\000\000\000\000\000\000"
 676      00000000 
 677 05ec C7010000 		.ascii	"\307\001\000\000"
 678 05f0 444D4132 		.ascii	"DMA2_Stream1_IRQHandler\000"
 678      5F537472 
 678      65616D31 
 678      5F495251 
 678      48616E64 
 679 0608 00       		.ascii	"\000"
 680 0609 01       		.ascii	"\001"
 681 060a 00       		.ascii	"\000"
 682 060b 00000000 		.ascii	"\000\000\000\000\000\000\000\000"
 682      00000000 
 683 0613 CD010000 		.ascii	"\315\001\000\000"
 684 0617 444D4132 		.ascii	"DMA2_Stream2_IRQHandler\000"
 684      5F537472 
 684      65616D32 
 684      5F495251 
 684      48616E64 
 685 062f 00       		.ascii	"\000"
 686 0630 01       		.ascii	"\001"
 687 0631 00       		.ascii	"\000"
 688 0632 00000000 		.ascii	"\000\000\000\000\000\000\000\000"
 688      00000000 
 689 063a D3010000 		.ascii	"\323\001\000\000"
 690 063e 444D4132 		.ascii	"DMA2_Stream3_IRQHandler\000"
 690      5F537472 
 690      65616D33 
 690      5F495251 
 690      48616E64 
 691 0656 00       		.ascii	"\000"
 692 0657 01       		.ascii	"\001"
 693 0658 00       		.ascii	"\000"
 694 0659 00000000 		.ascii	"\000\000\000\000\000\000\000\000"
 694      00000000 
 695 0661 D9010000 		.ascii	"\331\001\000\000"
 696 0665 444D4132 		.ascii	"DMA2_Stream4_IRQHandler\000"
 696      5F537472 
 696      65616D34 
 696      5F495251 
 696      48616E64 
 697 067d 00       		.ascii	"\000"
 698 067e 01       		.ascii	"\001"
 699 067f 00       		.ascii	"\000"
 700 0680 00000000 		.ascii	"\000\000\000\000\000\000\000\000"
 700      00000000 
 701 0688 DF010000 		.ascii	"\337\001\000\000"
 702 068c 4F54475F 		.ascii	"OTG_FS_IRQHandler\000"
 702      46535F49 
 702      52514861 
 702      6E646C65 
 702      7200
 703 069e 00       		.ascii	"\000"
 704 069f 01       		.ascii	"\001"
 705 06a0 00       		.ascii	"\000"
 706 06a1 00000000 		.ascii	"\000\000\000\000\000\000\000\000"
 706      00000000 
 707 06a9 E5010000 		.ascii	"\345\001\000\000"
 708 06ad 444D4132 		.ascii	"DMA2_Stream5_IRQHandler\000"
 708      5F537472 
 708      65616D35 
 708      5F495251 
 708      48616E64 
 709 06c5 00       		.ascii	"\000"
 710 06c6 01       		.ascii	"\001"
 711 06c7 00       		.ascii	"\000"
 712 06c8 00000000 		.ascii	"\000\000\000\000\000\000\000\000"
 712      00000000 
 713 06d0 EB010000 		.ascii	"\353\001\000\000"
 714 06d4 444D4132 		.ascii	"DMA2_Stream6_IRQHandler\000"
 714      5F537472 
 714      65616D36 
 714      5F495251 
 714      48616E64 
 715 06ec 00       		.ascii	"\000"
 716 06ed 01       		.ascii	"\001"
 717 06ee 00       		.ascii	"\000"
 718 06ef 00000000 		.ascii	"\000\000\000\000\000\000\000\000"
 718      00000000 
 719 06f7 F1010000 		.ascii	"\361\001\000\000"
 720 06fb 444D4132 		.ascii	"DMA2_Stream7_IRQHandler\000"
 720      5F537472 
 720      65616D37 
 720      5F495251 
 720      48616E64 
 721 0713 00       		.ascii	"\000"
 722 0714 01       		.ascii	"\001"
 723 0715 00       		.ascii	"\000"
 724 0716 00000000 		.ascii	"\000\000\000\000\000\000\000\000"
 724      00000000 
 725 071e F7010000 		.ascii	"\367\001\000\000"
 726 0722 55534152 		.ascii	"USART6_IRQHandler\000"
 726      54365F49 
 726      52514861 
 726      6E646C65 
 726      7200
 727 0734 00       		.ascii	"\000"
 728 0735 01       		.ascii	"\001"
 729 0736 00       		.ascii	"\000"
 730 0737 00000000 		.ascii	"\000\000\000\000\000\000\000\000"
 730      00000000 
 731 073f FD010000 		.ascii	"\375\001\000\000"
 732 0743 49324333 		.ascii	"I2C3_EV_IRQHandler\000"
 732      5F45565F 
 732      49525148 
 732      616E646C 
 732      657200
 733 0756 00       		.ascii	"\000"
 734 0757 01       		.ascii	"\001"
 735 0758 00       		.ascii	"\000"
 736 0759 00000000 		.ascii	"\000\000\000\000\000\000\000\000"
 736      00000000 
 737 0761 03020000 		.ascii	"\003\002\000\000"
 738 0765 49324333 		.ascii	"I2C3_ER_IRQHandler\000"
 738      5F45525F 
 738      49525148 
 738      616E646C 
 738      657200
 739 0778 00       		.ascii	"\000"
 740 0779 01       		.ascii	"\001"
 741 077a 00       		.ascii	"\000"
 742 077b 00000000 		.ascii	"\000\000\000\000\000\000\000\000"
 742      00000000 
 743 0783 09020000 		.ascii	"\011\002\000\000"
 744 0787 4650555F 		.ascii	"FPU_IRQHandler\000"
 744      49525148 
 744      616E646C 
 744      657200
 745 0796 00       		.ascii	"\000"
 746 0797 01       		.ascii	"\001"
 747 0798 00       		.ascii	"\000"
 748 0799 00000000 		.ascii	"\000\000\000\000\000\000\000\000"
 748      00000000 
 749 07a1 0F020000 		.ascii	"\017\002\000\000"
 750 07a5 53504934 		.ascii	"SPI4_IRQHandler\000"
 750      5F495251 
 750      48616E64 
 750      6C657200 
 751 07b5 00       		.ascii	"\000"
 752 07b6 01       		.ascii	"\001"
 753 07b7 00       		.ascii	"\000"
 754 07b8 00000000 		.ascii	"\000\000\000\000\000\000\000\000"
 754      00000000 
 755 07c0 15020000 		.ascii	"\025\002\000\000"
 756 07c4 53504935 		.ascii	"SPI5_IRQHandler\000"
 756      5F495251 
 756      48616E64 
 756      6C657200 
 757 07d4 00       		.ascii	"\000"
 758 07d5 01       		.ascii	"\001"
 759 07d6 00       		.ascii	"\000"
 760 07d7 00000000 		.ascii	"\000\000\000\000\000\000\000\000"
 760      00000000 
 761 07df 1B020000 		.ascii	"\033\002\000\000"
 762 07e3 5F5F6973 		.ascii	"__isr_vectors\000"
 762      725F7665 
 762      63746F72 
 762      7300
 763 07f1 00       		.ascii	"\000"
 764 07f2 00       		.ascii	"\000"
 765 07f3 00       		.ascii	"\000"
 766 07f4 00000000 		.ascii	"\000\000\000\000\000\000\000\000"
 766      00000000 
 767 07fc 47020000 		.ascii	"G\002\000\000"
 768 0800 5F657374 		.ascii	"_estack\000"
 768      61636B00 
 769 0808 00       		.ascii	"\000"
 770 0809 02       		.ascii	"\002"
 771 080a 00       		.ascii	"\000"
 772 080b 00000000 		.ascii	"\000\000\000\000\000\000\000\000"
 772      00000000 
 773 0813 49020000 		.ascii	"I\002\000\000"
 774 0817 52657365 		.ascii	"Reset_Handler\000"
 774      745F4861 
 774      6E646C65 
 774      7200
 775 0825 00       		.ascii	"\000"
 776 0826 02       		.ascii	"\002"
 777 0827 00       		.ascii	"\000"
 778 0828 00000000 		.ascii	"\000\000\000\000\000\000\000\000"
 778      00000000 
 779 0830 1D020000 		.ascii	"\035\002\000\000"
 780 0834 4E4D495F 		.ascii	"NMI_Handler\000"
 780      48616E64 
 780      6C657200 
 781 0840 00       		.ascii	"\000"
 782 0841 02       		.ascii	"\002"
 783 0842 00       		.ascii	"\000"
 784 0843 00000000 		.ascii	"\000\000\000\000\000\000\000\000"
 784      00000000 
 785 084b 1F020000 		.ascii	"\037\002\000\000"
 786 084f 48617264 		.ascii	"HardFault_Handler\000"
 786      4661756C 
 786      745F4861 
 786      6E646C65 
 786      7200
 787 0861 00       		.ascii	"\000"
 788 0862 02       		.ascii	"\002"
 789 0863 00       		.ascii	"\000"
 790 0864 00000000 		.ascii	"\000\000\000\000\000\000\000\000"
 790      00000000 
 791 086c 21020000 		.ascii	"!\002\000\000"
 792 0870 4D656D4D 		.ascii	"MemManage_Handler\000"
 792      616E6167 
 792      655F4861 
 792      6E646C65 
 792      7200
 793 0882 00       		.ascii	"\000"
 794 0883 02       		.ascii	"\002"
 795 0884 00       		.ascii	"\000"
 796 0885 00000000 		.ascii	"\000\000\000\000\000\000\000\000"
 796      00000000 
 797 088d 23020000 		.ascii	"#\002\000\000"
 798 0891 42757346 		.ascii	"BusFault_Handler\000"
 798      61756C74 
 798      5F48616E 
 798      646C6572 
 798      00
 799 08a2 00       		.ascii	"\000"
 800 08a3 02       		.ascii	"\002"
 801 08a4 00       		.ascii	"\000"
 802 08a5 00000000 		.ascii	"\000\000\000\000\000\000\000\000"
 802      00000000 
 803 08ad 25020000 		.ascii	"%\002\000\000"
 804 08b1 55736167 		.ascii	"UsageFault_Handler\000"
 804      65466175 
 804      6C745F48 
 804      616E646C 
 804      657200
 805 08c4 00       		.ascii	"\000"
 806 08c5 02       		.ascii	"\002"
 807 08c6 00       		.ascii	"\000"
 808 08c7 00000000 		.ascii	"\000\000\000\000\000\000\000\000"
 808      00000000 
 809 08cf 27020000 		.ascii	"'\002\000\000"
 810 08d3 5356435F 		.ascii	"SVC_Handler\000"
 810      48616E64 
 810      6C657200 
 811 08df 00       		.ascii	"\000"
 812 08e0 02       		.ascii	"\002"
 813 08e1 00       		.ascii	"\000"
 814 08e2 00000000 		.ascii	"\000\000\000\000\000\000\000\000"
 814      00000000 
 815 08ea 29020000 		.ascii	")\002\000\000"
 816 08ee 44656275 		.ascii	"DebugMon_Handler\000"
 816      674D6F6E 
 816      5F48616E 
 816      646C6572 
 816      00
 817 08ff 00       		.ascii	"\000"
 818 0900 02       		.ascii	"\002"
 819 0901 00       		.ascii	"\000"
 820 0902 00000000 		.ascii	"\000\000\000\000\000\000\000\000"
 820      00000000 
 821 090a 2B020000 		.ascii	"+\002\000\000"
 822 090e 50656E64 		.ascii	"PendSV_Handler\000"
 822      53565F48 
 822      616E646C 
 822      657200
 823 091d 00       		.ascii	"\000"
 824 091e 02       		.ascii	"\002"
 825 091f 00       		.ascii	"\000"
 826 0920 00000000 		.ascii	"\000\000\000\000\000\000\000\000"
 826      00000000 
 827 0928 2D020000 		.ascii	"-\002\000\000"
 828 092c 53797354 		.ascii	"SysTick_Handler\000"
 828      69636B5F 
 828      48616E64 
 828      6C657200 
 829 093c 00       		.ascii	"\000"
 830 093d 02       		.ascii	"\002"
 831 093e 00       		.ascii	"\000"
 832 093f 00000000 		.ascii	"\000\000\000\000\000\000\000\000"
 832      00000000 
 833 0947 2F020000 		.ascii	"/\002\000\000"
 834              		.text
 835              		.section	.gnu.lto_.opts,"",%progbits
 836 0000 272D666D 		.ascii	"'-fmath-errno' '-fsigned-zeros' '-ftrapping-math' '"
 836      6174682D 
 836      6572726E 
 836      6F272027 
 836      2D667369 
 837 0033 2D666E6F 		.ascii	"-fno-trapv' '-fno-strict-overflow' '-fno-openmp' '-"
 837      2D747261 
 837      70762720 
 837      272D666E 
 837      6F2D7374 
 838 0066 666E6F2D 		.ascii	"fno-openacc' '-dD' '-mcpu=cortex-m4' '-mthumb' '-mf"
 838      6F70656E 
 838      61636327 
 838      20272D64 
 838      44272027 
 839 0099 6C6F6174 		.ascii	"loat-abi=soft' '-g3' '-O0' '-fmessage-length=0' '-f"
 839      2D616269 
 839      3D736F66 
 839      74272027 
 839      2D673327 
 840 00cc 7369676E 		.ascii	"signed-char' '-ffunction-sections' '-fdata-sections"
 840      65642D63 
 840      68617227 
 840      20272D66 
 840      66756E63 
 841 00ff 2720272D 		.ascii	"' '-flto' '-fno-move-loop-invariants'\000"
 841      666C746F 
 841      2720272D 
 841      666E6F2D 
 841      6D6F7665 
 842              		.text
 843              		.comm	__gnu_lto_v1,1,1
 844              		.comm	__gnu_lto_slim,1,1
 845              		.ident	"GCC: (GNU Tools for ARM Embedded Processors 6-2017-q2-update) 6.3.1 20170620 (release) [AR
DEFINED SYMBOLS
                            *ABS*:0000000000000000 vectors_stm32f411xe.c
                            *COM*:0000000000000001 __gnu_lto_v1
                            *COM*:0000000000000001 __gnu_lto_slim

NO UNDEFINED SYMBOLS
