   1              		.cpu cortex-m4
   2              		.eabi_attribute 20, 1
   3              		.eabi_attribute 21, 1
   4              		.eabi_attribute 23, 3
   5              		.eabi_attribute 24, 1
   6              		.eabi_attribute 25, 1
   7              		.eabi_attribute 26, 1
   8              		.eabi_attribute 30, 6
   9              		.eabi_attribute 34, 1
  10              		.eabi_attribute 18, 4
  11              		.file	"myUtils.c"
  12              		.text
  13              	.Ltext0:
  14              		.section	.gnu.lto_.inline.1e46ecc84a417a8a,"",%progbits
  15 0000 789C6365 		.ascii	"x\234ce`b(f@\0006\006\006-M\006\006\246\200\013\015"
  15      60622866 
  15      40003606 
  15      062D4D06 
  15      06A6800B 
  16 0015 AC0C2C40 		.ascii	"\254\014,@I `d\020\024\000\012\3115\374b\204\01111\360"
  16      49206064 
  16      1014000A 
  16      C935FC62 
  16      84093131 
  17 002a 70034991 		.ascii	"p\003I\221\017\253\341B\314\014\2622@!\263\003[\231"
  17      0FABE142 
  17      CC0CB232 
  17      4021B303 
  17      5B99
  18 003c 61422C0C 		.ascii	"aB,\014\234\034@!\276\206Z\230\010+\003/\017PD\354\300"
  18      9C1C4021 
  18      BE865A98 
  18      082B032F 
  18      0F5044EC 
  19 0051 6EB83E06 		.ascii	"n\270>\006\000\301\036\012\347"
  19      00C11E0A 
  19      E7
  20              		.text
  21              		.section	.gnu.lto_my_itoa.1e46ecc84a417a8a,"",%progbits
  22 0000 789C9557 		.ascii	"x\234\225WkP\024W\026\356\323\267\247{^\202\033\313"
  22      6B501457 
  22      16EED3B7 
  22      A77B5E82 
  22      1BCB
  23 0012 47105DB4 		.ascii	"G\020]\264@\300\307\310\202\3423\261\022\215\225T~\244"
  23      40C0C7C8 
  23      82E233B1 
  23      128D9554 
  23      7EA4
  24 0024 2A9BFCD9 		.ascii	"*\233\374\331\252\374\310\273Hi*\025\343V\371+\343\240"
  24      AAFCC8BB 
  24      48692A15 
  24      E356F92B 
  24      E3A0
  25 0036 90C5C896 		.ascii	"\220\305\310\226O\220r\226\354\212\025Lb\000\215\011"
  25      4F907296 
  25      EC8A154C 
  25      62008D09 
  26 0046 12D70C12 		.ascii	"\022\327\014\022\021y\231\220\021\224`L\210K\300U\243"
  26      11799990 
  26      1194604C 
  26      884BC055 
  26      A3
  27 0057 2C68D68D 		.ascii	",h\326\215\262\347\234{\007\231\207)\230\252\356\351"
  27      B2E79C7B 
  27      07998729 
  27      98AAEEE9 
  28 0067 3EF7FBCE 		.ascii	">\367\373\316\343;\247{\356\3304]\333\372;M{N\323\264"
  28      E33BA77B 
  28      EED8345D 
  28      DBFA3B4D 
  28      7B4ED3B4 
  29 007b 5C3CB471 		.ascii	"\\<\264q\032\350\032\036\272\3204\257n\340\311\020\200"
  29      1AE81A1E 
  29      BAD034AF 
  29      6EE0C910 
  29      80
  30 008c 5F60800D 		.ascii	"_`\200\015\3176\335Fv\223\354&Xh\261t;Y\034d\261\203"
  30      CF36DD46 
  30      7693EC26 
  30      5868B174 
  30      3B591C64 
  31 00a2 132D0E3E 		.ascii	"\023-\016>;u\213\354.\262\273\300\215\0267\000\006\000"
  31      3B758BEC 
  31      2EB2BBC0 
  31      8D163700 
  31      0600
  32 00b4 ED6D5D18 		.ascii	"\355m]\0306\323\262;\234.7\274-l\232\374X\352\373\257"
  32      36D3B23B 
  32      9C2E37BC 
  32      2D6C9AFC 
  32      58EAFBAF 
  33 00c8 A248C0C9 		.ascii	"\242H\300\311\241[\201\370BQ*0\025\274m\273\336\354"
  33      A15B81F8 
  33      42512A30 
  33      15BC6DBB 
  33      DEEC
  34 00da 77D12DC0 		.ascii	"w\321-\300x\274\375\240\254\242\337\236\376\276\327"
  34      78BCFDA0 
  34      ACA2DF9E 
  34      FEBED7
  35 00e9 EBF3068A 		.ascii	"\353\363\006\212:\3236\346nN+\025\272\266\007\321\345"
  35      3AD336E6 
  35      6E4E2B15 
  35      BAB607D1 
  35      E5
  36 00fa 9008EF43 		.ascii	"\220\010\357C\"\005:\000\351\210\375zS\345^!=\031x{"
  36      22053A00 
  36      E988FD7A 
  36      53E55E21 
  36      3D19787B 
  37 010e A3A5E4C7 		.ascii	"\243\245\344\3078\351)\011ow\004\267v\0101\0054\274"
  37      38E92909 
  37      6F7704B7 
  37      76083105 
  37      34BC
  38 0120 AEDC1C6C 		.ascii	"\256\334\034lv\246\356\367\342'\020\334!\274\311\245"
  38      76A6EEF7 
  38      E22710DC 
  38      21BCC9A5 
  39 0130 42C04720 		.ascii	"B\300G \310\355\207\350\366\003t\213&\015\016B*\302"
  39      C8ED87E8 
  39      F603748B 
  39      260D0E42 
  39      2AC2
  40 0142 3F1CB8D3 		.ascii	"?\034\270\323d\210D\246\266\234\372_\263ITL\350\312"
  40      648844A6 
  40      B69CFA5F 
  40      B349544C 
  40      E8CA
  41 0154 4EA61AF0 		.ascii	"N\246\032\360q$\325\320\240\002R\011\177\271\363\333"
  41      7124D5D0 
  41      A0025209 
  41      7FB9F3DB 
  42 0164 4F5D2289 		.ascii	"O]\"\211\271\0375l\1775e\037So\226\211\"o`cR\251\260"
  42      B91F356C 
  42      7F35651F 
  42      536F9689 
  42      226F6063 
  43 017b 41A56467 		.ascii	"A\245dg%BF\"\353\202\320\255\207\336}F$3\353\263\263"
  43      25424622 
  43      EB82D0AD 
  43      87DE7D46 
  43      2433EBB3 
  44 0190 870A0D45 		.ascii	"\207\012\015E\273Vf+\366\006|H\323\341\220\244\335\223"
  44      BB56662B 
  44      F6067C48 
  44      D3E190A4 
  44      DD93
  45 01a2 8189FB9B 		.ascii	"\201\211\373\233\352\216\307\211tf\336\372\333\317\267"
  45      EA8EC789 
  45      7466DEFA 
  45      DBCFB7
  46 01b1 DD8AD9B5 		.ascii	"\335\212\331\265Qxwzu\"~\022\223\330{a\357&\207\230"
  46      5178777A 
  46      75227E12 
  46      93D87B61 
  46      EF268798 
  47 01c5 C3C4A143 		.ascii	"\303\304\241C=~\233\"v\347\016\023?\215I\354\272\325"
  47      3D7E9B22 
  47      76E70E13 
  47      3F8D49EC 
  47      BAD5
  48 01d7 74D31019 		.ascii	"t\323\020\031L\014vtl6\025\261\3377L\254\216I\354\256"
  48      4C0C7674 
  48      6C3615B1 
  48      DF374CAC 
  48      8E49ECAE 
  49 01eb BABB6B9C 		.ascii	"\272\273k\234i\300QH\201\317\3608\202\307a<\252 \205"
  49      69C05148 
  49      81CFF038 
  49      82C7613C 
  49      AA2085
  50 01fe 1A8C7DAD 		.ascii	"\032\214}\255\001\023\007i6OI\345?t\221\315A\266\035"
  50      01130769 
  50      364F49E5 
  50      3F7491CD 
  50      41B61D
  51 0211 A90BC6AB 		.ascii	"\251\013\306\253 \365\353\366\224\0076%Q\023>\017o\002"
  51      20F5EBF6 
  51      94073625 
  51      51133E0F 
  51      6F02
  52 0223 7DE018A4 		.ascii	"}\340\030\244 \341hg\361\005\267X\316\344\222\216\346"
  52      20E16867 
  52      F105B758 
  52      CEE4928E 
  52      E6
  53 0234 13E314B9 		.ascii	"\023\343\024\271=W\024\227\263\232&\3743:E8\316\354"
  53      3D571497 
  53      B39A26FC 
  53      333A4538 
  53      CEEC
  54 0246 9BEFB4FF 		.ascii	"\233\357\264\377^\254b\262\177_\305\027V\250\203\207"
  54      5EAC62B2 
  54      7F5FC517 
  54      56A88387 
  55 0256 EF91BF88 		.ascii	"\357\221\277\210A\0160yO\325\3677BJ6\324\352\015^\003"
  55      410E3079 
  55      4FD5F737 
  55      424A36D4 
  55      EA0D5E03 
  56 026a C7538BCA 		.ascii	"\307S\213\312\263\226\301E\177?\362\213K\201?\331\223"
  56      B396C145 
  56      7F3FF28B 
  56      4B813FD9 
  56      93
  57 027b F69E6F3C 		.ascii	"\366\236o<MR\024\370\004\203\257V\325\372\271\020\234"
  57      4D5214F8 
  57      0483AF56 
  57      D5FAB910 
  57      9C
  58 028c E14BDB73 		.ascii	"\341K\333s\301WFZ[\321\360:\206\357\254\270X\347R\360"
  58      C157465A 
  58      5BD1F03A 
  58      86EFACB8 
  58      58E752F0 
  59 02a0 5F6FF8C0 		.ascii	"_o\370\300\367.\301\355Z\370\344\301\227QY\267?\243"
  59      F72EC1ED 
  59      5AF8E4C1 
  59      975159B7 
  59      3FA3
  60 02b2 148E91F6 		.ascii	"\024\216\221\366\311\250\264C5\306H\273\236\301\005"
  60      C9A8B443 
  60      35C648BB 
  60      9EC105
  61 02c1 BDF5414B 		.ascii	"\275\365AK<\311r\036\356,\376\025\024\261u\327=9O\305"
  61      3CC9721E 
  61      EE2CFE15 
  61      14B175D7 
  61      3D394FC5 
  62 02d5 90B381D9 		.ascii	"\220\263\201\331\205e\373\213\014\361\024\263\267t\367"
  62      8565FB8B 
  62      0CF114B3 
  62      B774F7
  63 02e4 F484C620 		.ascii	"\364\204\306 P\253\227SX\023N\307\3406F\025ue[H\260"
  63      50AB9753 
  63      58134EC7 
  63      E0364615 
  63      75655B48 
  64 02f9 1855358D 		.ascii	"\030U5\215\245\252\346\261\264\271e,\236[\243\372V]"
  64      A5AAE6B1 
  64      B4B9652C 
  64      9E5BA3FA 
  64      565D
  65 030b AB171338 		.ascii	"\253\027\0238\252kg\030:\264\355\300\033\312m\010\351"
  65      AA6B6718 
  65      3AB4EDC0 
  65      1BCA6D08 
  65      E9
  66 031c 88447E35 		.ascii	"\210D~5j\344\327\243\017\337\026\245A\367\256\337\320"
  66      6AE4D7A3 
  66      0FDF16A5 
  66      41F7AEDF 
  66      D0
  67 032d F79BB1A8 		.ascii	"\367\233\261\250\020\034}\032g\031Z\335\335\356\263"
  67      101C7D1A 
  67      67195ADD 
  67      DDEEB3
  68 033c 8B3FF288 		.ascii	"\213?\362\210\\\036\012\0169C\257\316\223\367\006\254"
  68      5C1E0A0E 
  68      3943AFCE 
  68      93F706AC 
  69 034c 3DC69074 		.ascii	"=\306\220t\214\245\221\347\242J8v\377\347\365|\224\347"
  69      8CA591E7 
  69      A24A3876 
  69      FFE7F57C 
  69      94E7
  70 035e AE1DBF21 		.ascii	"\256\035\277!O\347X\344\371v\364\362t\215\272\365\027"
  70      4FE758E4 
  70      F976F4F2 
  70      748DBAF5 
  70      17
  71 036f 229103FD 		.ascii	"\"\221\003\375\241\027F\024\366\273\321'p\221\241\027"
  71      A1174614 
  71      F6BBD127 
  71      7091A117 
  72 037f 7B1ADB2C 		.ascii	"{\032\333,\361'\356\317\265/\373^\013\275NG<\377\337"
  72      F127EECF 
  72      B52FFB5E 
  72      0BBD4E47 
  72      3CFFDF
  73 0392 C768CF0F 		.ascii	"\307h\317\017ciO\367X\332\363cd\265]\367\257\366\322"
  73      63694FF7 
  73      58DAF363 
  73      64B55DF7 
  73      AFF6D2
  74 03a5 E8ABFD17 		.ascii	"\350\253\375\027C\363\217\025\236\346\011\334\216o\322"
  74      43F38F15 
  74      9EE609DC 
  74      8E6FD2
  75 03b4 9E508991 		.ascii	"\236P\211\221\033\030\204\367\340\017_\214\037\302\212"
  75      1B1884F7 
  75      E00F5F8C 
  75      1FC28A
  76 03c3 360878EF 		.ascii	"6\010x\357\016\345\343\374n\207\375\025\256'\2007%:"
  76      0EE5E3FC 
  76      6E87FD15 
  76      AE278037 
  76      253A
  77 03d5 9F05EF32 		.ascii	"\237\005\3572p\257\201D\233FTS#\262\305g\273FN\034|"
  77      70AF8144 
  77      9B465453 
  77      23B2C567 
  77      BB464E1C 
  78 03ea 8E634C3C 		.ascii	"\216cL<\020k<\020\353\001\332\245L`\007\023\331\331"
  78      106B3C10 
  78      EB01DAA5 
  78      4C600713 
  78      D9D9
  79 03fc 24349893 		.ascii	"$4\230\223\0317\205}=H\206\004\276\234\212\227\032\357"
  79      1937857D 
  79      3D488604 
  79      BE9C8A97 
  79      1AEF
  80 040e 6BA6E1C9 		.ascii	"k\246\341\311\232\216'{\022\263f\320\312LZI\346\240"
  80      9A8E277B 
  80      12B366D0 
  80      CA4C5A49 
  80      E6A0
  81 0420 291C6E16 		.ascii	")\034n\026QS\331\220F\227\351\204\232M\2509t5\227\256"
  81      5153D990 
  81      4697E984 
  81      9A4DA839 
  81      743597AE 
  82 0434 E691130F 		.ascii	"\346\221\023\017\236\034\363\351\224A\267\231\264\232"
  82      9E1CF3E9 
  82      9441B799 
  82      B49A
  83 0442 45AB0BE8 		.ascii	"E\253\013\350v\241F\022d\223\207E\354w1\255/\241\365"
  83      76A14612 
  83      64938745 
  83      EC7731AD 
  83      2FA1F5
  84 0455 A574B58C 		.ascii	"\245t\265\214\256\226\023\362!r\3610\235V\320\355#D"
  84      AE9613F2 
  84      2172F130 
  84      9D56D0ED 
  84      2344
  85 0467 7994E3AF 		.ascii	"y\224\343\257$\340*\002>F\313\253i\371q\215Z\240\025"
  85      24E02A02 
  85      3E46CBAB 
  85      69F9718D 
  85      5AA015
  86 047a D01E43DB 		.ascii	"\320\036C\333B\227\242\017|\003\275\037g\323\216\303"
  86      4297A20F 
  86      7C03BD1F 
  86      67D38EC3 
  87 048a 2FE2B071 		.ascii	"/\342\260q\2737\2378c\321\356QG\305\177\302.]\202M\255"
  87      BB379F38 
  87      63D1EE51 
  87      47C57FC2 
  87      2E5D824D 
  88 049f 75779F96 		.ascii	"uw\237\226\210\370\221\010\201\210^\325\307-\270kdo"
  88      88F89108 
  88      81885ED5 
  88      C72DB86B 
  88      646F
  89 04b1 257DD571 		.ascii	"%}\325q\022\373\200_\214\327\372 wo\036H\303\004\264"
  89      12FB805F 
  89      8CD7FA20 
  89      776F1E48 
  89      C304B4
  90 04c4 D19850CC 		.ascii	"\321\230P\314\206\004\262\215\364f\310\255\333\251\306"
  90      8604B28D 
  90      F466C8AD 
  90      DBA9C6
  91 04d3 77DCA5E0 		.ascii	"w\334\245\340\337\2103\366^\034\346L\234>\012\002\227"
  91      DF8833F6 
  91      5E1CE64C 
  91      9C3E0A02 
  91      97
  92 04e4 A114E851 		.ascii	"\241\024\350Q\350-\010\362\366\326\016\363\340\337\300"
  92      E82D08F2 
  92      F6D60EF3 
  92      E0DFC0
  93 04f3 EECEE5F9 		.ascii	"\356\316\345\371\177RA&b\222d\332\335W\223!-\223\260"
  93      7F524126 
  93      629264DA 
  93      DD579321 
  93      2D93B0
  94 0506 30CA6377 		.ascii	"0\312cw(\217\311hCGG\362\233\253\234\262R\200+\\\307"
  94      288FC968 
  94      434747F2 
  94      9BAB9CB2 
  94      52802B5C 
  95 051b 167C4E94 		.ascii	"\026|N\224&\307\224&SX\004m\020\000\035\353\032\006"
  95      26C79426 
  95      5358046D 
  95      10001DEB 
  95      1A06
  96 052d 1035AD62 		.ascii	"\0205\255b\020\004VG\267\023DA\334 \030\030C\357l\032"
  96      10045647 
  96      B7134441 
  96      DC201818 
  96      43EF6C1A 
  97 0541 87CE4567 		.ascii	"\207\316Eg\241\033\035\331\244\243\335}\307\225\243"
  97      A11B1DD9 
  97      A4A3DD7D 
  97      C795A3
  98 0550 07FD681B 		.ascii	"\007\375h\033\231F\002\3328.\302\372\363\225q*\032\245"
  98      994602DA 
  98      382EC2FA 
  98      F395712A 
  98      1AA5
  99 0562 6839D290 		.ascii	"h9\322\220\350\027\030j*\331\252\363N\333\244q\232_"
  99      E817186A 
  99      2AD9AAF3 
  99      4EDBA471 
  99      9A5F
 100 0574 D07F863B 		.ascii	"\320\177\206;\327\277\272\343\246\012,p\302\325\220"
 100      D7BFBAE3 
 100      A60A2C70 
 100      C2D590
 101 0583 A7FF0A09 		.ascii	"\247\377\012\011\232\2168V\302\241\244\016\3236\201"
 101      9A8E3856 
 101      C2A1A40E 
 101      D33681
 102 0592 B54D54DA 		.ascii	"\265MT\332^Cm\221AQ*\363\356\204\264L\3020\354\027g"
 102      5E436D91 
 102      41512AF3 
 102      EE84B44C 
 102      C230EC17 
 103 05a7 E05C5D7D 		.ascii	"\340\\]}\262\262\206\232>\010\272\237\3769\241\311v"
 103      B2B2869A 
 103      3E08BA9F 
 103      FE39A1C9 
 103      76
 104 05b8 FB0C6A62 		.ascii	"\373\014jbC\271\214\2223\250B\202\2551\036E0\245\010"
 104      43B98C92 
 104      33A84282 
 104      AD311E45 
 104      30A508
 105 05cb FDF9070F 		.ascii	"\375\371\007\017(\2273p-l(fr}3\344P$\306\312t\022g:"
 105      28973370 
 105      2D6C2866 
 105      727D33E4 
 105      5024C6CA 
 106 05e3 5365FAB3 		.ascii	"Se\372\263\234\202\341\261\261\343\020^\227\245\017"
 106      9C82E1B1 
 106      B1E3105E 
 106      97A50F
 107 05f2 F4B628AD 		.ascii	"\364\266(\255\223\271i,\366\001%Y\012\006F^\315\271"
 107      93B9692C 
 107      F6012559 
 107      0A06465E 
 107      CDB9
 108 0604 B38B64CF 		.ascii	"\263\213d\317\207\206\360\257\222\352:\3761\023Xcg]"
 108      8786F0AF 
 108      92EA3AFE 
 108      31135863 
 108      675D
 109 0616 FDCB128D 		.ascii	"\375\313\022\215\001MY\"y3k\276\301\232,'\336\342B\212"
 109      014D5922 
 109      79336BBE 
 109      C19A2C27 
 109      DEE2428A 
 110 062a D9E6F40B 		.ascii	"\331\346\364\013\207\223\210\366P\227\317gJ\342,\"\216"
 110      879388F6 
 110      5097CF67 
 110      4AE22C22 
 110      8E
 111 063b EC722ADA 		.ascii	"\354r*\332B]\226\235\360\2134\264\311^\235W\275JGc\230"
 111      425D969D 
 111      F08B34B4 
 111      C95E9D57 
 111      BD4A4763 
 112 0650 2CB35996 		.ascii	",\263Y\226\364\260\331\230\023\011\232\313\2409\004"
 112      F4B0D998 
 112      13099ACB 
 112      A03904
 113 065f BA5DA06C 		.ascii	"\272]\240l\363\"\344Kb\365\346*\365\372Q\2750\237\036"
 113      F322E44B 
 113      62F5E62A 
 113      F5FA51BD 
 113      309F1E
 114 0672 6484E53B 		.ascii	"d\204\345;\037m\350b_ey\036\377\247t@\006\374'bH3\020"
 114      1F6DE862 
 114      5F65791E 
 114      FFA77440 
 114      06FC2762 
 115 0689 76DFC992 		.ascii	"v\337\311\222\001g\253\200\003<X\031\254\262#4\015'"
 115      0167AB80 
 115      033C5819 
 115      ACB22334 
 115      0D27
 116 069b 5DD24F26 		.ascii	"]\322O&\012\035VP\026\027\224\031V\320\202\230\376\263"
 116      0A1D5650 
 116      16179419 
 116      56D08298 
 116      FEB3
 117 06ad 94FFC1E1 		.ascii	"\224\377\301\341\202\376\242\244\\\210\024\371\002\270"
 117      82FEA2A4 
 117      5C8814F9 
 117      02B8
 118 06bb B0585AB2 		.ascii	"\260XZ\262U\230\341\032\027\241\215{?\262\250\305h\224"
 118      5598E11A 
 118      17A18D7B 
 118      3FB2A8C5 
 118      6894
 119 06cd C96C9086 		.ascii	"\311l\220\206%\234\314b\011:jI\343R\325\337\341\224"
 119      259CCC62 
 119      093A6A49 
 119      E352D5DF 
 119      E194
 120 06df 97316A69 		.ascii	"\2271jiX\312\313c\246\274L\245|3\262\007\017!C\346\327"
 120      58CACB63 
 120      A6BC4CA5 
 120      7C33B207 
 120      0F2143E6 
 121 06f4 A786F561 		.ascii	"\247\206\365a4F\251\276\002\355\\\330\351\264X\217\311"
 121      3446A9BE 
 121      02ED5CD8 
 121      E9B4588F 
 121      C9
 122 0705 740EB244 		.ascii	"t\016\262D\005\271\305\272\257\220B|\247\206\363\221"
 122      05B9C5BA 
 122      AF90427C 
 122      A786F391 
 123 0715 C8E17C14 		.ascii	"\310\341|\024mQ\257\240\225h\014\023b\025\227\270R2"
 123      6D51AFA0 
 123      95680C13 
 123      621597B8 
 123      5232
 124 0727 8FAA141F 		.ascii	"\217\252\024\037C\245\243R\\\215v\231\342\264\373\247"
 124      43A5A352 
 124      5C8D7699 
 124      E2B4FBA7 
 125 0737 B84AA5F8 		.ascii	"\270J\245\370\013\247\270\232G\303)\037\300\363u\255"
 125      0BA7B89A 
 125      47C3291F 
 125      C0F375AD 
 126 0747 B3A42787 		.ascii	"\263\244'\207_X\362\001\264\360\031\262\327\264\273"
 126      5F58F201 
 126      B4F019B2 
 126      D7B4BB
 127 0756 315B47E3 		.ascii	"1[G\343\344A\300\025\273\035\3379\213\0345EqHu\361T"
 127      E441C015 
 127      BB1DDF39 
 127      8B1C3545 
 127      714875F1 
 128 076b 6166075B 		.ascii	"af\007[T\217\036\347w\253\301\216\335\270\212\2573\255"
 128      548F1EE7 
 128      77ABC18E 
 128      DDB88AAF 
 128      33AD
 129 077d 047F9EAE 		.ascii	"\004\177\236\256\202/I!\310u\001\376~i\370\0338\321"
 129      822F4921 
 129      C87501FE 
 129      7E69F81B 
 129      38D1
 130 078f E399BFE6 		.ascii	"\343\231\277\346\205\365o\345\254Y7\177\355\206g\351"
 130      85F56FE5 
 130      AC59377F 
 130      ED8667E9 
 131 079f DBF3A226 		.ascii	"\333\363\242&\376\374\374\032\361\302\372W\304[k\337"
 131      FEFCFC1A 
 131      F1C2FA57 
 131      C45B6BDF 
 132 07af 305E5AB3 		.ascii	"0^Z\263\376U\3101^\334\360\312\233\266\2659\257\257"
 132      FE55C831 
 132      5EDCF0CA 
 132      9BB6B539 
 132      AFAF
 133 07c1 5F67C315 		.ascii	"_g\303\025O\206\305\327\236?\230\264\340\311\024"
 133      4F86C5D7 
 133      9E3F98B4 
 133      E0C914
 134 07d0 399E2C3C 		.ascii	"9\236,<\026\230\004\367,\304\313\354\377\003\345HP&"
 134      169804F7 
 134      2CC4CBEC 
 134      FF03E548 
 134      5026
 135              		.text
 136              		.section	.gnu.lto_my_htoa.1e46ecc84a417a8a,"",%progbits
 137 0000 789C8D55 		.ascii	"x\234\215U\355o\223U\024\277\347\336\347\245\357\035"
 137      ED6F9355 
 137      14BFE7DE 
 137      E7A5EF1D 
 138 0010 2F5BB6D8 		.ascii	"/[\266\330\017\373`\263\020\223B\344\303\360\213\377"
 138      0FFB60B3 
 138      109342E4 
 138      C3F08BFF 
 139 0020 84D1C48F 		.ascii	"\204\321\304\217`B\2628\014\211\340\013_x\350f\013\014"
 139      6042B238 
 139      0C89E00B 
 139      5F78E866 
 139      0B0C
 140 0032 31DDE6BA 		.ascii	"1\335\346\272\2225]dH\347\246\254\012nL\231O7\366\336"
 140      92355D64 
 140      48E7A6AC 
 140      0A6E4C99 
 140      4F37F6DE 
 141 0046 39461601 		.ascii	"9F\026\001?8\003\004ib\221\316\275$\270\027\317\275"
 141      3F380304 
 141      696291CE 
 141      BD24B817 
 141      CFBD
 142 0058 F7A9A92D 		.ascii	"\367\251\251-&6\351\355\275\347\376~\277{\316=\347\334"
 142      2636E9ED 
 142      BDE7FE7E 
 142      BF7BCE3D 
 142      E7DC
 143 006a AA849237 		.ascii	"\252\204\2227tB\016\020B^\303/\261\023\240\004\277\200"
 143      74420E10 
 143      425EC32F 
 143      B113A004 
 143      BF80
 144 007c 46605421 		.ascii	"F`T!\304\240*\016\212\002\032ZT1jbW\247\214\357\332"
 144      C4A02A0E 
 144      8A021A5A 
 144      54316A62 
 144      57A78CEF 
 145 0091 F8AE0D00 		.ascii	"\370\256\015\000\311@NR\246\250\232n\203\223T'\362\363"
 145      C9404E52 
 145      A6A89A6E 
 145      83935427 
 145      F2F3
 146 00a3 098B3218 		.ascii	"\011\2132\030\015?\272N\367\\6\360cF\327j\214\244\011"
 146      0D3FBA4E 
 146      F75C36F0 
 146      6346D76A 
 146      8CA409
 147 00b6 0964C798 		.ascii	"\011d\307\230\304\300e\330\203\250\205\346\201.v\236"
 147      C4C065D8 
 147      83A885E6 
 147      812E769E 
 148 00c6 25188082 		.ascii	"%\030\200\202\313\374\334\205\007\036\276\244P\213\313"
 148      CBFCDC85 
 148      071EBEA4 
 148      508BCB
 149 00d5 B6C58FEF 		.ascii	"\266\305\217\3570V\015\004\347\241\317\242QVw\3110\202"
 149      30560D04 
 149      E7A1CFA2 
 149      515677C9 
 149      3082
 150 00e7 86B9D1CA 		.ascii	"\206\271\321\312\214\027\023\214\301\027\300P\020z\301"
 150      8C17138C 
 150      C117C050 
 150      107AC1
 151 00f6 0749F011 		.ascii	"\007I\360\0214\021\350\203:\204\367\255l\316*\314'\250"
 151      3411E883 
 151      3A84F7AD 
 151      6CCE2ACC 
 151      27A8
 152 0108 73937F65 		.ascii	"s\223\177e4\213\272\330.\250\012\364\227R\025\002_B"
 152      348BBAD8 
 152      2EA80AF4 
 152      97521502 
 152      5F42
 153 011a 1DC78F6F 		.ascii	"\035\307\217o\257\233^\351\024\305\345\355\247\231\270"
 153      AF9B5EE9 
 153      14C5E5ED 
 153      A799B8
 154 0129 533A5581 		.ascii	"S:U\201\313X\346\247\015\312j\205r\327\255\2366\207"
 154      CB58E6A7 
 154      0DCA6A85 
 154      72D7AD9E 
 154      3687
 155 013b FFA2507E 		.ascii	"\377\242P~4\310:\0153X\233`*\014H\361+(\376\025\212"
 155      34C83A0D 
 155      33589B60 
 155      2A0C48F1 
 155      2B28FE15 
 156 0150 F30FA2EF 		.ascii	"\363\017\242\357\247\266>uk\012\244\300/\357\001\276"
 156      A7B63E75 
 156      6B0AA4C0 
 156      2FEF01BE 
 157 0160 C68B25C4 		.ascii	"\306\213%\304\203{\271T:\356\346Jx]k\353j,i6\243\222"
 157      837BB954 
 157      3AEEE64A 
 157      785D6BEB 
 157      6A2C6936 
 158 0176 468A7D14 		.ascii	"F\212}\024\367\366\015\370K\340Si:e(\317\005_-\003?"
 158      F7F60DF8 
 158      4BE05369 
 158      3A6528CF 
 158      055F2D03 
 159 018b 6C6D8260 		.ascii	"lm\202`\217A\237\013\277&\340\261\324\257y\325\012j"
 159      8F419F0B 
 159      BF26E0B1 
 159      D4AF79D5 
 159      0A6A
 160 019d 255280EB 		.ascii	"%R\200\353\345\360o\005\374\364\310\237o\026\320M\210"
 160      E5F06F05 
 160      FCF4C89F 
 160      6F16D04D 
 160      88
 161 01ae 6EE7681B 		.ascii	"n\347h\033)\215\037\006\005z\334\350os3\277\270\275"
 161      298D1F06 
 161      057ADCE8 
 161      6F7333BF 
 161      B8BD
 162 01c0 8EC1E816 		.ascii	"\216\301\350\026\263\250[\357[!+0\364\357\314\010\362"
 162      B3A85BEF 
 162      5B212B30 
 162      F4EFCC08 
 162      F2
 163 01d1 7541BED3 		.ascii	"uA\276\323}vBe/\011\362\314b.\244[A-\346\203\020<\307"
 163      7D764265 
 163      2F09F2CC 
 163      622EA45B 
 163      412DE683 
 164 01e8 CFB5C3B0 		.ascii	"\317\265\303\260d\357\367\301>\213\373\235\340nGz\217"
 164      64EFF7C1 
 164      3E8BFB9D 
 164      E06E477A 
 164      8F
 165 01f9 5A67FDBE 		.ascii	"Zg\375\276R\200;H\011\366\373R\354P\232v\362\313-C\336"
 165      52803B48 
 165      09F6FB52 
 165      EC509A76 
 165      F2CB2D43 
 166 020e 284566D6 		.ascii	"(Ef\326\376Su\344\177\253\376 \220?G&\0363\266_\304"
 166      FE5375E4 
 166      7FABFE20 
 166      903F4726 
 166      1E33B65F 
 167 0223 19B97A73 		.ascii	"\031\271zs\241\220\215'\223z4i\236\302[r\202Y\026g\032"
 167      A1908D27 
 167      937A3469 
 167      9EC25B72 
 167      82591667 
 168 0238 FCBCB490 		.ascii	"\374\274\264\220sivl\304\303\352\005\277\347~\242\275"
 168      7369766C 
 168      C4C3EA05 
 168      BFE77EA2 
 168      BD
 169 0249 70C91B79 		.ascii	"p\311\033yj\010\017]0ZF\037\003\377\225\333`\032[\333"
 169      6A080F5D 
 169      305A461F 
 169      03FF95DB 
 169      601A5BDB 
 170 025d 61C3FCE5 		.ascii	"a\303\374\3457\350\351;\007/\200h\012*v\0316\211]\025"
 170      37E8E93B 
 170      072F8068 
 170      0A2A7619 
 170      36895D15 
 171 0271 530DB8D9 		.ascii	"S\015\270\331\206\006\315\316\007\007\037\234\300{\317"
 171      8606CDCE 
 171      07071F9C 
 171      C07BCF
 172 0280 8553DD8D 		.ascii	"\205S\335\215\203\315C\270;^\336Z\025Bf\007N\035;\371"
 172      83CD43B8 
 172      3B5EDE5A 
 172      15426607 
 172      4E1D3BF9 
 173 0294 B08B4BED 		.ascii	"\260\213K\355\346\263J>T\361e5\016\316\032!O\310Y\361"
 173      E6B34A3E 
 173      54F16535 
 173      0ECE1A21 
 173      4FC859F1 
 174 02a8 4CB4307C 		.ascii	"L\2640|\231X\026\202+\2177_-j \016\341\275\203^\337"
 174      99581682 
 174      2B8F375F 
 174      2D6A200E 
 174      E1BD835E 
 175 02bd 042DCE54 		.ascii	"\004-\316T^L\037\215\316\353\274K]\350\363\270\250\233"
 175      5E4C1F8D 
 175      CEEBBC4B 
 175      5DE8F3B8 
 175      A89B
 176 02cf 167C0E04 		.ascii	"\026|\016\004}9\234\373\303)\241\2668jf\241\351i\010"
 176      7D399CFB 
 176      C329A1B6 
 176      386A66A1 
 176      E96908
 177 02e2 A4C18EB6 		.ascii	"\244\301\216\266\342\236\327\360%\234@:b:C\323\252\004"
 177      E29ED7F0 
 177      259C403A 
 177      623A43D3 
 177      AA04
 178 02f4 39103174 		.ascii	"9\0201t#\367\262\004\370`\022|\310\344\230\345P\226"
 178      23F7B204 
 178      F860127C 
 178      C8E498E5 
 178      5096
 179 0306 498C2BCE 		.ascii	"I\214+\316\234\210$\342\274\254.\215n\264s\330F\350"
 179      9C8824E2 
 179      BCAC2E8D 
 179      6EB473D8 
 179      46E8
 180 0318 8C05F3A0 		.ascii	"\214\005\363\240\021\325\372?\317\313\363T\360\302\224"
 180      11D5FA3F 
 180      CFCBF354 
 180      F0C294
 181 0327 382F7821 		.ascii	"8/x!\273\355\221 o\234\001\247u\025\274\254@\033\317"
 181      BBED9120 
 181      6F9C01A7 
 181      7515BCAC 
 181      401BCF
 182 033a D44368BE 		.ascii	"\324Ch\276;\266h\031\371\273\3211\027\031\326\244\216"
 182      3BB66819 
 182      F9BBD131 
 182      1719D6A4 
 182      8E
 183 034b 1DA6AD76 		.ascii	"\035\246\255vi\301\307\314\012\374\236]bw \234+v\024"
 183      69C1C7CC 
 183      0AFC9E5D 
 183      6277209C 
 183      2B7614
 184 035e 1477A28D 		.ascii	"\024w\242\215\307\275\224>/\0367\007\324\303\214\364"
 184      C7BD943E 
 184      2F1E3707 
 184      D4C38CF4 
 185 036e 6339DC6B 		.ascii	"c9\334k9\273\013qBO-\350\305\334rgw\251^%\332P\357\342"
 185      39BB0B71 
 185      424F2DE8 
 185      C5DC7267 
 185      77A95E25 
 186 0386 4032C4A4 		.ascii	"@2\304\244\336>\230-\325\253B\234\320\323\244^\207\360"
 186      DE3E982D 
 186      D5AB429C 
 186      D0D3A45E 
 186      87F0
 187 0398 AE387B8A 		.ascii	"\2568{\212(\332\365\311\231\323\256\004\304Oaww{\022"
 187      28DAF5C9 
 187      99D3AE04 
 187      C44F6177 
 187      777B12
 188 03ab 3C495EC8 		.ascii	"<I^\310\360\350`\016\320\216\211\345\354\354\346\007"
 188      F0E8600E 
 188      D08E89E5 
 188      ECECE607 
 189 03bb 52B7DACA 		.ascii	"R\267\332\312\352?\336\324\240\015u\256\2053)\207,\012"
 189      EA3FDED4 
 189      A00D75AE 
 189      85332987 
 189      2C0A
 190 03cd 801F397F 		.ascii	"\200\0379\177\025\030\206\245<K`f\252T\212\256\340\277"
 190      151886A5 
 190      3C4B6066 
 190      AA548AAE 
 190      E0BF
 191 03df 16C36B9D 		.ascii	"\026\303k\235\037{R'\271\374\315\237\236\211&]\222\250"
 191      1F7B5227 
 191      B9FCCD9F 
 191      9E89265D 
 191      92A8
 192 03f1 C3BCBCD6 		.ascii	"\303\274\274\326U\300\2035J0\033\332\263%\266\012\024"
 192      55C08335 
 192      4A301BDA 
 192      B325B60A 
 192      14
 193 0402 2B8F0E2F 		.ascii	"+\217\016/a\262j\264V/J\331\012\325z\346\001\360\372"
 193      61B26AB4 
 193      562F4AD9 
 193      0AD57AE6 
 193      01F0FA
 194 0415 2C8DC421 		.ascii	",\215\304!\"\001+\222[\030Iq\350v,\334\005\334\311A"
 194      22012B92 
 194      5B184971 
 194      E8762CDC 
 194      05DCC941 
 195 0429 B01B7B4F 		.ascii	"\260\033{O\0268\341\275\200\377\021\330\010\225\201"
 195      1638E1BD 
 195      80FF11D8 
 195      089581
 196 0438 C0DEC643 		.ascii	"\300\336\306C\307\21754\276\273\367\310\207\257\363"
 196      C78F3534 
 196      BEBBF7C8 
 196      87AFF3
 197 0447 DFC05B84 		.ascii	"\337\300[\204\275w\260\221\035:~X9\361\316\301\267U"
 197      BD77B091 
 197      1D3A7E58 
 197      39F1CEC1 
 197      B755
 198 0459 9C04EAF5 		.ascii	"\234\004\352\365\206\303\307\216\034\015\034`\015\201"
 198      86C3C78E 
 198      1C0D1C60 
 198      0D81
 199 0467 57A0E16F 		.ascii	"W\240\341o\025\2569\034"
 199      15AE391C 
 200              		.text
 201              		.section	.gnu.lto_my_btoa.1e46ecc84a417a8a,"",%progbits
 202 0000 789C6554 		.ascii	"x\234eT\337OTG\024\2363\347\336\271\027X\026\3016\301"
 202      DF4F5447 
 202      149E33E7 
 202      DEB91758 
 202      16C136C1 
 203 0014 84071E4A 		.ascii	"\204\007\036J\210/+\253\017\372\240\177\205\351\037"
 203      882F2BAB 
 203      0FFAA07F 
 203      85E91F
 204 0023 509B9890 		.ascii	"P\233\230\220`bR5\351\223\327]\330m\013\265\211Up\221"
 204      60625235 
 204      E993D75D 
 204      D86D0BB5 
 204      89557091 
 205 0037 ED925823 		.ascii	"\355\222X#j+\320b\361Gk\267\260\011Q\301\025\203\364"
 205      6A2BD062 
 205      F1476BB7 
 205      B00951C1 
 205      1583F4
 206 004a C1840730 		.ascii	"\301\204\0070P\036LDX5*\35073\227\024\302Mf\366\316"
 206      501E4C44 
 206      58352AE8 
 206      37339714 
 206      C24D66F6 
 207 005f 39DF77E6 		.ascii	"9\337w\346\234\357\234\275\256\220\242\350\010q@\010"
 207      9CEF9CBD 
 207      AE90A2E8 
 207      08714008 
 208 006f 71104B94 		.ascii	"q\020K\224\011\222\002\213<\354,\341\012\244\213\315"
 208      0992028B 
 208      3CEC2CE1 
 208      0AA48BCD 
 209 007f 7148C1E2 		.ascii	"qH\301\342\232]\031\257'Y{}\355\365\211@&qR\262\343"
 209      9A5D19AF 
 209      27597B7D 
 209      EDF58940 
 209      267152B2 
 210 0094 2ACFA793 		.ascii	"*\317\247\223\322\023\366\371\201\273\230F\322\363\267"
 210      D213F6F9 
 210      81BB9846 
 210      D2F3B7
 211 00a3 E4CECB01 		.ascii	"\344\316\313\001\236|\327\220J\005m\2659\2603l1t\231"
 211      9E7CD790 
 211      4A056DB5 
 211      39B0336C 
 211      317499
 212 00b6 7602F5E3 		.ascii	"v\002\365\343\324\367\3772\327\222\300\373po\377\252"
 212      D4F7FF32 
 212      D792C0FB 
 212      706FFFAA 
 213 00c6 DB782908 		.ascii	"\333x)\010\022A~\345\245\014\"9&\352#\006\205\366\324"
 213      12417EE5 
 213      A50C2239 
 213      26EA2306 
 213      85F6D4
 214 00d9 51539D80 		.ascii	"QS\235\200A\320\025j\004x\262u\240\207Os\216%98.Mt\317"
 214      41D0156A 
 214      0478B275 
 214      A0874F73 
 214      8E253938 
 215 00f1 45F591A9 		.ascii	"E\365\221\251\036\307k+\253\017\034\2563a'\306\336\215"
 215      1EC76B2B 
 215      AB0F1CAE 
 215      336127C6 
 215      DE8D
 216 0103 AB30ECF8 		.ascii	"\2530\354\370Y\016>\313\261C\277\330\260\327\250\216"
 216      590E3ECB 
 216      B143BFD8 
 216      B0D7A88E 
 217 0113 AE920EEC 		.ascii	"\256\222\016\354\010\372\225\0325~vp\355\\\245rl\246"
 217      08FA951A 
 217      357E7670 
 217      ED5CA572 
 217      6CA6
 218 0125 741DA50B 		.ascii	"t\035\245\013\341\302>=^zB\\obN\027\226\322\324p\321"
 218      E1C23E3D 
 218      5E7A425C 
 218      6F624E17 
 218      96D2D470 
 219 013a C49CCF44 		.ascii	"\304\234\317D3}\371\326z\035\266\177sXS\350\0005\200"
 219      337DF9D6 
 219      7A1DB67F 
 219      735853E8 
 219      003580
 220 014d 31933C8F 		.ascii	"1\223<\217\344\032\015{m\362\315r\231fC\232\251\245"
 220      E41A0D7B 
 220      6DF2CD72 
 220      9966439A 
 220      A9A5
 221 015f 04253A02 		.ascii	"\004%:\002\231c\227\0067\326j\270\277\031\356p\361\351"
 221      99639706 
 221      37D66AB8 
 221      BF19EE70 
 221      F1E9
 222 0171 13E626C3 		.ascii	"\023\346&\303\355\317\026\236\373!\267\260\274\316U"
 222      EDCF169E 
 222      FB21B7B0 
 222      BCCE55
 223 0180 F4FB16EE 		.ascii	"\364\373\026\356\220\341&\2473\310z\257\341\246_\275"
 223      90E126A7 
 223      33C87AAF 
 223      E1A65FBD 
 224 0190 98A80AB3 		.ascii	"\230\250\012\263\236\311\324.'\332\316\007N\216=\272"
 224      9EC9D42E 
 224      27DACE07 
 224      4E8E3DBA 
 225 01a0 B185FC87 		.ascii	"\261\205\374\207!_z0z7\312\373\015\371\347\331\334Y"
 225      215F7A30 
 225      7A37CAFB 
 225      0DF9E7D9 
 225      DC59
 226 01b2 0EC9EF97 		.ascii	"\016\311\357\227d`\356%\032\336B\275I\015\375\217)\037"
 226      6460EE25 
 226      1ADE42BD 
 226      490DFD8F 
 226      291F
 227 01c4 AC7D4807 		.ascii	"\254}H\007\371\351\035\023+\305\352Ol\333\244\321\230"
 227      F9E91D13 
 227      2BC5EA4F 
 227      6CDBA4D1 
 227      98
 228 01d5 0DC481E6 		.ascii	"\015\304\201\346\2562\257\036i'\346\011\316r\335\212"
 228      AE32AF1E 
 228      6927E609 
 228      CE72DD8A 
 229 01e5 0A838BE0 		.ascii	"\012\203\213\340UUjXTo\333\260y\325\206Pc\242\011\361"
 229      55556A58 
 229      546FDBB0 
 229      79D58650 
 229      63A209F1 
 230 01f9 9D99A576 		.ascii	"\235\231\245v\306\370\362\"%V\376\2730\347\375\337@"
 230      C6F8F222 
 230      2556FEBB 
 230      30E7FDDF 
 230      40
 231 020a 8D34FD43 		.ascii	"\2154\375CN\267HeY\301\327\3316R\364\364\234`z\351\266"
 231      4EB74865 
 231      59C1D7D9 
 231      3652F4F4 
 231      9C607AE9 
 232 021f 69513BB3 		.ascii	"iQ;\263\345w/\366\314\221\205\226g\021t\221\222=\251"
 232      E5772FF6 
 232      CC918596 
 232      67117491 
 232      923DA9
 233 0232 D050019B 		.ascii	"\320P\001\233\256\020\260\227\351o=k\214d1\217\317\250"
 233      AE10B097 
 233      E96F3D6B 
 233      8C64318F 
 233      CFA8
 234 0244 F5E1E854 		.ascii	"\365\341\350T\010\213l\274\002\203Cw\302)h\307\200\331"
 234      088B6CBC 
 234      02834377 
 234      C22968C7 
 234      80D9
 235 0256 247D8BAC 		.ascii	"$}\213\254\004\362b\307\273\221\012\215t)N\177\206\311"
 235      04F262C7 
 235      BB910A8D 
 235      74294E7F 
 235      86C9
 236 0268 B89B7151 		.ascii	"\270\233qQ\215\033\350K\261\3055\321_!NY\\g\231\306"
 236      8D1BE84B 
 236      B1C535D1 
 236      5F214E59 
 236      5C6799C6 
 237 027c 6DBCD631 		.ascii	"m\274\3261\355z=v\377\233H\216\262\2470(\275QPu\001"
 237      ED7A3D76 
 237      FF9B488E 
 237      B2A73028 
 237      BD515075 
 238 0291 773597FE 		.ascii	"w5\227\376&\330\221\217f/^HV\331\213\266e\241\003J\356"
 238      26D8918F 
 238      662F5E48 
 238      56D98BB6 
 238      65A1034A 
 239 02a6 5C2FB91A 		.ascii	"\\/\271\0326\004\272\221\036\037,\267\212\021\345IK"
 239      3604BA91 
 239      1E1F2CB7 
 239      8A11E549 
 239      4B
 240 02b7 907C91BA 		.ascii	"\220|\221\272WfA5\220\000\240\241\302X\312\327 t\221"
 240      57664135 
 240      9000A0A1 
 240      C258CAD7 
 240      207491
 241 02ca FED1B794 		.ascii	"\376\321\267\224\310A\221N\367\302#\334\025u%2\306\347"
 241      C841914E 
 241      F7C223DC 
 241      15752532 
 241      C6E7
 242 02dc 81A15671 		.ascii	"\201\241Vqt&\343X\266\376N\334\273\337\325\027\261\361"
 242      7426E358 
 242      B6FE4EDC 
 242      BBDFD517 
 242      B1F1
 243 02ee 3D1AB172 		.ascii	"=\032\261r\225\010$O\012\304Wg\266\227Hf\331\327\247"
 243      9508244F 
 243      0AC45767 
 243      B6974866 
 243      D9D7A7
 244 0301 0AD5BDB0 		.ascii	"\012\325\275\260\257D\214^\312\267\363o\000\252Vg\252"
 244      AF448C5E 
 244      CAB7F36F 
 244      00AA5667 
 244      AA
 245 0312 10DA5F9F 		.ascii	"\020\332_\237\200\237\320\301\353F\217M\002\224\033"
 245      809FD0C1 
 245      EB468F4D 
 245      02941B
 246 0321 016428C0 		.ascii	"\001d(\300(\004\330\250\230\213F\025\340yN\211\336\017"
 246      2804D8A8 
 246      988B4615 
 246      E0794E89 
 246      DE0F
 247 0333 1D646746 		.ascii	"\035dgF\350\371\302_\037\303\365i,\266\253\345\320\361"
 247      E8F9C25F 
 247      1FC3F569 
 247      2CB6ABE5 
 247      D0F1
 248 0345 63CD2D5F 		.ascii	"c\315-_\355:\362\365\347\3727\366\245\340\023_\264\360"
 248      ED3AF2F5 
 248      E7FA37F6 
 248      A5E0135F 
 248      B4F0
 249 0357 A1E38715 		.ascii	"\241\343\207\025V,\336\3447\037>v\344h,\036W\260\307"
 249      562CDEE4 
 249      371F3E76 
 249      E4682C1E 
 249      57B0C7
 250 036a E2BB9DE6 		.ascii	"\342\273\235\346X|\0175\177\004%Ft\377"
 250      587C0F35 
 250      7F042546 
 250      74FF
 251              		.text
 252              		.section	.gnu.lto_itoaWithPattern.1e46ecc84a417a8a,"",%progbits
 253 0000 789C7D56 		.ascii	"x\234}V]LTG\024\236s\347\356\275\373{w\001\213\210\244"
 253      5D4C5447 
 253      149E73E7 
 253      EEBDFB7B 
 253      77018B88 
 254 0015 216909B1 		.ascii	"!i\011\261\017H\322\327\366\251O\276\370\326\276S\177"
 254      0F48D2D7 
 254      F6A94FBE 
 254      F8D6BE53 
 254      7F
 255 0026 52124A8C 		.ascii	"R\022J\214]\215>yYd\251 -T\005\241{\2636T\001\225\002"
 255      5D8D3E79 
 255      5964A920 
 255      2D5405A1 
 255      7BB33654 
 256 003d D55A5744 		.ascii	"\325ZWDQ(.(\"mC\251-\251\261m,\011TY\001S\022\241\347"
 256      51282E28 
 256      226D43A9 
 256      2DA9B16D 
 256      2C095459 
 257 0056 CCDC4558 		.ascii	"\314\334EX\320\233\334\231\271g\276\357\233s\316\234"
 257      D09BDC99 
 257      B967BEEF 
 257      9B73CE9C 
 258 0066 995D0753 		.ascii	"\231]\007S\330\274\316\330v\306X\027\276,\215\201\302"
 258      D8BCCED8 
 258      76C65817 
 258      BE2C8D81 
 258      C2
 259 0077 F005155B 		.ascii	"\360\005\025[.ZU\341\214\231\212\003\033\325\001\006"
 259      2E5A55E1 
 259      8C998A03 
 259      1BD50106 
 260 0087 5A34C549 		.ascii	"Z4\305I\026\235,\272\034\0334v*.\032\373h\354R\334\313"
 260      169D2CBA 
 260      1C1B3476 
 260      2A2E1AFB 
 260      68EC52DC 
 261 009c 63B7E2A1 		.ascii	"c\267\342\241\261\227\306\036\300\016\274B\307'ZC\321"
 261      B197C61E 
 261      C00EBC42 
 261      C7275A43 
 261      D1
 262 00ad 68D64FB3 		.ascii	"h\326O\263~\010\240%\000\200\256\000;\244p\325\241\351"
 262      7E08A025 
 262      0080AE00 
 262      3BA470D5 
 262      A1E9
 263 00bf 4E97DBE3 		.ascii	"N\227\333\343\365\031\376\000\034\342*\223\217a\367"
 263      F519FE00 
 263      1CE22A93 
 263      8F61F7
 264 00ce 9FF3060E 		.ascii	"\237\363\006\016\267\237\305\217\272\267\264\230f\310"
 264      B79FC58F 
 264      BAB7B498 
 264      66C8
 265 00dc EC6D58D0 		.ascii	"\354mX\320\346C\025YQ\364\271\2213x;\007\012sH\254\005"
 265      E6431559 
 265      51F4B991 
 265      33783B07 
 265      0A7348AC 
 266 00f1 B62072F4 		.ascii	"\266 r\364pg\204\177\306\243\034@\305\317\231\341\246"
 266      7067847F 
 266      C6A31C40 
 266      C5CF99E1 
 266      A6
 267 0102 3F0DFA54 		.ascii	"?\015\372T \027?\037\327\035\273\247\361,`8\256\371"
 267      20173F1F 
 267      D71DBBA7 
 267      F12C6038 
 267      AEF9
 268 0114 EF4E9992 		.ascii	"\357N\231\222\177\332\254E\315\337\217s\363\315(\347"
 268      7FDAAC45 
 268      CDDF8F73 
 268      F3CD28E7 
 269 0124 70163889 		.ascii	"p\0268\211\266A\016\264B\016C\023\203s\220\217\360\330"
 269      B6410EB4 
 269      420E4313 
 269      8373908F 
 269      F0D8
 270 0136 E85CBBC2 		.ascii	"\350\\\273\302s\005\365\364xG\223\212Trg\252^PU8\237"
 270      7305F5F4 
 270      7847938A 
 270      547267AA 
 270      5E505538 
 271 014b 4A5519B4 		.ascii	"JU\031\264C>\341\277\032=i:\370[\202\373u\355\322\257"
 271      433EE1BF 
 271      1A3D693A 
 271      F85B82FB 
 271      75EDD2AF 
 272 015f 465EB3E0 		.ascii	"F^\263\340\016D\322\353\312\315\270\251F\271\003\276"
 272      0E44D2EB 
 272      CACDB8A9 
 272      46B903BE 
 273 016f 59CDA707 		.ascii	"Y\315\247\007\341?\375|\254R\347\005\202:q\265%\254"
 273      E13FFD7C 
 273      AC52E705 
 273      823A71B5 
 273      25AC
 274 0181 22B5D634 		.ascii	"\"\265\3264{\027\277\314\236\011\231'\211\252A\247\244"
 274      7B17BFCC 
 274      9E099927 
 274      89AA41A7 
 274      A4
 275 0192 26532188 		.ascii	"&S!\210\321XW\225\301\337\025\304Gg\255S\206MLln0{\313"
 275      D1585795 
 275      C1DF15C4 
 275      4767AD53 
 275      864D4C6C 
 276 01aa 7289F6ED 		.ascii	"r\211\366\355:\264\207]\213'|\232\012\027 \017\272\360"
 276      3AB4875D 
 276      8B277C9A 
 276      0A17200F 
 276      BAF0
 277 01bc ED803C4A 		.ascii	"\355\200<J3\346\367\"h\270i^\304\034\357\370\243\317"
 277      33E6F722 
 277      68B8695E 
 277      C41CEFF8 
 277      A3CF
 278 01ce 4321A0DC 		.ascii	"C!\240\334\335H\372L\250B\370\241\263\325j\360\035\344"
 278      DD48FA4C 
 278      A842F8A1 
 278      B3D56AF0 
 278      1DE4
 279 01e0 A5A01FE6 		.ascii	"\245\240\037\3464\264\212\305\327`/\255\301\366\317"
 279      34B48AC5 
 279      D7602FAD 
 279      C1F6CF
 280 01ef 862074D4 		.ascii	"\206 t\324T\326\001\177/\300\215]\017f\034v&\377\215"
 280      54D6017F 
 280      2FC08D5D 
 280      0F661C76 
 280      26FF8D
 281 0202 044E9457 		.ascii	"\004N\224W\210L:Yj\032\341\362\032\361\001\353\345n"
 281      884C3A59 
 281      6A1AE1F2 
 281      1AF101EB 
 281      E56E
 282 0214 C7047AA9 		.ascii	"\307\004z\251\256m\217->fe?\265\301\256T\360\225\265"
 282      AE6D8F2D 
 282      3E66653F 
 282      B5C1AE54 
 282      F095B5
 283 0227 7E275EEA 		.ascii	"~'^\352w\267\000\377]\361\313\005'\201\2770{\347\255"
 283      77B700FF 
 283      5DF1CB05 
 283      2781BF30 
 283      7BE7AD
 284 023a CC842DCD 		.ascii	"\314\204-\315R\321W1\375+\266\001\231\013\33557T\276"
 284      52D15731 
 284      FD2BB601 
 284      990BDD35 
 284      3754BE
 285 024d 4DECE9C8 		.ascii	"M\354\351\310\245\356\206\027\321g%\213\301\015=\251"
 285      A5EE8617 
 285      D167258B 
 285      C10D3DA9 
 286 025d BB0AD720 		.ascii	"\273\012\327 \257\343G\3505\027\227*\021\273yi\366q"
 286      AFE347E8 
 286      3517972A 
 286      11BB7969 
 286      F671
 287 026f 5A3688E2 		.ascii	"Z6\210\342T\030)s\321j\214V\323\031\255\347\004\252"
 287      54182973 
 287      D16A8C56 
 287      D319ADE7 
 287      04AA
 288 0281 7A97B07B 		.ascii	"z\227\260{\260\224u\257\030\372\200H\206\030\373\311"
 288      B09475AF 
 288      18FA8048 
 288      8618FBC9 
 289 0291 1CA0260D 		.ascii	"\034\240&\015\033g\272X&C\250n k&6\256\2154\332\304"
 289      1B67BA58 
 289      2643A86E 
 289      206B2636 
 289      AE8D34DA 
 290 02a6 28385645 		.ascii	"(8VE\015\253\346x\373\360I\010\315\376s\255Y\247\242"
 290      0DABE678 
 290      FBF04908 
 290      CDFE73AD 
 290      59A7A2
 291 02b9 B2B886E1 		.ascii	"\262\270\206\3414w\266\206\305\271\325\240\020\256\343"
 291      3477B686 
 291      C5B9D5A0 
 291      10AEE3
 292 02c8 C611A4F5 		.ascii	"\306\021\244\365:\227\010\235r|f\314#\001o@\257\004"
 292      3A97089D 
 292      727C66CC 
 292      23016F40 
 292      AF04
 293 02da 344DC69B 		.ascii	"4M\306\2335\211pY\270\361$\317\205|y$l\305\246@\316"
 293      35897059 
 293      B8F124CF 
 293      857C7924 
 293      6CC5A640 
 294 02ef 792D3CFE 		.ascii	"y-<\376\"\031\325t\275\320\352\013U\215\266\264\007"
 294      2219D574 
 294      BDD0EA0B 
 294      558DB6B4 
 294      07
 295 0300 A5EB2B6E 		.ascii	"\245\353+n\216\350\244\355\020\251}vk\350So\024\254"
 295      8EE8A4ED 
 295      10A97D76 
 295      6BE8536F 
 295      14AC
 296 0312 32DC4EAA 		.ascii	"2\334N\252U\242\337\240Z\202\233\020\005\366\027\034"
 296      55A2DFA0 
 296      5A829B10 
 296      05F6171C 
 297 0322 FEADAF1F 		.ascii	"\376\255\257\037\326\241\353\230\325>Yts\240\240SJS"
 297      D6A1EB98 
 297      D53E5974 
 297      73A0A053 
 297      4A53
 298 0334 220EE800 		.ascii	"\"\016\350\000\277\222\030\347\230\001\274by5\327\222"
 298      BF9218E7 
 298      9801BC62 
 298      7935D792 
 299 0344 2EF6C4B2 		.ascii	".\366\304\262\244\212aq\272\346&\342m\347\354\313k\011"
 299      A48A6171 
 299      BAE626E2 
 299      6DE7ECCB 
 299      6B09
 300 0356 1F3FF4CB 		.ascii	"\037?\364\3138\027\252\206c;%\322\277\256\177\206\355"
 300      3817AA86 
 300      633B25D2 
 300      BFAE7F86 
 300      ED
 301 0367 DF0FB67F 		.ascii	"\337\017\266\177\367\373\336\261\341\026\255&\"\327"
 301      F7FBDEB1 
 301      E116AD26 
 301      22D7
 302 0375 93911F71 		.ascii	"\223\221\037q\311\271\300+\245\006\226\245\246\354L"
 302      C9B9C02B 
 302      A50696A5 
 302      A6EC4C
 303 0384 052CD210 		.ascii	"\005,\322\020ZN\031\301\345\360D\354\201\262\342\326"
 303      5A4E19C1 
 303      E5F044EC 
 303      81B2E2D6 
 304 0394 C0121017 		.ascii	"\300\022\020\027\005\362o\021%\315\342\200\323\317\237"
 304      05F26F11 
 304      25CDE280 
 304      D3CF9F
 305 03a3 DC7BEEA5 		.ascii	"\334{\356\245\270\234\340\206\270\214)Q9\310%(\035q"
 305      B89CE086 
 305      B88C2951 
 305      39C82528 
 305      1D71
 306 03b5 6829EF0C 		.ascii	"h)\357\014O\307\016HS\006\362\004P8\260\0301l\344\312"
 306      4FC70E48 
 306      5306F204 
 306      5038B018 
 306      316CE4CA 
 307 03c9 64BB31D9 		.ascii	"d\2731\331\203\366\011\257\306\203\311\270\364V\261"
 307      83F609AF 
 307      C683C9B8 
 307      F456B1
 308 03d8 25566255 		.ascii	"%VbU\304\016-c\335\311L\324t\357\224\340\015\257L\305"
 308      C40E2D63 
 308      DDC94CD4 
 308      74EF94E0 
 308      0DAF4CC5 
 309 03ec EDE554E0 		.ascii	"\355\345T\340\256K\374\213Tx\354r\216o\247\251\024\235"
 309      AE4BFC8B 
 309      5478EC72 
 309      8E6FA7A9 
 309      149D
 310 03fe 536714B6 		.ascii	"Sg\024\266J\352\016J!\246r\322\354Qe\305\344\3020\310"
 310      4AEA0E4A 
 310      21A672D2 
 310      EC5165C5 
 310      E4C230C8 
 311 0412 D2C49F4D 		.ascii	"\322\304\237MN\275O&\267>\334\336=k\257\227)c_>$.<$"
 311      4EBD4F26 
 311      B73EDCDE 
 311      3D6BAF97 
 311      29635F3E 
 312 042a 7793793C 		.ascii	"w\223y<\342\220\240\215\210#K\375\340\353\353\271\262"
 312      E290A08D 
 312      88234BFD 
 312      E0EBEBB9 
 312      B2
 313 043b 7BB52723 		.ascii	"{\265'#\350\011r\304\312\206L\336x\337\030fZ\3545\227"
 313      E80972C4 
 313      CA864CDE 
 313      78DF1866 
 313      5AEC3597 
 314 044f C709CB18 		.ascii	"\307\011\313\030A>\007\303\375\320\261\311\360\336\177"
 314      413E07C3 
 314      FDD0B1C9 
 314      F0DE7F
 315 045e FA042D19 		.ascii	"\372\004-\031>e\016\020\243\320\214\241/$\012\261\363"
 315      3E650E10 
 315      A3D08CA1 
 315      2F240AB1 
 315      F3
 316 046f 62C51B3E 		.ascii	"b\305\033>\005\365\3742\202\213\225\323\335\347\355"
 316      05F5FC32 
 316      828B95D3 
 316      DDE7ED
 317 047e 73B28976 		.ascii	"s\262\211vt\310\216\024\377\002\360G\370\027\240\011"
 317      74C88E14 
 317      FF02F047 
 317      F817A009 
 318 048e E39D8650 		.ascii	"\343\235\206P\256\015a\342\226\300\037\031\274\"^+("
 318      AE0D61E2 
 318      96C01F19 
 318      BC225E2B 
 318      28
 319 049f D85AF2E1 		.ascii	"\330Z\362\341\276`q\311'[?>\370>\365\005;\230\276\247"
 319      BE6071C9 
 319      275B3F3E 
 319      F83EF505 
 319      3B98BEA7 
 320 04b3 2818DCB5 		.ascii	"(\030\334\265\267\324U\\Z\034\374\240\250d\337.\036"
 320      B7D4555C 
 320      5A1CFCA0 
 320      A864DF2E 
 320      1E
 321 04c4 3C10346C 		.ascii	"<\0204l\353{\037\025\355\335V\272\337\263\342\323\261"
 321      EB7B1F15 
 321      EDDD56BA 
 321      DFB3E2D3 
 321      B1
 322 04d5 E3E0EEBD 		.ascii	"\343\340\356\275E\377\003\355&x$"
 322      45FF03ED 
 322      267824
 323              		.text
 324              		.section	.gnu.lto_power10.1e46ecc84a417a8a,"",%progbits
 325 0000 789C6553 		.ascii	"x\234eS[k\023A\024\2363gwg\263V\013\005\305\207P|0\224"
 325      5B6B1341 
 325      149E3367 
 325      7767B356 
 325      0B05C587 
 326 0018 3C9822F8 		.ascii	"<\230\"\370\342\357(\376\001\245\017BD\351\005\361\251"
 326      E2EF28FE 
 326      01A50F42 
 326      44E905F1 
 326      A9
 327 0029 43D30B1A 		.ascii	"C\323\013\032k\251\245)\256M\213\324\272M\2754\251\026"
 327      6BA9A529 
 327      AE4D8BD4 
 327      BA4DBD34 
 327      A916
 328 003b 44B404AB 		.ascii	"D\264\004\253\320\210b\215\"Z\365\305\330j\021\213\205"
 328      D088628D 
 328      225AF5C5 
 328      D86A118B 
 328      85
 329 004c 54444DEA 		.ascii	"TDM\352\231\331U\274\014\354\354\3149\337\367\315\371"
 329      99D955BC 
 329      0CECECCC 
 329      39DFF7CD 
 329      F9
 330 005d CECE9A8C 		.ascii	"\316\316\232\2143\007\031\333\303\030k\242\207\205\030"
 330      330719DB 
 330      C3186BA2 
 330      878518
 331 006c 70460FA7 		.ascii	"pF\017\247\240\344\006M\006\202M\021\003,\232M=[\334"
 331      A0E4064D 
 331      06824D11 
 331      032C9A4D 
 331      3D5BDC
 332 007f 5459A1B2 		.ascii	"TY\241\262Bgm\000\"\003\353\340h\230\226\260\241\203"
 332      42676D00 
 332      2203EBE0 
 332      689896B0 
 332      A183
 333 0091 5BCC1FFD 		.ascii	"[\314\037\3758\214\360\244+;\202gp\014I\210\266\353"
 333      388CF0A4 
 333      2B3B8267 
 333      700C4988 
 333      B6EB
 334 00a3 8FDCD236 		.ascii	"\217\334\3226\265\005\330E\333\363\262xRD=);e~\370\246"
 334      B505D845 
 334      DBF3B278 
 334      52443D29 
 334      3B657EF8 
 335 00b8 E3CE2CCA 		.ascii	"\343\316,\312\320\030rv\216\340\223\020\006\017\302"
 335      D0187276 
 335      8EE09310 
 335      060FC2
 336 00c7 4A3D0351 		.ascii	"J=\003Q\002_t\373=\003w\002\243\365\350\203\361\221"
 336      025F74FB 
 336      3D037702 
 336      A3F5E883 
 336      F191
 337 00d9 2D0D139A 		.ascii	"-\015\023\232\370z\020\345nb\301\024\340\237D%\004\227"
 337      F87A10E5 
 337      6E62C114 
 337      E09F4425 
 337      0497
 338 00eb A141E157 		.ascii	"\241A\341W\222\367\347\004\326kn\341G_\25162\256\271"
 338      92F7E704 
 338      D66B6EE1 
 338      475FA936 
 338      32AEB9
 339 00fe 5F323B06 		.ascii	"_2;\006\022rA\032\212\177\345o\276\032\004\177\233\253"
 339      1272411A 
 339      8A7FE56F 
 339      BE1A047F 
 339      9BAB
 340 0110 0E6DB50C 		.ascii	"\016m\265\014\270\012\021U\027\225s\015,2\255\334\235"
 340      B80A1155 
 340      1795730D 
 340      2C32ADDC 
 340      9D
 341 0121 EEAB94B5 		.ascii	"\356\253\224\265\324Y\231_\313\324\015&\272})\366\257"
 341      D459995F 
 341      CBD40D26 
 341      BA7D29F6 
 341      AF
 342 0132 0E4C4384 		.ascii	"\016LC\204\360\337\347.\274\341\030\321e\334y~\251$"
 342      F0DFE72E 
 342      BCE118D1 
 342      65DC797E 
 342      A924
 343 0144 8232AA99 		.ascii	"\2022\252\231\360@\300E\310\376_\006\344 \242\012\230"
 343      F040C045 
 343      C8FE5F06 
 343      E420A20A 
 343      98
 344 0155 2E425E56 		.ascii	".B^V7{e~%Z(?\253\253\001\355\220|R\022\225c\003T\300"
 344      377B657E 
 344      255A283F 
 344      ABAB01ED 
 344      907C5212 
 345 016e 544B4B47 		.ascii	"TKKG\005-\321\326\260\220\0168\2721\354\224\262\302"
 345      052DD1D6 
 345      B0900E38 
 345      BA31EC94 
 345      B2C2
 346 0180 926A89EF 		.ascii	"\222j\211\357\240ki~-\343(giT\337)\325}\367\261P\337"
 346      A06B697E 
 346      2DE32867 
 346      6954DF29 
 346      D57DF7B1 
 347 0196 89D30933 		.ascii	"\211\323\0113A\025I$\016\256Bgya\277\0175\011:\333\373"
 347      41154924 
 347      0EAE4267 
 347      7961BF0F 
 347      35093ADB 
 348 01ab 30E7F850 		.ascii	"0\347\370P\200\353\032\232D#\000~\030]\266|\250\365"
 348      80EB1A9A 
 348      4423007E 
 348      185DB67C 
 348      A8F5
 349 01bd 3B67EA5C 		.ascii	";g\352\\\302\355\251<\375\012~2\224FNR\225\317\213\225"
 349      C2EDA93C 
 349      FD0A7E32 
 349      94464E52 
 349      95CF8B95 
 350 01d1 1A2585E0 		.ascii	"\032%\205\340\300\215\000n\371Rn\241\336\307\2124\002"
 350      C08D006E 
 350      F9526EA1 
 350      DEC78A34 
 350      02
 351 01e2 237EAA27 		.ascii	"#~\252' \333\024#\362\307\333\331\027\246_\307&\215"
 351      20DB1423 
 351      F2C7DBD9 
 351      17A65FC7 
 351      268D
 352 01f4 5A982501 		.ascii	"Z\230%\001r\366j\376^\000\024\277\234l\000\220M\203"
 352      72F66AFE 
 352      5E0014BF 
 352      9C6C0090 
 352      4D83
 353 0206 11D72C8A 		.ascii	"\021\327,\212\015\340T\236\261\344\275\244h\310\374"
 353      0DE0549E 
 353      B1E4BDA4 
 353      68C8FC
 354 0215 E6AD231D 		.ascii	"\346\255#\035+\374cS\253\223\023\201\003'\255\232E)"
 354      2BFC6353 
 354      AB931381 
 354      0327AD9A 
 354      4529
 355 0227 BAF7F89E 		.ascii	"\272\367\370\236\356\275K\355\370D\177MZ\365\205D\221"
 355      EEBD4BED 
 355      F8447F4D 
 355      5AF58544 
 355      91
 356 0238 1A82B7BC 		.ascii	"\032\202\267\274\002\275\035\341N\025\200\232L\027\205"
 356      02BD1DE1 
 356      4E15809A 
 356      4C1785
 357 0247 48DB63B1 		.ascii	"H\333c\261\306\370\301\366\266\303\361\326\306#'\016"
 357      C6F8C1F6 
 357      B6C3F1D6 
 357      C623270E 
 358 0257 A877EC10 		.ascii	"\250w\354\0203\217\035=\336\334b\2654\267\266\307\333"
 358      338F1D3D 
 358      DEDC62B5 
 358      34B7B6C7 
 358      DB
 359 0268 6CBD89ED 		.ascii	"l\275\211\355\335\367\023x\\\357\263"
 359      DDF71378 
 359      5CEFB3
 360              		.text
 361              		.section	.gnu.lto_my_strcpy.1e46ecc84a417a8a,"",%progbits
 362 0000 789C6D54 		.ascii	"x\234mT]L\\U\020>s\346\376\260\313\356\305\026D\023"
 362      5D4C5C55 
 362      103E73E6 
 362      FEB0CBEE 
 362      C5164413 
 363 0014 89E14142 		.ascii	"\211\341AB\252\311\"\251ZM|2\361\305'\0235>W\243\221"
 363      AAC922A9 
 363      5A4D7C32 
 363      F1C52713 
 363      353E57A3 
 364 0029 584A82DB 		.ascii	"XJ\202\333\030\373\322\343\026\204B\213a\355\017\213"
 364      18FBD2E3 
 364      1684428B 
 364      61ED0F8B 
 365 0039 5DD78490 		.ascii	"]\327\204\220\226]\\Z,U\332\322.l\377\322@\177\210\351"
 365      965D5C5A 
 365      2C55DAD2 
 365      2E6CFFD2 
 365      407F88E9 
 366 004d 0336B4E9 		.ascii	"\0036\264\351o0\261J\323ViZt\346\334\203.\320\233\334"
 366      6F30B14A 
 366      D356695A 
 366      74E6DC83 
 366      2ED09BDC 
 367 0061 7BCFCC99 		.ascii	"{\317\314\231o\276\371\346\316=\266\220\"n\013\361\276"
 367      6FBEF9E6 
 367      CE3DB690 
 367      226E0BF1 
 367      BE
 368 0072 10E21DBA 		.ascii	"\020\342\035\272E@\200\024tK\024BI\207\036\026J\213"
 368      45408014 
 368      744B1442 
 368      49871E16 
 368      4A8B
 369 0084 D736AF2D 		.ascii	"\3276\257-\240\027\330\340\322\323\321\221.\024\321"
 369      A017D8E0 
 369      D2D3D191 
 369      2E14D1
 370 0093 B30880C0 		.ascii	"\263\010\200\300 6I\264l\307-\202MR\012\377\372\032"
 370      203649B4 
 370      6CC72D82 
 370      4D520AFF 
 370      FA1A
 371 00a5 77215C68 		.ascii	"w!\\h\332\267\033;0\205\002,2g'\272\257yl\002T\222\371"
 371      DAB71B3B 
 371      3085022C 
 371      326727BA 
 371      AF796C02 
 372 00bc AD9ADCE2 		.ascii	"\255\232\334\342\256\332\243TL\345v]\014v\015\236W\201"
 372      AEDAA354 
 372      4CE5765D 
 372      0C760D9E 
 372      5781
 373 00ce 144A91A0 		.ascii	"\024J\221\240\360\275P\001{\240\202\263\367\301*\012"
 373      F0BD5001 
 373      7BA082B3 
 373      F7C12A0A 
 374 00de FEF1D498 		.ascii	"\376\361\324\230*\306\247A\320\272\365\312\301\036\250"
 374      2AC6A741 
 374      D0BAF5CA 
 374      C11EA8
 375 00ed EED5C05F 		.ascii	"\356\325\300_\276A\365\034\241 \015X\010\344D\220\201"
 375      BE41F51C 
 375      A1200D58 
 375      08E44490 
 375      81
 376 00fe 6A0A9FFB 		.ascii	"j\012\237\373n\350\012\3423\032:\335~3\0366\320K;4\024"
 376      6EE80AE2 
 376      331A3ADD 
 376      7E331E36 
 376      D04B3B34 
 377 0113 A17F2994 		.ascii	"\241\177)\224\214\0374\264\357\372\265\243\036Vj\350"
 377      8C1F34B4 
 377      EFFAB5A3 
 377      1E566AE8 
 378 0123 6876B2C7 		.ascii	"hv\262\3076\320\273\367\245\012\245\320\202\254\017"
 378      36D0BBF7 
 378      A50AA5D0 
 378      82AC0F
 379 0132 5D5D012F 		.ascii	"]]\001/2\320\0220\000\325\034\235\030\277\370Pb\215"
 379      32D01230 
 379      00D51C9D 
 379      18BFF850 
 379      628D
 380 0144 461E48CC 		.ascii	"F\036H\314\375\341U\365h\344\315t\331lLu)+\2056\354"
 380      FDE155F5 
 380      68E4CD74 
 380      D96C4C75 
 380      292B8536 
 381 0159 2B44F345 		.ascii	"+D\363E\301W\367\317\357\010;\026\354\207*\356\0045"
 381      C157F7CF 
 381      EF083B16 
 381      EC872AEE 
 381      0435
 382 016b 60907A2E 		.ascii	"`\220z.D\021\355\335\236\332\336\001\370\222N\332\334"
 382      4411EDDD 
 382      9EDADE01 
 382      F8924EDA 
 382      DC
 383 017c 3F11B34D 		.ascii	"?\021\263M\322\373\351g;77\237\346\244\324\251\305j"
 383      D2FBE967 
 383      3B37379F 
 383      E6A4D4A9 
 383      C56A
 384 018e F8820350 		.ascii	"\370\202\003PE\220\355\003\227\363\305\014Q\324\267"
 384      4590ED03 
 384      97F3C50C 
 384      51D4B7
 385 019d D918C4B6 		.ascii	"\331\030\304\266*\231BG,\256\001\206t\360\337\207Z\177"
 385      2A994247 
 385      2CAE0186 
 385      74F0DF87 
 385      5A7F
 386 01af B3F075CD 		.ascii	"\263\360u\315\225\035y\364\246\241:\233yb\201J\302\301"
 386      951D79F4 
 386      A6A13A9B 
 386      7962814A 
 386      C2C1
 387 01c1 C750FDA4 		.ascii	"\307P\375\244\321\203\323\035\243\026\276\241\321S\307"
 387      D183D31D 
 387      A316BEA1 
 387      D153C7
 388 01d0 BB54C8D0 		.ascii	"\273T\310\320^\372\237\026~^\252\036\2065\266\363V\357"
 388      5EFA9F16 
 388      7E5EAA1E 
 388      8635B6F3 
 388      56EF
 389 01e2 5010DFD2 		.ascii	"P\020\337\322\330#\177\306\263\322P\337\316\204\022"
 389      D8237FC6 
 389      B3D250DF 
 389      CE8412
 390 01f1 7B734D95 		.ascii	"{sM\225\314|\3501\314\2075z\254s|\302\302\2675\372L"
 390      CC7CE831 
 390      CC87357A 
 390      AC737CC2 
 390      C2B735FA 
 391 0206 F7D90969 		.ascii	"\367\331\011i\230\307\013\230\217,c\036\321\330\255"
 391      98C70B98 
 391      8F2C631E 
 391      D1D8AD
 392 0215 DB1EDD2D 		.ascii	"\333\036\335-\341\370\270\312=xa\201L,c:\012U\374}\006"
 392      E1F8B8CA 
 392      3D786181 
 392      4C2C633A 
 392      0A55FC7D 
 393 022a 2621A7E6 		.ascii	"&!\247\346\377iQ\271\351\347\267\345O\366\313\247@\317"
 393      FF6951B9 
 393      E9E7B7E5 
 393      4FF6CBA7 
 393      40CF
 394 023c 9C3F79FE 		.ascii	"\234?y\376\0209\300k\027x\035\340\321\012jw1-\235\220"
 394      1039C06B 
 394      17781DE0 
 394      D10A6A77 
 394      312D9D90 
 395 0250 E02C619E 		.ascii	"\340,a\236UOCJ\330\273\002x\206V\262\267T{\313\330["
 395      554F434A 
 395      D8BB0278 
 395      8656B2B7 
 395      547BCBD8 
 396 0265 AE275AB4 		.ascii	"\256'Z\264\361D\210v^\342\014\304\272g\2627\\\036\220"
 396      F1448876 
 396      5EE20CC4 
 396      BA67B237 
 396      5C1E90
 397 0278 24069234 		.ascii	"$\006\2224\2663\260y\367W\340;\202\344c}\024\366\240"
 397      B633B079 
 397      F757E03B 
 397      82E4637D 
 397      14F6A0
 398 028b AD0F7D67 		.ascii	"\255\017}g1\251\334\331<v\316\345\337\020u\223\376:"
 398      31A9DCD9 
 398      3C76CEE5 
 398      DF107593 
 398      FE3A
 399 029d 75A63594 		.ascii	"u\2465\224\202\344\227\324%\222\3532\354\030+\205\034"
 399      82E497D4 
 399      2592EB32 
 399      EC182B85 
 399      1C
 400 02ae A480E177 		.ascii	"\244\200\341wZ\266\030x\2102\210\353\3204\225\237O\207"
 400      5AB61878 
 400      883288EB 
 400      D034959F 
 400      4F87
 401 02c0 8CAB30A3 		.ascii	"\214\2530\243M\015\030\365\273t\017 I\263%\222\3509"
 401      4D0D18F5 
 401      BB740F20 
 401      49B32592 
 401      E839
 402 02d2 E901B807 		.ascii	"\351\001\270\007\230D\227\315\2403\225\231\003\322@"
 402      984497CD 
 402      A0339599 
 402      03D240
 403 02e1 529072FD 		.ascii	"R\220r\375\232?\231\361\374\\+\012sY\224k\314t\274\235"
 403      9A3F99F1 
 403      FC5C2B0A 
 403      7359946B 
 403      CC74BC9D 
 404 02f5 FE2C2378 		.ascii	"\376,#x\270\331\361\203W&\021\026\011.%\237\021|\247"
 404      B8D9F183 
 404      57261116 
 404      092E259F 
 404      117CA7
 405 0308 65D8545C 		.ascii	"e\330T\\F\025\262gg\200\355\302\374r\231\372\357\313"
 405      4615B267 
 405      6780EDC2 
 405      FC7299FA 
 405      EFCB
 406 031a A9D19C24 		.ascii	"\251\321\234$\257\345\037'\371\224@\323\323\371\207"
 406      AFE51F27 
 406      F99440D3 
 406      D3F987
 407 0329 24491227 		.ascii	"$I\022'\222\206R+\356\220\327Y(j\344\204\251!\274\264"
 407      9286522B 
 407      EE90D759 
 407      286AE484 
 407      A921BCB4 
 408 033d 288F7CFF 		.ascii	"(\217|\377\025\2250E\225,-jQ\025\236\256\"l\2528\241"
 408      15953045 
 408      952C2D6A 
 408      51159EAE 
 408      226CAA38 
 409 0352 AB28D155 		.ascii	"\253(\321U\270\013|\307zM\023\312\223<\012\264E\307"
 409      B80B7CC7 
 409      7A4D13CA 
 409      933C0AB4 
 409      45C7
 410 0364 31DEA2E3 		.ascii	"1\336\242\343\270\233\272\372;\304*\31567\257\215J\242"
 410      B89BBAFA 
 410      3BC42ACD 
 410      3637AF8D 
 410      4AA2
 411 0376 035F3C19 		.ascii	"\003_<\031\211\324\254\373`C\264n\335g5\365_\274\307"
 411      89D4ACFB 
 411      6043B46E 
 411      DD6735F5 
 411      5FBCC7
 412 0389 EFC88742 		.ascii	"\357\310\207BF\033\254\217\033\033\352\275\317\353\242"
 412      461BAC8F 
 412      1B1BEABD 
 412      CFEBA2
 413 0398 9FBCFB51 		.ascii	"\237\274\373Qc}\335\372\265\321\206Fk\343\372\265\237"
 413      637DDDFA 
 413      B5D18646 
 413      6BE3FAB5 
 413      9F
 414 03a9 BABC11A9 		.ascii	"\272\274\021\251}\331\2166Dj_q\331\025\251]\243\255"
 414      7DD98E36 
 414      446A5F71 
 414      D915A95D 
 414      A3AD
 415 03bb 578DF5DA 		.ascii	"W\215\365\332\277qb\266\323"
 415      BF7162B6 
 415      D3
 416              		.text
 417              		.section	.gnu.lto_.symbol_nodes.1e46ecc84a417a8a,"",%progbits
 418 0000 789C6365 		.ascii	"x\234ce`b\310`\000\002&\226z\006\206\011\347\030\030"
 418      6062C860 
 418      00022696 
 418      7A068609 
 418      E71818
 419 0013 80D4AE46 		.ascii	"\200\324\256FG\240\000k=#\252\000[=\023\252\000{=3\252"
 419      47A0006B 
 419      3D23AA00 
 419      5B3D13AA 
 419      007B3D33 
 420 0028 00473D0B 		.ascii	"\000G=\013\252\000g=+\212\000\003\000\360J\027\302"
 420      AA00673D 
 420      2B8A0003 
 420      00F04A17 
 420      C2
 421              		.text
 422              		.section	.gnu.lto_.refs.1e46ecc84a417a8a,"",%progbits
 423 0000 789C6365 		.ascii	"x\234ce`b`d\000\002\000\000I\000\011"
 423      60626064 
 423      00020000 
 423      490009
 424              		.text
 425              		.section	.gnu.lto_.decls.1e46ecc84a417a8a,"",%progbits
 426 0000 789C7D56 		.ascii	"x\234}V[L\024W\030\236\177g`/ K\254\265\244n\023\243"
 426      5B4C1457 
 426      189E7F67 
 426      602F204B 
 426      ACB5A46E 
 427 0016 094B1ADD 		.ascii	"\011K\032\335\025ml\337j\333\364\362d}\321>\022@R6\341"
 427      156D6CDF 
 427      6ADBF4F2 
 427      647DD13E 
 427      12405236 
 428 002b 626149EB 		.ascii	"baI\353S'P\224\332\324\250T)\244\212b\325]+EQ\021Pd"
 428      53275094 
 428      DAD4A854 
 428      29A48A62 
 428      D55D2B45 
 429 0043 4511A480 		.ascii	"E\021\244\200\342*\340\005X\012\002\002\245\013Unm\240"
 429      E22AE005 
 429      580A0202 
 429      A50B556E 
 429      6DA0
 430 0055 FFB9CCCE 		.ascii	"\377\271\314\316\260\205\236p\366\314\374\227\357|\377"
 430      B0859E70 
 430      F6CCFC97 
 430      EF7CFF
 431 0064 77CE9943 		.ascii	"w\316\231C\210\240\023\346\214\202\360\\\300\246\023"
 431      88A013E6 
 431      8C82F05C 
 431      C0A613
 432 0073 84796C7A 		.ascii	"\204ylz|,\025\324\026\212\275\016{3\366v\354>\354\375"
 432      7C2C15D4 
 432      168ABD0E 
 432      7B33F676 
 432      EC3EECFD 
 433 0087 D84785FF 		.ascii	"\330G\205\377\266\\\020\004\023\216\313\261\257\300"
 433      B65C1004 
 433      138ECBB1 
 433      AFC0
 434 0095 EEC15E89 		.ascii	"\356\301^\211\275\034\273\027{4\307+\303>\306s\200\343"
 434      BD1CBB17 
 434      7B34C72B 
 434      C33EC673 
 434      80E3
 435 00a7 93D11F84 		.ascii	"\223\321\037\204W\210\306e8\356\320`6r<\202\275\015"
 435      5788C665 
 435      38EED060 
 435      36723C82 
 435      BD0D
 436 00b9 BB95E32A 		.ascii	"\273\225\343*\230\026>\227\202\335\274\010\317Rt\030"
 436      98163E97 
 436      82DDBC08 
 436      CF527418 
 437 00c9 39AE5783 		.ascii	"9\256W\203]\316q\3069\316\247\032\234\366Epn\240#\014"
 437      5DCE71C6 
 437      39CEA71A 
 437      9CF64570 
 437      6EA0230C 
 438 00dd C72E0DC6 		.ascii	"\307.\015\306\013\015\307A\216g\345\334\264\274|||\031"
 438      0B0DC741 
 438      8E67E5DC 
 438      B4BC7C7C 
 438      7C19
 439 00ef 8479078D 		.ascii	"\204y\007\215RP\275VM^?\037'\203\362\036\241\321\020"
 439      5250BD56 
 439      4D5E3F1F 
 439      2783F21E 
 439      A1D110
 440 0102 54CB10E7 		.ascii	"T\313\020\347\346\345<\00658\243|\234\012\302)\020\301"
 440      E6E53C06 
 440      3538A37C 
 440      9C0AC229 
 440      10C1
 441 0114 D7FB3037 		.ascii	"\327\37307\264\033\236\0227\220\306\"5\215\274\316+"
 441      B41B9E12 
 441      3790C622 
 441      358DBCCE 
 441      2B
 442 0125 8DB8995F 		.ascii	"\215\270\231_\247\370XPP\222\300\003\261/\014T\274Z"
 442      A7F85850 
 442      5092C003 
 442      B12F0C54 
 442      BC5A
 443 0137 44158412 		.ascii	"D\025\204\022\240$\264\031\374\225\376\351\330\013\004"
 443      A024B419 
 443      FC95FEE9 
 443      D80B04
 444 0146 FC4AAC06 		.ascii	"\374J\254\006\220W\001\213\320bMT\252\037/l\0360\365"
 444      9057018B 
 444      D0624D54 
 444      AA1F2F6C 
 444      1E30F5
 445 0159 4017893B 		.ascii	"@\027\211;\276\005\250\255b\254}D\024q\036|\356\231"
 445      BE05A8AD 
 445      62AC7D44 
 445      14711E7C 
 445      EE99
 446 016b 717D643B 		.ascii	"q}d;'\263fx]\225\255\355\233\363?\211\373EXn\002\211"
 446      27B36678 
 446      5D95ADED 
 446      9BF33F89 
 446      FB45586E 
 447 0181 E0B414F5 		.ascii	"\340\264\024\365E\340\353\012\023\254\306\327\207\323"
 447      45E0EB0A 
 447      13ACC6D7 
 447      87D3
 448 018f 35B3E1E2 		.ascii	"5\263\341\342+\004B\312w]h0@\214\311\002\200\177\247"
 448      2B0442CA 
 448      775D6830 
 448      408CC902 
 448      807FA7
 449 01a2 152C01CA 		.ascii	"\025,\001\312\300\004\245 *\234\362\210\331_\"\213Q"
 449      C004A520 
 449      2A9CF288 
 449      D95F228B 
 449      51
 450 01b3 026CB2C0 		.ascii	"\002l\262\300\006\213\000\277B\014\211\3022\316c\356"
 450      068B00BF 
 450      420C89C2 
 450      32CE63EE 
 451 01c3 05B00845 		.ascii	"\005\260\010E2\011k\003j\246/\376w\3513Nz\352\332\261"
 451      32096B03 
 451      6AA62FFE 
 451      77E9334E 
 451      7AEADAB1 
 452 01d7 BDFAF07D 		.ascii	"\275\372\360}\262\234-\037\310\221\215\237\320\011\316"
 452      B29C2D1F 
 452      C8918D9F 
 452      D009CE
 453 01e6 61E22F98 		.ascii	"a\342/\230(@9\204s\356#\356j\267^\3221\033$H\304\226"
 453      28403984 
 453      73EE23EE 
 453      6AB75ED2 
 453      311B2448 
 454 01fc FB7D6981 		.ascii	"\373}i\201\011\013\0105\001\3750\240\251\337?[!1\023"
 454      090B0835 
 454      01FD30A0 
 454      A9DF3F5B 
 454      213113
 455 020f A1F6159A 		.ascii	"\241\366\025\232&f\374\227$1\212\324\245;\325Ps4\004"
 455      2666FC97 
 455      24318AD4 
 455      A53BD550 
 455      733404
 456 0222 EBA21579 		.ascii	"\353\242\025y\032~XY)\313\221P\211sV\200\010g\301F\326"
 456      1A7E5859 
 456      29CB9150 
 456      89735680 
 456      0867C146 
 457 0237 25D4A454 		.ascii	"%\324\244TF)\011\001>p\005kCd\022\007\227\321x\011\215"
 457      46290901 
 457      3E70056B 
 457      43641207 
 457      97D17809 
 458 024c 38C37047 		.ascii	"8\303pG\361\245\010\312\215 ]\004J\256~~\312cfb\353"
 458      F1A508CA 
 458      8D205D04 
 458      4AAE7E7E 
 458      CA636662 
 459 0261 F0F5BEBF 		.ascii	"\360\365\276\277\371h\030\023;\222\324=\373\267\237"
 459      F9681813 
 459      3B92D43D 
 459      FBB79F
 460 0270 2C4534A1 		.ascii	",E4\241.\242\241l\264jf\0313\220\354\353\007\237\014"
 460      2EA2A16C 
 460      B46A6619 
 460      3390ECEB 
 460      079F0C
 461 0283 98C46CA0 		.ascii	"\230\304l\240\254\363\272n\357WY\267\036\321\343R\200"
 461      ACF3BA6E 
 461      EF5759B7 
 461      1ED1E352 
 461      80
 462 0294 07A7BAAE 		.ascii	"\007\247\272\256\222\216\346\244\263e9G\016\211\021"
 462      928EE6A4 
 462      B3653947 
 462      0E8911
 463 02a3 E02AF2AB 		.ascii	"\340*\362\253&\244k\221t4']\203\306k\234\364\214k\277"
 463      26A46B91 
 463      7434275D 
 463      83C66B9C 
 463      F48C6BBF 
 464 02b7 1475842E 		.ascii	"\024u\204.l\216\034\251\243\200J\222\0007 \012\177\253"
 464      6C8E1CA9 
 464      A3804A92 
 464      0037200A 
 464      7FAB
 465 02c9 4062F2DF 		.ascii	"@b\362\337\335\227{WZs\\>\356\221==\356\267JN\356\221"
 465      DD977B57 
 465      5A735C3E 
 465      EE913D3D 
 465      EEB74A4E 
 466 02df EF61E216 		.ascii	"\357a\342\026\032\010n\225\207\233l\016pA\017\300\031"
 466      1A086E95 
 466      879B6C0E 
 466      70410FC0 
 466      19
 467 02f0 E8C6FD5C 		.ascii	"\350\306\375\\\007k0\177fnf\217Q<A\353Yt-\273\032\335"
 467      076B307F 
 467      666E668F 
 467      513C41EB 
 467      59742DBB 
 468 0306 BF1041AC 		.ascii	"\277\020A\254l-\315\032I\254L\022\367\317\007KBE7\223"
 468      6C2DCD1A 
 468      49AC4C12 
 468      F7CF074B 
 468      42453793 
 469 031a E4465BDB 		.ascii	"\344F[\333\234\004\246\230\274\300\316\321,\323\035"
 469      9C04A698 
 469      BCC0CED1 
 469      2CD31D
 470 0329 ACD8CA2B 		.ascii	"\254\330\312+\276\215\306z4*+\276\252\212\254x#\326"
 470      BE8DC67A 
 470      342A2BBE 
 470      AA8AAC78 
 470      23D6
 471 033b DAA092B6 		.ascii	"\332\240\222\266\232X\225\245E5\347C)1\022p\213-\344"
 471      9A5895A5 
 471      4535E743 
 471      29311270 
 471      8B2DE4
 472 034e E58AE93B 		.ascii	"\345\212\351;z\255P;Vjt\372\215\352\324\244\350T<Rj"
 472      7AAD503B 
 472      566A74FA 
 472      8DEAD4A4 
 472      E8543C52 
 473 0363 0FC8B46E 		.ascii	"\017\310\264n\260\\\226s1M\"apS\235\360f\260J\315T\245"
 473      B05C9673 
 473      314D2261 
 473      70539DF0 
 473      66B04ACD 
 474 0379 E296FC7C 		.ascii	"\342\226\374|\263X\276\264Je\271\375n\003JbA\225@#\221"
 474      B358BEB4 
 474      4A65B9FD 
 474      6E034A62 
 474      41954023 
 475 038e 854B54EC 		.ascii	"\205KT\354\272\265L\254f\0225\325\226L\032\325\275\376"
 475      BAB54CAC 
 475      661235D5 
 475      964C1AD5 
 475      BDFE
 476 03a0 E035BAD7 		.ascii	"\3405\272\327\275XX\233J\304\022\3306\013O\361}\224"
 476      BD58589B 
 476      4AC412D8 
 476      360B4FF1 
 476      7D94
 477 03b2 D0C225BC 		.ascii	"\320\302%\274\207\305\336e\233\246j\300]m\242\234\010"
 477      87C5DE65 
 477      9BA66AC0 
 477      5D6DA29C 
 477      08
 478 03c3 4E2B13E8 		.ascii	"N+\023\350\261\253\372\364\322\002=\244\002=P\004\312"
 478      B1ABFAF4 
 478      D2023DA4 
 478      023D5004 
 478      CA
 479 03d4 7F3ED611 		.ascii	"\177>\326\021\021P(\246\360\\`#a \264\250\314Z\202%"
 479      115028A6 
 479      F05C6023 
 479      6120B4A8 
 479      CC5A8225 
 480 03e8 6AA71235 		.ascii	"j\247\0225\035*\237\216\020\353\230DcU}\247\245\300"
 480      1D2A9F8E 
 480      10EB9844 
 480      63557DA7 
 480      A5C0
 481 03fa 7A31893C 		.ascii	"z1\211<\363\307\016\253\262u2\212-\365\336\037\365\342"
 481      F3C70EAB 
 481      B275328A 
 481      2DF5DE1F 
 481      F5E2
 482 040c 7D9A250D 		.ascii	"}\232%\015\325N\350\200}\331\2141Ex\224\272\300\310"
 482      D54EE880 
 482      7DD98C31 
 482      457894BA 
 482      C0C8
 483 041e BE4B91F4 		.ascii	"\276K\221\364q/\225#\373@$\004\344\350F9\210K\200'\230"
 483      712F9523 
 483      FB402404 
 483      E4E84639 
 483      884B8027 
 484 0433 F654D94F 		.ascii	"\366T\331O\354\233\210\016x\254~\023q\272\271\202\243"
 484      EC9B880E 
 484      78AC7E13 
 484      71BAB982 
 484      A3
 485 0444 D30BCE16 		.ascii	"\323\013\316\026\011Q%\351\241\222<R$\271\330;}%\234"
 485      095125E9 
 485      A1923C52 
 485      24B9D83B 
 485      7D259C
 486 0457 4B32BCAA 		.ascii	"K2\274\252P\366\340\031\226u$\012:T=:\202\365\360Q="
 486      50F6E019 
 486      9675240A 
 486      3A543D3A 
 486      82F5F051 
 487 046c 864EB65D 		.ascii	"\206N\266]\015\027;\227\326\243\265\276\264 D\313\245"
 487      0D173B97 
 487      D6A3B5BE 
 487      B42044CB 
 487      A5
 488 047d 71C139EF 		.ascii	"q\3019\357\243\\~W\270\364\324\035\036\326s.\003\356"
 488      A35C7E57 
 488      B8F4D41D 
 488      1ED6732E 
 488      03EE
 489 048f 15077364 		.ascii	"\025\007sd\027\346\255&a\320\253\222\351\015&\323O\311"
 489      17E6AD26 
 489      61D0AB92 
 489      E90D26D3 
 489      4FC9
 490 04a1 BCA8EDCC 		.ascii	"\274\250\355\314\024}\214\313\254\353\326>v\226H\361"
 490      147D8CCB 
 490      ACEBD63E 
 490      769648F1 
 491 04b1 8CCBA127 		.ascii	"\214\313\241'\015'\315&~i\344\375\357\245\201\321\327"
 491      0D27CD26 
 491      7E69E4FD 
 491      EFA581D1 
 491      D7
 492 04c2 BC635EA3 		.ascii	"\274c^\243\366n\030\\p7\014\005\356\206\303\362\251"
 492      F66E185C 
 492      70370C05 
 492      EE86C3F2 
 492      A9
 493 04d3 06339D0A 		.ascii	"\0063\235\012m0\300\226\274r\260\254S\012\354\203\347"
 493      6D30C096 
 493      BC72B0AC 
 493      530AEC83 
 493      E7
 494 04e4 CC58FDDD 		.ascii	"\314X\375\335\263^\243V\014\342S\305\030\241b\014+b"
 494      B35EA356 
 494      0CE253C5 
 494      18A1620C 
 494      2B62
 495 04f6 FCD35AD8 		.ascii	"\374\323Z\330`\346bt\237\215\014\210\201a\360L\025\343"
 495      60E66274 
 495      9F8D0C88 
 495      8161F04C 
 495      15E3
 496 0508 59B018A3 		.ascii	"Y\260\030\243D\014q\250\373\333\2660\262\311\310-\312"
 496      440C71A8 
 496      FBDBB630 
 496      B2C9C82D 
 496      CA
 497 0519 AEBDAF61 		.ascii	"\256\275\257a\014\213d\307-[s\334\004j\027\340O\014"
 497      0C8B64C7 
 497      2D5B73DC 
 497      046A17E0 
 497      4F0C
 498 052b FF83DE98 		.ascii	"\377\203\336\230\006j!?\310cj\336w\306\274\366\004="
 498      066A213F 
 498      C8636ADE 
 498      77C6BCF6 
 498      043D
 499 053d C7DD2BE5 		.ascii	"\307\335+\345<\003\2360\372ae\377K\370a-N7P_\221\004"
 499      3C039E30 
 499      FA6165FF 
 499      4BF8612D 
 499      4E37505F 
 500 0553 FCC2660A 		.ascii	"\374\302f\012/\234a\234\3160\201\356\277\264w\362\270"
 500      2F9C619C 
 500      CE3081EE 
 500      BFB477F2 
 500      B8
 501 0564 E64E26CF 		.ascii	"\346N&\317\344\207\374\253\320\352\353\217P\264\317"
 501      E487FCAB 
 501      D0EAEB8F 
 501      50B4CF
 502 0573 5BEA5E86 		.ascii	"[\352^\206\027\020N\244n\256\236\014\343\374f\337P\370"
 502      17104EA4 
 502      6EAE9E0C 
 502      E3FC66DF 
 502      50F8
 503 0585 F9147E2F 		.ascii	"\371\024~/\011?\250\350\355-\016\341AMo*A\375J\320$"
 503      093FA8E8 
 503      ED2D0EE1 
 503      414D6F2A 
 503      41FD4AD0 
 504 059a 0D9AF0F6 		.ascii	"\015\232\360\366\2754\362\240\272uJ\320\250\0224\005"
 504      BD34F2A0 
 504      BA754AD0 
 504      A8123405 
 505 05aa 6B057DEA 		.ascii	"k\005}\352\3568\2073=\336\360\361\326\355\253?\210\215"
 505      EE388733 
 505      3DDEF0F1 
 505      D6EDAB3F 
 505      888D
 506 05bc 15A4C4E4 		.ascii	"\025\244\304\344\370\014\275#\315\271ic\2343\336\236"
 506      F80CBD23 
 506      CDB96963 
 506      9C33DE9E 
 507 05cc 9C9E9A64 		.ascii	"\234\236\232dO\337\345\264\307g\244\256w\246\247\247"
 507      4FDFE5B4 
 507      C767A4AE 
 507      77A6A7A7 
 508 05dc A0DB9196 		.ascii	"\240\333\221\226i\377<1\361\275\214\324\255\351iI\037"
 508      69FF3C31 
 508      F1BD8CD4 
 508      ADE96949 
 508      1F
 509 05ed C6273836 		.ascii	"\306'86\307m\334\020\373\366\027\033\355)\216\004\342"
 509      C76DDC10 
 509      FBF6171B 
 509      ED298E04 
 509      E2
 510 05fe A2D169E8 		.ascii	"\242\321i\350\\\237\204^\373f\333&[\254\335\221\226"
 510      5C9F845E 
 510      FB66DB26 
 510      5BACDD91 
 510      96
 511 060f 9892B533 		.ascii	"\230\222\2653\311\236\351\334\211\360\3531\314\226,"
 511      C99EE9DC 
 511      89F0EB31 
 511      CC962C
 512 061e 18B2F039 		.ascii	"\030\262\3609vs\234\363U\233\315\236\222\220\345t\244"
 512      76739CF3 
 512      559BCD9E 
 512      9290E574 
 512      A4
 513 062f 64DA5377 		.ascii	"d\332Swo'\243-\221\322K&\364\2628#bH@\203\236\030\336"
 513      6F27A32D 
 513      91D24B26 
 513      F4B23823 
 513      62484083 
 514 0646 89739A09 		.ascii	"\211s\232\011\371\317\034\316\344m\361NgRFZH\334\373"
 514      F9CF1CCE 
 514      E46DF14E 
 514      6752465A 
 514      48DCFB
 515 0659 4852BF2B 		.ascii	"HR\277+\375\313\244\214\330\015F\214\316tf$\356\332"
 515      FDCBA48C 
 515      D80D468C 
 515      CE746624 
 515      EEDA
 516 066b FD2F7335 		.ascii	"\375/s5E\026"
 516      4516
 517              		.text
 518              		.section	.gnu.lto_.symtab.1e46ecc84a417a8a,"",%progbits
 519 0000 6D795F69 		.ascii	"my_itoa\000"
 519      746F6100 
 520 0008 00       		.ascii	"\000"
 521 0009 00       		.ascii	"\000"
 522 000a 00       		.ascii	"\000"
 523 000b 00000000 		.ascii	"\000\000\000\000\000\000\000\000"
 523      00000000 
 524 0013 C2000000 		.ascii	"\302\000\000\000"
 525 0017 6D795F68 		.ascii	"my_htoa\000"
 525      746F6100 
 526 001f 00       		.ascii	"\000"
 527 0020 00       		.ascii	"\000"
 528 0021 00       		.ascii	"\000"
 529 0022 00000000 		.ascii	"\000\000\000\000\000\000\000\000"
 529      00000000 
 530 002a CC000000 		.ascii	"\314\000\000\000"
 531 002e 6D795F62 		.ascii	"my_btoa\000"
 531      746F6100 
 532 0036 00       		.ascii	"\000"
 533 0037 00       		.ascii	"\000"
 534 0038 00       		.ascii	"\000"
 535 0039 00000000 		.ascii	"\000\000\000\000\000\000\000\000"
 535      00000000 
 536 0041 D6000000 		.ascii	"\326\000\000\000"
 537 0045 69746F61 		.ascii	"itoaWithPattern\000"
 537      57697468 
 537      50617474 
 537      65726E00 
 538 0055 00       		.ascii	"\000"
 539 0056 00       		.ascii	"\000"
 540 0057 00       		.ascii	"\000"
 541 0058 00000000 		.ascii	"\000\000\000\000\000\000\000\000"
 541      00000000 
 542 0060 E0000000 		.ascii	"\340\000\000\000"
 543 0064 706F7765 		.ascii	"power10\000"
 543      72313000 
 544 006c 00       		.ascii	"\000"
 545 006d 00       		.ascii	"\000"
 546 006e 00       		.ascii	"\000"
 547 006f 00000000 		.ascii	"\000\000\000\000\000\000\000\000"
 547      00000000 
 548 0077 E4000000 		.ascii	"\344\000\000\000"
 549 007b 6D795F73 		.ascii	"my_strcpy\000"
 549      74726370 
 549      7900
 550 0085 00       		.ascii	"\000"
 551 0086 00       		.ascii	"\000"
 552 0087 00       		.ascii	"\000"
 553 0088 00000000 		.ascii	"\000\000\000\000\000\000\000\000"
 553      00000000 
 554 0090 EC000000 		.ascii	"\354\000\000\000"
 555              		.text
 556              		.section	.gnu.lto_.opts,"",%progbits
 557 0000 272D666D 		.ascii	"'-fmath-errno' '-fsigned-zeros' '-ftrapping-math' '"
 557      6174682D 
 557      6572726E 
 557      6F272027 
 557      2D667369 
 558 0033 2D666E6F 		.ascii	"-fno-trapv' '-fno-strict-overflow' '-fno-openmp' '-"
 558      2D747261 
 558      70762720 
 558      272D666E 
 558      6F2D7374 
 559 0066 666E6F2D 		.ascii	"fno-openacc' '-dD' '-mcpu=cortex-m4' '-mthumb' '-mf"
 559      6F70656E 
 559      61636327 
 559      20272D64 
 559      44272027 
 560 0099 6C6F6174 		.ascii	"loat-abi=soft' '-g3' '-O0' '-fmessage-length=0' '-f"
 560      2D616269 
 560      3D736F66 
 560      74272027 
 560      2D673327 
 561 00cc 7369676E 		.ascii	"signed-char' '-ffunction-sections' '-fdata-sections"
 561      65642D63 
 561      68617227 
 561      20272D66 
 561      66756E63 
 562 00ff 2720272D 		.ascii	"' '-flto' '-fno-move-loop-invariants'\000"
 562      666C746F 
 562      2720272D 
 562      666E6F2D 
 562      6D6F7665 
 563              		.text
 564              		.comm	__gnu_lto_v1,1,1
 565              		.comm	__gnu_lto_slim,1,1
 566              		.ident	"GCC: (GNU Tools for ARM Embedded Processors 6-2017-q2-update) 6.3.1 20170620 (release) [AR
DEFINED SYMBOLS
                            *ABS*:0000000000000000 myUtils.c
                            *COM*:0000000000000001 __gnu_lto_v1
                            *COM*:0000000000000001 __gnu_lto_slim

NO UNDEFINED SYMBOLS
