   1              		.cpu cortex-m4
   2              		.eabi_attribute 20, 1
   3              		.eabi_attribute 21, 1
   4              		.eabi_attribute 23, 3
   5              		.eabi_attribute 24, 1
   6              		.eabi_attribute 25, 1
   7              		.eabi_attribute 26, 1
   8              		.eabi_attribute 30, 6
   9              		.eabi_attribute 34, 1
  10              		.eabi_attribute 18, 4
  11              		.file	"_cxx.cpp"
  12              		.text
  13              	.Ltext0:
  14              		.section	.gnu.lto_.inline.93743b9b2accbcd,"",%progbits
  15 0000 789C6365 		.ascii	"x\234ce`b\320c@\000&\006\006f.0\305\300\002&\031\030"
  15      6062D063 
  15      40002606 
  15      06662E30 
  15      C5C00226 
  16 0016 B9C0C2D8 		.ascii	"\271\300\302\330D\031\000\022\370\000z"
  16      44190012 
  16      F8007A
  17              		.text
  18              		.section	.gnu.lto__ZN9__gnu_cxx27__verbose_terminate_handlerEv.93743b9b2accbcd,"",%progbits
  19 0000 789C6D91 		.ascii	"x\234m\221\333KTQ\024\306\327w\326\271h\027\361)L\206"
  19      DB4B5451 
  19      14C6D777 
  19      D6B96817 
  19      F1294C86 
  20 0014 2C681EA6 		.ascii	",h\036\246\2079\377@\020\3647\364\036v\034r\310D\234"
  20      8739FF40 
  20      10F437F4 
  20      1E761C72 
  20      C8449C
  21 0027 227B9AED 		.ascii	"\"{\232\355\214\246(\244\017\245\315\344p\222\011\324"
  21      8CA628A4 
  21      0FA5CDE4 
  21      709209D4 
  22 0037 AC192FF5 		.ascii	"\254\031/\3650OMFaDD\276E\017AA\321\205\242\232@\004"
  22      304F4D46 
  22      614444BE 
  22      450F4141 
  22      D185A29A 
  23 004d B5B5B75D 		.ascii	"\265\265\267]\004\333p\016\354\275~\373[\337\372\266"
  23      04DB700E 
  23      ECBD7EFB 
  23      5BDFFAB6 
  24 005d 4316C52C 		.ascii	"C\026\305,\242\343D\324$\037\331\004\331\302\002\313"
  24      A2E344D4 
  24      241FD904 
  24      D9C202CB 
  25 006d 9F0994B6 		.ascii	"\237\011\224\266\030i\214\3608ci\340]\305\212M)Y\325"
  25      18698CF0 
  25      386369E0 
  25      5DC58A4D 
  25      2959D5
  26 0080 F1DAD1AC 		.ascii	"\361\332\321\254\352o\012\005\3131\231\205)\304H\260"
  26      EA6F0A05 
  26      CB319985 
  26      29C448B0 
  27 0090 37F31B57 		.ascii	"7\363\033W\367\272v\361O\011\323p!\312r \325\027}s\023"
  27      F7BA76F1 
  27      4F09D370 
  27      21CA7220 
  27      D5177D73 
  28 00a5 7C994306 		.ascii	"|\231C\006l\331~{\226\177\333\240\267\026\016\352\026"
  28      6CD97E7B 
  28      967FDBA0 
  28      B7160EEA 
  28      16
  29 00b6 8FAF973D 		.ascii	"\217\257\227=>\004M\016\376|Y\332\023-*\225Q\325\211"
  29      3E044D0E 
  29      FE7C59DA 
  29      132D2A95 
  29      51D589
  30 00c9 FD37328D 		.ascii	"\37572\215!3f\301\"\212[\210`\006\221\255\276\267\021"
  30      213366C1 
  30      228A5B88 
  30      600691AD 
  30      BEB711
  31 00dc 15FCFBD7 		.ascii	"\025\374\373\327k\353\2735>\252\252\313\017\254ee\207"
  31      6BEBBB35 
  31      3EAAAACB 
  31      0FAC6565 
  31      87
  32 00ed 6CD30EF8 		.ascii	"l\323\016\370\316\016\370\365\315c\223\305KC\243\275"
  32      CE0EF8F5 
  32      CD6393C5 
  32      4B43A3BD 
  33 00fd 75FFBD50 		.ascii	"u\377\275PB\264\274\202\252\332\330\034\220\261\367"
  33      42B4BC82 
  33      AADAD81C 
  33      90B1F7
  34 010c 2D5E6971 		.ascii	"-^iq\331\364\264Ix\307(\022\015\231\020\206Y\302\343"
  34      D9F4B449 
  34      78C72812 
  34      0D991086 
  34      59C2E3
  35 011f 0FC8AC79 		.ascii	"\017\310\254yT`\235\331X\377\322sO\317\347\230\231\262"
  35      54609DD9 
  35      58FFD273 
  35      4FCFE798 
  35      99B2
  36 0131 6BF77F34 		.ascii	"k\367\1774\244\327\225\004\347\350\200\364\331\223\374"
  36      A4D79504 
  36      E7E880F4 
  36      D993FC
  37 0140 EC991085 		.ascii	"\354\231\020\205^\231\317\305\234\204]\326\255\245\260"
  37      5E99CFC5 
  37      9C845DD6 
  37      ADA5B0
  38 014f F971A154 		.ascii	"\371q\241T\377\033\306<B\350$\011\013H\223\264\250\255"
  38      FF1BC63C 
  38      42E82409 
  38      0B4893B4 
  38      A8AD
  39 0161 3EAD8D34 		.ascii	">\255\2154\377\315\273o\353YV\017\263\366fLi<\307\330"
  39      FFCDBB6F 
  39      EB59560F 
  39      B3F6664C 
  39      693CC7D8 
  40 0175 F6268445 		.ascii	"\366&\204EQ \334\205[`\033G\"\306\263\370\340\367\000"
  40      5120DC85 
  40      5B601B47 
  40      22C6B3F8 
  40      E0F700
  41 0188 E58515E1 		.ascii	"\345\205\025\341\225]\342\335\221:}Bv\360\321\227\207"
  41      955DE2DD 
  41      913A7D42 
  41      76F0D197 
  41      87
  42 0199 6CFA8A4A 		.ascii	"l\372\212J\245\362\371\225'\206$(/\247G\305=\361\022"
  42      A5F2F995 
  42      27862428 
  42      2FA747C5 
  42      3DF112
  43 01ac 721DE900 		.ascii	"r\035\351\000`\362:\020\217\373\251\213\251s\211\263"
  43      60F23A10 
  43      8FFBA98B 
  43      A97389B3 
  44 01bc 7EAA3BF0 		.ascii	"~\252;\360;\023\027:\222\247\374\223AOO<\350\352\"\244"
  44      3B13173A 
  44      92A7FC93 
  44      414F4F3C 
  44      E8EA22A4 
  45 01d0 5AFE01C9 		.ascii	"Z\376\001\311\316\240\343|[\302oK\266\236\366Ot\267"
  45      CEA0E37C 
  45      5BC26F4B 
  45      B69EF64F 
  45      74B7
  46 01e2 0689783B 		.ascii	"\006\211x;\375\002\366\360\275*"
  46      FD02F6F0 
  46      BD2A
  47              		.text
  48              		.section	.gnu.lto__ZZN9__gnu_cxx27__verbose_terminate_handlerEvE8__func__.93743b9b2accbcd,"",%prog
  49 0000 789C6365 		.ascii	"x\234ce`b\020e``\220c\200\200\351\314\214\335\213\367"
  49      60621065 
  49      60609063 
  49      8080E9CC 
  49      8CDD8BF7 
  50 0014 3EE15664 		.ascii	">\341Vd\232\337\3001\237\231\201\201q9\243\"\203L||"
  50      9ADFC031 
  50      9F998181 
  50      7139A322 
  50      834C7C7C 
  51 0028 596A5152 		.ascii	"YjQR~qj|IjQnf^bIj|Fb^JNj\021\003\000\300\353\021\233"
  51      7E716A7C 
  51      496A516E 
  51      665E6249 
  51      6A7C4662 
  52              		.text
  53              		.section	.gnu.lto___cxa_pure_virtual.93743b9b2accbcd,"",%progbits
  54 0000 789C6D91 		.ascii	"x\234m\221\315KTQ\030\306\337\347\276\367\303\276\244"
  54      CD4B5451 
  54      18C6DFE7 
  54      BEF7C3BE 
  54      A4
  55 0011 95580C7D 		.ascii	"\225X\014},f1.\346\256[\011\375\015\355\305\256C\015"
  55      2C66312E 
  55      E6AE5B09 
  55      FD0DEDC5 
  55      AE430D
  56 0024 99885364 		.ascii	"\231\210Sd\2539\216\232b\240.2\233\311\341\026\023X"
  56      AB398E9A 
  56      62A02E32 
  56      9BC9E116 
  56      1358
  57 0036 59336A0A 		.ascii	"Y3j\012\315\252I0\214\210\320]\264\010\022\214>(L\203"
  57      CDAA4930 
  57      8C88D05D 
  57      B408128C 
  57      3E284C83 
  58 004a 10FC78CF 		.ascii	"\020\374x\31715\260\003\367\3029\357\357<\357\363>\307"
  58      3135B003 
  58      F7C239EF 
  58      EF3CEFF3 
  58      3EC7
  59 005c 218B6216 		.ascii	"!\213b\026\321Y\"\252\225\217l\202la\201\345\317\004"
  59      D15922AA 
  59      958F6C82 
  59      6C6181E5 
  59      CF04
  60 006e 4A5B8C34 		.ascii	"J[\2144\006x\2301\323\263T\266b\243JVex\352LFu\327\206"
  60      06789831 
  60      D3B354B6 
  60      62A34A56 
  60      6578EA4C 
  61 0086 826599CC 		.ascii	"\202e\231\314\302(b$\330\247\211\215\241#\256]\330)"
  61      C2286224 
  61      D8A7898D 
  61      A123AE5D 
  61      D829
  62 0098 E1215C88 		.ascii	"\341!\\\210\262\034Hu\276k|\204\3739d\300\226\355\362"
  62      B21C4875 
  62      BE6B7C84 
  62      FB3964C0 
  62      96EDF2
  63 00ab DBDC62B5 		.ascii	"\333\334b\265\336Z8\245[\274\272[\362\37044\331\373"
  63      DE5A38A5 
  63      5BBCBA5B 
  63      F2F83434 
  63      D9FB
  64 00bd FB7DF170 		.ascii	"\373}\361p\264\240TFUF\216\335\313\034\015\2311\006"
  64      B4A05446 
  64      55468EDD 
  64      CB1C0D99 
  64      3106
  65 00cf 16513C46 		.ascii	"\026Q<F\004\217\020\331\356\373\004Q\301\177\375\274"
  65      048F10D9 
  65      EEFB0451 
  65      C17FFDBC 
  66 00df B37E48E3 		.ascii	"\263~H\343\203\2522\367\322\232Sv\3106\355\203\237\356"
  66      83AA32F7 
  66      D29A5376 
  66      C836ED83 
  66      9FEE
  67 00f1 833F3EA8 		.ascii	"\203?>\250\277_\270\3217\330Q\365\337\013EDK\013\250"
  67      BF5FB8D1 
  67      37D851F5 
  67      DF0B4544 
  67      4B0BA8
  68 0104 A88DCD1E 		.ascii	"\250\215\315\036\031\273f\372\226\357\262\351i\223\360"
  68      19BB66FA 
  68      96EFB2E9 
  68      6993F0
  69 0113 8E5124EA 		.ascii	"\216Q$\3523!\334d\011\217\277 \263\346Q\236uf\267\273"
  69      3321DC64 
  69      098FBF20 
  69      B3E6519E 
  69      7566B7BB 
  70 0127 67DE797A 		.ascii	"g\336yz>\307\314\324\271\366b\245:\275\256$8G\007\244"
  70      3EC7CCD4 
  70      B9F662A5 
  70      3ABDAE24 
  70      384707A4 
  71 013b CF5EE7C6 		.ascii	"\317^\347\306.\205\310w\310|.\306%\354\222n-\205\315"
  71      2E85C877 
  71      C87C2EC6 
  71      25EC926E 
  71      2D85CD
  72 014e AF93C503 		.ascii	"\257\223\305\003\177aL \204N\2220\2114I\213\325?oV\007"
  72      7F614C20 
  72      844E9230 
  72      8934498B 
  72      D53F6F56 
  73 0163 8EEFE6DD 		.ascii	"\216\357\346\335\265\375,\317\243\254\275\031S\032\317"
  73      B5FD2CCF 
  73      A3ACBD19 
  73      531ACF
  74 0172 32FE7913 		.ascii	"2\376y\023\3023Q L\301\315\263\215\272\210\361,>\370"
  74      C2335120 
  74      4CC1CDB3 
  74      8DBA88F1 
  74      2C3EF8
  75 0185 33403961 		.ascii	"3@9aEx\341\240xw\244N\337\320\331;\373c\226M_Q)\227"
  75      4578E1A0 
  75      7877A44E 
  75      DFD0D93B 
  75      FB63964D 
  76 019d BF7FF0C4 		.ascii	"\277\177\360\304\220\004\345e\365\250\230\026/!W\221"
  76      9004E565 
  76      F5A89816 
  76      2F215791 
  77 01ad 0E0026AF 		.ascii	"\016\000&\257\023\361\270\237\272\236\272\222\270\354"
  77      13F1B89F 
  77      BA9EBA92 
  77      B8EC
  78 01bb A7DA02BF 		.ascii	"\247\332\002\277%q\2559y\336o\010\332\333\343Ak+!ur"
  78      2571AD39 
  78      79DE6F08 
  78      DADBE341 
  78      6B2B2175 
  79 01d0 0F48B604 		.ascii	"\017H\266\004\315W\233\022~S\262\361\202\177\256\255"
  79      CD579B12 
  79      7E53B2F1 
  79      827FAEAD 
  80 01e0 3148C42F 		.ascii	"1H\304/\322\026A\"\274\273"
  80      D2164122 
  80      BCBB
  81              		.text
  82              		.section	.gnu.lto_.symbol_nodes.93743b9b2accbcd,"",%progbits
  83 0000 789C6365 		.ascii	"x\234ce`b\010a\000\002&\256z\006\206\011\347\030\030"
  83      60620861 
  83      000226AE 
  83      7A068609 
  83      E71818
  84 0013 80D4AE46 		.ascii	"\200\324\256FG\006\006V\036\206\006%\006\006f&\356z"
  84      47060656 
  84      1E860625 
  84      06066626 
  84      EE7A
  85 0025 4654093E 		.ascii	"FT\011>F\260\004#o=\023X\202\201\241\241\301\001(\300"
  85      46B00423 
  85      6F3D1358 
  85      8281A1A1 
  85      C10128C0 
  86 0039 C0C2B0E4 		.ascii	"\300\302\260\344\341?Gf&\010\315\000\000\311\277\022"
  86      E13F4766 
  86      2608CD00 
  86      00C9BF12 
  87 0049 5A       		.ascii	"Z"
  88              		.text
  89              		.section	.gnu.lto_.refs.93743b9b2accbcd,"",%progbits
  90 0000 789C6365 		.ascii	"x\234ce`b\340f```d`bdddbbfd\000\000\001\210\000!"
  90      6062E066 
  90      60606064 
  90      60626464 
  90      64626266 
  91              		.text
  92              		.section	.gnu.lto_.decls.93743b9b2accbcd,"",%progbits
  93 0000 789CAD55 		.ascii	"x\234\255UoLSW\024\177\247\257jy\324j\320-&6\0235n&"
  93      6F4C5357 
  93      147FA7AF 
  93      6A79D46A 
  93      D02D2636 
  94 0018 CC3EC045 		.ascii	"\314>\300E\334\247\271\030\263}\231\363\203\363\203"
  94      DCA7B918 
  94      B37D99F3 
  94      83F383
  95 0027 5F5EDAF2 		.ascii	"_^\332\362\204&\264emA\315\276\\\376\014\031D\203\016"
  95      8426B465 
  95      6D41CDBE 
  95      5CFE0C19 
  95      44830E
  96 003a FF6044EB 		.ascii	"\377`D\353:\207\240\200\202\242\"l\005e\212\002b'\202"
  96      3A87A080 
  96      82A2226C 
  96      05658A02 
  96      622782
  97 004d 53A0FEDB 		.ascii	"S\240\376\333\246\3332\304E\211S\331\271\367\275\322"
  97      A6DB32C4 
  97      458953D9 
  97      B9F7BDD2 
  98 005d 528564C9 		.ascii	"R\205d\311nz\332{\356\375\235\337\371s\357=\235\302"
  98      6E7ADA7B 
  98      EEFD9DDF 
  98      F973EF3D 
  98      9DC2
  99 006f 69B89C69 		.ascii	"i\270\234i\034\227\250\3418=p\334(\016-\307q\325\\x"
  99      1C97A8E1 
  99      383D70DC 
  99      280E2DC7 
  99      71D55C78 
 100 0083 F028F528 		.ascii	"\360(\365(\015(\215(\010\345:Pz\270\361#\015\355c\360"
 100      0D288D28 
 100      08E53A50 
 100      7AB8F123 
 100      0DED63F0 
 101 0097 771D4A1C 		.ascii	"w\035J\034\312l\224\353(kPzQ.\243\364\241\324E\361\016"
 101      CA6C94EB 
 101      286B507A 
 101      512EA3F4 
 101      A1D445F1 
 102 00ac 44F10E46 		.ascii	"D\361\016F\361\226!/\250\366\023\015\373$\276\203(\201"
 102      F196212F 
 102      A8F6130D 
 102      FB24BE83 
 102      2881
 103 00be D7F86E88 		.ascii	"\327\370n\210\362M\363\271\035\305\273\233\207\257\366"
 103      F24DF3B9 
 103      1DC5BB9B 
 103      87AFF6
 104 00cd 57BE8001 		.ascii	"W\276\200\001\270EC\000:\224h\"\006UGC\203n+\373\232"
 104      B8454300 
 104      3A946822 
 104      06554743 
 104      836E2BFB 
 105 00e2 D09E028A 		.ascii	"\320\236\002\2122\342T \312x`h7\2221\274\314\002`AD"
 105      32E25420 
 105      CA786068 
 105      379231BC 
 105      CC026041 
 106 00f7 5AA82AFB 		.ascii	"Z\250*\373h \274\020\271\031I\250f\001\257\011+\\\037"
 106      6820BC10 
 106      B91949A8 
 106      6601AF09 
 106      2B5C1F
 107 010a 96FDA3B2 		.ascii	"\226\375\243\262\216_\204A\350\2478\357\012`k;\212\357"
 107      8E5F8441 
 107      E8A738EF 
 107      0A606B3B 
 107      8AEF
 108 011c 056278F4 		.ascii	"\005bx\364\203\363\003\355w\016\352y\221\315\037\374"
 108      83F303ED 
 108      770EEA79 
 108      91CD1FFC 
 109 012c 76EDE60C 		.ascii	"v\355\346\014\255\206\203*\340\025\353\275\027}[\364"
 109      AD86832A 
 109      E015EBBD 
 109      177D5BF4 
 110 013c A6A34419 		.ascii	"\246\243D\031\272M\341\252\216\214\036\3725\206_\231"
 110      BA4DE1AA 
 110      8E8C1EFA 
 110      35865F99 
 111 014c 43E2A9D6 		.ascii	"C\342\251\326_Y=\254M\250$^B\374\177\225\275\335\324"
 111      5F593DAC 
 111      4DA8245E 
 111      42FC7F95 
 111      BDDDD4
 112 015f 40483CAC 		.ascii	"@H<\254{\023\252\201\207\243`\032\263\272\347\357;9"
 112      7B13AA81 
 112      87A3601A 
 112      B3BAE7EF 
 112      3B39
 113 0171 9D6F07D5 		.ascii	"\235o\007\325\254m\364\251\177\3066\036\342\004\320"
 113      AC6DF4A9 
 113      7FC6361E 
 113      E204D0
 114 0180 A01A18EA 		.ascii	"\240\032\030\352(\217Eu\266\0003\251\213\234\236\026"
 114      288F4575 
 114      B60033A9 
 114      8B9C9E16 
 115 0190 61CE2EE6 		.ascii	"a\316.\346:\217\314\324P\302\343`\204c`\304\274\353"
 115      3A8FCCD4 
 115      50C2E360 
 115      846360C4 
 115      BCEB
 116 01a2 600E7E5B 		.ascii	"`\016~[\264\012q\300\027x ,\360\022o\013\006\320\264"
 116      B40A71C0 
 116      1778202C 
 116      F0126F0B 
 116      06D0B4
 117 01b5 B8BE8E90 		.ascii	"\270\276\216\220/\321LKaP\213Q\324@\002\302\217\200"
 117      2FD14C4B 
 117      61508B51 
 117      D44002C2 
 117      8F80
 118 01c7 162A6972 		.ascii	"\026*irp\030\006\001*\360^pP\017\013\220!\277\304wZ"
 118      70180601 
 118      2AF05E70 
 118      500F0B90 
 118      21BFC477 
 119 01dc CFE76B26 		.ascii	"\317\347k&\250DwQ\371'*\177`'OJ\221|&#?\021J\021N\""
 119      A8447751 
 119      F9272A7F 
 119      60274F4A 
 119      917C2623 
 120 01f6 F98968F2 		.ascii	"\371\211h\362\006F~\361\2457'\206\337\255\220\227\325"
 120      06467EF1 
 120      A5372786 
 120      DFAD9097 
 120      D5
 121 0207 6EAD34F0 		.ascii	"n\2554\360\345\212\362pg\325\025\003\365t:\344id\313"
 121      E58AF270 
 121      67D51503 
 121      F5743AE4 
 121      6964CB
 122 021a F3520DBA 		.ascii	"\363R\015\272\012\346\020\177o\347\262=5\005\3765,]"
 122      0AE6107F 
 122      6FE7B23D 
 122      3505FE35 
 122      2C5D
 123 022c 3835E6EA 		.ascii	"85\346\352\014\272:\005\312!C#sq\260#\330\304\363\317"
 123      0CBA3A05 
 123      CA214323 
 123      7371B023 
 123      D8C4F3CF 
 124 0240 14D6D3CD 		.ascii	"\024\326\323\315\177&+u5\242\326\330\377\310\257\326"
 124      7F262B75 
 124      35A2D6D8 
 124      FFC8AFD6 
 125 0250 350814DA 		.ascii	"5\010\024\332\371x\227\300\327\361\014z\270\255\365"
 125      F97897C0 
 125      D7F10C7A 
 125      B8ADF5
 126 025f 1428D8B9 		.ascii	"\024(\330\271\250^\315?\266\217WT-\275>\235{\357\032"
 126      A85ECD3F 
 126      B68F5754 
 126      2DBD3E9D 
 126      7BEF1A
 127 0272 14D37854 		.ascii	"\024\323xT\253\013\377\350\320\011\205\364DJ\362H\314"
 127      AB0BFFE8 
 127      D00985F4 
 127      444AF248 
 127      CC
 128 0283 C714D682 		.ascii	"\307\024\326\202G\342gG\322\012\002~\213F\370\001UD"
 128      47E26747 
 128      D20A027E 
 128      8B46F801 
 128      5544
 129 0295 77551C2A 		.ascii	"wU\034*\025\370\263\212\237\236\221\346gz\276\231)\332"
 129      15F8B38A 
 129      9F9E91E6 
 129      677ABE99 
 129      29DA
 130 02a7 B2829EE3 		.ascii	"\262\202\236\343SA0\002,Fa|C\337\020~\016\007K\215\220"
 130      53413002 
 130      2C46617C 
 130      43DF107E 
 130      0E074B8D 
 131 02bc 68E4E002 		.ascii	"h\344\340\002,\2066F\367#\322_D\276\275\204\302\256"
 131      2C863646 
 131      F723D25F 
 131      44BEBD84 
 131      C2AE
 132 02ce 025BFE8E 		.ascii	"\002[\376\216Z\340i\3508\252\302\371P)\316\321\011C"
 132      5AE069E8 
 132      38AAC2F9 
 132      5029CED1 
 132      0943
 133 02e0 0E7DC080 		.ascii	"\016}\300\200\350\370I\335\266\341\351q%,fz-\231E3\262"
 133      E8F849DD 
 133      B6E1E971 
 133      252C667A 
 133      2D994533 
 134 02f5 36B1A0DB 		.ascii	"6\261\240\333!.\024:{\017m\376\013\032A\215\250p\322"
 134      212E143A 
 134      7B0F6DFE 
 134      0B1A418D 
 134      A870D2
 135 0308 88105DDA 		.ascii	"\210\020]\3322R;#\222\373\322d\334\333w4~\315/\362\221"
 135      32523B23 
 135      92FBD264 
 135      DCDB7734 
 135      7ECD2FF2 
 136 031d 6E3FBDA4 		.ascii	"n?\275\244\211y\207HaI\216\016.C\034|\217G\213\3670"
 136      89798748 
 136      61498E0E 
 136      2E431C7C 
 136      8F478BF7 
 137 0332 C2F62CAE 		.ascii	"\302\366,\256\254\305{\321\001\213\320\364x\360y\223"
 137      ACC57BD1 
 137      018BD0F4 
 137      78F07993 
 138 0342 56399638 		.ascii	"V9\2268z?k\3167\032&<\207\256\3209t*Q\376}\246\340\231"
 138      7A3F6BCE 
 138      371A263C 
 138      87AED039 
 138      742A51FE 
 139 035a 41319E85 		.ascii	"A1\236\205j{\356\326\012\275r\246{\350ux\334wv\313\264"
 139      6A7BEED6 
 139      0ABD72A6 
 139      7BE87578 
 139      DC7776CB 
 140 036f E8027523 		.ascii	"\350\002u#\333\025\306v\225%\321\025J\242\242\266`G"
 140      DB15C676 
 140      9525D115 
 140      4AA2A2B6 
 140      6047
 141 0381 6C74CA13 		.ascii	"lt\312\023\242\357?\254\037\322\317o\345\017\020\035"
 141      A2EF3FAC 
 141      1FD2CF6F 
 141      E50F101D 
 142 0391 04700B97 		.ascii	"\004p\013\227|\345\305Gb\371\353\312\255xz\255\351\205"
 142      7CE5C547 
 142      62F9EBCA 
 142      AD787AAD 
 142      E985
 143 03a3 4E2DC99D 		.ascii	"N-\311\2357r\277%\032\012c\345\300\227\023\301{\015"
 143      3772BF25 
 143      1A0A63E5 
 143      C09713C1 
 143      7B0D
 144 03b5 577E82F9 		.ascii	"W~\202\371\034\364\260z\324\374\236\373P\320\027\021"
 144      1CF4B07A 
 144      D4FC9EFB 
 144      50D01711 
 145 03c5 92AB1680 		.ascii	"\222\253\026\200F\021\256\300u\320\263\373\200\277\364"
 145      4611AEC0 
 145      75D0B3FB 
 145      80BFF4
 146 03d4 1F20B7ED 		.ascii	"\037 \267\355\202!\022L+\036\006\367\252\340^\006\036"
 146      8221124C 
 146      2B1E06F7 
 146      AAE05E06 
 146      1E
 147 03e5 1CE91DD0 		.ascii	"\034\351\035\320G\202\351\313\013\203\373Tp\037\003"
 147      4782E9CB 
 147      0B83FB54 
 147      701F03
 148 03f4 DFBDD4F6 		.ascii	"\337\275\324\366\016?\242\244RU\275\377\230\201\317"
 148      0E3FA2A4 
 148      5255BDFF 
 148      9881CF
 149 0403 D332A5B8 		.ascii	"\3232\245\270\365\334\276\251\364Y\377\034z\326]\305"
 149      F5DCBEA9 
 149      F459FF1C 
 149      7AD65DC5 
 150 0413 DBEFC7E2 		.ascii	"\333\357\307\342\012\013\212\366-\\\363\036\250}2\256"
 150      0A0B8AF6 
 150      2D5CF31E 
 150      A87D32AE 
 151 0423 C3AD1122 		.ascii	"\303\255\021\":\\?\353p\267@mq^\362\242b\012\355\013"
 151      3A5C3FEB 
 151      70B7406D 
 151      715EF2A2 
 151      620AED0B 
 152 0437 41E2BF52 		.ascii	"A\342\277R\304\377\343\273GHQ)\311\207\331\024\0117"
 152      C4FFE3BB 
 152      47485129 
 152      C987D914 
 152      0937
 153 0449 C69AC34D 		.ascii	"\306\232\303Ml\0167\242\373\320\000k\022'n>}),<H\375"
 153      6C0E37A2 
 153      FBD0006B 
 153      12276E3E 
 153      7D292C3C 
 154 045f F987E791 		.ascii	"\371\207\347\221B\035\366T\326\000\225\3473\010\013"
 154      421DF654 
 154      D60095E7 
 154      33080B
 155 046e 11D4D43D 		.ascii	"\021\324\324=\354\233\032Y\201\300\270r\005\325\012"
 155      EC9B1A59 
 155      81C0B872 
 155      05D50A
 156 047d 0459056E 		.ascii	"\004Y\005n\354\177\374@\2572\222\025\300\370\032B|\267"
 156      EC7FFC40 
 156      AF329215 
 156      C0F81A42 
 156      7CB7
 157 048f 6121F7AE 		.ascii	"a!\367\256\264~\365\373\222\224\346\310\222\254\233"
 157      B47EF5FB 
 157      9294E6C8 
 157      92AC9B
 158 049e 3625A748 		.ascii	"6%\247HR\266\354\2628\335\262\344\221]v\233\303\354"
 158      52B6ECB2 
 158      38DDB2E4 
 158      915D769B 
 158      C3EC
 159 04b0 91A574B3 		.ascii	"\221\245t\263#5Cv\255\312\3269\234.\331\223\345r\010"
 159      23354376 
 159      ADCAD639 
 159      9C2ED993 
 159      E57208
 160 04c3 1FADFE2C 		.ascii	"\037\255\376,~eBB\322{\\\314\230\361\027b\272\323.\213"
 160      7E654242 
 160      D27B5CCC 
 160      98F11762 
 160      BAD32E8B 
 161 04d7 CE4C8F68 		.ascii	"\316L\217hv\331\227x\234\316\014k\272\331\346p\213i"
 161      76D99778 
 161      9CCE0C6B 
 161      BAD9E670 
 161      8B69
 162 04e9 56EB872E 		.ascii	"V\353\207.\373j\247C^e\266\330\226I\311\211I)\237'3"
 162      FB6AA743 
 162      5E65B6D8 
 162      9649C989 
 162      49299F27 
 163 04fe 94031797 		.ascii	"\224\003\027\227\310\270*\332\034\326\214\254TY\264"
 163      C8B82ADA 
 163      1CD68CAC 
 163      5459B4
 164 050d 262488CB 		.ascii	"&$\210\313LKMIQ\373\236\364,\273E\314N\221\227\330E"
 164      4C4B4D49 
 164      51FB9EF4 
 164      2CBB45CC 
 164      4E9197D8 
 165 0522 8BCDE3A6 		.ascii	"\213\315\343\246@\253\323\261\301\226fJ\347\346N\022"
 165      40ABD3B1 
 165      C196664A 
 165      E7E64E12 
 166 0532 F75B2693 		.ascii	"\367[&\223\350\336\354\366\310v\321\355\262\212\016"
 166      E8DEECF6 
 166      C876D1ED 
 166      B28A0E
 167 0541 796386CD 		.ascii	"yc\206\315\"\322\210M\326\314L.N\302\251Y\312\314r\311"
 167      22D2884D 
 167      D6CC4C2E 
 167      4EC2A959 
 167      CACC72C9 
 168 0555 52B6CDE5 		.ascii	"R\266\315\345\3112gL1[\234.\217^\222B\371J\322\247\377"
 168      C932674C 
 168      315B9C2E 
 168      8F5E9242 
 168      F94AD2A7 
 169 056a 4F726E4F 		.ascii	"OrnO*:\307\200S\244\365\377\241\360\253\226K\322\206"
 169      2A3AC780 
 169      53A4F5FF 
 169      A1F0AB96 
 169      4BD286
 170 057d 2C875592 		.ascii	",\207U\222t\241\011X\265\030\200k\326\253\321s\363\221"
 170      74A10958 
 170      B518806B 
 170      D6ABD173 
 170      F391
 171 058f 3B69F9AB 		.ascii	";i\371\253\033a\026\301\3432[e\334\364\270\247\2333"
 171      1B6116C1 
 171      E3325B65 
 171      DCF4B8A7 
 171      9B33
 172 05a1 369A37BB 		.ascii	"6\2327\273%\233#\303\346\220\347\205k\025\0129\325f"
 172      259B23C3 
 172      E690E785 
 172      6B150A39 
 172      D566
 173 05b3 4E13D752 		.ascii	"N\023\327R<\206\375/\025:\3620"
 173      3C86FD2F 
 173      153AF230 
 174              		.text
 175              		.section	.gnu.lto_.symtab.93743b9b2accbcd,"",%progbits
 176 0000 5F5A4E39 		.ascii	"_ZN9__gnu_cxx27__verbose_terminate_handlerEv\000"
 176      5F5F676E 
 176      755F6378 
 176      7832375F 
 176      5F766572 
 177 002d 00       		.ascii	"\000"
 178 002e 00       		.ascii	"\000"
 179 002f 00       		.ascii	"\000"
 180 0030 00000000 		.ascii	"\000\000\000\000\000\000\000\000"
 180      00000000 
 181 0038 B3000000 		.ascii	"\263\000\000\000"
 182 003c 5F5F6378 		.ascii	"__cxa_pure_virtual\000"
 182      615F7075 
 182      72655F76 
 182      69727475 
 182      616C00
 183 004f 00       		.ascii	"\000"
 184 0050 00       		.ascii	"\000"
 185 0051 00       		.ascii	"\000"
 186 0052 00000000 		.ascii	"\000\000\000\000\000\000\000\000"
 186      00000000 
 187 005a B6000000 		.ascii	"\266\000\000\000"
 188 005e 61626F72 		.ascii	"abort\000"
 188      7400
 189 0064 00       		.ascii	"\000"
 190 0065 02       		.ascii	"\002"
 191 0066 00       		.ascii	"\000"
 192 0067 00000000 		.ascii	"\000\000\000\000\000\000\000\000"
 192      00000000 
 193 006f BA000000 		.ascii	"\272\000\000\000"
 194              		.text
 195              		.section	.gnu.lto_.opts,"",%progbits
 196 0000 272D666D 		.ascii	"'-fmath-errno' '-fsigned-zeros' '-ftrapping-math' '"
 196      6174682D 
 196      6572726E 
 196      6F272027 
 196      2D667369 
 197 0033 2D666E6F 		.ascii	"-fno-trapv' '-fno-strict-overflow' '-fno-openmp' '-"
 197      2D747261 
 197      70762720 
 197      272D666E 
 197      6F2D7374 
 198 0066 666E6F2D 		.ascii	"fno-openacc' '-dD' '-mcpu=cortex-m4' '-mthumb' '-mf"
 198      6F70656E 
 198      61636327 
 198      20272D64 
 198      44272027 
 199 0099 6C6F6174 		.ascii	"loat-abi=soft' '-g3' '-O0' '-fmessage-length=0' '-f"
 199      2D616269 
 199      3D736F66 
 199      74272027 
 199      2D673327 
 200 00cc 7369676E 		.ascii	"signed-char' '-ffunction-sections' '-fdata-sections"
 200      65642D63 
 200      68617227 
 200      20272D66 
 200      66756E63 
 201 00ff 2720272D 		.ascii	"' '-flto' '-fno-move-loop-invariants' '-fno-excepti"
 201      666C746F 
 201      2720272D 
 201      666E6F2D 
 201      6D6F7665 
 202 0132 6F6E7327 		.ascii	"ons'\000"
 202      00
 203              		.text
 204              		.comm	__gnu_lto_v1,1,1
 205              		.comm	__gnu_lto_slim,1,1
 206              		.ident	"GCC: (GNU Tools for ARM Embedded Processors 6-2017-q2-update) 6.3.1 20170620 (release) [AR
DEFINED SYMBOLS
                            *ABS*:0000000000000000 _cxx.cpp
                            *COM*:0000000000000001 __gnu_lto_v1
                            *COM*:0000000000000001 __gnu_lto_slim

NO UNDEFINED SYMBOLS
