   1              		.cpu cortex-m4
   2              		.eabi_attribute 20, 1
   3              		.eabi_attribute 21, 1
   4              		.eabi_attribute 23, 3
   5              		.eabi_attribute 24, 1
   6              		.eabi_attribute 25, 1
   7              		.eabi_attribute 26, 1
   8              		.eabi_attribute 30, 6
   9              		.eabi_attribute 34, 1
  10              		.eabi_attribute 18, 4
  11              		.file	"_exit.c"
  12              		.text
  13              	.Ltext0:
  14              		.section	.gnu.lto_.inline.348ca63deb240fe8,"",%progbits
  15 0000 789C6365 		.ascii	"x\234ce`b\320b@\000&0\002c\0260\311\300\310\300\302"
  15      6062D062 
  15      40002630 
  15      02631630 
  15      C9C0C8C0 
  16 0015 8D22C0C4 		.ascii	"\215\"\300\304\015\022d\000\000\016d\000d"
  16      0D126400 
  16      000E6400 
  16      64
  17              		.text
  18              		.section	.gnu.lto__exit.348ca63deb240fe8,"",%progbits
  19 0000 789C254F 		.ascii	"x\234%O=K\003A\020\235\267\263\271.V\202\215\201\024"
  19      3D4B0341 
  19      109DB7B3 
  19      B92E5682 
  19      8D8114
  20 0013 C21184BB 		.ascii	"\302\021\204\273\237$x\331\"\240\021\274\004\025\213"
  20      9F2478D9 
  20      22A011BC 
  20      04158B
  21 0022 6C2104AE 		.ascii	"l!\004\256P,$\030\204\253$\361#Q;-\204\323J\002)\024"
  21      502C2418 
  21      84AB24F1 
  21      23513B2D 
  21      84D34A02 
  22 0038 6C442C0C 		.ascii	"lD,\014\244\261Jc\031\235\273\033x\263\373\036o\230"
  22      A4B14A63 
  22      199DBB1B 
  22      78B3FB1E 
  22      6F98
  23 004a 370552F4 		.ascii	"7\005R\364ED\253\202\222\200\230\240H\220uPK\241\245"
  23      4544AB82 
  23      928098A0 
  23      48907550 
  23      4BA1A5
  24 005d 14E575C4 		.ascii	"\024\345u\304\035\306s{\372\240*=+\225t\272\005\333"
  24      1DC6737B 
  24      FAA02A3D 
  24      2B9574BA 
  24      05DB
  25 006f 4F1033D1 		.ascii	"O\0203\321)\347\036\364P\021\327\313\343x\237\313 \371"
  25      29E71EF4 
  25      5011D7CB 
  25      E3789FCB 
  25      20F9
  26 0081 8E26D37B 		.ascii	"\216&\323{G+B\037\251G\224\327\203\3333>\344\230\001"
  26      472B421F 
  26      A94794D7 
  26      83DB333E 
  26      E49801
  27 0094 2D7436EE 		.ascii	"-t6\356N\026R\252P\026\372\361\3634+\262\233\315\016"
  27      4E1652AA 
  27      5016FAF1 
  27      F3342BB2 
  27      9BCD0E
  28 00a7 86EF9176 		.ascii	"\206\357\221v\317\263e\237\307lWbf\\\203e\033\256\260"
  28      CFB3659F 
  28      C76C5762 
  28      665C8365 
  28      1BAEB0
  29 00ba 8C4BC105 		.ascii	"\214K\301\005\264\250\204\001\334t\344\373n~Rtt\036"
  29      B4A88401 
  29      DC74E4FB 
  29      6E7E5274 
  29      741E
  30 00cc 08433890 		.ascii	"\010C8\220\367\346\015\211\235\377\265m\362\2738Z\022"
  30      F7E60D89 
  30      9DFFB56D 
  30      F2BB385A 
  30      12
  31 00dd 25CAE246 		.ascii	"%\312\342F,\247q\304\310\242\227<\317\017\367\302\206"
  31      2CA771C4 
  31      C8A2973C 
  31      CF0FF7C2 
  31      86
  32 00ee D9F4C3ED 		.ascii	"\331\364\303\355\300\257\233\235\215\332\272\277fvk"
  32      C0AF9B9D 
  32      8DDABABF 
  32      66766B
  33 00fd 0D2F20A7 		.ascii	"\015/ \247Yo\206\246\252\203\255\252\371\007:DQ\264"
  33      596F86A6 
  33      AA83ADAA 
  33      F9073A44 
  33      51B4
  34              		.text
  35              		.section	.gnu.lto_abort.348ca63deb240fe8,"",%progbits
  36 0000 789C6D50 		.ascii	"x\234mPKh\023Q\024\275wn&)j]\271\020\211\230\"\001\243"
  36      4B681351 
  36      14BD776E 
  36      26296A5D 
  36      B9108998 
  37 0017 76468BE8 		.ascii	"vF\213\350\306\205.\334\352\306}I&C2\220\314hf\212\272"
  37      C6852EDC 
  37      EAC67D49 
  37      26433290 
  37      CC68668A 
  38 002c CAB3045A 		.ascii	"\312\263\004Z?\250\024\264I\265NE\260\365\323\246\255"
  38      3FA814B4 
  38      49B54E45 
  38      B0F5D3A6 
  38      AD
  39 003d DDA46ED2 		.ascii	"\335\244n\322\212R\020\027\026\241\212\256\374\342\007"
  39      8A521017 
  39      16A18AAE 
  39      FCE207
  40 004c A47E4084 		.ascii	"\244~@\204F\357\233\340\017}0\303\273\367\235{\316\271"
  40      46EF9BE0 
  40      0F7D30C3 
  40      BBF79D7B 
  40      CEB9
  41 005e 470505C2 		.ascii	"G\005\005\302\012\300\025\000X\315\037\204\000\271D"
  41      0AC01500 
  41      58CD1F84 
  41      00B944
  42 006d 0589FF04 		.ascii	"\005\211\377\004\010E\205\260\210\247\251\237p\266\347"
  42      084585B0 
  42      88A7A99F 
  42      70B6E7
  43 007c 554D490C 		.ascii	"UMI\014\013>\365\376G\252\030\251\243\317\260\012Ap"
  43      0B3EF5FE 
  43      47AA18A9 
  43      A3CFB00A 
  43      4170
  44 008e 701813C0 		.ascii	"p\030\023\300\260g\023\215\263\255\341P\263\217#\030"
  44      B067138D 
  44      B3ADE150 
  44      B38F2318 
  45 009e 460039FE 		.ascii	"F\0009\376\2404~\201N\221O\210!.\027\357\017<_)K\005"
  45      A0347E81 
  45      4E914F88 
  45      212E17EF 
  45      0F3C5F29 
  46 00b4 6392FCEE 		.ascii	"c\222\374\356\371j\204b(\031z\277<\036[\021\277,D\267"
  46      F96A8462 
  46      28197ABF 
  46      3C1E5B11 
  46      BF2C44B7 
  47 00c8 A82F4CAD 		.ascii	"\250/L\255_\234\024\342\330.\237\010\257#1+^\303(^\305"
  47      5F9C14E2 
  47      D82E9F08 
  47      AF23312B 
  47      5EC3285E 
  48 00dd 6853F506 		.ascii	"hS\365\006\306y\344\343\207\362\322r9rF\324\347f\224"
  48      C679E4E3 
  48      87F2D272 
  48      397246D4 
  48      E76694
  49 00f0 3911F229 		.ascii	"9\021\362)\260\3607x\364\037\360\302\305m\376\324\213"
  49      B0F03778 
  49      F41FF0C2 
  49      C56DFED4 
  49      8B
  50 0101 A1A37D02 		.ascii	"\241\243}\002\377;1\206\361\352<\326E\343{\017o\275"
  50      FF3B3186 
  50      F1EA3CD6 
  50      45E37B0F 
  50      6FBD
  51 0113 E6DCC39D 		.ascii	"\346\334\303\235a\012DC\300x5\240\0048\036dp\2028;z"
  51      610A4443 
  51      C07835A0 
  51      04381E64 
  51      7082383B 
  52 0128 83DDDF22 		.ascii	"\203\335\337\"0Hr\347\2233\243/#m}\350\213r\314'U.7"
  52      304872E7 
  52      9333A32F 
  52      236D7DE8 
  52      8B72CC27 
  53 013f 3D5DBAA7 		.ascii	"=]\272\247\026\227DY\210\241[\237X4\214Ul\2239\001\216"
  53      16974459 
  53      88A15B9F 
  53      58348C55 
  53      6C933901 
  54 0154 631178FC 		.ascii	"c\021x\374\363\327\267\267\033\227\350W\226\245f\344"
  54      F3D7B7B7 
  54      1B97E857 
  54      96A566E4 
  55 0164 4F5BA56E 		.ascii	"O[\245n (\341\025\302?\343\306\011f\000\234\304\360"
  55      2028E115 
  55      C23FE3C6 
  55      0966009C 
  55      C4F0
  56 0176 20857063 		.ascii	" \205pc4\360\303\266\3505\"\014\360\205\211\347\227"
  56      34F0C3B6 
  56      E835220C 
  56      F08589E7 
  56      97
  57 0187 B12F95DF 		.ascii	"\261/\225\337\341\035\226z\357\314F\002Y&\251\325\336"
  57      E11D967A 
  57      EFCC4602 
  57      5926A9D5 
  57      DE
  58 0198 3F89B0A9 		.ascii	"?\211\260\251\026\237\"\025\271\005\336d+\270)\352S"
  58      169F2215 
  58      B905DE64 
  58      2BB829EA 
  58      53
  59 01a9 0BC8F530 		.ascii	"\013\310\3650Hc\255\246\351\356\021\3273\363\272[0t"
  59      4863ADA6 
  59      E9EE11D7 
  59      33F3BA5B 
  59      3074
  60 01bb DB3C94B3 		.ascii	"\333<\224\263Rz\247y\330\3624\003\320\335\247g\235\274"
  60      527AA779 
  60      D8F23403 
  60      D0DDA767 
  60      9DBC
  61 01cd A93B073C 		.ascii	"\251;\007<=Y\310\267{\216\2233\262I\313v\365\214a\354"
  61      3D59C8B7 
  61      7B8E9333 
  61      B249CB76 
  61      F58C61EC 
  62 01e1 2EE4F73A 		.ascii	".\344\367:\266\271'\231\262\266wvl\331\272\343`G\200"
  62      B6B92799 
  62      B2B67776 
  62      6CD9BAE3 
  62      604780
  63 01f4 B2B9D96E 		.ascii	"\262\271\331nrW\267l#\327\2256u\327K3\257\226\205u\277"
  63      7257B76C 
  63      23D79536 
  63      75D74B33 
  63      AF968575 
  64 0209 F57EBEA5 		.ascii	"\365~\276\245\255dF\337_H\032&\277\257J\246\234\202"
  64      AD6446DF 
  64      5F481A26 
  64      BFAF4AA6 
  64      9C82
  65 021b B721B139 		.ascii	"\267!\2619&-XvF\3234\370\001\277<\330\322"
  65      262D5876 
  65      46D334F8 
  65      01BF3CD8 
  65      D2
  66              		.text
  67              		.section	.gnu.lto_.symbol_nodes.348ca63deb240fe8,"",%progbits
  68 0000 789C6365 		.ascii	"x\234ce`b\320a\000\002&\266z\006\206\011\347\030\030"
  68      6062D061 
  68      000226B6 
  68      7A068609 
  68      E71818
  69 0013 80D4AE46 		.ascii	"\200\324\256FG\240\000{=#\212\0003#\003\303\342\207"
  69      47A0007B 
  69      3D238A00 
  69      332303C3 
  69      E287
  70 0025 FF1C1900 		.ascii	"\377\034\031\000\337\332\012\275"
  70      DFDA0ABD 
  71              		.text
  72              		.section	.gnu.lto_.refs.348ca63deb240fe8,"",%progbits
  73 0000 789C6365 		.ascii	"x\234ce`b`d\000\002\000\000I\000\011"
  73      60626064 
  73      00020000 
  73      490009
  74              		.text
  75              		.section	.gnu.lto_.decls.348ca63deb240fe8,"",%progbits
  76 0000 789CAD54 		.ascii	"x\234\255ToL[U\024\277\247\267\305\366\255\353\226\016"
  76      6F4C5B55 
  76      14BFA7B7 
  76      C5F6ADEB 
  76      960E
  77 0012 0D1F9A8C 		.ascii	"\015\037\232\214l\037\334\007\327\216\231\314\304/\316"
  77      6C1FDC07 
  77      D78E99CC 
  77      C42FCE
  78 0021 18759FE6 		.ascii	"\030u\237\346\022u_\233\266\274@ci\261}\004\367\301"
  78      12755F9B 
  78      B6BC4063 
  78      69B17D04 
  78      F7C1
  79 0033 E4224A88 		.ascii	"\344\"J\210F\323\250\233\033\201Q0\316\362o\024\213"
  79      46D3A89B 
  79      1B815130 
  79      CEF26F14 
  79      8B
  80 0044 9B28CCC2 		.ascii	"\233(\314\302\206\024V\266v\023Md[7I0\342?&$c\033:\317"
  80      861456B6 
  80      76134D64 
  80      5B374930 
  80      E23F2624 
  81 005c BDEFF58F 		.ascii	"\275\357\365\217\365\337\027o\270}\357\334\363;\277"
  81      F5DF176F 
  81      B87DEFDC 
  81      F33BBF
  82 006b F33BE79D 		.ascii	"\363;\347\235\213\201\350\310q\003![\200\220aB\310="
  82      8B81E8C8 
  82      7103215B 
  82      80906142 
  82      C83D
  83 007d 5C149F03 		.ascii	"\\\024\237\003\244\260t\270\343\270G\310_W\015\306\351"
  83      A4B074B8 
  83      E3B847C8 
  83      5F570DC6 
  83      E9
  84 008e F17910B7 		.ascii	"\361y\020\267\025w9\356\003\232\017\264\270\322\025"
  84      157739EE 
  84      039A0FB4 
  84      B8D215
  85 009d 4287A924 		.ascii	"B\207\251$fB\213\233\302\235\304=\215{F\303S-wZ\343"
  85      66428B9B 
  85      C29DC43D 
  85      8D7B46C3 
  85      532D775A 
  86 00b2 E3BC9912 		.ascii	"\343\274\231\022\316\367(\\\2771\367Z\3315\270\302\335"
  86      CEF7285C 
  86      BF31F75A 
  86      D935B8C2 
  86      DD
  87 00c3 C0978A2C 		.ascii	"\300\227\212,Z\240\025(\026wC\276\276\002\024J\202\210"
  87      5AA01528 
  87      167743BE 
  87      BE02144A 
  87      8288
  88 00d5 06C4FD67 		.ascii	"\006\304\375g`\316[\314X \021\002\204\210\342\010\315"
  88      60CE5BCC 
  88      58201102 
  88      8488E208 
  88      CD
  89 00e6 147F3AD5 		.ascii	"\024\177:\325\200\274?\207-\"\324\252\200\277\221U\350"
  89      80BC3F87 
  89      2D22D4AA 
  89      80BF9155 
  89      E8
  90 00f7 8DA8FEE6 		.ascii	"\215\250\376\346\261\324\242\224\205\253\034\027\331"
  90      B1D4A294 
  90      85AB1C17 
  90      D9
  91 0104 0BE26CF1 		.ascii	"\013\342l\361\353\356\013\224b\036|?6\370f\217\205\032"
  91      EBEE0B94 
  91      621E7C3F 
  91      36F8668F 
  91      851A
  92 0116 C5FBD2E1 		.ascii	"\305\373\322\341\336\213\026\275\216@/P5z\366\312O\375"
  92      DE8B16BD 
  92      8E402F50 
  92      357AF6CA 
  92      4FFD
  93 0128 067ABFF0 		.ascii	"\006z\277\360\306\323K\365\334\331\217N\350\003=?\313"
  93      C6D34BF5 
  93      DCD98F4E 
  93      E8033D3F 
  93      CB
  94 0139 DE8E3E65 		.ascii	"\336\216>e\357g\3522>Zh\372\311\376\2731\011\321\004"
  94      EF67EA32 
  94      3E5A68FA 
  94      C9FEBB31 
  94      09D104
  95 014c 0E48E016 		.ascii	"\016H\340\026\330\311{\267\022\233\336\242`\225@\207"
  95      D8C97BB7 
  95      129BDEA2 
  95      60954087 
  96 015c E6A5E554 		.ascii	"\346\245\345T\307\0064\313%\330\214\346\217\361\324"
  96      C70634CB 
  96      25D88CE6 
  96      8FF1D4
  97 016b 07B4E288 		.ascii	"\007\264\342\210 jf\233up\360\001\030\002\033\304\300"
  97      206A669B 
  97      7570F001 
  97      18021BC4 
  97      C0
  98 017c 86241F41 		.ascii	"\206$\037A\005\376\016\202^e\2177\335\0354m\213\260"
  98      05FE0E82 
  98      5E658F37 
  98      DD1D346D 
  98      8BB0
  99 018e EBE32C91 		.ascii	"\353\343,\221\375R:\322\314\242a\306*9\014z\000\263"
  99      FD523AD2 
  99      CCA261C6 
  99      2A390C7A 
  99      00B3
 100 01a0 831DE103 		.ascii	"\203\035\341\003\240\347\026\276E!\013\360!\\\303\216"
 100      A0E716BE 
 100      45210BF0 
 100      215CC38E 
 101 01b0 C5611B12 		.ascii	"\305a\033\022$\177\2174\231h\243\250+\326\276\2361\346"
 101      247F8F34 
 101      9968A3A8 
 101      2BD6BE9E 
 101      31E6
 102 01c2 0A13F49D 		.ascii	"\012\023\364\235\323\337v\231\351\313\302\333\326u5"
 102      D3DF7699 
 102      E9CBC2DB 
 102      D67535
 103 01d1 B1917B4F 		.ascii	"\261\221{O\361\262?V\313^k\232\033\227\376Q\354'B\254"
 103      F1B23F56 
 103      CB5E6B9A 
 103      1B97FE51 
 103      EC2742AC 
 104 01e5 5BD39A4C 		.ascii	"[\323\232L\256\317\227\241\326\010j\275\025\335s\364"
 104      AECF97A1 
 104      D6086ABD 
 104      15DD73F4 
 105 01f5 640B4B47 		.ascii	"d\013KG\030\333+p0\234W{\032\325\016\227\252\035\021"
 105      18DB2B70 
 105      309C577B 
 105      1AD50E97 
 105      AA1D11
 106 0208 6A33AFC6 		.ascii	"j3\257\306\332\251\3329=\377\244\263m\013\026\265s\225"
 106      DAA9DA39 
 106      3DFFA4B3 
 106      6D0B16B5 
 106      7395
 107 021a 68CEAD8D 		.ascii	"h\316\255\215\3351\323\257\200\313\325\277\023\035\232"
 107      DD31D3AF 
 107      80CBD5BF 
 107      131D9A
 108 0229 32C20EC9 		.ascii	"2\302\016\311\006(\007N\344\276\014\2013 \301(\320\334"
 108      0628074E 
 108      E4BE0C81 
 108      3320C128 
 108      D0DC
 109 023b 7CB4F2E3 		.ascii	"|\264\362\343\345nF+\010<l\203]6\002c\260\203\243P\300"
 109      E56E462B 
 109      083C6C83 
 109      5D360263 
 109      B083A350 
 110 0250 E7189BC0 		.ascii	"\347\030\233\300R\332\030\207e@\034\013c\3711\361\216"
 110      52DA1887 
 110      65401C0B 
 110      63F931F1 
 110      8E
 111 0261 59DF9E9F 		.ascii	"Y\337\236\237z\177\223\244\321\264\376+\015\242G/\377"
 111      7A7F93A4 
 111      D1B4FE2B 
 111      0DA2472F 
 111      FF
 112 0272 7CD9647E 		.ascii	"|\331d~\235\261WX\270\231\231\366\3018\312\371\014\375"
 112      9DB15758 
 112      B89999F6 
 112      C138CAF9 
 112      0CFD
 113 0284 9F8A8E4D 		.ascii	"\237\212\216M\200Y\014:>\021\274:\322r\307\242\226\273"
 113      80590C3A 
 113      3E11BC3A 
 113      D272C7A2 
 113      96BB
 114 0296 05CDBED6 		.ascii	"\005\315\276\326\333\314\242fRc\255\305\241\347D*\207"
 114      DBCCA266 
 114      5263ADC5 
 114      A1E7442A 
 114      87
 115 02a7 0DCEAA99 		.ascii	"\015\316\252\231n\256w\2346\251\301\345h\376\226\015"
 115      6EAE779C 
 115      36A9C1E5 
 115      68FE960D 
 116 02b7 87EF537B 		.ascii	"\207\357S{\025\001\264O\254\254\\\322Y\303\202\214O"
 116      1501B44F 
 116      ACAC5CD2 
 116      59C3828C 
 116      4F
 117 02c8 8CE8CB17 		.ascii	"\214\350\313\027\3106)\330\246\300\232\343\024\006F"
 117      C83629D8 
 117      A6C09AE3 
 117      140646
 118 02d7 DC38BCF2 		.ascii	"\3348\274\362\215\271X:\036\027\345Oj\322\223B\372\360"
 118      8DB9583A 
 118      1E17E54F 
 118      6AD29342 
 118      FAF0
 119 02e9 60AA432A 		.ascii	"`\252C*\006\363\211,\200\2475\360\264\000\217\035]\375"
 119      06F3892C 
 119      80A735F0 
 119      B4008F1D 
 119      5DFD
 120 02fb 7E039FA2 		.ascii	"~\003\237\242\246\377\032y\230\201\012\014X\230\231"
 120      A6FF1A79 
 120      98810A0C 
 120      589899
 121 030a 7C90CE8B 		.ascii	"|\220\316\213\017\015\275\003\307c\026\272\250\032o"
 121      0F0DBD03 
 121      C76316BA 
 121      A81A6F
 122 0319 4C9C6D2F 		.ascii	"L\234m/\343C\232\312\215\360\332\342j\247z\377\260\247"
 122      E3439ACA 
 122      8DF0DAE2 
 122      6AA77AFF 
 122      B0A7
 123 032b DA05FCE1 		.ascii	"\332\005\374\341\227\205!s\361\324\342\325,\344\273"
 123      97852173 
 123      F1D4E2D5 
 123      2CE4BB
 124 033a 28F25DC8 		.ascii	"(\362]\310]\261\276\245s3\224_1\306\022\337\235y\250"
 124      5DB1BEA5 
 124      7333945F 
 124      31C612DF 
 124      9D79A8
 125 034d B3BB2591 		.ascii	"\263\273%\221f,\262\0178\020\316\347\307v\026\307\366"
 125      662CB20F 
 125      3810CEE7 
 125      C77616C7 
 125      F6
 126 035e 7CE9D8A6 		.ascii	"|\351\330\246\305\330\366\215\276\333c\330\336\305\323"
 126      C5D8F68D 
 126      BEDB63D8 
 126      DEC5D3
 127 036d 257EDDCA 		.ascii	"%~\335\312Z\215X\240\030i\365\277Z\006\266\023\203S"
 127      5A8D58A0 
 127      1869F5BF 
 127      5A06B613 
 127      8353
 128 037f 7EC9AB98 		.ascii	"~\311\253\230\235N\177 (+\015A\277\323\251o\224]/\030"
 128      9D4E7F20 
 128      282B0D41 
 128      BFD3A96F 
 128      945D2F18 
 129 0393 9FDEFF7C 		.ascii	"\237\336\377|\345\023UU\344YGm\240Nv\004\352\025\207"
 129      E5135555 
 129      E459476D 
 129      A04E7604 
 129      EA1587
 130 03a6 2B58B753 		.ascii	"+X\267S\011\004|\236Z\227\327\037r\324x<\217\007\353"
 130      09047C9E 
 130      5A97D71F 
 130      72D4783C 
 130      8F07EB
 131 03b9 F607FCF2 		.ascii	"\366\007\374\362\223.\267w\217s\367\256\252G^\334-P"
 131      932EB777 
 131      8F73F7AE 
 131      AA475EDC 
 131      2D50
 132 03cb 7E3CDC29 		.ascii	"~<\334)\343\251\303\353\367\370\032\252eG\350P\310\321"
 132      E3A9C3EB 
 132      F7F81AAA 
 132      6547E850 
 132      C8D1
 133 03dd E0F78694 		.ascii	"\340\367\206\224j{-1\270\334\201\240b\314\245|\346\177"
 133      6A7B2D31 
 133      B8DC81A0 
 133      62CCA57C 
 133      E67F
 134 03ef 4AA154FB 		.ascii	"J\241T\373\274n\244\327ctPR\202.\217\354\254oPB\033"
 134      BC6EA4D7 
 134      63745052 
 134      822E8FEC 
 134      AC6F5042 
 135 0404 5DBE46D7 		.ascii	"]\276F\327\241\220\323\353\367y\375\362V\273\235\253"
 135      A190D3EB 
 135      F779FDF2 
 135      56BB9DAB 
 136 0414 51E4BA7C 		.ascii	"Q\344\272|d\265\327U\343x\216\3431\372\017\010\336\345"
 136      64B5D755 
 136      E3788EE3 
 136      31FA0F08 
 136      DEE5
 137 0426 E8       		.ascii	"\350"
 138              		.text
 139              		.section	.gnu.lto_.symtab.348ca63deb240fe8,"",%progbits
 140 0000 5F657869 		.ascii	"_exit\000"
 140      7400
 141 0006 00       		.ascii	"\000"
 142 0007 01       		.ascii	"\001"
 143 0008 00       		.ascii	"\000"
 144 0009 00000000 		.ascii	"\000\000\000\000\000\000\000\000"
 144      00000000 
 145 0011 B3000000 		.ascii	"\263\000\000\000"
 146 0015 61626F72 		.ascii	"abort\000"
 146      7400
 147 001b 00       		.ascii	"\000"
 148 001c 01       		.ascii	"\001"
 149 001d 00       		.ascii	"\000"
 150 001e 00000000 		.ascii	"\000\000\000\000\000\000\000\000"
 150      00000000 
 151 0026 B9000000 		.ascii	"\271\000\000\000"
 152              		.text
 153              		.section	.gnu.lto_.opts,"",%progbits
 154 0000 272D666D 		.ascii	"'-fmath-errno' '-fsigned-zeros' '-ftrapping-math' '"
 154      6174682D 
 154      6572726E 
 154      6F272027 
 154      2D667369 
 155 0033 2D666E6F 		.ascii	"-fno-trapv' '-fno-strict-overflow' '-fno-openmp' '-"
 155      2D747261 
 155      70762720 
 155      272D666E 
 155      6F2D7374 
 156 0066 666E6F2D 		.ascii	"fno-openacc' '-dD' '-mcpu=cortex-m4' '-mthumb' '-mf"
 156      6F70656E 
 156      61636327 
 156      20272D64 
 156      44272027 
 157 0099 6C6F6174 		.ascii	"loat-abi=soft' '-g3' '-O0' '-fmessage-length=0' '-f"
 157      2D616269 
 157      3D736F66 
 157      74272027 
 157      2D673327 
 158 00cc 7369676E 		.ascii	"signed-char' '-ffunction-sections' '-fdata-sections"
 158      65642D63 
 158      68617227 
 158      20272D66 
 158      66756E63 
 159 00ff 2720272D 		.ascii	"' '-flto' '-fno-move-loop-invariants'\000"
 159      666C746F 
 159      2720272D 
 159      666E6F2D 
 159      6D6F7665 
 160              		.text
 161              		.comm	__gnu_lto_v1,1,1
 162              		.comm	__gnu_lto_slim,1,1
 163              		.ident	"GCC: (GNU Tools for ARM Embedded Processors 6-2017-q2-update) 6.3.1 20170620 (release) [AR
DEFINED SYMBOLS
                            *ABS*:0000000000000000 _exit.c
                            *COM*:0000000000000001 __gnu_lto_v1
                            *COM*:0000000000000001 __gnu_lto_slim

NO UNDEFINED SYMBOLS
