   1              		.cpu cortex-m4
   2              		.eabi_attribute 20, 1
   3              		.eabi_attribute 21, 1
   4              		.eabi_attribute 23, 3
   5              		.eabi_attribute 24, 1
   6              		.eabi_attribute 25, 1
   7              		.eabi_attribute 26, 1
   8              		.eabi_attribute 30, 6
   9              		.eabi_attribute 34, 1
  10              		.eabi_attribute 18, 4
  11              		.file	"_sbrk.c"
  12              		.text
  13              	.Ltext0:
  14              		.section	.gnu.lto_.inline.fb34ab8ae0a6cd7,"",%progbits
  15 0000 789C6365 		.ascii	"x\234ce`b\220b@\000F\006\006\021\031\006\006&\205\013"
  15      60629062 
  15      40004606 
  15      06111906 
  15      0626850B 
  16 0014 9D4C0C2C 		.ascii	"\235L\014,@I `\342\006\221\000\"\347\001\343"
  16      40492060 
  16      E2069100 
  16      22E701E3 
  17              		.text
  18              		.section	.gnu.lto__sbrk.fb34ab8ae0a6cd7,"",%progbits
  19 0000 789C8D55 		.ascii	"x\234\215U]L\024W\024\276g\356\314\316.\354O@k_\260"
  19      5D4C1457 
  19      14BE67EE 
  19      CCCE2EEC 
  19      4F406B5F 
  20 0015 E5A11B63 		.ascii	"\345\241\033c\322\200\255\366\311>4M\223\366\241o}\351"
  20      D280ADF6 
  20      C93E344D 
  20      93F6A16F 
  20      7DE9
  21 0027 1B11D8B6 		.ascii	"\033\021\330\266DE\263K5&M\030\371\355\026\254P\025"
  21      4445B34B 
  21      35264D18 
  21      F9ED16AC 
  21      5015
  22 0039 BAE066D7 		.ascii	"\272\340f\327\022\253V-`\375[A\273\374\025\252(\025"
  22      12AB562D 
  22      60FD5B41 
  22      BBFC15AA 
  22      2815
  23 004b 8A05A486 		.ascii	"\212\005\244\206h\213\240\022\265\256\204\037\027{\316"
  23      688BA012 
  23      B5AE841F 
  23      177BCE
  24 005a 9D612B2C 		.ascii	"\235a+,M\230df\357\234\373}\367;\347\273\347\316*Lb"
  24      4D986466 
  24      EF9CFB7D 
  24      F73BE7BB 
  24      E7CE2A4C 
  25 006f 232A6327 		.ascii	"#*c'\030c\357\341\315\314\014$\206\267\304\031\323$"
  25      1863EFE1 
  25      CDCC0C24 
  25      86B7C419 
  25      D324
  26 0081 191F3207 		.ascii	"\031\0372\007\374\001YR(b\242\210\002H\001\223x\252"
  26      FC015952 
  26      2862A288 
  26      02480193 
  26      78AA
  27 0093 00480396 		.ascii	"\000H\003\226/qY1\251\220\017{y5\207\353E\015\007\371"
  27      2F715931 
  27      A9900F7B 
  27      793587EB 
  27      450D07F9 
  28 00a7 D73CC091 		.ascii	"\327<\300\221\211\257\217\257\326\334\261\323+@*\276"
  28      89AF8FAF 
  28      D6DCB1D3 
  28      2B402ABE 
  29 00b7 D66ABD5E 		.ascii	"\326j\275^u\355\021M+\320\302\325\303\262\357hX\016"
  29      75ED114D 
  29      2BD0C2D5 
  29      C3B2EF68 
  29      580E
  30 00c9 7089F910 		.ascii	"p\211\371\020}\024R\340\010\244\320\232\307`-b\237\036"
  30      7D1452E0 
  30      08A4D09A 
  30      C7602D62 
  30      9F1E
  31 00db A88D483C 		.ascii	"\250\215H<\025\030\216\247\243\245\357\2549\254\341"
  31      15188EA7 
  31      A3A5EFAC 
  31      39ACE1
  32 00ea 151EAEE4 		.ascii	"\025\036\256\344\332k\001\316\341\007\340/\3620\304"
  32      DA6B01CE 
  32      E107E02F 
  32      F230C4
  33 00f9 E038AC21 		.ascii	"\3408\254!x\264\242\251\303\316\235\202z\276\255g\324"
  33      78B4A2A9 
  33      C3CE9D82 
  33      7ABEAD67 
  33      D4
  34 010a E4AC1392 		.ascii	"\344\254\023\222\243\373\270O\013\027\245\006\270\014"
  34      A3FBB84F 
  34      0B17A506 
  34      B80C
  35 0118 2716D2E9 		.ascii	"'\026\322\351Bt\347\351\343\017-|\243`^\034;yXA\346"
  35      4274E7E9 
  35      E30F2D7C 
  35      A3605E1C 
  35      3B795841 
  36 012d 08AA5E7B 		.ascii	"\010\252^{\302\253\265\326\335(\254\300\217:s}\012\254"
  36      C2ABB5D6 
  36      DD28ACC0 
  36      8F3A737D 
  36      0AAC
  37 013f 431EBD0A 		.ascii	"C\036\275\012\352\235H\361#\225\277/\250\035s\267\373"
  37      EA9D48F1 
  37      2395BF2F 
  37      A81D73B7 
  37      FB
  38 0150 CC06B5F5 		.ascii	"\314\006\265\365\211TQ\036\224\210\331\260\220\331`"
  38      8954511E 
  38      9488D9B0 
  38      90D960
  39 015f 306F37CE 		.ascii	"0o7\316\035\260\231dh\004'\324\203\263\016!'\301I\256"
  39      1DB09964 
  39      680427D4 
  39      83B30E21 
  39      27C149AE 
  40 0173 20E814FA 		.ascii	" \350\024\372\315\230\025a\355\337\316\016Y\370GB`\177"
  40      CD981561 
  40      EDDFCE0E 
  40      59F84742 
  40      607F
  41 0185 594FA5C3 		.ascii	"YO\245\303\250j\262PE#\365\252~\212\257\012N\203\023"
  41      A86AB250 
  41      4523F5AA 
  41      7E8AAF0A 
  41      4E8313
  42 0198 19138D2D 		.ascii	"\031\023\215-~\0331\250\232b\305`p\026\007?#\340\336"
  42      7E1B31A8 
  42      9A62C560 
  42      7016073F 
  42      23E0DE
  43 01ab EED15B76 		.ascii	"\356\321[v\376\211\020\373\333?R\231h\210\335(\376O"
  43      FE8910FB 
  43      DB3F5299 
  43      6888DD28 
  43      FE4F
  44 01bd ECEC1262 		.ascii	"\354\354\022b\347\004\373\320\261\362I\007\337%\330"
  44      E704FBD0 
  44      B1F24907 
  44      DF25D8
  45 01cc E515A1DA 		.ascii	"\345\025\241\332yvW\213\324\245\311\324\034\347\227"
  45      7976578B 
  45      D4A5C9D4 
  45      1CE797
  46 01db E08604B7 		.ascii	"\340\206\004\267\372\320\231\251\305x9>\315\013\002"
  46      FAD099A9 
  46      C578393E 
  46      CD0B02
  47 01ea EC6B1C79 		.ascii	"\354k\034y\254\314\373\260\303\310\314\024\217n\022"
  47      ACCCFBB0 
  47      C3C8CC14 
  47      8F6E12
  48 01f9 E8F23DD1 		.ascii	"\350\362=\321\210p\355\033-<7\312\015\370\342\376Cx"
  48      8870ED1B 
  48      2D3C37CA 
  48      0DF8E2FE 
  48      4378
  49 020b B3803F3A 		.ascii	"\263\200?:5\025\002\256\201(\343\317)\357wvC\351V\247"
  49      351502AE 
  49      8128E3CF 
  49      29EF7776 
  49      43E956A7 
  50 021f 1233E1E2 		.ascii	"\0223\341\342\022\205\\\022\364\252\273\023=\300\367"
  50      12855C12 
  50      F4AABB13 
  50      3DC0F7
  51 022e E9F468B0 		.ascii	"\351\364h\260o\320\032\347\302\317K\220\303\202|vz\346"
  51      6FD01AE7 
  51      C2CF4B90 
  51      C3827C76 
  51      7AE6
  52 0240 9995D7E8 		.ascii	"\231\225\327\350\344\275\245\003>\313\013\344\002\262"
  52      E4BDA503 
  52      3ECB0BE4 
  52      02B2
  53 024e 045A1692 		.ascii	"\004Z\026\222\353\270\240\267\306\032\250\276\027\302"
  53      EBB8A0B7 
  53      C61AA8BE 
  53      17C2
  54 025c DADCF352 		.ascii	"\332\334\363R\2545\371\362\253/\003\036\021<\313\310"
  54      AC35F9F2 
  54      AB2F031E 
  54      113CCBC8 
  55 026c 54C5B419 		.ascii	"T\305\264\031\350\270X\350\340$\210\223\223HsV|0\033"
  55      E8B858E8 
  55      E0248893 
  55      93487356 
  55      7C301B
  56 027f 8D1CF830 		.ascii	"\215\034\3700%\021)\231^W\320\304J\032\255\242\030c"
  56      25112999 
  56      5E57D0C4 
  56      4A1AADA2 
  56      1863
  57 0291 5F09BD32 		.ascii	"_\011\2752\032\362q(\250\032\277\264\235\232\325\317"
  57      1AF27128 
  57      A81ABFB4 
  57      9D9AD5CF 
  58 02a1 15AABDB8 		.ascii	"\025\252\275\270\265G\245s\257\212\002B\241\0077\325"
  58      B547A573 
  58      AF8A0242 
  58      A10737D5 
  59 02b1 FCA866C6 		.ascii	"\374\250f\306\200\310\023c\367\272\373\333\023\002\340"
  59      80C81363 
  59      F7BAFBDB 
  59      1302E0
  60 02c0 07AAA51D 		.ascii	"\007\252\245\035\277\037m\344\000t@\000\330_P4\324\266"
  60      BF1F6DE4 
  60      00744000 
  60      D85F5034 
  60      D4B6
  61 02d2 6189E564 		.ascii	"a\211\345d`\360\213\341T\031v\257\220\236)\335\343\265"
  61      60F08BE1 
  61      541976AF 
  61      909E29DD 
  61      E3B5
  62 02e4 1378394A 		.ascii	"\023x9J\2351\245.TZ\310\220\3538,f(\360+2\204&N\004"
  62      9D31A52E 
  62      545AC890 
  62      EB382C66 
  62      28F02B32 
  63 02fc 67A6FBAD 		.ascii	"g\246\373\255\010\376R\323\202\367\304z\227)_\006W "
  63      08FE52D3 
  63      82F7C47A 
  63      97295F06 
  63      5720
  64 030e 5FA424CF 		.ascii	"_\244$\317\273q\305\255\247\257.'\251\356XRWi\271q("
  64      BB71C5AD 
  64      A7AF2E27 
  64      A9EE5852 
  64      5769B971 
  65 0323 AC2AF197 		.ascii	"\254*\361\227%\350+X\374\334\014\257\247P\364Y\211\227"
  65      25E82B58 
  65      FCDC0CAF 
  65      A750F459 
  65      8997
  66 0335 EBC1048C 		.ascii	"\353\301\004\214S\233L\216\315X\310\030\016_\3005 \020"
  66      539B4C8E 
  66      CD58C818 
  66      0E5FC035 
  66      2010
  67 0347 6A0F193B 		.ascii	"j\017\031;\221\270\034\355\236\230\366o\272v\301?\245"
  67      91B81CED 
  67      9E98F66F 
  67      BA76C13F 
  67      A5
  68 0358 A0F3ADA8 		.ascii	"\240\363\255\250C\262\007K\214\200\015\327\3040\355"
  68      43B2074B 
  68      8C800DD7 
  68      C430ED
  69 0367 CFC0FCFE 		.ascii	"\317\300\374\376\330\342<\224\342=\274\376?\036~/Q\012"
  69      D8E23C94 
  69      E23DBCFE 
  69      3F1E7E2F 
  69      510A
  70 0379 BDBA877D 		.ascii	"\275\272\207}\302Cr\021\377r\370}(\0146m\3245\034\013"
  70      C2437211 
  70      FF72F87D 
  70      280C366D 
  70      D4351C0B 
  71 038d 35CC3EDA 		.ascii	"5\314>\332'\370\035\361\001n\241\224#]\253\215\006\250"
  71      27F81DF1 
  71      016EA194 
  71      235DAB8D 
  71      06A8
  72 039f 7F109AB6 		.ascii	"\177\020\232\266\221#&\321y\347\212\232#2f\261\033\277"
  72      912326D1 
  72      79E78A9A 
  72      233266B1 
  72      1BBF
  73 03b1 7BC157D0 		.ascii	"{\301W\320'\\\014\372E\2717\364\375\237\035\333?\010"
  73      275C0CFA 
  73      45B937F4 
  73      FD9F1DDB 
  73      3F08
  74 03c3 BA8556F8 		.ascii	"\272\205V\370C\26702\366\360m]9\011\021\367\233\033"
  74      43B73032 
  74      F6F06D5D 
  74      390911F7 
  74      9B1B
  75 03d5 06144248 		.ascii	"\006\024BH\360\034/\007\014\210\016,\303\017\215\261"
  75      F01C2F07 
  75      0C880E2C 
  75      C30F8DB1 
  76 03e5 D9B31FEB 		.ascii	"\331\263\037\353\350\344\345\030>\0303|h\261\341+\026"
  76      E8E4E518 
  76      3E18337C 
  76      68B1E12B 
  76      16
  77 03f6 1BBE12D7 		.ascii	"\033\276\022\327\304\260\330V\313r[\374fL`\030\005p"
  77      C4B0D856 
  77      CB725BFC 
  77      664C6018 
  77      0570
  78 0408 11BD2BA2 		.ascii	"\021\275+\242\306\206\255\302\246\024\351\343\223\337"
  78      C686ADC2 
  78      A614E9E3 
  78      93DF
  79 0416 C52F4C0D 		.ascii	"\305/L\015\036\244\011\374\373\367\223\253\354) %I\231"
  79      1EA409FC 
  79      FBF793AB 
  79      EC292025 
  79      4999
  80 0428 A97520D4 		.ascii	"\251u \324t!`\303\223\216q\334\324\325ii\351\236]\236"
  80      742160C3 
  80      938E71DC 
  80      D4D56969 
  80      E99E5D9E 
  81 043c 3CD7D674 		.ascii	"<\327\326t\217;+=\327\265sKNfz\206'\323\2759-\213\311"
  81      8F3B2B3D 
  81      D7B5734B 
  81      4E667A86 
  81      27D3BD39 
  82 0453 39B959EE 		.ascii	"9\271Y\356\227\262>w\273]\271y\031\231[\266em\316\330"
  82      97B23E77 
  82      BB5DB979 
  82      19995BB6 
  82      656DCED8 
  83 0467 949DED76 		.ascii	"\224\235\355vy<\211\031\037\2706m\317\3700gkN\2361~"
  83      793C8919 
  83      1FB8366D 
  83      CFF83067 
  83      6B4E9E31 
  84 047c D7F5694E 		.ascii	"\327\365iNn\362<\3723\012\271r\263\323\326\305\207\336"
  84      6EF23CFA 
  84      330AB972 
  84      B3D3D6C5 
  84      87DE
  85 048e 30D1C269 		.ascii	"0\321\302io\306\317\254\327g6\304\317\274\365/\371\306"
  85      6FC6CFAC 
  85      D76736C4 
  85      CFBCF52F 
  85      F9C6
  86 04a0 B147     		.ascii	"\261G"
  87              		.text
  88              		.section	.gnu.lto_.symbol_nodes.fb34ab8ae0a6cd7,"",%progbits
  89 0000 789C6365 		.ascii	"x\234ce`bpb\000\002&\306z\006\206\011\347\030\030\200"
  89      60627062 
  89      000226C6 
  89      7A068609 
  89      E7181880 
  90 0014 D4AE4647 		.ascii	"\324\256FG\006\006V\006\206\026%\006\006fV&F\005\240"
  90      06065606 
  90      86162506 
  90      06665626 
  90      4605A0
  91 0027 3C2B3313 		.ascii	"<+3\023\210bd\251g\004+c`hhp\000J3\2600<i{3\237\203"
  91      886264A9 
  91      67042B63 
  91      60686870 
  91      004A33B0 
  92 0042 01006061 		.ascii	"\001\000`a\013L"
  92      0B4C
  93              		.text
  94              		.section	.gnu.lto_.refs.fb34ab8ae0a6cd7,"",%progbits
  95 0000 789C0DC1 		.ascii	"x\234\015\301A\016\000\020\020\004\301\356YB\034$\316"
  95      410E0010 
  95      1004C1EE 
  95      59421C24 
  95      CE
  96 0011 FEFF4FAA 		.ascii	"\376\377O\252:\341\002\023\374*)l8R\013\267\036\036"
  96      3AE10213 
  96      FC2A296C 
  96      38520BB7 
  96      1E1E
  97 0023 07D80077 		.ascii	"\007\330\000w"
  98              		.text
  99              		.section	.gnu.lto_.decls.fb34ab8ae0a6cd7,"",%progbits
 100 0000 789CAD53 		.ascii	"x\234\255S]L\024W\024\276g\357\330]\206\025\250\241"
 100      5D4C1457 
 100      14BE67EF 
 100      D85D8615 
 100      A8A1
 101 0012 C8034D88 		.ascii	"\310\003M\210\306\206\207\272#\322\370\363\322j\233"
 101      C68687BA 
 101      23D2F8F3 
 101      D26A9B
 102 0021 561E1A4B 		.ascii	"V\036\032KL\364\261\233\335e\002\033\331Y:\273\304\370"
 102      4CF4B19B 
 102      DD65021B 
 102      D9593ABB 
 102      C4F8
 103 0033 76114163 		.ascii	"v\021Ac\214\2566)\305\250A\015-\012(\240\370\203@G\344"
 103      8CAE3629 
 103      C5A8410D 
 103      2D0A28A0 
 103      F8834047 
 104 0048 C7189B86 		.ascii	"\307\030\233\206&\033\036\254\213\326\237\007\022#\015"
 104      261B1EAC 
 104      8BD69F07 
 104      12230D
 105 0057 44113578 		.ascii	"D\0215x\356\235Yg \366\315\2339\271\367\334\363}\347"
 105      EE9D5967 
 105      20F6CD9B 
 105      39B9F7DC 
 105      F37DE7
 106 006a 3BE7DE3B 		.ascii	";\347\336;K\210\213tH\204\024\001!\277\022B\346q\270"
 106      4B888B74 
 106      48841401 
 106      21BF1242 
 106      E671B8
 107 007d 70EE20F6 		.ascii	"p\356 \366\340~/Z?\032E3\320\006\321\206\310\302Q\203"
 107      E07E2F5A 
 107      3F1A4533 
 107      D006D186 
 107      C8C25183 
 108 0091 39649C97 		.ascii	"9d\234\227\241\345\242]A+C\353A\353F+E\033F\033A\353"
 108      A1E5A25D 
 108      412B43EB 
 108      41EB462B 
 108      451B461B 
 109 00a7 7B4F6E69 		.ascii	"{OniQ\356\321E\371\033)\334\177\220\254\377(\005\377"
 109      51EED145 
 109      F91B29DC 
 109      7F90ACFF 
 109      2805FF
 110 00ba A012013E 		.ascii	"\240\022\001>pZ\010\002\253\0111x\030\336\351\330PX"
 110      705A0802 
 110      AB093178 
 110      18DEE9D8 
 110      5058
 111 00cc 44221610 		.ascii	"D\"\026\020m!0\035uf\264\223\210\002D\021N\206\345\212"
 111      6D21301D 
 111      7566B493 
 111      88024411 
 111      4E86E58A 
 112 00e0 CF653AF0 		.ascii	"\317e:\360.\236\306:\022Z]\300{\3122\007Mw\377_\323"
 112      2E9EC63A 
 112      125A5DC0 
 112      7BCA3207 
 112      4D77FF5F 
 113 00f5 9D27F204 		.ascii	"\235'\362\004\334\343\270\346M \366\336\274~^BQ\006"
 113      DCE3B8E6 
 113      4D20F6DE 
 113      BC7E5E42 
 113      5106
 114 0107 97132F5B 		.ascii	"\227\023/[\277\363\2653sx\362\355S;\337\376\252S\226"
 114      BFF3B533 
 114      7378F2ED 
 114      533BDFFE 
 114      AA5396
 115 011a B0332893 		.ascii	"\2603(\223!(\361\255\341\371\027F\366!\012\313dp\241"
 115      2128F1AD 
 115      E1F91746 
 115      F6210ACB 
 115      6470A1
 116 012d FBF7D49D 		.ascii	"\373\367\324\235\023\231\350\346\312\220\203\356\330"
 116      1399E8E6 
 116      CA9083EE 
 116      D8
 117 013a DECEE3D4 		.ascii	"\336\316\343\324\214J\\\367\317c\017\263\314h!\272\311"
 117      8C4A5CF7 
 117      CF630FB3 
 117      CC6821BA 
 117      C9
 118 014b D9FE392F 		.ascii	"\331\3769/\375\230kJ?\267v\215z\240H.\000\300\357\267"
 118      FD986B4A 
 118      3FB7768D 
 118      7AA0482E 
 118      00C0EFB7 
 119 015f B438816E 		.ascii	"\2648\201n\220\241\023h\272\207\375|{\3524\243\371\004"
 119      90A11368 
 119      BA87FD7C 
 119      7BEA34A3 
 119      F904
 120 0171 4A0A604D 		.ascii	"J\012`M\001\201.(\342(\254\352\"r/A\0019\3068l\014\304"
 120      01812E28 
 120      E228ACEA 
 120      22722F41 
 120      0139C638 
 121 0188 B670A6BE 		.ascii	"\266p\246\276\022k\024m\351;\271\317\355=\300\330\036"
 121      126B146D 
 121      E93BB9CF 
 121      ED3DC0D8 
 121      1E
 122 0199 96A86319 		.ascii	"\226\250c\031\245B\340\002\022\317#\221@\017x\341\034"
 122      A542E002 
 122      12CF2391 
 122      400F78E1 
 122      1C
 123 01aa F8CC7EE7 		.ascii	"\370\314~\347\206{\273\262i\036/\320e\264\335Md\201"
 123      867BBBB2 
 123      691E2FD0 
 123      65B4DD4D 
 123      6481
 124 01bc B7E87F98 		.ascii	"\267\350\177\230p\025\253\260\311\242\001\343\305\364"
 124      7015ABB0 
 124      C9A201E3 
 124      C5F4
 125 01ca 677BEA19 		.ascii	"g{\352\031s\301\025\014\\\006j\0059\316\024hi\351<\220"
 125      73C1150C 
 125      5C066A05 
 125      39CE1468 
 125      69E93C90 
 126 01de 99FF8BE8 		.ascii	"\231\377\213\350\265\216\345\230\300\016L\331.\212\271"
 126      B58EE598 
 126      C00E4CD9 
 126      2E8AB9
 127 01ed 0678F8D0 		.ascii	"\006x\370\320\006\222\211n\274\320\364\303\212f\326"
 127      0692896E 
 127      BCD0F4C3 
 127      8A66D6
 128 01fc 6C30E3AF 		.ascii	"l0\343\257\223\033\216v3\206\311\231\304ap\326\316~"
 128      931B8E76 
 128      3386C999 
 128      C46170D6 
 128      CE7E
 129 020e 969F16B4 		.ascii	"\226\237\026\264\302\004\300\357\220\302\007\321\013"
 129      C204C0EF 
 129      90C207D1 
 129      0B
 130 021b 2B90FD74 		.ascii	"+\220\375tr\374H6=\014\342\212gk\2237d\247p\251S\267"
 130      72FC4836 
 130      3D0CE28A 
 130      676B9337 
 130      64A770A9 
 131 0231 4FE8062D 		.ascii	"O\350\006-\331\273c\015\217\334\250{\037;\232?\367\345"
 131      D9BB630D 
 131      8FDCA87B 
 131      1F3B9A3F 
 131      F7E5
 132 0243 D89906A3 		.ascii	"\330\231\006\243L`\340\272-z\335\272\"\350\027b\267"
 132      4C60E0BA 
 132      2D7ADDBA 
 132      22E81762 
 132      B7
 133 0254 FE6D6C77 		.ascii	"\376mlw\323IS\354V\"\331'Qf>\256'\247\215\037W\235a"
 133      D34953EC 
 133      5622D927 
 133      51663EAE 
 133      27A78D1F 
 134 026b 6C9037F1 		.ascii	"l\2207\361y]K\003K\324z\304\311\375\201\331\260T\307"
 134      795D4B03 
 134      4BD47AC4 
 134      C9FD81D9 
 134      B054C7
 135 027e 650C884E 		.ascii	"e\014\210N\014X\205\274\2073\365Snz\304L\362*\365\370"
 135      0C5885BC 
 135      8733F553 
 135      6E7AC44C 
 135      F22AF5F8 
 136 0292 720666E1 		.ascii	"r\006f\341%\215L\323F6X+\211\353\270\201\014\353]\020"
 136      258D4CD3 
 136      4636582B 
 136      89EBB881 
 136      0CEB5D10 
 137 02a6 E1101814 		.ascii	"\341\020\030\024\364\321Km\3172\350\011\223\236\034"
 137      F4D14B6D 
 137      CF32E809 
 137      939E1C
 138 02b5 9A3E2559 		.ascii	"\232>%Y\364\333\323\256\304\301BA\276\351$\337\024\344"
 138      F4DBD3AE 
 138      C4C14241 
 138      BEE924DF 
 138      14E4
 139 02c7 21411E98 		.ascii	"!A\036\2304z\262\234o\206\227k\2279,\256S\314\374\357"
 139      347AB29C 
 139      6F86976B 
 139      97392CAE 
 139      53CCFCEF 
 140 02db 991D4F79 		.ascii	"\231\035Oy\235`~R6x\304\002\217\010\360\370L\252i\351"
 140      9D607E52 
 140      3678C402 
 140      8F08F0F8 
 140      4CAA69E9 
 141 02ef CA53E2B5 		.ascii	"\312S\342\265<_\316\366{`G\236\2700\3630Ga%Y\342\217"
 141      3C5FCEF6 
 141      7B60479E 
 141      B830F330 
 141      47612559 
 142 0305 05F59D9E 		.ascii	"\005\365\235\236-[\267\027~S\\L\244Pe@w\207\002\345"
 142      2D5BB717 
 142      7E535C4C 
 142      A4506540 
 142      778702E5 
 143 0319 E5BA3FBE 		.ascii	"\345\272?\276M\251\214FT%Z\035W\002zdu<\032\255\302"
 143      4DA98C46 
 143      54255A1D 
 143      57027A64 
 143      753C1AAD 
 144 032e 70588B29 		.ascii	"pX\213)\025\241\320f=\2625\252\251\337\006\202\341u"
 144      15A1D066 
 144      3DB235AA 
 144      A9DF0682 
 144      E175
 145 0340 FEB56B8A 		.ascii	"\376\265k\212\327\377\264V\2404\334\\\255\342\256\022"
 145      D7FFB456 
 145      A034DC5C 
 145      ADE2AE12 
 146 0350 D6425535 		.ascii	"\326BU5\345\252\022\333\035S\342\273\253\325\230\257"
 146      E5AA12DB 
 146      1D53E2BB 
 146      ABD598AF 
 147 0360 927CEAF3 		.ascii	"\222|\352\363q?\256F\224\230\036R4uWU8\250\210\032|"
 147      713FAE46 
 147      94981E52 
 147      34755755 
 147      38A8881A 
 148 0375 21E2F6FB 		.ascii	"!\342\366\373U]\327\242\037PX\344C\341OB5\272\256jq"
 148      555DD7A2 
 148      1F5058E4 
 148      43E14F42 
 148      35BAAE6A 
 149 038a 7FA51AA8 		.ascii	"\177\245\032\250\366\253Z\271\257d\343\027\353s\026"
 149      F6AB5AB9 
 149      AF64E317 
 149      EB7316
 150 0399 EF66FA4B 		.ascii	"\357f\372K\371\352k\265\"\254Y\353\357\303\221p\374"
 150      F9EA6BB5 
 150      22AC59EB 
 150      EFC39170 
 150      FC
 151 03aa 2DAF09B0 		.ascii	"-\257\011\260\262"
 151      B2
 152              		.text
 153              		.section	.gnu.lto_.symtab.fb34ab8ae0a6cd7,"",%progbits
 154 0000 5F736272 		.ascii	"_sbrk\000"
 154      6B00
 155 0006 00       		.ascii	"\000"
 156 0007 00       		.ascii	"\000"
 157 0008 00       		.ascii	"\000"
 158 0009 00000000 		.ascii	"\000\000\000\000\000\000\000\000"
 158      00000000 
 159 0011 BA000000 		.ascii	"\272\000\000\000"
 160 0015 5F486561 		.ascii	"_Heap_Begin\000"
 160      705F4265 
 160      67696E00 
 161 0021 00       		.ascii	"\000"
 162 0022 02       		.ascii	"\002"
 163 0023 00       		.ascii	"\000"
 164 0024 00000000 		.ascii	"\000\000\000\000\000\000\000\000"
 164      00000000 
 165 002c C2000000 		.ascii	"\302\000\000\000"
 166 0030 5F486561 		.ascii	"_Heap_Limit\000"
 166      705F4C69 
 166      6D697400 
 167 003c 00       		.ascii	"\000"
 168 003d 02       		.ascii	"\002"
 169 003e 00       		.ascii	"\000"
 170 003f 00000000 		.ascii	"\000\000\000\000\000\000\000\000"
 170      00000000 
 171 0047 C4000000 		.ascii	"\304\000\000\000"
 172 004b 5F5F6572 		.ascii	"__errno\000"
 172      726E6F00 
 173 0053 00       		.ascii	"\000"
 174 0054 02       		.ascii	"\002"
 175 0055 00       		.ascii	"\000"
 176 0056 00000000 		.ascii	"\000\000\000\000\000\000\000\000"
 176      00000000 
 177 005e BD000000 		.ascii	"\275\000\000\000"
 178              		.text
 179              		.section	.gnu.lto_.opts,"",%progbits
 180 0000 272D666D 		.ascii	"'-fmath-errno' '-fsigned-zeros' '-ftrapping-math' '"
 180      6174682D 
 180      6572726E 
 180      6F272027 
 180      2D667369 
 181 0033 2D666E6F 		.ascii	"-fno-trapv' '-fno-strict-overflow' '-fno-openmp' '-"
 181      2D747261 
 181      70762720 
 181      272D666E 
 181      6F2D7374 
 182 0066 666E6F2D 		.ascii	"fno-openacc' '-dD' '-mcpu=cortex-m4' '-mthumb' '-mf"
 182      6F70656E 
 182      61636327 
 182      20272D64 
 182      44272027 
 183 0099 6C6F6174 		.ascii	"loat-abi=soft' '-g3' '-O0' '-fmessage-length=0' '-f"
 183      2D616269 
 183      3D736F66 
 183      74272027 
 183      2D673327 
 184 00cc 7369676E 		.ascii	"signed-char' '-ffunction-sections' '-fdata-sections"
 184      65642D63 
 184      68617227 
 184      20272D66 
 184      66756E63 
 185 00ff 2720272D 		.ascii	"' '-flto' '-fno-move-loop-invariants'\000"
 185      666C746F 
 185      2720272D 
 185      666E6F2D 
 185      6D6F7665 
 186              		.text
 187              		.comm	__gnu_lto_v1,1,1
 188              		.comm	__gnu_lto_slim,1,1
 189              		.ident	"GCC: (GNU Tools for ARM Embedded Processors 6-2017-q2-update) 6.3.1 20170620 (release) [AR
DEFINED SYMBOLS
                            *ABS*:0000000000000000 _sbrk.c
                            *COM*:0000000000000001 __gnu_lto_v1
                            *COM*:0000000000000001 __gnu_lto_slim

NO UNDEFINED SYMBOLS
