   1              		.cpu cortex-m4
   2              		.eabi_attribute 20, 1
   3              		.eabi_attribute 21, 1
   4              		.eabi_attribute 23, 3
   5              		.eabi_attribute 24, 1
   6              		.eabi_attribute 25, 1
   7              		.eabi_attribute 26, 1
   8              		.eabi_attribute 30, 6
   9              		.eabi_attribute 34, 1
  10              		.eabi_attribute 18, 4
  11              		.file	"_startup.c"
  12              		.text
  13              	.Ltext0:
  14              		.section	.gnu.lto_.inline.13ca76ccc92ee41d,"",%progbits
  15 0000 789C6365 		.ascii	"x\234ce`bX\300\200\000\254\014\014\234\034\214\014L"
  15      606258C0 
  15      8000AC0C 
  15      0C9C1C8C 
  15      0C4C
  16 0012 7C0DB50C 		.ascii	"|\015\265\014,@9 `d`g\003\212p=\210\205\21101\210\352"
  16      2C403920 
  16      60646067 
  16      038A703D 
  16      88858930 
  17 0029 0045A41E 		.ascii	"\000E\244\036\334b\204\0111\3633B\011v\006^\011\240"
  17      DC628409 
  17      31F33342 
  17      0976065E 
  17      09A0
  18 003b A4C0851E 		.ascii	"\244\300\205\036TI.\206\313\014\213\2004S\325\204\235"
  18      54492E86 
  18      CB0C8B80 
  18      3453D584 
  18      9D
  19 004c EC7093B8 		.ascii	"\354p\223\270\201\346O\360c\341\0052'\370M\360c\346"
  19      81E64FF0 
  19      63E10532 
  19      27F84DF0 
  19      63E6
  20 005e 0199CEC0 		.ascii	"\001\231\316\300\310\305\000%\020\346\202\011\006\000"
  20      C8C50025 
  20      10E68209 
  20      0600
  21 006c AEC30D99 		.ascii	"\256\303\015\231"
  22              		.text
  23              		.section	.gnu.lto___initialize_data.13ca76ccc92ee41d,"",%progbits
  24 0000 789C6D93 		.ascii	"x\234m\223\321K\024A\034\307\3477\277\335===\205\036"
  24      D14B1441 
  24      1CC7E737 
  24      BFDD3D3D 
  24      3D851E
  25 0013 424242A8 		.ascii	"BBB\250\303|\271\253 \3601z\210\036\372\037$\355\012"
  25      C37CB9AB 
  25      20F0317A 
  25      881EFA1F 
  25      24ED0A
  26 0026 214FB933 		.ascii	"!O\2713\242\227\034OM\324J\356\250\023\305u\015+\315"
  26      A2971C4F 
  26      4DD44AEE 
  26      A813C575 
  26      0D2BCD
  27 0039 ACF32A2D 		.ascii	"\254\363*-{i5\010\0153\222\352\241\007\221\024\345\202"
  27      7B693508 
  27      0D3392EA 
  27      A1079114 
  27      E582
  28 004b 4021B324 		.ascii	"@!\263$\316~3{\367`:\260\2633\277\337\367\363\233\231"
  28      CE7E337B 
  28      F7603AB0 
  28      B333BFDF 
  28      F7F39B99 
  29 005f EFCEEA8C 		.ascii	"\357\316\352\214\263(2v\2261VN\0173\030pF\017h\324\243"
  29      B3283276 
  29      9631564E 
  29      0F331870 
  29      460F68D4 
  30 0074 EA354E02 		.ascii	"\3525N\002\301u\3524\035\200D\300\0328\322\270\201k"
  30      C175EA34 
  30      1D8044C0 
  30      1A38D2B8 
  30      816B
  31 0086 CC699DD8 		.ascii	"\314i\235\330\2050\325\2722\301\313\006\0055\273\353"
  31      8530D5BA 
  31      32C1CB06 
  31      0535BBEB 
  32 0096 ABAB51B4 		.ascii	"\253\253Q\264\024Y\204v\243\243\201A(#\325\307\346\321"
  32      14598476 
  32      A3A38141 
  32      2823D5C7 
  32      E6D1
  33 00a8 5EBC8516 		.ascii	"^\274\205\026\002h4]\177\337\263T \247\034Jh\372\247"
  33      0268345D 
  33      7FDFB354 
  33      20A71C4A 
  33      68FAA7
  34 00bb 6F6C11F1 		.ascii	"ol\021\361\0200\032/t\254\304<\245\367\205\210\010\373"
  34      10301A2F 
  34      74ACC43C 
  34      A5F78588 
  34      08FB
  35 00cd D36D1487 		.ascii	"\323m\024\207-D\030\006\244\202\360\020\212a\010\212"
  35      2D441806 
  35      A482F010 
  35      8A61088A 
  36 00dd 1985183C 		.ascii	"\031\205\030<\202R\222\267E\177\213<<\242\320\361\315"
  36      825292B7 
  36      457F8B3C 
  36      3CA2D0F1 
  36      CD
  37 00ee C955CCA0 		.ascii	"\311U\314\240?\343\031td\017\364\261B\223\253\246p\343"
  37      3FE31974 
  37      640FF4B1 
  37      4293ABA6 
  37      70E3
  38 0100 098546D7 		.ascii	"\011\205F\327ZDv\325_}E\261&qF\302O\366\200\023P*\211"
  38      5A4476D5 
  38      5F7D45B1 
  38      267146C2 
  38      4FF68013 
  39 0117 59BB2DE1 		.ascii	"Y\273-\341\306\223\212N\317\247\326t\357\200\242\277"
  39      C6938A4E 
  39      CFA7D674 
  39      EF80A2BF 
  40 0127 58FB889E 		.ascii	"X\373\210\236\026\232\344Gw\362\262\221\374[2}\307c"
  40      169AE447 
  40      77F2B291 
  40      FC5B327D 
  40      C763
  41 0139 689004AF 		.ascii	"h\220\004\257\343\023<\005\203,\226\316\364'F\206\015"
  41      E3133C05 
  41      832C96CE 
  41      F4274686 
  41      0D
  42 014a 3CA5CADA 		.ascii	"<\245\312\332\237\207\276g\313\256X\005\335Cvs\211\254"
  42      9F87BE67 
  42      CBAE5805 
  42      DD437673 
  42      89AC
  43 015c FA6C7755 		.ascii	"\372lwUx\016^I\2447\337\272\360\264\242'ov\274\206\014"
  43      780E5E49 
  43      A437DFBA 
  43      F0B4A227 
  43      6F76BC86 
  44 0171 3D1B6B82 		.ascii	"=\033k\202\310=\301%=\266\007=\256\350\356\344\342z"
  44      C83DC125 
  44      3DB6073D 
  44      AEE8EEE4 
  44      E27A
  45 0183 76BDE568 		.ascii	"v\275\345h\226\320\330.\371\013\360\312\315'\346\301"
  45      96D0D82E 
  45      F90BF0CA 
  45      CD27E6C1 
  46 0193 16E9ED56 		.ascii	"\026\351\355Va\247\017\336\335(,\004\365Q8\2239\015"
  46      61A70FDE 
  46      DD282C04 
  46      F5513893 
  46      390D
  47 01a5 A4CBBA1A 		.ascii	"\244\313\272\032\033 \3439 \255\313\225&\272U8O\016"
  47      1B20E339 
  47      20ADCB95 
  47      26BA5538 
  47      4F0E
  48 01b7 F315E361 		.ascii	"\363\025\343ar\035\326\256.M\007\322e\304\024DzR[\003"
  48      721DD6AE 
  48      2E4D07D2 
  48      65C41444 
  48      7A525B03 
  49 01cb 6EE98D89 		.ascii	"n\351\215\211\272)\363\224B'\025O\375]\002'\225k\222"
  49      BA29F394 
  49      4227154F 
  49      FD5D0227 
  49      956B92
  50 01de 3E054DBD 		.ascii	">\005M\275\3273\0017\305\324^e\211\2312'\230g\"\354"
  50      D7330137 
  50      C5D45E65 
  50      89993227 
  50      986722EC 
  51 01f2 50E5532C 		.ascii	"P\345S,\253\332j\237A'\352!\033\342-S\037\\\362r\242"
  51      ABDA6A9F 
  51      4127EA21 
  51      1BE22D53 
  51      1F5CF272 
  52 0207 F2F1416C 		.ascii	"\362\361Al\342\206\313\002\263\221n8\331\257I\356\245"
  52      E286CB02 
  52      B3916E38 
  52      D9AF49EE 
  52      A5
  53 0218 740226C0 		.ascii	"t\002&\300\2225#\361\231\003\222\376O\333\277_\211s"
  53      923523F1 
  53      990392FE 
  53      4FDBBF5F 
  53      8973
  54 022a 33E25724 		.ascii	"3\342W$\246\372\352\020t\024\\\206\346\2717\013\326"
  54      A6FAEA10 
  54      74145C86 
  54      E6B9370B 
  54      D6
  55 023b 71675D6E 		.ascii	"qg]nb\216<\373\006\220\310\340\214\366\207=\333\323"
  55      628E3CFB 
  55      0690C8E0 
  55      8CF6873D 
  55      DBD3
  56 024d 7C0328A3 		.ascii	"|\003(\243\363w\327\350X\024('\230~I\374\001\221\376"
  56      F377D7E8 
  56      58142827 
  56      987E49FC 
  56      0191FE
  57 0260 CD4E7512 		.ascii	"\315Nu\022\365E\332i\253\364S\263\022\237\317\037\276"
  57      F545DA69 
  57      ABF453B3 
  57      129FCF1F 
  57      BE
  58 0271 1AAE0FD4 		.ascii	"\032\256\017\324\370\303\241*\1770p\345Ru\245\277\""
  58      F8C3A12A 
  58      7F3070E5 
  58      5275A5BF 
  58      22
  59 0282 5C7F2E54 		.ascii	"\\\177.T\177\271\316W\305\264\013\241\332\232\374P\340"
  59      7FB9CE57 
  59      C5B40BA1 
  59      DA9AFC50 
  59      E0
  60 0293 62756DB0 		.ascii	"bum\260\242\222^Awf\022\010\236\207:\254\363\0355\244"
  60      A2925E41 
  60      77661208 
  60      9E873AAC 
  60      F31D35A4 
  61 02a7 C477EC1F 		.ascii	"\304w\354\037\243\327$\261"
  61      A3D724B1 
  62              		.text
  63              		.section	.gnu.lto___initialize_bss.13ca76ccc92ee41d,"",%progbits
  64 0000 789C6D52 		.ascii	"x\234mRKkSA\024>g\316$)W\323\205\210\210t\021\320\020"
  64      4B6B5341 
  64      143E67CE 
  64      242957D3 
  64      85888874 
  65 0017 BB49A42B 		.ascii	"\273I\244+E\004\377I\2615HAcH\"\305U\247ib\351\313\322"
  65      4504FF49 
  65      B1354841 
  65      634822C5 
  65      55A76962 
  66 002e 50135A7A 		.ascii	"P\023Zz\271\225P\033\237i\264\012qu\255\233\012U\261"
  66      B995501B 
  66      9F69B40A 
  66      7175AD9B 
  66      0A55B1
  67 0041 82B8D5AA 		.ascii	"\202\270\325\252%P\245\342\333E\352\231\271\331\210"
  67      2550A5E2 
  67      DB45EA99 
  67      B9D988
  68 0050 0EDCB9E7 		.ascii	"\016\334\271\347\361}g\316wf| \240_\000\234\004\200"
  68      F17D67CE 
  68      77667C20 
  68      A05F009C 
  68      0480
  69 0062 A3FC811F 		.ascii	"\243\374\201\037\220]\024(y'\263KA\000J\370x\223>D\006"
  69      905D1428 
  69      7927B34B 
  69      41004AF8 
  69      78933E44 
  70 0077 210C0862 		.ascii	"!\014\010b{@H\360\326$\225\010W\206?\324E\347\242\342"
  70      7B4048F0 
  70      D6249508 
  70      57863FD4 
  70      45E7A2E2 
  71 008b E5960AD6 		.ascii	"\345\226\012\326\240\312\357w\230:C\036\006\027\261"
  71      A0CAEF77 
  71      983A431E 
  71      0617B1
  72 009a 93512F72 		.ascii	"\223Q/rKst\231\034B\224\354~~:\273\321\256]\201!vG\246"
  72      4B737499 
  72      1C4294EC 
  72      7E7E3ABB 
  72      D1AE5D81 
  73 00b2 7EAA5D74 		.ascii	"~\252]t\020\201\355\007?\036mRdA\251\254r\327\246I\035"
  73      1081ED07 
  73      3F1E6D52 
  73      6441A9AC 
  73      72D7A649 
  74 00c7 7288F006 		.ascii	"r\210\360\006\022\027\304\353\330\201\025\354\000\016"
  74      1217C4EB 
  74      D88115EC 
  74      000E
  75 00d5 01DEC408 		.ascii	"\001\336\304\010\303k\233\266\262\350\210\241Nm\347"
  75      C36B9BB6 
  75      B2E888A1 
  75      4E6DE7
  76 00e4 55B045DD 		.ascii	"U\260E\335*\265\250\267\376C\275\215\021\215_sG\252"
  76      2AB5A8B7 
  76      FE43BD8D 
  76      118D5F73 
  76      47AA
  77 00f6 161D37DC 		.ascii	"\026\0357\334\346zc\333\027.\033\356\247\312\236\302"
  77      E67A63DB 
  77      172E1BEE 
  77      A7CA9EC2 
  78 0106 905A5552 		.ascii	"\220ZUR\363\357\374\315\327\213\341ok\315+A\277\304"
  78      F3EFFCCD 
  78      D78BE16F 
  78      6BCD2B41 
  78      BFC4
  79 0118 2A863DA9 		.ascii	"*\206=\251\270\204~\236\222\340\334NQ\275\026t\302\224"
  79      B8847E9E 
  79      92E0DC4E 
  79      51BD1674 
  79      C294
  80 012a 5D7E59FB 		.ascii	"]~Y\373\"[e\233\225\366\231\212\233\013\351\252\265"
  80      225B659B 
  80      95F6998A 
  80      9B0BE9AA 
  80      B5
  81 013b 7FABE25D 		.ascii	"\177\253\342]\014\353z\325utUsgX\271\257\016_}\263\327"
  81      0CEB7AD5 
  81      75745573 
  81      6758B9AF 
  81      0E5F7DB3 
  82 0150 42D0511E 		.ascii	"B\320Q\036\034\013\226\306\366\243V\020\320Z\332L\000"
  82      1C0B96C6 
  82      F6A35610 
  82      D05ADA4C 
  82      00
  83 0161 60D48C7B 		.ascii	"`\324\214{\214\370\032\251\201\331\331\306\304\202\245"
  83      8CF81AA9 
  83      81D9D9C6 
  83      C482A5
  84 0170 5BB249DA 		.ascii	"[\262I\332D&E^\252\330\230|\217^*`\023B\003\207\346"
  84      4426455E 
  84      AAD8987C 
  84      8F5E2A60 
  84      13420387 
  85 0185 2EB5026D 		.ascii	".\265\002m\0343\3750\356\353\352\001\035d\015\305\374"
  85      1C33FD30 
  85      EEEBEA01 
  85      1D640DC5 
  85      FC
  86 0196 CAF380BE 		.ascii	"\312\363\200\276,2\222\256\025\352\343\001\007\355A"
  86      2C3292AE 
  86      15EAE301 
  86      07ED41
  87 01a5 BEF1F97D 		.ascii	"\276\361\371}\216> \200\367\264\010\\F\007\031Q\335"
  87      8E3E2080 
  87      F7B4085C 
  87      46071951 
  87      DD
  88 01b6 AAFF0A6A 		.ascii	"\252\377\012j\202\344\336\357\033yc\304\217\206\336"
  88      82E4DEEF 
  88      1B7963C4 
  88      8F86DE
  89 01c5 61EED9E3 		.ascii	"a\356\331\343\357\225.\3574\264\311\257\273\376\206"
  89      EF952EEF 
  89      34B4C9AF 
  89      BBFE86
  90 01d4 6C49F1B0 		.ascii	"lI\361\260\374Dp\013\364\273|\214\341\374\360\350#f"
  90      FC44700B 
  90      F4BB7C8C 
  90      E1FCF0E8 
  90      2366
  91 01e6 E737A64D 		.ascii	"\3477\246MofB\243\244'\014\020\212Fc\351\213\351L\374"
  91      6F6642A3 
  91      A4270C10 
  91      8A4663E9 
  91      8BE94CFC 
  92 01fa 5C2C9DEA 		.ascii	"\\,\235\352\215%\342\375g\373zb\335\351\314\251T\346"
  92      8D25E2FD 
  92      67FB7A62 
  92      DDE9CCA9 
  92      54E6
  93 020c 4232DA0B 		.ascii	"B2\332\013\273S\3613}\347\023\335=\374KX-'\2368\215"
  93      BB53F133 
  93      7DE713DD 
  93      3DFC4B58 
  93      2D279E38 
  94 0221 494A46BB 		.ascii	"IJF\273\376\000\373\245\316\301"
  94      FE00FBA5 
  94      CEC1
  95              		.text
  96              		.section	.gnu.lto___run_init_array.13ca76ccc92ee41d,"",%progbits
  97 0000 789C9554 		.ascii	"x\234\225T[O\023A\024\236\263\263\227\026lU\020\364"
  97      5B4F1341 
  97      149EB3B3 
  97      97166C55 
  97      10F4
  98 0012 81108CE9 		.ascii	"\201\020\214\351\003\222\224\030/\357\376\014\343C\203"
  98      03929418 
  98      2FEFFE0C 
  98      E34383
  99 0021 C8038956 		.ascii	"\310\003\211VSj\214O]\271\032\274\220`\004Qk\213h\274"
  99      536A8C4F 
  99      5DB91ABC 
  99      90600451 
  99      6B8B68BC 
 100 0035 81808A0A 		.ascii	"\201\200\212\012\002\226r\021\0200`4\301&&\212\022A"
 100      02967211 
 100      10306034 
 100      C126268A 
 100      1241
 101 0047 48C40B51 		.ascii	"H\304\013Q\243\350\231\231\255h\267\022l\262\247\273"
 101      A3E89999 
 101      AD68B712 
 101      6CB2A7BB 
 102 0057 E77CDF37 		.ascii	"\347|\3377\347\3147\273\012\221\310E\225\020\235\020"
 102      E7CC37BB 
 102      0A91C845 
 102      95109D10 
 103 0067 B2132F62 		.ascii	"\262\023/b% \021\274@\306Hy\224%\212\000I\301 +\240"
 103      252011BC 
 103      40C64879 
 103      94258A00 
 103      49C1202B 
 104 007c 6146E551 		.ascii	"aF\345Q\223\030Q\262\260\274\005\000\311@|\022\225\025"
 104      931851B2 
 104      B0BC0500 
 104      C9407C12 
 104      9515
 105 008e 55B3808F 		.ascii	"U\263\200\217\312D\3744\343\277\202VS\010\227M\266J"
 105      CA44FC34 
 105      E3BF8256 
 105      5308974D 
 105      B64A
 106 00a0 999775FC 		.ascii	"\231\227u\374\205\252\347\023\016\353%\353\002\250^"
 106      85AAE713 
 106      0EEB25EB 
 106      02A85E
 107 00af 4305062E 		.ascii	"C\005\006.C&A\330hq\3239z\202\006(\200\214\217s\303"
 107      432641D8 
 107      6871D339 
 107      7A820628 
 107      808C8F73 
 108 00c4 6726ECEC 		.ascii	"g&\354\354Q\202\014|\274\364\250\273\323N7\000CN\217"
 108      51820C7C 
 108      BCF4A8BB 
 108      D34E3700 
 108      434E8F
 109 00d7 34472C8E 		.ascii	"4G,\216:.8\177\335^\243\207\2123\002\224\3025\240(\012"
 109      3A2E387F 
 109      DD5EA387 
 109      8A330294 
 109      C235A028 
 110 00ec 57210DAE 		.ascii	"W!\015\256@\032\027Gt\341B\351\250D\035\234\331\022"
 110      401A1747 
 110      74E142E9 
 110      A8441D9C 
 110      D912
 111 00fe A85D6F10 		.ascii	"\250]o\020\247\263~\363\352\343\362^5/\234\262\2512"
 111      A7B37EF3 
 111      EAE3F25E 
 111      352F9CB2 
 111      A932
 112 0110 348003AE 		.ascii	"4\200\003\256\203C\364\0137p#\010I\300\372DO8\250\320"
 112      8343F40B 
 112      37702308 
 112      49C0FA44 
 112      4F38A8D0 
 113 0124 2CAEDB56 		.ascii	",\256\333V\025>\253\032\302}\365\351'\213J\372u\231"
 113      153EAB1A 
 113      C27DF5E9 
 113      278B4AFA 
 113      7599
 114 0136 49379AA5 		.ascii	"I7\232\245\241\011\034H\351\276P\371\304F\267s\372\325"
 114      A1091C48 
 114      E9BE50F9 
 114      C446B773 
 114      FAD5
 115 0148 8AEF6713 		.ascii	"\212\357g\023\014z\177\227dp\233\343por\356ls\227\337"
 115      0C7A7F97 
 115      64709BE3 
 115      706F72EE 
 115      6C7397DF 
 116 015c 168B2726 		.ascii	"\026\213'&\360-\016\256\256m\371\222\310\300\205z\350"
 116      F02D0EAE 
 116      AE6DF992 
 116      C8C0857A 
 116      E8
 117 016d 59FD9A68 		.ascii	"Y\375\232ho\262\031\177\233\343o|\036:\246\322\035\274"
 117      6FB2197F 
 117      9BE36F7C 
 117      1E3AA6D2 
 117      1DBC
 118 017f B1B2F0E0 		.ascii	"\261\262\360\340\204\325Xh\244a\335\342\\-qz\273\303"
 118      84D55868 
 118      A461DDE2 
 118      5C2D717A 
 118      BBC3
 119 0191 E9F766E7 		.ascii	"\351\367f\347\333mt\017\2477\326\237\327\251i\256\273"
 119      DB6D740F 
 119      A737D69F 
 119      D7A969AE 
 119      BB
 120 01a2 71B8F7FE 		.ascii	"q\270\367\376g\256V\323\\/\032\322+\377=W\033:h\270"
 120      67AE56D3 
 120      5C2F1AD2 
 120      2BFF3D57 
 120      1B3A68B8 
 121 01b6 D8380621 		.ascii	"\3308\006!}\341g\231\036\232\314\252\235KM\005\302\262"
 121      7DE16799 
 121      1E9ACCAA 
 121      9D4B4D05 
 121      C2B2
 122 01c8 128F0AC1 		.ascii	"\022\217\012\301\325T\0264\026,\204\221\254\274\224"
 122      D5541634 
 122      162C8491 
 122      ACBC94
 123 01d7 8809D9C6 		.ascii	"\210\011\331\306o\355\254\266\222\205U,\254\346\250"
 123      6FEDACB6 
 123      9285552C 
 123      ACE6A8
 124 01e6 245E4A66 		.ascii	"$^Jf\250\024~KH9?\336G)\276Yt\012\012?\224\035\037\377"
 124      A8147E4B 
 124      48393FDE 
 124      4729BE59 
 124      740A0A3F 
 125 01fe 0EECF8F8 		.ascii	"\016\354\370\370\251\202\335W\225\204\037k\354x+|\247"
 125      A982DD57 
 125      95841F6B 
 125      EC782B7C 
 125      A7
 126 020f 5A5B6722 		.ascii	"Z[g\"\232\357\207n\301D\035\025\007pz\350iOB\000\374"
 126      9AEF876E 
 126      C1441D15 
 126      07707AE8 
 126      694F4200 
 127 0224 10A02AB4 		.ascii	"\020\240*\264\203\017\356\263\201\260\020\374\366\365"
 127      830FEEB3 
 127      81B010FC 
 127      F6F5
 128 0232 E90A041F 		.ascii	"\351\012\004\037\321\365\240\233)t@\000\017%t\202\217"
 128      D1F5A09B 
 128      29744000 
 128      0F257482 
 128      8F
 129 0243 F0A5BE6A 		.ascii	"\360\245\276jb!\325\244\014f\345\007\361\2253\230pH"
 129      6221D5A4 
 129      0C66E507 
 129      F1953398 
 129      7048
 130 0255 087771E1 		.ascii	"\010wq\341\242\323\245\306\000\032\316\200\352,7VZC"
 130      A2D3A5C6 
 130      001ACE80 
 130      EA2C3756 
 130      5A43
 131 0267 45D282F9 		.ascii	"E\322\202\371?_c\374\220@\030u\261\243Oo\007zU\201\262"
 131      3F5F63FC 
 131      90401875 
 131      B1A34F6F 
 131      077A5581 
 132 027c C2C634BE 		.ascii	"\302\3064\276/T\354K\347\324`\257]\224\022\227\323m"
 132      2F54EC4B 
 132      E7D460AF 
 132      5D941297 
 132      D36D
 133 028e F71FDD4E 		.ascii	"\367\037\335Nwt\274\244\233\032\331q\301ne\350\301n"
 133      7774BCA4 
 133      9B1AD971 
 133      C16E65E8 
 133      C16E
 134 02a0 FD8C842D 		.ascii	"\375\214\204-\367\302&\362\016\212\202\251L\233\240"
 134      F7C226F2 
 134      0E8A82A9 
 134      4C9BA0
 135 02af 387AA3B1 		.ascii	"8z\243\261\206\253J\375\3433\306\0346DC\226\350\007"
 135      86AB4AFD 
 135      E333C61C 
 135      36444396 
 135      E807
 136 02c1 3F5DF435 		.ascii	"?]\3645\024\217t\247\211\032*Y\230\322g\300;\2534\306"
 136      148F74A7 
 136      891A2A59 
 136      98D267C0 
 136      3BAB34C6 
 137 02d5 E0F4831D 		.ascii	"\340\364\203\035\221J\324Q\177\344\275!d7\265.\231["
 137      914AD451 
 137      7FE4BD21 
 137      6437B52E 
 137      995B
 138 02e7 EF5BCAC2 		.ascii	"\357[\312\302\207b\247\373\243\026\016\030\026\2564"
 138      8762A7FB 
 138      A3160E18 
 138      16AE34
 139 02f6 2953B3F2 		.ascii	")S\263\362\300\022\026\016\012\341G1\026\256\302\246"
 139      C012160E 
 139      0AE14731 
 139      16AEC2A6 
 140 0306 51FD6F0B 		.ascii	"Q\375o\013Wc~\321\263\347Q\317\222\242\236\251Q\317"
 140      57637ED1 
 140      B3E751CF 
 140      92A29EA9 
 140      51CF
 141 0318 226F1245 		.ascii	"\"o\022E)y9\355\015-\341\3310\367L\342\236\215\304x"
 141      297939ED 
 141      0D2DE1D9 
 141      30F74CE2 
 141      9E8DC478 
 142 032c 96BCE859 		.ascii	"\226\274\350YC$\352Y\012\242\243\236i1\236I8\202\360"
 142      4324EA59 
 142      0AA2A39E 
 142      69319E49 
 142      3882F0
 143 033f 0CEF9214 		.ascii	"\014\357\222\024\346Y\212\312=C+\351,\024\006?Vq\031"
 143      E6598ACA 
 143      3D432BE9 
 143      2C14063F 
 143      567119
 144 0352 FE5D2867 		.ascii	"\376](gG\005W\316p:\263\013\016\025x\363\366f\027xr"
 144      470557CE 
 144      703AB30B 
 144      0E1578F3 
 144      F6661778 
 145 0367 B3DD7907 		.ascii	"\263\335y\007\367\344\357\312v\025xs<\336\003\373\235"
 145      F7E4EFCA 
 145      76157873 
 145      3CDE03FB 
 145      9D
 146 0378 B904F295 		.ascii	"\271\004\362\225\334}\007\334\336\024\227k\277'/\337"
 146      DC7D07DC 
 146      DE14976B 
 146      BF272FDF 
 147 0388 9DEF75E5 		.ascii	"\235\357u\345x<9\207\\y\356\335\316\315kc\263\234\350"
 147      783C3987 
 147      5C79EEDD 
 147      CECD6B63 
 147      B39CE8
 148 039b DC92E472 		.ascii	"\334\222\344r\305@\267\256\371+%p\333~\001hZ4\232"
 148      C540B7AE 
 148      F92B2570 
 148      DB7E0168 
 148      5A349A
 149              		.text
 150              		.section	.gnu.lto___run_fini_array.13ca76ccc92ee41d,"",%progbits
 151 0000 789C8D54 		.ascii	"x\234\215T\335KSa\030\177\237\363\234\263\243Sw\021"
 151      DD4B5361 
 151      187F9FF3 
 151      9CB3A353 
 151      7711
 152 0012 525E78B1 		.ascii	"R^x\261\210]X\264\341E\344U\177D\377\30003\030\324\212"
 152      885D58B4 
 152      E145E455 
 152      7F44FFC0 
 152      303318D4 
 153 0027 6D125EED 		.ascii	"m\022^\355\264\351\014#\203>\\F\343\314,\254\254\315"
 153      B4E90C23 
 153      833E5C46 
 153      E3CC2CAC 
 153      ACCD
 154 0039 5556AB66 		.ascii	"UV\253fS+\224\322p`H\"\321\007\222\246T\202\221\231"
 154      532B94D2 
 154      70604822 
 154      D10792A6 
 154      54829199 
 155 004d ABE77DCF 		.ascii	"\253\347}\317I\254y\321\201\363p\336\347\375\375~\357"
 155      49AC79D1 
 155      81F370DE 
 155      E7FDFD7E 
 155      EF
 156 005e F3F51E85 		.ascii	"\363\365\036\205Il\227\314\330^\306X\015\275\314\302"
 156      496C97CC 
 156      D85EC658 
 156      0DBDCCC2 
 157 006e 4062F402 		.ascii	"@b\364\0029\001\205\225%dL\223\0242\262\002@ `A\011"
 157      39018595 
 157      25644C93 
 157      1432B202 
 157      40206041 
 158 0083 E93B28C9 		.ascii	"\351;(\311\314xNa\024a\260e&-Uuk\364d\243\271\222cZ"
 158      CC784E61 
 158      1461B065 
 158      262D5575 
 158      6BF464A3 
 159 009b 73854ED4 		.ascii	"s\205N\324\01640\320\015U\214`\343M\275\027\261\015"
 159      0E3430D0 
 159      0D558C60 
 159      E34DBD17 
 159      B10D
 160 00ad 75049069 		.ascii	"u\004\220i\371u\364\302{\033_J`\247\345\225\347C\375"
 160      F975F4C2 
 160      7B1B5F4A 
 160      60A7E595 
 160      E743FD
 161 00c0 36DC061C 		.ascii	"6\334\006\03497\226\232*rt\011\301\231\204\255C\313"
 161      3937969A 
 161      2A727409 
 161      C19984AD 
 161      43CB
 162 00d2 36D97544 		.ascii	"6\331uD\270\016H\242p\015*\341*T\012qB\207\362\221q"
 162      B80E48A2 
 162      700D2AE1 
 162      2A540A71 
 162      4287F291 
 163 00e7 091D82D9 		.ascii	"\011\035\202\331\247wn5\211\257\235k\274\033\033\362"
 163      A7776E35 
 163      89AF9D6B 
 163      BC1B1BF2 
 164 00f7 DEA5F2E7 		.ascii	"\336\245\362\347\312,2\334\004\007\364\200\303\210\027"
 164      CA2C32DC 
 164      0407F480 
 164      C38817
 165 0106 1260A154 		.ascii	"\022`\241TU\332\317$VF\213q\207\320\315\017.MZM\341"
 165      55DACF24 
 165      56468B71 
 165      87D0CD0F 
 165      2E4D5A4D 
 166 011b 6F898A33 		.ascii	"o\211\2123\341\346aM\346\322\311Bi\350\005\007Q\332"
 166      E1E6614D 
 166      E6D2C942 
 166      69E80507 
 166      51DA
 167 012d E297B412 		.ascii	"\342\227\264\022\334#\350\253=cg\377$4< \231\334\324"
 167      DC23E8AB 
 167      3D6367FF 
 167      24343C20 
 167      99DCD4
 168 0140 06DC5B82 		.ascii	"\006\334[\202\273\220\032\210\225\375\213g\005\340\333"
 168      BB901A88 
 168      95FD8B67 
 168      05E0DB
 169 014f 05E067C9 		.ascii	"\005\340g\311\362\265\330\012\361w\004>\332\331\367"
 169      F2B5D80A 
 169      F177043E 
 169      DAD9F7
 170 015e BD84E343 		.ascii	"\275\204\343CZ\366\347\3510\204.k\222\216r!\274\217"
 170      5AF6E7E9 
 170      30842E6B 
 170      928E7221 
 170      BC8F
 171 0170 0A631627 		.ascii	"\012c\026'\231\203\254\226\377\325\242e_9;\227\267\224"
 171      9983AC96 
 171      FFD5A265 
 171      5F393B97 
 171      B794
 172 0182 01E35E64 		.ascii	"\001\343^dt\214\314\215\302\015\315\020\301U\261U\314"
 172      748CCC8D 
 172      C20DCD10 
 172      C155B155 
 172      CC
 173 0193 1D563272 		.ascii	"\035V2r\251X3\326*\306\341\004\322\230\341,\204\026"
 173      A95833D6 
 173      2AC6E104 
 173      D298E12C 
 173      8416
 174 01a5 5B16A6BF 		.ascii	"[\026\246\277\000/w\014\371\020\2657\017\276T\3718("
 174      002F770C 
 174      F910B537 
 174      0FBE54F9 
 174      3828
 175 01b7 A262E9F4 		.ascii	"\242b\351\364\374\224\032\\\325\212\310\321\205F\303"
 175      FC941A5C 
 175      D58AC8D1 
 175      8546C3
 176 01c6 E65E4C3C 		.ascii	"\346^L<\261\352\020\003\035-p\017\202p\227GJ\033\361"
 176      B1EA1003 
 176      1D2D700F 
 176      82709747 
 176      4A1BF1
 177 01d9 1FCB13A5 		.ascii	"\037\313\023\245\004>\256iq/W\270\017:5\021\322\020"
 177      043EAE69 
 177      712F57B8 
 177      0F3A3511 
 177      D210
 178 01eb 64E2A811 		.ascii	"d\342\250\021\3258H.P\206B\345\007\033+\333\271\360"
 178      D538482E 
 178      508642E5 
 178      071B2BDB 
 178      B9F0
 179 01fd 4343F891 		.ascii	"CC\370\221\020\016\237\217\230\011(\224\003\251s_.\322"
 179      100E9F8F 
 179      98092894 
 179      03A9735F 
 179      2ED2
 180 020f 818693FB 		.ascii	"\201\206\223\373\327\217=\335*\310\220.E\324>\373\371"
 180      D78F3DDD 
 180      2AC8902E 
 180      45D43EFB 
 180      F9
 181 0220 A9C540A9 		.ascii	"\251\305@\251\004\024uAQ\227p{\344\344\233\217\246l"
 181      04147541 
 181      5197707B 
 181      E4E49B8F 
 181      A66C
 182 0232 718CEECA 		.ascii	"q\214\356\312N\301\350\037q\031>\353\377\244\320\277"
 182      4EC1E81F 
 182      71193EEB 
 182      FFA4D0BF 
 183 0242 2E85B94C 		.ascii	".\205\271L\346-V'\371xP\0122<\246\024HZt8\013\325\354"
 183      E62D5627 
 183      F978500A 
 183      323CA614 
 183      485A7438 
 184 0259 1384E39B 		.ascii	"\023\204\343\233\2716\213\211\206\251LD\261:=oFQjF\301"
 184      B9368B89 
 184      86A94C44 
 184      B13A3D6F 
 184      46516A46 
 185 026e 83A47B8F 		.ascii	"\203\244{\217\037\240ir\250\322\330\003\330.\206e\011"
 185      1FA06972 
 185      A8D2D803 
 185      D82E8665 
 185      09
 186 027f 48539572 		.ascii	"HS\225r\034\216\2136B\322o\003\027 \024_\211\012\031"
 186      1C8E8B36 
 186      42D26F03 
 186      1720145F 
 186      890A19
 187 0292 3151AD3C 		.ascii	"1Q\255<V\352\277\335\351t\371\033\375\201\372C.\277"
 187      56EABFDD 
 187      E974F91B 
 187      FD81FA43 
 187      2EBF
 188 02a4 AFCEE5AD 		.ascii	"\257\316\345\255?z\320\263\317\345\366\007j}\201\206"
 188      3F7AD0B3 
 188      CFE5F607 
 188      6A7D8186 
 189 02b4 23CE3A06 		.ascii	"#\316:\006\036\245\356p\2037\260\311\355>\340\361z\334"
 189      1EA5EE70 
 189      8337B0C9 
 189      ED3EE0F1 
 189      7ADC
 190 02c6 B53E5F6D 		.ascii	"\265>_m\243\273\336\273\337\271\273\374/\227\2408k~"
 190      A3BBDEBB 
 190      DFB9BBFC 
 190      2F97A038 
 190      6B7E
 191 02d8 03F96E62 		.ascii	"\003\371nb~"
 191      7E
 192              		.text
 193              		.section	.gnu.lto__start.13ca76ccc92ee41d,"",%progbits
 194 0000 789C9559 		.ascii	"x\234\225YiT\024\327\022\236\333wf\200\031f@v\201\020"
 194      695414D7 
 194      129EDB77 
 194      66801966 
 194      40768110 
 195 0014 13E38931 		.ascii	"\023\343\2111\021\305}\313f\366\230}y\177yFM\216\357"
 195      11C57DCB 
 195      66F6987D 
 195      797F7946 
 195      4D8EEF
 196 0027 24EA4193 		.ascii	"$\352A\223w\362\3471\212\212J\214Q\023p\324qP\242\202"
 196      77F2E731 
 196      8A8A4A8C 
 196      511370D4 
 196      7150A282 
 197 003b A2884B14 		.ascii	"\242\210K\0247FP\303\010\242\342\212\2501j\214 \032"
 197      374650C3 
 197      08A2E28A 
 197      A8316A8C 
 197      201A
 198 004d 17444585 		.ascii	"\027DE\205WU\267\273g\240\333\211\341\034n\337\256\256"
 198      5755B7BB 
 198      67A0DB89 
 198      E11C6EDF 
 198      AEAE
 199 005f AFF6AADB 		.ascii	"\257\366\252\333\015&\203dp&\031\014\251\314`x\033~"
 199      0D268364 
 199      7026190C 
 199      A9CC6078 
 199      1B7E
 200 0071 0D890626 		.ascii	"\015\211\006&\031\340\227\231a\345\314\004\253\221V"
 200      19E09799 
 200      61E5CC04 
 200      AB9156
 201 0080 93643418 		.ascii	"\223d4\030\034\022\220\035F\263\304q\037\204\373 )\004"
 201      1C12901D 
 201      46B3C471 
 201      1F84FB20 
 201      2904
 202 0092 F7C1B80F 		.ascii	"\367\301\270\017\026{\013\356C\030\354\231\205\331a"
 202      167B0BEE 
 202      4318EC99 
 202      85D961
 203 00a1 B5321BAC 		.ascii	"\2652\033\254\241\264\332\244P\344\261#\217]\262\342"
 203      A1B4DAA4 
 203      50E4B123 
 203      8F5DB2E2 
 204 00b1 3E0CF761 		.ascii	">\014\367aR'\334\207\343>\\\354#p\337\211\301\236E\260"
 204      5227DC87 
 204      E33E5CEC 
 204      2370DF89 
 204      C19E45B0 
 205 00c5 28582369 		.ascii	"(X#i\215\222\"\361i4>\215f\261@\211\2415V\212Az\034"
 205      8D9222F1 
 205      69343E8D 
 205      66B14089 
 205      A135568A 
 206 00dc D2E3583C 		.ascii	"\322\343X<P:\323\032/uFz\002\322\023\014\314\220.q\243"
 206      503AD31A 
 206      2F75467A 
 206      02D2130C 
 206      CC902E71 
 207 00f1 C91C141C 		.ascii	"\311\034\024\034b\261\206\332\354a\341\235\"\"\243\242"
 207      62B186DA 
 207      EC61E19D 
 207      2222A3A2 
 208 0101 6362E33A 		.ascii	"cb\343:\307'\260t\0138H?v\371\332I\276\206\310W\223"
 208      C727B074 
 208      0B38483F 
 208      76F9DA49 
 208      BE86C857 
 209 0116 7CB5C9D7 		.ascii	"|\265\311\327x\371\032+_\243\344\353\034\236\303YY\346"
 209      78F91A2B 
 209      5FA3E4EB 
 209      1C9EC359 
 209      59E6
 210 0128 C512E999 		.ascii	"\305\022\351\231\225\016\370\361\344\264\332';\246\305"
 210      950EF8F1 
 210      E4B4DA27 
 210      3BA6C5
 211 0137 B921744E 		.ascii	"\271!tN.x\330J\366\214\001\330\016M]\267\230\177\317"
 211      2E78D84A 
 211      F68C01D8 
 211      0E4D5DB7 
 211      987FCF
 212 014a DD9C3123 		.ascii	"\335\2341#\334^\337\277\360\274\035o%\326\005nO^\336"
 212      DC5EDFBF 
 212      F0BC1D6F 
 212      25D6056E 
 212      4F5EDE
 213 015d 75DDC6BB 		.ascii	"u\335\306\2732\344<\230\267y\211\265[\036\011<v\300"
 213      32E43C98 
 213      B77989B5 
 213      5B1E093C 
 213      76C0
 214 016f EE7478A6 		.ascii	"\356tx\246vqs\316V1\016BY\001Kd\371,\221\204\003w\323"
 214      767173CE 
 214      56310E42 
 214      59014B64 
 214      F92C9184 
 215 0186 2F1786F0 		.ascii	"/\027\206\360\356\004\\Yw*+\014\200\236)\000\254\216"
 215      EE045C59 
 215      772A2B0C 
 215      809E2900 
 215      AC8E
 216 0198 9A9BE1A8 		.ascii	"\232\233\341\250p\030\335\334\310\012u\221W7\027L\266"
 216      7018DDDC 
 216      C80A7591 
 216      5737174C 
 216      B6
 217 01a9 F39E04DD 		.ascii	"\363\236\004\335sj\361f\324\351\001\235\325\325>\235"
 217      736AF166 
 217      D4E9019D 
 217      D5D53E9D 
 218 01b9 6B7591E7 		.ascii	"ku\221\347\212[\177\262\231\215\254\210uck\340w5\353"
 218      8A5B7FB2 
 218      998DAC88 
 218      75636BE0 
 218      7735EB
 219 01cc 26FC65EB 		.ascii	"&\374e\353\230\031*l\000\360\024\256\273U\301x\037\222"
 219      98192A6C 
 219      00F014AE 
 219      BB55C178 
 219      1F92
 220 01de 7EF746CD 		.ascii	"~\367F\315\372\020\364\010\014k.\015\317\316\230F\206"
 220      FA10F408 
 220      0C6B2E0D 
 220      CFCE9846 
 220      86
 221 01ef 9958B156 		.ascii	"\231X\261V<[\317\272\001\304Y|\366\272I\2064\375\224"
 221      3C5BCFBA 
 221      01C4597C 
 221      F6BA4986 
 221      34FD94
 222 0202 C1A6FCEC 		.ascii	"\301\246\374\354\220\334\334l\320\260o \366\331\255"
 222      90DCDC6C 
 222      D0B06F20 
 222      F6D9AD
 223 0211 F77E647C 		.ascii	"\367~d|\000i\363n\276\327\026$C[K\303sTm\033u\264m\322"
 223      0069F36E 
 223      BED71624 
 223      435B4BC3 
 223      73546D1B 
 224 0229 6ACB0EA0 		.ascii	"j\313\016\240\355\027b\337}x\225+\224\017%m\213\346"
 224      ED1762DF 
 224      7D78952B 
 224      940F256D 
 224      8BE6
 225 023b E4DB6564 		.ascii	"\344\333ed\331\233\316|\212\233\211m\326Q\265E\243\352"
 225      D99BCE7C 
 225      8A9B896D 
 225      D651B545 
 225      A3EA
 226 024d 42205525 		.ascii	"B U%\304^\353\230}\310\312_\"U\207\234K\016Zd\350^o"
 226      C45EEB98 
 226      7DC8CA5F 
 226      2255879C 
 226      4B0E5A64 
 227 0264 CC7CD9B1 		.ascii	"\314|\331\261 \266UG\3336\202\177\357^}1\230\377\213"
 227      20B65547 
 227      DB36827F 
 227      EF5E7D31 
 227      98FF8B
 228 0277 E0072E15 		.ascii	"\340\007.\025_\013\226\341\325\3368\037|\273\016|\007"
 228      5F0B96E1 
 228      D5DE381F 
 228      7CBB0E7C 
 228      07
 229 0288 C15DA7EA 		.ascii	"\301]\247\352\267q\376\037\241}F\336y\263\222\304\312"
 229      B771FE1F 
 229      A17D46DE 
 229      79B392C4 
 229      CA
 230 0299 245F1277 		.ascii	"$_\022w\352\300K5\2766\006\362\325C\3549\307w\354\346"
 230      EAC04B35 
 230      BE3606F2 
 230      D543EC39 
 230      C777ECE6 
 231 02ad 7C3C69AB 		.ascii	"|<i\253lY\327\254\304\265e\204\032\327]:\272\3124\272"
 231      6C59D7AC 
 231      C4B56584 
 231      1AD75D3A 
 231      BACA34BA 
 232 02c1 4E05D255 		.ascii	"N\005\322UN\354\305\327=s\202\371$\322u\274e\015T\260"
 232      4EECC5D7 
 232      3D7382F9 
 232      24D275BC 
 232      650D54B0 
 233 02d5 805EAD8A 		.ascii	"\200^\255\212\362\005f\267\216\266=\004\377mk\331\017"
 233      F20566B7 
 233      8EB63D04 
 233      FF6D6BD9 
 233      0F
 234 02e6 9CCF6422 		.ascii	"\234\317d\"2\371\033\367\204jR\032\304\366\352\300\177"
 234      32F91BF7 
 234      846A521A 
 234      C4F6EAC0 
 234      7F
 235 02f7 25F89286 		.ascii	"%\370\222\206{Ev\276X\300\313\2469\357\370\372=q\256"
 235      7B4576BE 
 235      58C0CBA6 
 235      39EFF8FA 
 235      3D71AE
 236 030a AC9EB30A 		.ascii	"\254\236\263\012\035\274\227\360+\3465\235\016\341?"
 236      1DBC97F0 
 236      2BE6359D 
 236      0EE13F
 237 0319 0BFCACEF 		.ascii	"\013\374\254\357\367/P<\257\330%\311=\277O\007\\\011"
 237      F72F503C 
 237      AFD825C9 
 237      3DBF4F07 
 237      5C09
 238 032b BDEAD7B3 		.ascii	"\275\352\327\263\200\255\362\314,\262\360B!\250\265"
 238      80ADF2CC 
 238      2CB2F042 
 238      21A8B5
 239 033a A6FE9A22 		.ascii	"\246\376\232\"\350Li\342<y~\230X\225\216\254\375\204"
 239      E84C69E2 
 239      3C797E98 
 239      58958EAC 
 239      FD84
 240 034c BFBB64D3 		.ascii	"\277\273d\323Y\316\327\012\374\256\346\371g\215j\233"
 240      59CED70A 
 240      FCAEE6F9 
 240      678D6A9B 
 241 035c C7FBF0D5 		.ascii	"\307\373\360\325:\370\003\204\2379\367\216\303\3127"
 241      3AF80384 
 241      9F39F78E 
 241      C3CA37
 242 036b 08FC03CF 		.ascii	"\010\374\003\317\335\025J\201\266\274(\317 \023;\250"
 242      DD154A81 
 242      B6BC28CF 
 242      20133BA8 
 243 037b 833E2492 		.ascii	"\203>$\222\370\247\313a\341\036\201\236\353\271]e\364"
 243      F8A7CB61 
 243      E11E819E 
 243      EBB95D65 
 243      F4
 244 038c 75A282AE 		.ascii	"u\242\202\256\321A\037&t;w+\377\306\335#\004\361\267"
 244      D1411F26 
 244      743B772B 
 244      FFC6DD23 
 244      04F1B7
 245 039f B0B9D2CF 		.ascii	"\260\271\322\317C=\033\217\022\304\337,(\344@f\035\323"
 245      433D1B8F 
 245      12C4DF2C 
 245      28E44066 
 245      1DD3
 246 03b1 005AB749 		.ascii	"\000Z\267I\001\021\3075VU\260\000\026\235 v\3774\251"
 246      0111C735 
 246      5655B000 
 246      169D2076 
 246      FF34A9
 247 03c4 EC7A29AA 		.ascii	"\354z)\252\325\204\351\230;\"p\230Njz\361\242;N\251"
 247      D584E998 
 247      3B227098 
 247      4E6A7AF1 
 247      A23B4EA9 
 248 03d8 689D66AC 		.ascii	"h\235f\254#~O\353\355\275A\274R\256\242\331Y\245J7V"
 248      237E4FEB 
 248      EDBD41BC 
 248      52AEA2D9 
 248      59A54A37 
 249 03ed CD53BAC9 		.ascii	"\315S\272\311\304N\351\250;M\360\334\242\302Uf^#\340"
 249      C44EE9A8 
 249      3B4DF0DC 
 249      A2C25566 
 249      5E23E0
 250 0400 9EA3F90D 		.ascii	"\236\243\371\015\212\356\355\316\356\271S\302\021|F"
 250      8AEEEDCE 
 250      EEB953C2 
 250      117C46
 251 040f 07FCDB3F 		.ascii	"\007\374\333?\016\367\331\177\026\356\3375\361\273\232"
 251      0EF7D97F 
 251      16EEDF35 
 251      F1BB9A
 252 041e FF37F13B 		.ascii	"\3777\361;G\220\266l\307\011\211\037\023\016m<\\|S5"
 252      4790B66C 
 252      C709891F 
 252      130E6D3C 
 252      5C7C5335 
 253 0432 30DFAE8E 		.ascii	"0\337\256\216\302\363:\360\013\004_^Y\276\323\316O\012"
 253      C2F33AF0 
 253      0B045F5E 
 253      59BED3CE 
 253      4F0A
 254 0444 78437571 		.ascii	"xCuq]\260<]\316%\253\007\373\037:\350\213\204\236\322"
 254      5DB03C5D 
 254      CE25AB07 
 254      FB1F3AE8 
 254      8B849ED2 
 255 0458 3AFD90C4 		.ascii	":\375\220\304O\011\364&\367\322'd\360I\037\370O\035"
 255      4F09F426 
 255      F7D22764 
 255      F0491FF8 
 255      4F1D
 256 046a F02531C2 		.ascii	"\360%1\302\227n\022\263\014\217\250\242\244yr\346\203"
 256      976E12B3 
 256      0C8FA8A2 
 256      A47972E6 
 256      83
 257 047b B599AF27 		.ascii	"\265\231\257'\376+\305\273\\6Y\301\221\371J\262\271"
 257      FE2BC5BB 
 257      5C3659C1 
 257      91F94AB2 
 257      B9
 258 048c 96BD41C3 		.ascii	"\226\275A\303\336\274V=\302t\370/\213\343/w\031\214"
 258      DEBC563D 
 258      C274F82F 
 258      8BE32F77 
 258      198C
 259 049e 9773F278 		.ascii	"\227s\362xY]\375\243\022\011eNr\326\250\343\313\025"
 259      595DFDA3 
 259      1209654E 
 259      72D6A8E3 
 259      CB15
 260 04b0 02EF587B 		.ascii	"\002\357X{o\177\010\277-\317\306\262[',\032\360U\035"
 260      6F7F08BF 
 260      2DCFC6B2 
 260      5B272C1A 
 260      F0551D
 261 04c3 F05F04F6 		.ascii	"\360_\004\366\017{\363j{\300\270_#\204_\250\033\236"
 261      0F7BF36A 
 261      7BC0B85F 
 261      23845FA8 
 261      1B9E
 262 04d5 0D18EAEB 		.ascii	"\015\030\352\353\232P\237Y\023(\32474\261\253^\023("
 262      9A509F59 
 262      1328D437 
 262      34B1AB5E 
 262      1328
 263 04e7 7637897F 		.ascii	"v7\211\177\313\225\346\3556>K\"\367\213\012\2278\270"
 263      CB95E6ED 
 263      363E4B22 
 263      F78B0A97 
 263      38B8
 264 04f9 C6FD261D 		.ascii	"\306\375&\035\343n\021x\355\255\252\357\314\334-\300"
 264      E36E1178 
 264      EDADAAEF 
 264      CCDC2DC0 
 265 0509 9965FBCE 		.ascii	"\231e\373\316\207h\300\315:\340\333\032\317\216\025"
 265      8768C0CD 
 265      3AE0DB1A 
 265      CF8E15
 266 0518 AAE7B18E 		.ascii	"\252\347\261\216gw4\236\355-L\012\340\331]\342/_6\357"
 266      6777349E 
 266      ED2D4C0A 
 266      E0D95DE2 
 266      2F5F36EF 
 267 052c B08DAF17 		.ascii	"\260\215\257\027\306\025\314\271\277H\233\330\026\035"
 267      C615CCB9 
 267      BF489BD8 
 267      161D
 268 053a E3EE11F8 		.ascii	"\343\356\021\370\374\356\262\\\023\337'\300[\263\313"
 268      FCEEB25C 
 268      13DF27C0 
 268      5BB3CB
 269 0549 169935E0 		.ascii	"\026\2315\340\373:\340\007\254[Q\015\3638Z\3332\301"
 269      FB3AE007 
 269      AC5B510D 
 269      F3385ADB 
 269      32C1
 270 055b C8614B37 		.ascii	"\310aK7=\367oF\207\250DgK\010\355-\006hl+mCak\266\321"
 270      3DF76F46 
 270      87A84467 
 270      4B08ED2D 
 270      06686C2B 
 271 0575 3169476A 		.ascii	"1iGj\030Q\303\221\332\211\216\277\010\244F\0225\012"
 271      1851C391 
 271      DA898EBF 
 271      08A44612 
 271      350A
 272 0587 A9D174AC 		.ascii	"\251\321t\254\305\3006(\026\227x\222\233\200\\\211\264"
 272      C5C03628 
 272      16977892 
 272      9B805C89 
 272      B4
 273 0598 7D0CB992 		.ascii	"}\014\271\222\350Xz\034\251]\210\372\004R\237\244\263"
 273      E8587A1C 
 273      A95D88FA 
 273      04529FA4 
 273      B3
 274 05a9 A72BC29E 		.ascii	"\247+\302\236\302\345iXxwX\214=\014\370\242\360\034"
 274      C2E56958 
 274      7877588C 
 274      3D0CF8A2 
 274      F01C
 275 05bb 9D053DE9 		.ascii	"\235\005=\351\000I\246S\247\027\215\372\336\264\246"
 275      0049A653 
 275      A7178DFA 
 275      DEB4A6
 276 05ca A0B43EB4 		.ascii	"\240\264>\264\355K\214\375\220\320\237\266\003P\374"
 276      ED4B8CFD 
 276      90D09FB6 
 276      0350FC
 277 05d9 401A8583 		.ascii	"@\032\205\203h~\016\246\0317\204\326\241\3107\214\266"
 277      687E0EA6 
 277      193784D6 
 277      A1C8378C 
 277      B6
 278 05ea CFA3C617 		.ascii	"\317\243\306\027py\021\227\227h\236\274L#i8\255\257"
 278      70791197 
 278      97689EBC 
 278      4C236938 
 278      ADAF
 279 05fc 20F95558 		.ascii	" \371UX\202_\243\373\327\361\376\015\\\336\304\345-"
 279      825FA3FB 
 279      D7F1FE0D 
 279      5CDEC4E5 
 279      2D
 280 060d EA8AB7A9 		.ascii	"\352\212\267\251\227F\320\372\016\362\276K\333\367\220"
 280      9746D0FA 
 280      0EF2BE4B 
 280      DBF790
 281 061c E37D5C3E 		.ascii	"\343}\\>\300\345C\342\375\210\036}L\353'\310\373)m\015"
 281      C0E543E2 
 281      FD881E7D 
 281      4CEB27C8 
 281      FB296D0D 
 282 0630 8659F4E1 		.ascii	"\206Y\364\341\226\305\341\023\231_f\031\271\177-\341"
 282      96C5E113 
 282      995F6619 
 282      B97F2DE1 
 283 0640 F85983E9 		.ascii	"\370Y\203\351.)i\254\013J\177\340\010\006v'\207\017"
 283      2E2969AC 
 283      0B4A7FE0 
 283      08067627 
 283      870F
 284 0652 1DD6CAD2 		.ascii	"\035\326\312\322\001\033b\250geM\227\352\177\265\"'"
 284      011B62A8 
 284      67654D97 
 284      EA7FB522 
 284      27
 285 0663 30664F2B 		.ascii	"0fO+;\020\204_w\026\326\001g\311C\361@k\234z\256\332"
 285      3B10845F 
 285      7716D601 
 285      67C943F1 
 285      406B9C7A 
 286 0679 EA66AEC9 		.ascii	"\352f\256\311\016\346\346V\346\220\322Y\033\026\013"
 286      0EE6E656 
 286      E690D259 
 286      1B160B
 287 0688 9B2CB919 		.ascii	"\233,\271\031<?\274\261\361u\224`e[o\265\034\013eS\244"
 287      3C3FBCB1 
 287      F1759460 
 287      655B6FB5 
 287      1C0B6553 
 288 069d 44A1A521 		.ascii	"D\241\245!S\321\322^,\323\023\233\241\212\235\012be"
 288      53D1D25E 
 288      2CD3139B 
 288      A18A9D0A 
 288      6265
 289 06af 21535A32 		.ascii	"!SZ2w\264ma~\037rPD\364\355\006|\323$\263\213\207\370"
 289      77B46D61 
 289      7E1F7250 
 289      44F4ED06 
 289      7CD324B3 
 290 06c6 FB60EAE8 		.ascii	"\373`\352\350\203)\017\203\003\264\254kG6X@\031\250"
 290      83290F83 
 290      03B4AC6B 
 290      47365840 
 290      19A8
 291 06d8 32B34C50 		.ascii	"2\263LP5\035\344\343\203\031w\3168\202\201y\206\303"
 291      351DE4E3 
 291      831977CE 
 291      38828179 
 291      86C3
 292 06ea 91DBC050 		.ascii	"\221\333\300P\304\014P\017\322gJ\351\024\\\010\002\007"
 292      C40C500F 
 292      D2674AE9 
 292      145C0802 
 292      07
 293 06fb 43B2EB5B 		.ascii	"C\262\353[3\343\375\354\200j\307\332\306J&K\0001\013"
 293      33E3FDEC 
 293      806AC7DA 
 293      C64A264B 
 293      00310B
 294 070e EDB1B8C0 		.ascii	"\355\261\270\300\275z\226\261x:\023\004+\320\250\271"
 294      BD7A96B1 
 294      783A1304 
 294      2BD0A8B9 
 295 071e D09B59F5 		.ascii	"\320\233Y\365VA\015\245W\343\222\357\202(\000\016\007"
 295      56410DA5 
 295      57E392EF 
 295      8228000E 
 295      07
 296 072f 4C50040B 		.ascii	"LP\004\013\263X\026\232\000\37472kM\202\337\006\020"
 296      B358169A 
 296      00FC3732 
 296      6B4D82DF 
 296      0610
 297 0741 0399D196 		.ascii	"\003\231\321\226\231$Hv\220\335NS\030\320\3744\331\004"
 297      99244876 
 297      90DD4E53 
 297      18D0FC34 
 297      D904
 298 0753 355C5793 		.ascii	"5\\W\223]\326\364\235FS'\200\010M3\274\011\202\024\001"
 298      5DD6F49D 
 298      46532780 
 298      084D33BC 
 298      09821401 
 299 0767 B2DB698A 		.ascii	"\262\333i\212\004\232O\223W\326\024\245\253)B\3264["
 299      049A4F93 
 299      57D614A5 
 299      AB2942D6 
 299      345B
 300 0779 A3291A20 		.ascii	"\243)\032 H\251\261\030\\\3749\360Q\275\351\011f\250"
 300      48A9B118 
 300      5CFC39F0 
 300      51BDE909 
 300      66A8
 301 078b 37C9C089 		.ascii	"7\311\300\2117\013\353[\362,j\006\246\212\217\220\012"
 301      370BEB5B 
 301      F22C6A06 
 301      A68A8F90 
 301      0A
 302 079c 3BF63876 		.ascii	";\3668v;\3660\345\300\011)\367K\324I$\177O\011\232\203"
 302      3BF630E5 
 302      C00929F7 
 302      4BD44924 
 302      7F4F099A 
 303 07b1 5A7B8178 		.ascii	"Z{\201xJ\254QNl\301}.\236\244\270xo\305M\"\364\001\232"
 303      4AAC514E 
 303      6CC17D2E 
 303      9EA4B878 
 303      6FC54D22 
 304 07c8 E2E642EF 		.ascii	"\342\346B\3573\202\330\317"
 304      3382D8CF 
 305 07d0 C5FBB6E3 		.ascii	"\305\373\266\343\352\0174\277`\310\302\006\370\005\203"
 305      EA0F34BF 
 305      60C8C206 
 305      F80583
 306 07df 5120FAC9 		.ascii	"Q \372\311\201\370A\016D\2667\036Y5|)2\337\\\340\003"
 306      81F8410E 
 306      44B6371E 
 306      59357C29 
 306      32DF5CE0 
 307 07f4 3964AB09 		.ascii	"9d\253\011l\275\300\246\236(?\343\356#\344'\243\261"
 307      6CBDC0A6 
 307      9E283FE3 
 307      EE23E427 
 307      A3B1
 308 0806 F0738BF5 		.ascii	"\360s\213\365\205\340q\210S\177\343\302\266\012\351"
 308      85E07188 
 308      537FE3C2 
 308      B60AE9
 309 0815 16EB0D3E 		.ascii	"\026\353\015>\362}\377\003\363\2010\010\300f\001\256"
 309      F27DFF03 
 309      F3813008 
 309      C06601AE 
 310 0825 2E3F536A 		.ascii	".?Sj\026M\3034]\302\265]2\357!]r\323\235\200m2_\264"
 310      164DC334 
 310      5DC2B55D 
 310      32EF215D 
 310      72D39D80 
 311 083d C98FD426 		.ascii	"\311\217\324&`\006\330\032\"\265\264^\227\240<L\013"
 311      6006D81A 
 311      22B5B45E 
 311      97A03C4C 
 311      0B
 312 084e 97DD3083 		.ascii	"\227\3350\203\346 \012qYv\375\202z;6\255\213\307<\332"
 312      E6200A71 
 312      5976FD82 
 312      7A3B36AD 
 312      8BC73CDA 
 313 0862 8CF9491D 		.ascii	"\214\371I\035\006\331\250\006\254\257+\357\347\2230"
 313      06D9A806 
 313      ACAF2BEF 
 313      E79330
 314 0871 BD61C6F3 		.ascii	"\275a\306\363b\342\334)<4\227\261\034I\234]Yp\362\312"
 314      62E2DC29 
 314      3C3497B1 
 314      1C499C5D 
 314      5970F2CA 
 315 0885 1A9D33C3 		.ascii	"\032\2353\303\004\177\354\243\215\237\005\252F\247\252"
 315      047FECA3 
 315      8D9F05AA 
 315      46A7AA
 316 0894 71984FC2 		.ascii	"q\230O\302\017\265m.\213P\271>\277\266<\204-\224U\316"
 316      0FB56D2E 
 316      8B50B93E 
 316      BFB63C84 
 316      2D9455CE 
 317 08a8 82916AE0 		.ascii	"\202\221j\340Y\334\"\0247]*(\320\037zF=\255\213T\255"
 317      59DC2214 
 317      375D2A28 
 317      D01F7A46 
 317      3DAD8B54 
 318 08bd 8B7D430F 		.ascii	"\213}C\017\204\254\252\267\350\0121\351\011q\251B\226"
 318      84ACAAB7 
 318      E80A31E9 
 318      0971A942 
 318      96
 319 08ce B49F9C39 		.ascii	"\264\237\2349%\376\223\363\210or\272\261\010\3425E`"
 319      25FE93F3 
 319      886F72BA 
 319      B108E235 
 319      4560
 320 08e0 D616416E 		.ascii	"\326\026An\300Q\271T\324\3002yTZ\225Q\271\263>\301O"
 320      C051B954 
 320      D4C03279 
 320      545A9551 
 320      B9B33EC1 
 321 08f5 311CE378 		.ascii	"1\034\343xh\223Z\340\316C\345\011.\350R\271\213\210"
 321      68935AE0 
 321      CE43E509 
 321      2EE852B9 
 321      8B88
 322 0907 9008345F 		.ascii	"\220\0104_\027\325\332\004\3651\335\221\222 w\310\317"
 322      17D5DA04 
 322      F531DD91 
 322      922077C8 
 322      CF
 323 0918 FE2385F8 		.ascii	"\376#\205\370\223\000\"\206WiA\202 =\016\262\333i\352"
 323      93002286 
 323      57694182 
 323      203D0EB2 
 323      DB69EA
 324 092b 02349FA6 		.ascii	"\0024\237\246\022Y\323\023\272\232\036\2275-\327hz\022"
 324      1259D313 
 324      BA9A1E97 
 324      352DD768 
 324      7A12
 325 093d 20EA881A 		.ascii	" \352\210\032\010\232\325\233A\360P\314\253\331\313"
 325      089AD59B 
 325      41F050CC 
 325      ABD9CB
 326 094c 3BCEABBD 		.ascii	";\316\253\275Uv|\265\300\227\014\012\204\023\032\317"
 326      55767CB5 
 326      C0970C0A 
 326      84131ACF 
 327 095c 2F52E790 		.ascii	"/R\347\220\274\202\242\264\022\225\014\006\321\024\331"
 327      BC82A2B4 
 327      12950C06 
 327      D114D9
 328 096b 506556CD 		.ascii	"PeV\3151\211'C]|\210\342\025\021\206\001M\361\252\251"
 328      31892743 
 328      5D7C88E2 
 328      15118601 
 328      4DF1AAA9 
 329 097f 221E899A 		.ascii	"\"\036\211\232\3112T\366&_\234\333E\215%wmX\323fx\277"
 329      C93254F6 
 329      265F9CDB 
 329      458D2577 
 329      6D58D366 
 330 0995 2BA07ACE 		.ascii	"+\240z\316\202!,O\232\346\374>B\362 TE->\004,\262n\315"
 330      82212C4F 
 330      9AE6FC3E 
 330      42F22054 
 330      452D3E04 
 331 09ad F3428B0F 		.ascii	"\363B\213\017\013m\311\033\014\354vu\266T\232EYI\232"
 331      0B6DC91B 
 331      0CEC7675 
 331      B6549A45 
 331      59499A
 332 09c0 B20AD296 		.ascii	"\262\012\322\226\325\252\207\315\226\3454[V\213\272"
 332      D5AA87CD 
 332      96E5345B 
 332      568BBA
 333 09cf 2A54660B 		.ascii	"*Tf\013(\214\267\264\254\275\001\327.\266\226\242\006"
 333      288CB7B4 
 333      ACBD01D7 
 333      2EB696A2 
 333      06
 334 09e0 9C2D614A 		.ascii	"\234-aJ\247\357\367\312\263\245\353\243\365\334\032"
 334      A7EFF7CA 
 334      B3A5EBA3 
 334      F5DC1A
 335 09ef B55DD676 		.ascii	"\265]\326v\234-]\375_&\254\020\225\"u\260\204\313\352"
 335      9C2D5DFD 
 335      5F26AC10 
 335      952275B0 
 335      84CBEA
 336 0a02 BC5F0AD6 		.ascii	"\274_\012\326\247\036\2557\327\251\312\212Ue\273\215"
 336      A71EAD37 
 336      D7A9CA8A 
 336      5565BB8D 
 337 0a12 B20855FC 		.ascii	"\262\010U\374,8\356p\210D\310/r\367V<\344E\316\210\177"
 337      2C38EE70 
 337      8844C82F 
 337      72F7563C 
 337      E445CE88 
 338 0a27 7596C48B 		.ascii	"u\226\304\213\334e6-w\315\323:|\241N\264\205m\000>x"
 338      DC65362D 
 338      77CDD33A 
 338      7CA14EB4 
 338      856D003E 
 339 0a3c B0BD74F9 		.ascii	"\260\275t\371\0253<\0205m\243\277\252!\206m\224\322"
 339      15333C10 
 339      356DA3BF 
 339      AA21866D 
 339      94D2
 340 0a4e E1F1CD3A 		.ascii	"\341\361\315:\217\227\253\217\355\364\0077z\274IJw\323"
 340      8F97AB8F 
 340      EDF40737 
 340      7ABC494A 
 340      77D3
 341 0a60 B10F453F 		.ascii	"\261\017E?\273\366>\353P\311\255\325f\232&Nn\366\257"
 341      BBF63EEB 
 341      50C9ADD5 
 341      669A264E 
 341      6EF6AF
 342 0a73 60785DA5 		.ascii	"`x]\245wS\366\013U\361f\254\210\327\375\243\032\336"
 342      7753F60B 
 342      55F166AC 
 342      88D7FDA3 
 342      1ADE
 343 0a85 F1152D3C 		.ascii	"\361\025-<\017\2076~\207V\035\335-\027H'V\002q\333\""
 343      0F87367E 
 343      87561DDD 
 343      2D174827 
 343      560271DB 
 344 0a9a 17486ECB 		.ascii	"\027Hn\313\335\243\241r\201\344e'\240\214\2558\350P"
 344      DDA3A172 
 344      81E46527 
 344      A08CAD38 
 344      E850
 345 0aac 05DB065E 		.ascii	"\005\333\006^\222\215w\203\204\26674\342C\264\342\267"
 345      928D7783 
 345      84B63734 
 345      E243B4E2 
 345      B7
 346 0abd EB8BEF82 		.ascii	"\353\213\357\202\262w\250\262w\222\354\214\005\320c"
 346      B277A8B2 
 346      7792EC8C 
 346      05D063
 347 0acc 24FA4DF0 		.ascii	"$\372M\360\005\024 \255f:\274U\023\361-\240\347\370"
 347      051420AD 
 347      663ABC55 
 347      13F12DA0 
 347      E7F8
 348 0ade FDD38433 		.ascii	"\375\323\2043#+\025#\270\351\222w\217Yp\275\315z\210"
 348      232B1523 
 348      B8E99277 
 348      8F5970BD 
 348      CD7A88
 349 0af1 FE8A149D 		.ascii	"\376\212\024\235\274\263~\337\036\273x\364\316\243\030"
 349      BCB37EDF 
 349      1EBB78F4 
 349      CEA318
 350 0b00 ECF133B8 		.ascii	"\354\3613\270a\307\216\337yJ\221\234\262`\266\213^\024"
 350      61C78EDF 
 350      794A919C 
 350      B260B68B 
 350      5E14
 351 0b12 461844D0 		.ascii	"F\030D\320Y\231\224b\300\"\212A\3610\217\336\221_\373"
 351      59999462 
 351      C0228A41 
 351      F1308FDE 
 351      915FFB
 352 0b25 33B2A7BB 		.ascii	"3\262\247\273j\033eW\336\005\000{V\230\024\245\264|"
 352      6A1B6557 
 352      DE05007B 
 352      569814A5 
 352      B47C
 353 0b37 A2EAD108 		.ascii	"\242\352\321\010\321w#\300\360\210\032d\217\274a\007"
 353      D17723C0 
 353      F0881A64 
 353      8FBC6107 
 354 0b47 CE6861FC 		.ascii	"\316ha\374\215LW\3355Y\320{\032\353-Z\353\313\037\222"
 354      8D4C57DD 
 354      3559D07B 
 354      1AEB2D5A 
 354      EBCB1F92 
 355 0b5b CD7118EF 		.ascii	"\315q\030\357\335j\274\367(\271\364\312\271|_#\334\252"
 355      DD6ABCF7 
 355      28B9F4CA 
 355      B97C5F23 
 355      DCAA
 356 0b6d 15BE3740 		.ascii	"\025\2767@.\177UeWt\310\345\007`:(h\237\313\017\201"
 356      2E7F5565 
 356      5774C8E5 
 356      07603A28 
 356      689FCB0F 
 357 0b82 EE4BDE49 		.ascii	"\356K\336I%y\037)\311\213Q\222W\367\207U<\372\344Q,"
 357      25791F29 
 357      C98B5192 
 357      57F78755 
 357      3CFAE451 
 358 0b97 F40648DE 		.ascii	"\364\006H\336>J\336\307J\362*;$\357\023_\362\326\324"
 358      3E4ADEC7 
 358      4AF22A3B 
 358      24EF135F 
 358      F2D6D4
 359 0baa 29C9FB14 		.ascii	")\311\373\024\000J\362b;$\357C\022\206\311\373\030\014"
 359      004AF262 
 359      3B24EF43 
 359      1286C9FB 
 359      180C
 360 0bbc 8FC6E47D 		.ascii	"\217\306\344}\032C\311\213SN\347\026\010/\015\240\247"
 360      1A43C98B 
 360      534EE716 
 360      082F0DA0 
 360      A7
 361 0bcd 7118D071 		.ascii	"q\030\320q\031\"\010\335\261\375i\260$\011B\217\366"
 361      192208DD 
 361      B1FD69B0 
 361      2409428F 
 361      F6
 362 0bde EE453871 		.ascii	"\356E8q\230\263*\210%\240\201\337\015\365L\031\273r"
 362      98B32A88 
 362      25A081DF 
 362      0DF54C19 
 362      BB72
 363 0bf0 FA5AC709 		.ascii	"\372Z\307\011q\365\2002!\202\375'\004|-\343W\261\201"
 363      71F58032 
 363      2182FD27 
 363      047C2DE3 
 363      57B181
 364 0c03 EDA70951 		.ascii	"\355\247\011Q\215F?\257\211b\2506\212\007\036RD\333"
 364      8D463FAF 
 364      8962A836 
 364      8A071E52 
 364      44DB
 365 0c15 7268241C 		.ascii	"rh$\034\304T\243Lv\310\257\214H\374\013\032\3616\255"
 365      C454A34C 
 365      76C8AF8C 
 365      48FC0B1A 
 365      F136AD
 366 0c28 F89A0065 		.ascii	"\370\232\000etX\225}\304WF$\372E0\036\024\250eD\304"
 366      7458957D 
 366      C4574624 
 366      FA45301E 
 366      14A86544 
 367 0c3d 9780AE94 		.ascii	"\227\200\256\224Qv\375_PFD~\031\236P\316:S& \245\263"
 367      5176FD5F 
 367      5046447E 
 367      199E50CE 
 367      3A532620 
 368 0c53 7FBB24CB 		.ascii	"\177\273$\313y\305\305\207\263\236\204\330\351\355%"
 368      79C5C587 
 368      B39E84D8 
 368      E9ED25
 369 0c62 68AF3E8A 		.ascii	"h\257>\212\331G\003\324\3261\252\255W\014\"\326\354"
 369      D94703D4 
 369      D631AAAD 
 369      570C22D6 
 369      EC
 370 0c73 B85A5BD5 		.ascii	"\270Z[\325T[\257\372j\353\301\351F\331\220\327dC\320"
 370      545BAFFA 
 370      6AEBC1E9 
 370      46D990D7 
 370      6443D0
 371 0c86 CE785F6D 		.ascii	"\316x_m\321\263\341\242\017\240\266\206\2037qX[\257"
 371      D1B3E1A2 
 371      0FA0B686 
 371      83377158 
 371      5BAF
 372 0c98 75A6DA4A 		.ascii	"u\246\332J\240\203k\352\214=\255\007\314:'R\224\023"
 372      A0836BEA 
 372      8C3DAD07 
 372      CC3A2752 
 372      9413
 373 0caa 671A3B41 		.ascii	"g\032;Au\323\303\215s\004\316<Fg_\227\344\344^\023\277"
 373      75D3C38D 
 373      7304CE3C 
 373      46675F97 
 373      E4E45E13 
 374 0cbf 9D3869CC 		.ascii	"\2358i\314W\275&\246\215\3525n\314\177\277\034\373Y"
 374      57BD26A6 
 374      8DEA356E 
 374      CC7FBF1C 
 374      FB59
 375 0cd1 AFD48993 		.ascii	"\257\324\211\223F\246M\372zB\362(\203q\324\370\321c"
 375      46A64DFA 
 375      7A42F228 
 375      8371D4F8 
 375      D163
 376 0ce3 8C23D3BE 		.ascii	"\214#\323\276\370\006\227Q|B\362`\343\204\344\224\336"
 376      F8069751 
 376      7C42F260 
 376      E384E494 
 376      DE
 377 0cf4 B8A444A7 		.ascii	"\270\244D\247\246\216\0369id\352gc\276\030;.\365\213"
 377      A68E1E39 
 377      6964EA67 
 377      63BE183B 
 377      2EF58B
 378 0d07 AF47A68D 		.ascii	"\257G\246\215NN\351\023)S\307\214\033\255\320\372\""
 378      4E4EE913 
 378      2953C78C 
 378      1BADD0FA 
 378      22
 379 0d18 7B3F5CFA 		.ascii	"{?\\\372G\245\246~6qb{\310\200\010A\364C\014\014Bu\311"
 379      47A5A67E 
 379      3671627B 
 379      C8800841 
 379      F4430C0C 
 380 0d2f 2983F0FA 		.ascii	")\203\360\372Mr\312`6\301\370y\332\370\257B\323\000"
 380      4D72CA60 
 380      36C1F879 
 380      DAF8AF42 
 380      D300
 381 0d41 387E9CC0 		.ascii	"8~\234\300[\344\033\300\231\361ar\012\330\327\033~\373"
 381      5BE41BC0 
 381      99F16172 
 381      0AD8D71B 
 381      7EFB
 382 0d53 B0B1A651 		.ascii	"\260\261\246Q\343\277\0367\011\264}>v\334\330\324\221"
 382      E3BF1E37 
 382      09B47D3E 
 382      76DCD8D4 
 382      91
 383 0d64 696923BF 		.ascii	"ii#\277\025n%\017\212hG\004p\362@\340\003\312\244v|"
 383      156E250F 
 383      8A684704 
 383      70F240E0 
 383      03CAA476 
 384 0d79 68951F11 		.ascii	"h\225\037\021\371\372\307\246\246NH\033\243a\355\027"
 384      F9FAC7A6 
 384      A64E481B 
 384      A361ED17 
 385 0d89 DD918EDC 		.ascii	"\335\221\216\334}\377\017\304 \017\015"
 385      7DFF0FC4 
 385      200F0D
 386              		.text
 387              		.section	.gnu.lto_.symbol_nodes.13ca76ccc92ee41d,"",%progbits
 388 0000 789C558E 		.ascii	"x\234U\216;J\003A\030\307\377\363\332\307$\361\225\227"
 388      3B4A0341 
 388      18C7FFF3 
 388      DAC724F1 
 388      9597
 389 0012 A578809C 		.ascii	"\245x\200\234\301=I\330\230Ul\"d\027\333oE\261\260\022"
 389      C13D49D8 
 389      98556C22 
 389      6417DB6F 
 389      45B1B012 
 390 0026 3C409A05 		.ascii	"<@\232\005\017\260\235\225\205\265gP,,\024\004S\033"
 390      0FB09D95 
 390      85B56750 
 390      2C2C1404 
 390      531B
 391 0038 9C9990C5 		.ascii	"\234\231\220\305\251~\377\3277\214\002\307\003\003\014"
 391      A97EFFD7 
 391      378C02C7 
 391      03030C
 392 0047 08B87B81 		.ascii	"\010\270{\201\305c\231\230\200\021\363\003N\334\013"
 392      C5639998 
 392      8011F303 
 392      4EDC0B
 393 0056 94C681B9 		.ascii	"\224\306\201\271T-\346\320\346\016\035a\301\005\011"
 393      542DE6D0 
 393      E60E1D61 
 393      C10509
 394 0065 7FBC255D 		.ascii	"\177\274%]\275\255\\\035\223l\352\313d\224\236\024\331"
 394      BDAD5C1D 
 394      936CEACB 
 394      64949E14 
 394      D9
 395 0076 7C7C911D 		.ascii	"||\221\035\027\347\363\334\254\202\340\372\020\243i"
 395      17E7F3DC 
 395      AC82E0FA 
 395      10A369
 396 0085 5AA4E349 		.ascii	"Z\244\343Ivz6\203Pa\330D\331lj\202\335\310=\270\027"
 396      767A3683 
 396      5061D844 
 396      D96C6A82 
 396      DDC83DB8 
 397 009a 3B486DEB 		.ascii	";Hm\353I\2367\007\252\265I\326\373n\333\015{\035\013"
 397      499E3707 
 397      AAB549D6 
 397      FB6EDB0D 
 397      7B1D0B
 398 00ad B64FCA7D 		.ascii	"\266O\312}\000(\313#\343\207\024x~@\241\347\373\024"
 398      0028CB23 
 398      E3871478 
 398      7E40A1E7 
 398      FB14
 399 00bf 797E87E2 		.ascii	"y~\207\342\377^r,\337V\211e}\373\265\210 C\334\337X"
 399      FF5E722C 
 399      DF568965 
 399      7DFBB588 
 399      2043DCDF 
 400 00d4 21F410D5 		.ascii	"!\364\020\325\353*\021z\200ja\022\241\373x^\213\036"
 400      EB2A117A 
 400      806A6112 
 400      A1FB785E 
 400      8B1E
 401 00e6 AACFA7DF 		.ascii	"\252\317\247\337+&t\027\325\217UR\243~\267\002F-?6\252"
 401      2B267417 
 401      D58F5552 
 401      A37EB702 
 401      462D3F36 
 402 00fb FE760A7F 		.ascii	"\376v\012\177>Yb\364"
 402      3E5962F4 
 403              		.text
 404              		.section	.gnu.lto_.refs.13ca76ccc92ee41d,"",%progbits
 405 0000 789C0DCC 		.ascii	"x\234\015\3141\022\0011\030\206\341\367\377\362'\273"
 405      31120131 
 405      1886E1F7 
 405      FFF227BB 
 406 0010 91B0B133 		.ascii	"\221\260\2613j\306\340\014\214\302y\334R\261\015\205"
 406      6AC6E00C 
 406      8CC279DC 
 406      52B10D85 
 407 0020 92660FC3 		.ascii	"\222f\017\303s\200'\"\356@\222\202\311\205'\305\242"
 407      73802722 
 407      EE409282 
 407      C98527C5 
 407      A2
 408 0031 54492D74 		.ascii	"TI-t\352MY\344n\263\260\"\253AK\327jK\331Q\3676\034"
 408      EA4D59E4 
 408      6EB3B022 
 408      AB414BD7 
 408      6A4BD951 
 409 0048 AC1DB53E 		.ascii	"\254\035\265>i<3\\hW\205\233\374\001>\241\370D\351\365"
 409      693C335C 
 409      6857859B 
 409      FC013EA1 
 409      F844E9F5 
 410 005c 8FDFA8FF 		.ascii	"\217\337\250\377\240\374\205<\303\017P\027\012H"
 410      A0FC853C 
 410      C30F5017 
 410      0A48
 411              		.text
 412              		.section	.gnu.lto_.decls.13ca76ccc92ee41d,"",%progbits
 413 0000 789C9557 		.ascii	"x\234\225W{PT\327\031\277\347\236\313k]\300P\223\032"
 413      7B5054D7 
 413      19BFE79E 
 413      CB6B5DC0 
 413      50931A
 414 0013 4BA6E24C 		.ascii	"K\246\342L\032\222N j'ibg\232N\247\255\323f\222\374"
 414      1A924E20 
 414      6A276962 
 414      679A4EA7 
 414      ADD36692 
 415 0028 D166FA4F 		.ascii	"\321f\372Ogg\305\215\356\024\027\273\254\265\366\237"
 415      6767C58D 
 415      EE1417BB 
 415      ACB5F69F 
 416 0038 5E5E627C 		.ascii	"^^b|\362\360\205(\"H\\\220\227\200\274\321\005|\213"
 416      F2F08528 
 416      22485C90 
 416      9780BCD1 
 416      057C8B
 417 004b 2828208A 		.ascii	"(( \212\254\242\030\025\264\210(/\201~\347q\357\336"
 417      ACA21815 
 417      B488282F 
 417      817EE771 
 417      EFDE
 418 005d 5DD9497A 		.ascii	"]\331Iz\307\317\275\347;\337\367;\277\337\367\235{\317"
 418      C7CFBDE7 
 418      3BDFF73B 
 418      BFDFF79D 
 418      7BCF
 419 006f C5471085 		.ascii	"\305G\020\205\223\257\011B\276(\010\321`3p\371\012\202"
 419      93AF0942 
 419      BE2808D1 
 419      603370F9 
 419      0A82
 420 0081 5024B82E 		.ascii	"P$\270.\035X%X=\230\003\254\031\254\013\254\007\354"
 420      1D582558 
 420      3D9803AC 
 420      19AC0BAC 
 420      07EC
 421 0093 2ED843B0 		.ascii	".\330C\260\001\260\307`A`\303`\317\301\306\300&\301"
 421      01B0C760 
 421      4160C360 
 421      CFC1C6C0 
 421      26C1
 422 00a5 A6C11012 		.ascii	"\246\301\020\022\204\020\260\267\300~\012\026\006\366"
 422      8410B0B7 
 422      C07E0A16 
 422      06F6
 423 00b3 2ED812B0 		.ascii	".\330\022\260_\200}\210\004\267k\015\214}\340\367+\260"
 423      5F807D88 
 423      04B76B0D 
 423      8C7DE0F7 
 423      2BB0
 424 00c5 10B07960 		.ascii	"\020\260y`%`_\360y\3049y^\033~@^\375,yq0\341\357\221"
 424      25605FF0 
 424      79C43979 
 424      5E1B7E40 
 424      5EFD2C79 
 425 00de F725D810 		.ascii	"\367%\330\020\330G0\367\024~Oj0H\035\244Y\264j\257\344"
 425      D84730F7 
 425      147E4F6A 
 425      30481DA4 
 425      59B46AAF 
 426 00f3 FF1393D4 		.ascii	"\377\023\223\324U\324\324K{\225\300\370\215Y\260\234"
 426      55D4D44B 
 426      7B95C0F8 
 426      8D59B09C 
 427 0103 1A7DEF70 		.ascii	"\032}\357pl\202\371K\210\367\003\373\030l9\214\373\301"
 427      6C82F94B 
 427      88F703FB 
 427      186C398C 
 427      FBC1
 428 0115 1E68D6FD 		.ascii	"\036h\326\375\004~\373\340w\031\374\376\212\257E\372"
 428      047EFBE0 
 428      7719FCFE 
 428      8AAF45FA 
 429 0125 4CFAFA58 		.ascii	"L\372\372Xp\365\233\364\365!\327{\227s$}'}\376\276~"
 429      70F59BF4 
 429      F521D77B 
 429      9773247D 
 429      277DFEBE 
 430 013a 7ADB07DA 		.ascii	"z\333\007\332k\017F\267\357t$\371\366\242\036D\247\021"
 430      6B0F46B7 
 430      EF7424F9 
 430      F6A21E44 
 430      A711
 431 014c 89F00822 		.ascii	"\211\360\010\"\303\031\345B*\210\250\314\261 \217$\201"
 431      C319E542 
 431      2A88A8CC 
 431      B1208F24 
 431      81
 432 015d 0782B907 		.ascii	"\007\202\271\007*\263ZD\027\010%@Ih3\370\220\376\023"
 432      2AB35A44 
 432      17082540 
 432      496833F8 
 432      90FE13
 433 0170 D900A9F3 		.ascii	"\331\000\251\363J\254\006\220\253@\263\320b\027V\324"
 433      4AAC0690 
 433      AB40B3D0 
 433      621756D4 
 434 0180 3FCD68B9 		.ascii	"?\315h\271\257s\242[$.\373SD}\025\205i\365\022\206u"
 434      AF73A25B 
 434      242EFB53 
 434      447D1585 
 434      69F51286 
 435 0195 E0BEA028 		.ascii	"\340\276\240(\2534\010\317\243\367[\232\232\367\373"
 435      AB3408CF 
 435      A3F75B9A 
 435      9AF7FB
 436 01a4 4AA2800A 		.ascii	"J\242\200\012\020f\331\316q\373\357#\012ev\371\377\321"
 436      1066D9CE 
 436      71FBEF23 
 436      0A6576F9 
 436      FFD1
 437 01b6 55D4B6C4 		.ascii	"U\324\266\304\322\375x;F!:$\221U.\355\273\033\004\303"
 437      D2FD783B 
 437      46213A24 
 437      91552EED 
 437      BB1B04C3 
 438 01ca 793AB410 		.ascii	"y:\264\020\206\027\216\367\333}\364\233e9^NI\220\003"
 438      86178EF7 
 438      DB7DF49B 
 438      65395E4E 
 438      499003
 439 01dd 96A32F74 		.ascii	"\226\243/t\250\030\205\242\"\024\012\214K\220\236\243"
 439      A81885A2 
 439      22140A8C 
 439      4B909EA3 
 440 01ed 4C4C9FED 		.ascii	"LL\237\355!\013R\037Z!\021\337\214=\275\313O\365\225"
 440      210B521F 
 440      5A2111DF 
 440      8C3DBDCB 
 440      4FF595
 441 0200 22EA1C2F 		.ascii	"\"\352\034/\037u\370\250\316c\314yzf\324\021\3148\210"
 441      1F75F8A8 
 441      CE63CC79 
 441      7A66D411 
 441      CC3888
 442 0213 306C1F6A 		.ascii	"0l\037j90\207q\230\013\303\275\316\332\026<\1777e\236"
 442      39308771 
 442      980BC3BD 
 442      CEDA163C 
 442      7F37659E 
 443 0227 20CF15D1 		.ascii	" \317\025\321Wo\240\012\340PN9\034G\363\341\3772$1\""
 443      576FA00A 
 443      E0504E39 
 443      1C47F3E1 
 443      FF322431 
 444 023c 8F133B4B 		.ascii	"\217\023;K\202\026e\313\267\035\262\303\231\267,\265"
 444      821665CB 
 444      B71DB2C3 
 444      99B72CB5 
 445 024c 4C969364 		.ascii	"L\226\223d\271i\036\211C\371\010\243B\024\001\361G\221"
 445      B9691E89 
 445      43F908A3 
 445      421401F1 
 445      4791
 446 025e 44467067 		.ascii	"DFpgGN\204\216\240^\350A%Z\004\010\015\011\325\211\""
 446      474E848E 
 446      A05EE841 
 446      255A0408 
 446      0D09D589 
 447 0273 FECC4B1D 		.ascii	"\376\314K\035\277_h\015\323\324x/\241J\347\225u\035"
 447      BF5F680D 
 447      D3D4782F 
 447      A14AE795 
 447      751D
 448 0285 655DABB0 		.ascii	"e]\253\260\276\323_\3320\207\263\276\020\236!;\342e"
 448      BED35FDA 
 448      3087B3BE 
 448      109E213B 
 448      E265
 449 0297 F9908E44 		.ascii	"\371\220\216D\241*\225s5p\256\362\344\\O9?\257=u6\030"
 449      A12A9573 
 449      3570AEF2 
 449      E45C4F39 
 449      3FAF3D75 
 450 02ad FFCD0BE7 		.ascii	"\377\315\013\347\261\270\216F\357TNR*+8\223\346\321"
 450      B1B88E46 
 450      EF544E52 
 450      2A2B3893 
 450      E6D1
 451 02bf 1783FE9C 		.ascii	"\027\203\376\234\311\215\237\253L \0105\250LN\000\223"
 451      C98D9FAB 
 451      4C200835 
 451      A84C4E00 
 451      93
 452 02d0 064F260E 		.ascii	"\006O&\016\312d\264\256\360\262\204-^\230<\337xuJRt"
 452      CA64B4AE 
 452      F0B2842D 
 452      5E983CDF 
 452      78754A52 
 453 02e5 46B8A137 		.ascii	"F\270\2417\252\350M\200\336\350\211\336L\321\223\236"
 453      AAE84D80 
 453      DEE889DE 
 453      4CD1939E 
 454 02f5 5C9FC4F8 		.ascii	"\\\237\304\370?\024}\252'nZd\233&\010\206\223\361\275"
 454      3F147DAA 
 454      276E5A64 
 454      9B260886 
 454      93F1BD
 455 0308 DB03759B 		.ascii	"\333\003u\233\210F\266SC\264;\365\014\202w\026\212\014"
 455      8846B653 
 455      43B43BF5 
 455      0C827716 
 455      8A0C
 456 031a 45A76108 		.ascii	"E\247a\010\321\305\303#\305\276,9\030\206\233\356$_"
 456      D1C5C323 
 456      C5BE2C39 
 456      18869BEE 
 456      245F
 457 032c D5B11D37 		.ascii	"\325\261\0357F\246;\306\032&\364x#\"\013I\351\366cg"
 457      46A63BC6 
 457      1A26F478 
 457      23220B49 
 457      E9F66367 
 458 0340 FD51B82E 		.ascii	"\375Q\270.\024\001\034\372Vy\206\004t\021\351\320y\204"
 458      14011CFA 
 458      56798604 
 458      7411E9D0 
 458      7984
 459 0352 952795AE 		.ascii	"\225'\225\256=\224#\343\371\002Z\032\212>\010\025\320"
 459      3D9423E3 
 459      F9025A1A 
 459      8A3E0815 
 459      D0
 460 0363 05144EA2 		.ascii	"\005\024N\242`\351\026\310\275\004k\357\223IX\033\242"
 460      60E916C8 
 460      BD046BEF 
 460      9349581B 
 460      A2
 461 0374 6E3A18FA 		.ascii	"n:\030\3725\275\207U\233j\0066\213!)T\202,/\2441\350"
 461      35BD8755 
 461      9B6A0636 
 461      8B212954 
 461      822C2FA4 
 462 038a 1C249EA5 		.ascii	"\034$\236\245\032ZQ\210\242\204D_\036\2767\020\020\266"
 462      1A5A5188 
 462      A284445F 
 462      1EBE3710 
 462      10B6
 463 039c 051D94F7 		.ascii	"\005\035\224\367.\244s\340+\333ud\202\355\304\313(\214"
 463      2EA473E0 
 463      2BDB7564 
 463      82EDC4CB 
 463      288C
 464 03ae 46F5C79D 		.ascii	"F\365\307\235\331\023\2103\251\022\264;7\263T\"\015"
 464      D9138833 
 464      A912B43B 
 464      37B35422 
 464      0D
 465 03bf 6983625F 		.ascii	"i\203b_!\233\017\234\007\317\367\035\322\343\\\0261"
 465      219B0F9C 
 465      07CFF71D 
 465      D2E35C16 
 465      31
 466 03d0 9878A807 		.ascii	"\230x\250\007\223\210\253\240\013\265\263\255|\251\347"
 466      9388ABA0 
 466      0BB5B3AD 
 466      7CA9E7
 467 03df 71A10F2E 		.ascii	"q\241\017.d\021M\227Ou\353ID\007\211\270\306\"\366$"
 467      64114D97 
 467      4F75EB49 
 467      440789B8 
 467      C622F624 
 468 03f3 65FE09DA 		.ascii	"e\376\011\332\232\335(;&\226\221\266\306\311\262H\333"
 468      9ADD283B 
 468      269691B6 
 468      C6C9B248 
 468      DB
 469 0404 7A4A6D6B 		.ascii	"zJmk'\264\365\224g[\273h[\357w\345\264b|\214-\360\360"
 469      27B4F594 
 469      675BBB68 
 469      5BEF77E5 
 469      B4627C8C 
 470 041b C1B59BC1 		.ascii	"\301\265\233\301\012\005\312\260\270p\262TGU}\251\343"
 470      0A05CAB0 
 470      B870B254 
 470      47557DA9 
 470      E3
 471 042c 8FDC6079 		.ascii	"\217\334`yK\236\367w\302M\272\245o(O\327\364\221\266"
 471      4B9EF777 
 471      C24DBAA5 
 471      6F284FD7 
 471      F491B6
 472 043f 644C765D 		.ascii	"dLv]\234\354x\264 Cn\022I\004\272\256R\353\006j\327"
 472      9CEC78B4 
 472      20436E12 
 472      4904BAAE 
 472      52EB066A 
 473 0454 7923E178 		.ascii	"y#\341x!\2242Z.\246c\\\305(\345\325g%\373i\337\202\244"
 473      2194325A 
 473      2EA6635C 
 473      C528E5D5 
 473      6725FB69 
 474 046b 31AECDD5 		.ascii	"1\256\315\325\013O=\005\"\261'\0369\216\007ic\311\254"
 474      0B4F3D05 
 474      22B1271E 
 474      398E0769 
 474      63C9AC
 475 047e 2BD6A9BE 		.ascii	"+\326\251\2762\257\326\265\026\261^9\3257\211\275\341"
 475      32AFD6B5 
 475      16B15E39 
 475      D53789BD 
 475      E1
 476 048f FEB0AFA2 		.ascii	"\376\260\257\242\3646\253m\307\250\\-i\245\302\224K"
 476      F436AB6D 
 476      C7A85C2D 
 476      69A5C294 
 476      4B
 477 04a0 6A1F957A 		.ascii	"j\037\225zG\221\372\354fJ\265\216H\225\241\023oR\251"
 477      4791FAEC 
 477      664AB58E 
 477      4895A113 
 477      6F52A9
 478 04b3 10018706 		.ascii	"\020\001\207\006\227*\220[\246\363.\325y}\307\256\203"
 478      972A905B 
 478      A6F32ED5 
 478      797DC7AE 
 478      83
 479 04c4 3A5CCF4B 		.ascii	":\\\317K\3371\2665P\313\335\351\306\275_\345>pr\242"
 479      DF31B635 
 479      50CBDDE9 
 479      C6BD5FE5 
 479      3E7072A2 
 480 04d8 13539EFD 		.ascii	"\023S\236\375*w\347T\3324\343\276\\\217\3563\356\023"
 480      2A77E754 
 480      DA34E3BE 
 480      5C8FEE33 
 480      EE13
 481 04ea D9FBB291 		.ascii	"\331\373\262\221\3276=\240\334\277S\270\367\236J\332"
 481      D7363DA0 
 481      DCBF53B8 
 481      F79E4ADA 
 482 04fa 2E71EE4D 		.ascii	".q\356M\214;D\240{.\356\367\024\356\017)\367\034g\316"
 482      8C3B44A0 
 482      7B2EEEF7 
 482      14EE0F29 
 482      F71C67CE 
 483 050e 32DCCAA8 		.ascii	"2\334\312\250W\0166\015\352\025\341o\321d\262\375\036"
 483      570E360D 
 483      EA15E16F 
 483      D164B2FD 
 483      1E
 484 051f B9921F29 		.ascii	"\271\222\037)\311\0034\371vE\246\214\361=\226}\"\261"
 484      C90334F9 
 484      7645A68C 
 484      F13D967D 
 484      22B1
 485 0531 B602F1EC 		.ascii	"\266\002\361\354>W\366\240+{P\311~L\263w$\234\267c,"
 485      3E57F6A0 
 485      2B7B50C9 
 485      7E4CB377 
 485      249CB763 
 486 0546 B393B774 		.ascii	"\263\223\267t\377\3136\177\345\221`\247\355XW\257^["
 486      FFCB367F 
 486      E59160A7 
 486      ED5857AF 
 486      5E5B
 487 0558 4882E62A 		.ascii	"H\202\346*\344\220Z\310\361\263\267:\003\\\217\274\244"
 487      E4905AC8 
 487      F1B3B73A 
 487      035C8FBC 
 487      A4
 488 0569 4CA1A7E4 		.ascii	"L\241\247\344a\347Ai\007\263\252\361\333\271\224\335"
 488      61E74169 
 488      07B3AAF1 
 488      DBB994DD 
 489 0579 8B7CDF38 		.ascii	"\213|\3378\271)q.\011@O\324\035\374_(\"\031\302\355"
 489      B929712E 
 489      09404FD4 
 489      1DFC5F28 
 489      2219C2ED 
 490 058d 307A9BEC 		.ascii	"0z\233\354\256\246-r \336\351\215\340\365\242\316\013"
 490      AEA62D72 
 490      20DEE98D 
 490      E0F5A2CE 
 490      0B
 491 059e 1287EC7B 		.ascii	"\022\207\354{\327\205\370LE\034!\210\317(\342s\212\270"
 491      D785F84C 
 491      451C2188 
 491      CF28E273 
 491      8AB8
 492 05b0 B956AE90 		.ascii	"\271V\256\220p\2017\304\233\333\355)\012b\373{.\304"
 492      708137C4 
 492      9BDBED29 
 492      0A62FB7B 
 492      2EC4
 493 05c2 172AE228 		.ascii	"\027*\342(A|A\021\307(bUiV\227/\256\363\20686X|\331"
 493      417C4111 
 493      C7286255 
 493      6956972F 
 493      AEF38638 
 494 05da 87233669 		.ascii	"\207#6i\020\307U\304\011\2028N\021')b\365^{z n\365\206"
 494      10C755C4 
 494      0982384E 
 494      11272962 
 494      F55E7B7A 
 495 05f2 78FA9B8E 		.ascii	"x\372\233\216\303J!\2075\210/U\304)\202\370\222\"NS"
 495      C34A2187 
 495      35882F55 
 495      C42982F8 
 495      92224E53 
 496 0606 C4E403DB 		.ascii	"\304\344\003\333\236\373`\2477\304\221\324\361n\177"
 496      9EFB60A7 
 496      37C491D4 
 496      F16E7F
 497 0615 A58E1AC4 		.ascii	"\245\216\032\304\031\025Q\026\001q\206\"\306\211\004"
 497      19155116 
 497      01718622 
 497      C68904
 498 0624 F1D6B9FC 		.ascii	"\361\326\271\374\243\344\203\353\035\035\"\237\200\344"
 498      A3E483EB 
 498      1D1D229F 
 498      80E4
 499 0632 F82919AC 		.ascii	"\370)\031\254\031\017d.\002\232\17785\307\027\017\323"
 499      190F642E 
 499      029A7F38 
 499      35C7170F 
 499      D3
 500 0643 35C5C6B6 		.ascii	"5\305\306\266\266i\011\351\3027\251\233IPw\022\332("
 500      B66909E9 
 500      C237A99B 
 500      49507712 
 500      DA28
 501 0655 869324B2 		.ascii	"\206\223$\262\022J\020CQ\274\030*\320\003\312\341t."
 501      124A1043 
 501      51BC182A 
 501      D003CAE1 
 501      742E
 502 0667 3A93445E 		.ascii	":\223D^\302I\242\016\301\367\014\337\307|G\345\332;"
 502      C249A20E 
 502      C1F70CDF 
 502      C77C47E5 
 502      DA3B
 503 0679 DB75E4B0 		.ascii	"\333u\344\260L\370A\220\220\361\335\300\265tB1\031\340"
 503      4CF84190 
 503      90F1DDC0 
 503      B5744231 
 503      19E0
 504 068b C60ADB52 		.ascii	"\306\012\333R\021\3419\336\373\031\276\202)\347\256"
 504      11E139DE 
 504      FB19BE82 
 504      29E7AE
 505 069a EEC41AC4 		.ascii	"\356\304\032\304\016\32490L\271\350\374\253\327\303"
 505      0ED43930 
 505      4CB9E8FC 
 505      ABD7C3
 506 06a9 788BC80F 		.ascii	"x\213\310\017\343\315\014{\362\301\316n\236\253\207"
 506      E3CD0C7B 
 506      F2C1CE6E 
 506      9EAB87
 507 06b8 617C5D77 		.ascii	"a|]wj0;\214o\223\351V{C\231\316\363X\334\006\324\266"
 507      6A303B8C 
 507      6F93E956 
 507      7B4399CE 
 507      F358DC06 
 508 06ce 8A046DBB 		.ascii	"\212\004m\273\030\242`R\260#\243C\201aw1=\026\311\034"
 508      18A26052 
 508      B023A343 
 508      81617731 
 508      3D16C91C 
 509 06e2 F8CE3C9D 		.ascii	"\370\316<\235\351\226\350\253i\207\310\216\305\344k"
 509      E996E8AB 
 509      6987C88E 
 509      C5E46B
 510 06f1 2F6A74CA 		.ascii	"/jt\312I\230\"\262\223\320\236Y\225\202\240\231\211"
 510      499822B2 
 510      93D09E59 
 510      9582A099 
 510      89
 511 0702 CDE4DBF1 		.ascii	"\315\344\333\361\275t\370v\014\240\202\277a\365S$\240"
 511      BD74F876 
 511      0CA082BF 
 511      61F55324 
 511      A0
 512 0713 54D253E2 		.ascii	"T\322S\342\334\004\014P\032m\353\245\276[\245~\274@"
 512      DC040C50 
 512      1A6DEBA5 
 512      BE5BA57E 
 512      BC40
 513 0725 65F6EEE6 		.ascii	"e\366\356\346\000\362\310<)\036\013\306C\254BG+\363"
 513      00F2C83C 
 513      291E0BC6 
 513      43AC4247 
 513      2BF3
 514 0737 6AB94A32 		.ascii	"j\271J27Y\331\221\032\354\265D\273\225\022\355b%\232"
 514      3759D991 
 514      1AECB544 
 514      BB9512ED 
 514      62259A
 515 074a 1ABA32A5 		.ascii	"\032\2722\245g\311:\362t\337?\224\250g%\272B\246\353"
 515      67C93AF2 
 515      74DF3F94 
 515      A86725BA 
 515      42A6EB
 516 075d 2A4F1DF0 		.ascii	"*O\035\360\363,\321^(\321\036Z\242\014Z\242\335J\211"
 516      F32CD15E 
 516      28D11E5A 
 516      A20C5AA2 
 516      DD4A89
 517 0770 2E3C1B69 		.ascii	".<\033i\022\303\342$Z\242\014V\242\351\324\363#sh\211"
 517      12C3E224 
 517      5AA20C56 
 517      A2E9D4F3 
 517      23736889 
 518 0784 F6F1125D 		.ascii	"\366\361\022]<<\356\014RJ\224\311K\324>}\243?\230\227"
 518      3C3CEE0C 
 518      524A94C9 
 518      4BD43E7D 
 518      A33F9897 
 519 0798 A8EF1338 		.ascii	"\250\357\0238\351%*x\247G\201\366\223\002\021g:)\320"
 519      E9252A78 
 519      A74781F6 
 519      93021167 
 519      3A29D0
 520 07ab 015AA0BE 		.ascii	"\001Z\240\276;\316~_\274U\242\305\350\337\331c\327\223"
 520      3BCE7E5F 
 520      BC55A2C5 
 520      E8DFD963 
 520      D793
 521 07bd E7265E76 		.ascii	"\347&^v\264\356]\220\226\220}\356S\362\267E\226;\020"
 521      B4EE5D90 
 521      96907DEE 
 521      53F2B745 
 521      963B10
 522 07d0 D0010FFC 		.ascii	"\320\001\017\374\177\220B\354\352\274\322\352\207\217"
 522      7F9042EC 
 522      EABCD2EA 
 522      878F
 523 07de 30886DB5 		.ascii	"0\210m\2657\253\0028D\373|xg'J\004!\373\025\204l\212"
 523      37AB0238 
 523      44FB7C78 
 523      67274A04 
 523      21FB1584 
 524 07f4 70882274 		.ascii	"p\210\"tL\325\015\350\261\203!\324\306\227:}\274\266"
 524      4CD50DE8 
 524      B18321D4 
 524      C6973A7D 
 524      BCB6
 525 0806 205769C1 		.ascii	" Wi\301\036\326\202\252;\273N\006\260\232_\247'Ny[E"
 525      1ED682AA 
 525      3BBB4E06 
 525      B09A5FA7 
 525      274E795B 
 526 081b 8067CD0F 		.ascii	"\200g\315\017\213lW\013(\217\326<W\251yo\317\300E\277"
 526      8B6C570B 
 526      288FD63C 
 526      57A9796F 
 526      CFC045BF 
 527 082f B07656F3 		.ascii	"\260vV\363<V\363\336\373\025\205\001\264\346\337\362"
 527      3C56F3DE 
 527      FB158501 
 527      B4E6DFF2 
 528 083f 9A3F2CAA 		.ascii	"\232?,\252\377\231R\362#\274\344Y)Y\3331/\371\231\032"
 528      FF9952F2 
 528      23BCE459 
 528      2959DB31 
 528      2FF9991A 
 529 0853 51AD798E 		.ascii	"Q\255y\216G\315\355\244\3469Tk>\325\232\276\347\362"
 529      47CDEDA4 
 529      E639546B 
 529      3ED59ABE 
 529      E7F2
 530 0865 7820EE65 		.ascii	"x \356eZ\367\325\215\\\360a\033\310\237\274\255s;\367"
 530      5AF7D58D 
 530      5CF0611B 
 530      C89FBCAD 
 530      733BF7
 531 0878 23AFD20B 		.ascii	"#\257\322\013\025\351G\231\364-\247\217\237\301L\372"
 531      15E94799 
 531      F42DA78F 
 531      9FC14CFA 
 532 0888 394AA9E8 		.ascii	"9J\251\350\326\024\366\224^$\262\335\012\357\022*\275"
 532      D614F694 
 532      5E24B2DD 
 532      0AEF122A 
 532      BD
 533 0899 50915E33 		.ascii	"P\221^3\336\032\036\366\204)/f\312/=\331\322\256g\177"
 533      DE1A1EF6 
 533      84292F66 
 533      CA2F3DD9 
 533      D2AE677F 
 534 08ad 3171E5C5 		.ascii	"1q\345\305\347\016\266\372+\322K\271\364\361\334\254"
 534      E70EB6FA 
 534      2BD24BB9 
 534      F4F1DCAC 
 535 08bd 63FE5C7A 		.ascii	"c\376\\z\373\307\252\362\002\017\345\307\210\362\002"
 535      FBC7AAF2 
 535      020FE5C7 
 535      88F202
 536 08cc AABC8C2A 		.ascii	"\252\274\214*\277\2625\357\250\036\2171\345\005'\372"
 536      BFB235EF 
 536      A81E8F31 
 536      E50527FA 
 537 08dc AF05F27D 		.ascii	"\257\005\362}\322\253\331j\345\257l\224r\012QA!\032"
 537      D2ABD96A 
 537      E5AF6C94 
 537      720A5141 
 537      211A
 538 08ee 2F65364B 		.ascii	"/e6K8\315\207B$M=Y\312\021\372\\;\355\370+\000\307)"
 538      38CD8742 
 538      244D3D59 
 538      CA11FA5C 
 538      3BEDF82B 
 539 0905 402505C8 		.ascii	"@%\005\310\257y\321\352\253\375\004 \307\202+\264Jd"
 539      AF79D1EA 
 539      ABFD0420 
 539      C7822BB4 
 539      4A64
 540 0917 E73CFC92 		.ascii	"\347<\374\222?q\323F\312Em0\221\351\012\256\346\301"
 540      3F71D346 
 540      CA456D30 
 540      91E90AAE 
 540      E6C1
 541 0929 D534F8DC 		.ascii	"\3254\370\334\300\316\002\2356\370\201\333\307E\015"
 541      C0CE029D 
 541      36F881DB 
 541      C7450D
 542 0938 0FAEA1C1 		.ascii	"\017\256\241\301%q=\233\2606\270\317-\270\226\007\327"
 542      25713D9B 
 542      B036B8CF 
 542      2DB89607 
 542      D7
 543 0949 D2E08A92 		.ascii	"\322\340\212\222\226\003n\3107\335\202\353xp\035\015"
 543      96036EC8 
 543      37DD82EB 
 543      78701D0D 
 544 0959 6ED83BF2 		.ascii	"n\330;\362p\016\371\266\213\373\276OpT/\316\027^3\030"
 544      700EF9B6 
 544      8BFBBE4F 
 544      70542FCE 
 544      175E3318 
 545 096d CC16B3CD 		.ascii	"\314\026\263\315l\2146\377\333dXi\264\031\003\215\321"
 545      6C8C36FF 
 545      DB645869 
 545      B419038D 
 545      D1
 546 097e EB8D1B62 		.ascii	"\353\215\033b\301\035m\266\230\374\377\360\371_\026"
 546      C11D6DB6 
 546      98FCFFF0 
 546      F95F16
 547 098d FE76F162 		.ascii	"\376v\361baaDDd\354\206X\233iMd\2545*\322bZ\037m^\021"
 547      61614444 
 547      64EC8658 
 547      9B694D64 
 547      AC352AD2 
 548 09a7 6988B519 		.ascii	"i\210\265\031\255\266uk#\242\204\271nH+bc\301a]g\241"
 548      ADB6756B 
 548      23A284B9 
 548      6E482B62 
 548      63C1615D 
 549 09bd 4E83D16A 		.ascii	"N\203\321j5n\340\216\257\301\303\034\276,]\212Zm\264"
 549      356EE08E 
 549      AFC1C31C 
 549      BE2C5D8A 
 549      5A6DB4
 550 09d0 064718BF 		.ascii	"\006G\030\277\266\231\254\206\177\232\242l1\326X\301"
 550      B699AC86 
 550      7F9AA26C 
 550      31D658C1 
 551 09e0 2F166ECC 		.ascii	"/\026n\3141\026\177K\214\325d[g\265H\353M\306\277\373"
 551      31167F4B 
 551      8CD5645B 
 551      67B548EB 
 551      4DC6BFFB 
 552 09f4 184CFF32 		.ascii	"\030L\3772\333\2445F\263\305\235\271\321\272*\366u7"
 552      DBA43546 
 552      B3C59DB9 
 552      D1BA2AF6 
 552      7537
 553 0a06 0F60AE5C 		.ascii	"\017`\256\\o\264\232~2\253\327`2Z\2437\374\310`Xk5\271"
 553      6FB49A7E 
 553      32ABD760 
 553      325AA337 
 553      FCC86058 
 554 0a1d 181A4C96 		.ascii	"\030\032L\226\225\257{\372(G\256\316\025\026\342\346"
 554      95AF7BFA 
 554      2847AECE 
 554      1516E2E6 
 555 0a2d 50625CDA 		.ascii	"Pb\\\332x\214\306Ac\374\327\231-\266\245K\014\266?G"
 555      788CC641 
 555      63FCD799 
 555      2DB6A54B 
 555      0CB63F47 
 556 0a41 AE8E5963 		.ascii	"\256\216Yc\212\214Yk\2134Z\327\274o\213\211\211\206"
 556      8A8C596B 
 556      8B345AD7 
 556      BC6F8B89 
 556      8986
 557 0a53 32982DB1 		.ascii	"2\230-\261\221\253\242\242~c]\363y\214\305\364;\343"
 557      91ABA2A2 
 557      7E635DF3 
 557      798CC5F4 
 557      3BE3
 558 0a65 0AF38786 		.ascii	"\012\363\207\206%\037,\376\350\037Kh\224\005\234\357"
 558      251F2CFE 
 558      E81F4B68 
 558      94059CEF 
 559 0a75 9BC01B69 		.ascii	"\233\300\033i\266DE\257[i\"-!MX\011\250\021\253\005"
 559      B64445AF 
 559      5B69222D 
 559      214D5809 
 559      A811AB05 
 560 0a89 5890B4D0 		.ascii	"X\220\264\320\260\302\264\312l1\254Z\007b\365\021.\017"
 560      B0C2B4CA 
 560      6C31AC5A 
 560      0762F511 
 560      2E0F
 561 0a9b E9111D01 		.ascii	"\351\021\035\00176\253\213P\306\302\002>g\205\310\030"
 561      3736AB8B 
 561      50C6C202 
 561      3E6785C8 
 561      18
 562 0aac 4BAC96F4 		.ascii	"K\254\226\364\374Y\247 \011z\000\215\326.7'Bu\010\301"
 562      FC59A720 
 562      097A008D 
 562      D62E3727 
 562      427508C1 
 563 0ac0 6C565D2C 		.ascii	"lV], \202\017\2057\331\314,K\375x\266\031H\371\037f"
 563      20820F85 
 563      37D9CC2C 
 563      4BFD78B6 
 563      1948F91F 
 564 0ad5 BC3D98   		.ascii	"\274=\230"
 565              		.text
 566              		.section	.gnu.lto_.symtab.13ca76ccc92ee41d,"",%progbits
 567 0000 5F5F696E 		.ascii	"__initialize_data\000"
 567      69746961 
 567      6C697A65 
 567      5F646174 
 567      6100
 568 0012 00       		.ascii	"\000"
 569 0013 00       		.ascii	"\000"
 570 0014 00       		.ascii	"\000"
 571 0015 00000000 		.ascii	"\000\000\000\000\000\000\000\000"
 571      00000000 
 572 001d B6000000 		.ascii	"\266\000\000\000"
 573 0021 5F5F696E 		.ascii	"__initialize_bss\000"
 573      69746961 
 573      6C697A65 
 573      5F627373 
 573      00
 574 0032 00       		.ascii	"\000"
 575 0033 00       		.ascii	"\000"
 576 0034 00       		.ascii	"\000"
 577 0035 00000000 		.ascii	"\000\000\000\000\000\000\000\000"
 577      00000000 
 578 003d BC000000 		.ascii	"\274\000\000\000"
 579 0041 5F5F7275 		.ascii	"__run_init_array\000"
 579      6E5F696E 
 579      69745F61 
 579      72726179 
 579      00
 580 0052 00       		.ascii	"\000"
 581 0053 00       		.ascii	"\000"
 582 0054 00       		.ascii	"\000"
 583 0055 00000000 		.ascii	"\000\000\000\000\000\000\000\000"
 583      00000000 
 584 005d C0000000 		.ascii	"\300\000\000\000"
 585 0061 5F5F7275 		.ascii	"__run_fini_array\000"
 585      6E5F6669 
 585      6E695F61 
 585      72726179 
 585      00
 586 0072 00       		.ascii	"\000"
 587 0073 00       		.ascii	"\000"
 588 0074 00       		.ascii	"\000"
 589 0075 00000000 		.ascii	"\000\000\000\000\000\000\000\000"
 589      00000000 
 590 007d C3000000 		.ascii	"\303\000\000\000"
 591 0081 5F737461 		.ascii	"_start\000"
 591      727400
 592 0088 00       		.ascii	"\000"
 593 0089 01       		.ascii	"\001"
 594 008a 00       		.ascii	"\000"
 595 008b 00000000 		.ascii	"\000\000\000\000\000\000\000\000"
 595      00000000 
 596 0093 D7000000 		.ascii	"\327\000\000\000"
 597 0097 5F5F7072 		.ascii	"__preinit_array_end\000"
 597      65696E69 
 597      745F6172 
 597      7261795F 
 597      656E6400 
 598 00ab 00       		.ascii	"\000"
 599 00ac 03       		.ascii	"\003"
 600 00ad 00       		.ascii	"\000"
 601 00ae 00000000 		.ascii	"\000\000\000\000\000\000\000\000"
 601      00000000 
 602 00b6 F2000000 		.ascii	"\362\000\000\000"
 603 00ba 5F5F7072 		.ascii	"__preinit_array_start\000"
 603      65696E69 
 603      745F6172 
 603      7261795F 
 603      73746172 
 604 00d0 00       		.ascii	"\000"
 605 00d1 03       		.ascii	"\003"
 606 00d2 00       		.ascii	"\000"
 607 00d3 00000000 		.ascii	"\000\000\000\000\000\000\000\000"
 607      00000000 
 608 00db F5000000 		.ascii	"\365\000\000\000"
 609 00df 5F5F696E 		.ascii	"__init_array_end\000"
 609      69745F61 
 609      72726179 
 609      5F656E64 
 609      00
 610 00f0 00       		.ascii	"\000"
 611 00f1 03       		.ascii	"\003"
 612 00f2 00       		.ascii	"\000"
 613 00f3 00000000 		.ascii	"\000\000\000\000\000\000\000\000"
 613      00000000 
 614 00fb F8000000 		.ascii	"\370\000\000\000"
 615 00ff 5F5F696E 		.ascii	"__init_array_start\000"
 615      69745F61 
 615      72726179 
 615      5F737461 
 615      727400
 616 0112 00       		.ascii	"\000"
 617 0113 03       		.ascii	"\003"
 618 0114 00       		.ascii	"\000"
 619 0115 00000000 		.ascii	"\000\000\000\000\000\000\000\000"
 619      00000000 
 620 011d FB000000 		.ascii	"\373\000\000\000"
 621 0121 5F5F6669 		.ascii	"__fini_array_end\000"
 621      6E695F61 
 621      72726179 
 621      5F656E64 
 621      00
 622 0132 00       		.ascii	"\000"
 623 0133 03       		.ascii	"\003"
 624 0134 00       		.ascii	"\000"
 625 0135 00000000 		.ascii	"\000\000\000\000\000\000\000\000"
 625      00000000 
 626 013d FE000000 		.ascii	"\376\000\000\000"
 627 0141 5F5F6669 		.ascii	"__fini_array_start\000"
 627      6E695F61 
 627      72726179 
 627      5F737461 
 627      727400
 628 0154 00       		.ascii	"\000"
 629 0155 03       		.ascii	"\003"
 630 0156 00       		.ascii	"\000"
 631 0157 00000000 		.ascii	"\000\000\000\000\000\000\000\000"
 631      00000000 
 632 015f 01010000 		.ascii	"\001\001\000\000"
 633 0163 5F5F6461 		.ascii	"__data_regions_array_start\000"
 633      74615F72 
 633      6567696F 
 633      6E735F61 
 633      72726179 
 634 017e 00       		.ascii	"\000"
 635 017f 02       		.ascii	"\002"
 636 0180 00       		.ascii	"\000"
 637 0181 00000000 		.ascii	"\000\000\000\000\000\000\000\000"
 637      00000000 
 638 0189 1F010000 		.ascii	"\037\001\000\000"
 639 018d 5F5F6461 		.ascii	"__data_regions_array_end\000"
 639      74615F72 
 639      6567696F 
 639      6E735F61 
 639      72726179 
 640 01a6 00       		.ascii	"\000"
 641 01a7 02       		.ascii	"\002"
 642 01a8 00       		.ascii	"\000"
 643 01a9 00000000 		.ascii	"\000\000\000\000\000\000\000\000"
 643      00000000 
 644 01b1 21010000 		.ascii	"!\001\000\000"
 645 01b5 5F5F6273 		.ascii	"__bss_regions_array_start\000"
 645      735F7265 
 645      67696F6E 
 645      735F6172 
 645      7261795F 
 646 01cf 00       		.ascii	"\000"
 647 01d0 02       		.ascii	"\002"
 648 01d1 00       		.ascii	"\000"
 649 01d2 00000000 		.ascii	"\000\000\000\000\000\000\000\000"
 649      00000000 
 650 01da 34010000 		.ascii	"4\001\000\000"
 651 01de 5F5F6273 		.ascii	"__bss_regions_array_end\000"
 651      735F7265 
 651      67696F6E 
 651      735F6172 
 651      7261795F 
 652 01f6 00       		.ascii	"\000"
 653 01f7 02       		.ascii	"\002"
 654 01f8 00       		.ascii	"\000"
 655 01f9 00000000 		.ascii	"\000\000\000\000\000\000\000\000"
 655      00000000 
 656 0201 36010000 		.ascii	"6\001\000\000"
 657 0205 5F657869 		.ascii	"_exit\000"
 657      7400
 658 020b 00       		.ascii	"\000"
 659 020c 02       		.ascii	"\002"
 660 020d 00       		.ascii	"\000"
 661 020e 00000000 		.ascii	"\000\000\000\000\000\000\000\000"
 661      00000000 
 662 0216 DC000000 		.ascii	"\334\000\000\000"
 663 021a 6D61696E 		.ascii	"main\000"
 663      00
 664 021f 00       		.ascii	"\000"
 665 0220 02       		.ascii	"\002"
 666 0221 00       		.ascii	"\000"
 667 0222 00000000 		.ascii	"\000\000\000\000\000\000\000\000"
 667      00000000 
 668 022a E3000000 		.ascii	"\343\000\000\000"
 669 022e 5F5F696E 		.ascii	"__initialize_args\000"
 669      69746961 
 669      6C697A65 
 669      5F617267 
 669      7300
 670 0240 00       		.ascii	"\000"
 671 0241 02       		.ascii	"\002"
 672 0242 00       		.ascii	"\000"
 673 0243 00000000 		.ascii	"\000\000\000\000\000\000\000\000"
 673      00000000 
 674 024b E9000000 		.ascii	"\351\000\000\000"
 675 024f 5F5F696E 		.ascii	"__initialize_hardware\000"
 675      69746961 
 675      6C697A65 
 675      5F686172 
 675      64776172 
 676 0265 00       		.ascii	"\000"
 677 0266 02       		.ascii	"\002"
 678 0267 00       		.ascii	"\000"
 679 0268 00000000 		.ascii	"\000\000\000\000\000\000\000\000"
 679      00000000 
 680 0270 EB000000 		.ascii	"\353\000\000\000"
 681 0274 5F5F696E 		.ascii	"__initialize_hardware_early\000"
 681      69746961 
 681      6C697A65 
 681      5F686172 
 681      64776172 
 682 0290 00       		.ascii	"\000"
 683 0291 02       		.ascii	"\002"
 684 0292 00       		.ascii	"\000"
 685 0293 00000000 		.ascii	"\000\000\000\000\000\000\000\000"
 685      00000000 
 686 029b ED000000 		.ascii	"\355\000\000\000"
 687              		.text
 688              		.section	.gnu.lto_.opts,"",%progbits
 689 0000 272D666D 		.ascii	"'-fmath-errno' '-fsigned-zeros' '-ftrapping-math' '"
 689      6174682D 
 689      6572726E 
 689      6F272027 
 689      2D667369 
 690 0033 2D666E6F 		.ascii	"-fno-trapv' '-fno-strict-overflow' '-fno-openmp' '-"
 690      2D747261 
 690      70762720 
 690      272D666E 
 690      6F2D7374 
 691 0066 666E6F2D 		.ascii	"fno-openacc' '-dD' '-mcpu=cortex-m4' '-mthumb' '-mf"
 691      6F70656E 
 691      61636327 
 691      20272D64 
 691      44272027 
 692 0099 6C6F6174 		.ascii	"loat-abi=soft' '-g3' '-O0' '-fmessage-length=0' '-f"
 692      2D616269 
 692      3D736F66 
 692      74272027 
 692      2D673327 
 693 00cc 7369676E 		.ascii	"signed-char' '-ffunction-sections' '-fdata-sections"
 693      65642D63 
 693      68617227 
 693      20272D66 
 693      66756E63 
 694 00ff 2720272D 		.ascii	"' '-flto' '-fno-move-loop-invariants'\000"
 694      666C746F 
 694      2720272D 
 694      666E6F2D 
 694      6D6F7665 
 695              		.text
 696              		.comm	__gnu_lto_v1,1,1
 697              		.comm	__gnu_lto_slim,1,1
 698              		.ident	"GCC: (GNU Tools for ARM Embedded Processors 6-2017-q2-update) 6.3.1 20170620 (release) [AR
DEFINED SYMBOLS
                            *ABS*:0000000000000000 _startup.c
                            *COM*:0000000000000001 __gnu_lto_v1
                            *COM*:0000000000000001 __gnu_lto_slim

NO UNDEFINED SYMBOLS
