   1              		.cpu cortex-m4
   2              		.eabi_attribute 20, 1
   3              		.eabi_attribute 21, 1
   4              		.eabi_attribute 23, 3
   5              		.eabi_attribute 24, 1
   6              		.eabi_attribute 25, 1
   7              		.eabi_attribute 26, 1
   8              		.eabi_attribute 30, 6
   9              		.eabi_attribute 34, 1
  10              		.eabi_attribute 18, 4
  11              		.file	"_syscalls.c"
  12              		.text
  13              	.Ltext0:
  14              		.section	.gnu.lto_.inline.a64bc918289a47b6,"",%progbits
  15 0000 789C6365 		.ascii	"x\234ce`bpb@\000f\006\006V\026\006\006&\266\003v\014"
  15      60627062 
  15      40006606 
  15      06561606 
  15      0626B603 
  16 0016 2C403920 		.ascii	",@9 `b`\343\003\222,\037\364\340\"\334`\225X\205\031"
  16      606260E3 
  16      03922C1F 
  16      F4E022DC 
  16      60955885 
  17 002b 009C0803 		.ascii	"\000\234\010\003\375"
  17      FD
  18              		.text
  19              		.section	.gnu.lto___initialize_args.a64bc918289a47b6,"",%progbits
  20 0000 789C5D52 		.ascii	"x\234]R\335KSq\030~\237\363\236\235-\311]u\347.\012"
  20      DD4B5371 
  20      187E9FF3 
  20      9E9D2DC9 
  20      5D75E72E 
  21 0015 8461C286 		.ascii	"\204a\302\2067\375;bC\"X\021.\214\256v\032\326\314\300"
  21      37FD3B62 
  21      43225811 
  21      2E8CAE76 
  21      1AD6CCC0 
  22 0029 2EC23469 		.ascii	".\3024i\234\301\220M\313\246\366!c^\234D\010\243\021"
  22      9CC1904D 
  22      CBA6F621 
  22      635E9C44 
  22      08A311
  23 003c 155D4511 		.ascii	"\025]E\021\005}\310\014\014)\012\262\236\337o\005\322"
  23      057DC80C 
  23      0C290AB2 
  23      9EDF6F05 
  23      D2
  24 004d 0FCEC7FB 		.ascii	"\017\316\307\373\361<\357\373\274\357/\"\216$\035\221"
  24      F13CEFFB 
  24      BCEF2F22 
  24      8E241D91 
  25 005d 011149F0 		.ascii	"\001\021I\360\021W@\023\016\224o\005\350\202\344\035"
  25      11574013 
  25      0E946F05 
  25      E882E41D 
  26 006d 451E5775 		.ascii	"E\036WuZ\261^\374\320p\372\252>O8=\023\361k!\002\246"
  26      5AB15EFC 
  26      D070FAAA 
  26      3E4F383D 
  26      13F16B21 
  27 0083 DE50B107 		.ascii	"\336P\261\007U\3641\353\331\330\322M\235\324\200\004"
  27      55F431EB 
  27      D9D8D24D 
  27      9DD48004 
  28 0093 2ECD9DD6 		.ascii	".\315\235\326\354\373\2701\035\034\246\2718\267\331"
  28      ECFBB831 
  28      1D1CA6B9 
  28      38B7D9
  29 00a2 F4B417C2 		.ascii	"\364\264\027\302\377\311\313o\277\305\223s\276_\360"
  29      FFC9CB6F 
  29      BFC59373 
  29      BE5FF0
  30 00b1 C38D6BEA 		.ascii	"\303\215k\352\367\006\252X\200\222\020\363H\240\206"
  30      F706AA58 
  30      809210F3 
  30      48A086
  31 00c0 84D025B8 		.ascii	"\204\320%\270\205$\323\327Z\255\315.\355\267\320\225"
  31      8524D3D7 
  31      5AADCD2E 
  31      EDB7D095 
  32 00d0 DAD74BCE 		.ascii	"\332\327K\316?\350\224\205\272\270\375?\224\202\026"
  32      3FE89485 
  32      BAB8FD3F 
  32      948216
  33 00df 9134F9EF 		.ascii	"\2214\371\357\226\367\246\272=\267\242RQt:\306\035x"
  33      96F7A6BA 
  33      3DB7A252 
  33      51743AC6 
  33      1D78
  34 00f1 94E8747C 		.ascii	"\224\350t|\365\347\010\375\275\337E?\374rh\253\307s"
  34      F5E708FD 
  34      BDDF453F 
  34      FC7268AB 
  34      C773
  35 0103 608ABAB0 		.ascii	"`\212\272\260x\231\260\012\257(\247\243\237Q\330\375"
  35      7899B00A 
  35      AF28A7A3 
  35      9F51D8FD 
  36 0113 D43E66D0 		.ascii	"\324>f\320\344\255\267\033?\272\215:\265m\255\216\255"
  36      E4ADB71B 
  36      3FBA8D3A 
  36      B56DAD8E 
  36      AD
  37 0124 EDBA014A 		.ascii	"\355\272\001J\0278\242r<\320H\211\262\353\354E\260\204"
  37      1738A272 
  37      3CD04889 
  37      B2EBEC45 
  37      B084
  38 0136 00E84F08 		.ascii	"\000\350O\010\361?\213\257\267\275\277\004\327/\256"
  38      F13F8BAF 
  38      B7BDBF04 
  38      D72FAE
  39 0145 3F8D1A02 		.ascii	"?\215\032\002\327\022|\177\364x\374\340>\002\257\304"
  39      D7127C7F 
  39      F478FCE0 
  39      3E02AFC4 
  40 0155 C0B22558 		.ascii	"\300\262%X!\301~@\324\002\032\215\366\253h\376\227\037"
  40      21C17E40 
  40      D4021A8D 
  40      F6AB68FE 
  40      971F
  41 0167 A3C34833 		.ascii	"\243\303H3\276\255'/7\272H\302\355\304p\217\333\273"
  41      BEAD272F 
  41      37BA48C2 
  41      EDC4708F 
  41      DBBB
  42 0179 6B081868 		.ascii	"k\010\030h\276xSu\007\352f\201\345\005F\017\340\276"
  42      BE785375 
  42      07EA6681 
  42      E505460F 
  42      E0BE
  43 018b E9EAA8DD 		.ascii	"\351\352\250\335>\343\363\225\235\2071\222\2153>\312"
  43      3EE3F395 
  43      9D873192 
  43      8D333ECA 
  44 019b E278005E 		.ascii	"\342x\000^\016\254\"o\345s\012\372\221\327b\226\203"
  44      0EAC226F 
  44      E5730AFA 
  44      91D76296 
  44      83
  45 01ac D846A1DC 		.ascii	"\330F\241\334\3541\"\354\356'Li\216\347H*\225\316\235"
  45      EC3122EC 
  45      EE274C69 
  45      8EE7482A 
  45      95CE9D
  46 01bf CF9D1D3E 		.ascii	"\317\235\035>\225\316\215d\322\247\207\317eO\036O\017"
  46      95CE8D64 
  46      D2A787CF 
  46      654F1E4F 
  46      0F
  47 01d0 D29519CA 		.ascii	"\322\225\031\312fs\251\214xg\006\207FNd:\237\321?\255"
  47      6673A98C 
  47      78670687 
  47      464E643A 
  47      9FD13FAD 
  48 01e4 35B972   		.ascii	"5\271r"
  49              		.text
  50              		.section	.gnu.lto_argv.4263.a64bc918289a47b6,"",%progbits
  51 0000 789C6365 		.ascii	"x\234ce`b\360c``Pf\200\200\351\314\214\323Z\017\235"
  51      6062F063 
  51      60605066 
  51      8080E9CC 
  51      8CD35A0F 
  52 0015 67EF639E 		.ascii	"g\357c\236\317\314\300\010\342\356\334\371\3466{\375"
  52      CFCCC008 
  52      E2EEDCF9 
  52      E6367BFD 
  53 0025 DF868E86 		.ascii	"\337\206\216\206\206\007\335\257\370\34633.f\206(\274"
  53      8607DDAF 
  53      F8E63333 
  53      2E668628 
  53      BC
  54 0036 73F6CC1A 		.ascii	"s\366\314\032v\213m\015\035\013\032\024\346331\032\312"
  54      768B6D0D 
  54      1D0B1A14 
  54      E6333331 
  54      1ACA
  55 0048 30AE60AC 		.ascii	"0\256`\254g4\222a\\\316(\303\300\270\222\321\202AQO"
  55      67349261 
  55      5CCE28C3 
  55      C0B892D1 
  55      8241514F 
  56 005c 4FBFB8B2 		.ascii	"O\277\270\262\270$5W\277\270(Y?/\265<'3I?\036(\224\234"
  56      B8243557 
  56      BFB82859 
  56      3F2FB53C 
  56      2733493F 
  57 0074 989353AC 		.ascii	"\230\223S\254\227\314\000\000<_'\026"
  57      97CC0000 
  57      3C5F2716 
  58              		.text
  59              		.section	.gnu.lto_raise.a64bc918289a47b6,"",%progbits
  60 0000 789C6551 		.ascii	"x\234eQ]KTa\020\236\347\3149'\305\217\253.\012\366b"
  60      5D4B5461 
  60      109EE7CC 
  60      3927C58F 
  60      AB2E0AF6 
  61 0015 03179170 		.ascii	"\003\027\221p\367o\364/\242\266%\204\315\213\216\"\341"
  61      F76FF42F 
  61      A2B62584 
  61      CD8B8E22 
  61      E1
  62 0026 C5BEAD2B 		.ascii	"\305\276\255+\242\211\251$\356\212r\224\010?\266\\\267"
  62      A289A924 
  62      EE8A7294 
  62      083FB65C 
  62      B7
  63 0037 8C5A303A 		.ascii	"\214Z0:\321\315\022xQ\220\004\212\370\205\025\031\241"
  63      D1CD1278 
  63      5190048A 
  63      F8851519 
  63      A1
  64 0048 7813E2D6 		.ascii	"x\023\342\326\314\326E\344\201\3670\363\3163\317\363"
  64      CCD645E4 
  64      81F730F3 
  64      CE33CFF3 
  65 0058 CCBC0E59 		.ascii	"\314\274\016Yt\002\242(\021\205\344\220M\260H\016X\376"
  65      7402A228 
  65      1185E490 
  65      4DB0480E 
  65      58FE
  66 006a 0C291128 		.ascii	"\014)\021(e1R\270\317\343\214\367\231\245I\036b\237"
  66      653152B8 
  66      CFE38CF7 
  66      99A5491E 
  66      629F
  67 007c 09B6A487 		.ascii	"\011\266\244\207\253\023\273\215\232\002aI?>X\314\327"
  67      AB13BB8D 
  67      9A026149 
  67      3F3E58CC 
  67      D7
  68 008d B7CC1AF9 		.ascii	"\267\314\032\371\202\361Qw\244\247\367\212\317\026\345"
  68      82F15177 
  68      A4A7F78A 
  68      CF16E5
  69 009c 043D8710 		.ascii	"\004=\207\020f\241\032\230G\213`\313\257V\273\271\011"
  69      66A11A98 
  69      478B60CB 
  69      AF56BBB9 
  69      09
  70 00ad 24E1BBDD 		.ascii	"$\341\273\335\375\227\256m\021\026TVo*\375of\352\370"
  70      FD97AE6D 
  70      11165456 
  70      6F2AFD6F 
  70      66EAF8
  71 00c0 72B59A1F 		.ascii	"r\265\232\037\332\333\256i~T%\335\030a\323$\224x\014"
  71      DADBAE69 
  71      7E5425DD 
  71      1861D324 
  71      94780C
  72 00d3 FE871579 		.ascii	"\376\207\025y\330*\204'h\326\226\235be\254\301\265U"
  72      D82A8427 
  72      68D6969D 
  72      6265ACC1 
  72      B555
  73 00e5 58F416E1 		.ascii	"X\364\026\341\312\034\226\334\347\212[\207N\344\241"
  73      CA1C96DC 
  73      E78A5B87 
  73      4EE4A1
  74 00f4 3169136C 		.ascii	"1i\023lf\335\334\\\220\011\373\314\377\031\224\226\002"
  74      66DDDC5C 
  74      9009FBCC 
  74      FF199496 
  74      02
  75 0105 22023FFA 		.ascii	"\"\002?\372\221=\255S\370\260\011\366\263\347e\234\262"
  75      913DAD53 
  75      F8B009F6 
  75      B3E7659C 
  75      B2
  76 0116 B1CF0E24 		.ascii	"\261\317\016$\370%D\012\037\020\230\312\257>\023\254"
  76      F825440A 
  76      1F1098CA 
  76      AF3E13AC 
  77 0126 5D98795E 		.ascii	"]\230y^\3572\011\263C\012\247\001\365A\3674\344o\350"
  77      EF3209B3 
  77      430AA701 
  77      F541F734 
  77      E46FE8
  78 0139 992E0CB2 		.ascii	"\231.\014\262\272\232b]i\251t\260~.ujj|\266s,NQDJ\372"
  78      BA9A625D 
  78      69A974B0 
  78      7E2E756A 
  78      6A7CB673 
  79 0153 1CFA8AF4 		.ascii	"\034\372\212\364q\371\242\"\005V8(\375l\320Usu+/2+\307"
  79      71F9A222 
  79      05563828 
  79      FD6CD055 
  79      73752B2F 
  80 016a B68FA9BB 		.ascii	"\266\217\251\273\262\226\351FQ\0212<U?x\006\037\212"
  80      B296E946 
  80      5111323C 
  80      553F7806 
  80      1F8A
  81 017c D81E7B5D 		.ascii	"\330\036{]\253\015\026>\021\226\245\244|_\006\337\272"
  81      AB0D163E 
  81      1196A5A4 
  81      7C5F06DF 
  81      BA
  82 018d 7FB41DB4 		.ascii	"\177\264\035\264\206\252\256\304\034\177\226\247\236"
  82      86AAAEC4 
  82      1C7F96A7 
  82      9E
  83 019a 90E03BD2 		.ascii	"\220\340;\322\341\277e\265<\240~\304\365\245h4\346\335"
  83      E1BF65B5 
  83      3CA07EC4 
  83      F5A56834 
  83      E6DD
  84 01ac F13A12B7 		.ascii	"\361:\022\267b\336\355x\254=\321\225l\273\036\273*W"
  84      62DEED78 
  84      AC3DD195 
  84      6CBB1EBB 
  84      2A57
  85 01be F16BC9A4 		.ascii	"\361k\311\244\027\215\223\333\331\336\351%n\260\327"
  85      178D93DB 
  85      D9DEE925 
  85      6EB0D7
  86 01cd 76F337CC 		.ascii	"v\3637\314\036\250J"
  86      1EA84A
  87              		.text
  88              		.section	.gnu.lto_kill.a64bc918289a47b6,"",%progbits
  89 0000 789C6D92 		.ascii	"x\234m\222Ok\023a\020\306\347\331\331\254\225\264=y"
  89      4F6B1361 
  89      10C6E7D9 
  89      D9AC95B4 
  89      3D79
  90 0012 29E410A1 		.ascii	")\344\020\241!\0241\001?\205\340\207\020M\203\004b\021"
  90      21143101 
  90      3F85E087 
  90      104D8304 
  90      6211
  91 0024 D722E221 		.ascii	"\327\"\342!k\032\021\253\324\026\014\355\026\353\266"
  91      6B1A11AB 
  91      D4160CED 
  91      16EBB6
  92 0033 88B41A6D 		.ascii	"\210\264\032m\232\250\255\001\305\025\017\006\241\007"
  92      9AA8AD01 
  92      C5150F06 
  92      A107
  93 0041 0B82E8A5 		.ascii	"\013\202\350\245\265\245*F\245\022\024\017\211\316\254"
  93      B5A52A46 
  93      A512140F 
  93      89CEAC
  94 0050 0AFE5BD8 		.ascii	"\012\376[\330\345\235y\237\371\315\363\316\273!2h\237"
  94      E59D799F 
  94      F9CDF3CE 
  94      BB213268 
  94      9F
  95 0061 41B48788 		.ascii	"A\264\207\210\"\362\222I\220\020\006X\276\014H\012\224"
  95      22F29249 
  95      90100658 
  95      BE0C480A 
  95      94
  96 0072 3318395C 		.ascii	"3\0309\\\340q\306\323\302\302%\036a\217\011\246\204"
  96      E071C6D3 
  96      C2C2251E 
  96      618F09A6 
  96      84
  97 0083 5BCB93EB 		.ascii	"[\313\223\353\335\032\002Q\011\237]\234/u\366\315:\362"
  97      DD1A0251 
  97      099F5D9C 
  97      2F75F6CD 
  97      3AF2
  98 0095 F8E38BD6 		.ascii	"\370\343\213\326\330\320\351\275\036\033\344\212z\016"
  98      D8D0E9BD 
  98      1E1BE48A 
  98      7A0E
  99 00a3 11CC427B 		.ascii	"\021\314B{\340\032\372D[\277\277|\222{A\262|\262\276"
  99      E01AFA44 
  99      5BBFBF7C 
  99      927B41B2 
  99      7CB2BE
 100 00b6 79D7320D 		.ascii	"y\3272\015\302um\253\231\346\213\307\023a\336\025\354"
 100      C2756DAB 
 100      99E68BC7 
 100      1361DE15 
 100      EC
 101 00c7 AE54ABAB 		.ascii	"\256T\253\253\035\361\253\001tc\214\235^\217\0317\300"
 101      1DF1AB01 
 101      74638C9D 
 101      5E8F1937 
 101      C0
 102 00d8 BF515182 		.ascii	"\277QQ\202)Y\302M\304\377\313k\237}8\023\346d\300+\215"
 102      2959C24D 
 102      C4FFCB6B 
 102      9F7D3813 
 102      E664C02B 
 103 00ed 6CACFDE2 		.ascii	"l\254\375\3425\212\001\317@\371O\336\274\362\004\260"
 103      358A01CF 
 103      40F94FDE 
 103      BCF204B0 
 104 00fd 80B896BC 		.ascii	"\200\270\226\274\252\264\213]\226\251\007\021\377\025"
 104      AAB48B5D 
 104      96A90711 
 104      FF15
 105 010b 58321743 		.ascii	"X2\027C\362neu+\024\273\3428y\307\377\340Z\356\234_"
 105      F26E6575 
 105      2B14BBE2 
 105      3879C7FF 
 105      E05AEE9C 
 106 0120 887A6CFE 		.ascii	"\210zl\376u`)\251\"&\362O\037'Za\225\217:\376gw\207"
 106      756029A9 
 106      2226F24F 
 106      1F275A61 
 106      958F3AFE 
 107 0137 8CA7EE98 		.ascii	"\214\247\356\230\377\016H\364\267\020+\257\300w\332"
 107      FF0E48F4 
 107      B7102BAF 
 107      C077DA
 108 0146 DFCE38FE 		.ascii	"\337\3168\376f\317L\253\323b\022r\210TN\303\352\203"
 108      66CF4CAB 
 108      D3621272 
 108      88544EC3 
 108      EA83
 109 0158 CEE992DF 		.ascii	"\316\351\222\337ah\372\313yVWS\254WT\2535^n\313\265"
 109      6168FACB 
 109      79565753 
 109      AC5754AB 
 109      355E6ECB 
 110 016d 9C0E8F43 		.ascii	"\234\016\217C.\213S\334FN\352,z\213|\263\336\243J\221"
 110      2E8B53DC 
 110      464EEA2C 
 110      7A8B7CB3 
 110      DEA34A91 
 111 0181 951BB5AF 		.ascii	"\225\033\265\257]zuf0\225\245\302\275\246\351a\352\224"
 111      5D7A7566 
 111      3095A5C2 
 111      BDA6E961 
 111      EA94
 112 0193 8C65BA5B 		.ascii	"\214e\272[\272\010\014w\324\017\026\341A\025k\305\007"
 112      BA080C77 
 112      D40F16E1 
 112      41156BC5 
 112      07
 113 01a4 DBB5C0C0 		.ascii	"\333\265\300\300s\302\222l)\357\315\345G\326\217\336"
 113      73C2926C 
 113      29EFCDE5 
 113      47D68FDE 
 114 01b4 21EC8E04 		.ascii	"!\354\216\004\256\304\034\277\226_gR\026\357\221\217"
 114      AEC41CBF 
 114      965F6752 
 114      16EF918F 
 115 01c4 FEDC56CB 		.ascii	"\376\334V\313\303\352G\\\357L$\222\366\011\373X\372"
 115      C3EA475C 
 115      EF4C2492 
 115      F609FB58 
 115      FA
 116 01d5 70D23E9A 		.ascii	"p\322>\232J\016\244\217g3\007\223\373%\225:\220\315"
 116      4A0EA48F 
 116      67330793 
 116      FB25953A 
 116      90CD
 117 01e7 DA891459 		.ascii	"\332\211\024Y\203\003\203v\272\237\217d\372\331\316"
 117      83038376 
 117      BA9F8F64 
 117      FAD9CE
 118 01f6 1CFA0E0A 		.ascii	"\034\372\016\012\330\301\314"
 118      D8C1CC
 119              		.text
 120              		.section	.gnu.lto_.symbol_nodes.a64bc918289a47b6,"",%progbits
 121 0000 789C6365 		.ascii	"x\234ce`b(e\000\002&\241z\006\206\011\347\030\030\200"
 121      60622865 
 121      000226A1 
 121      7A068609 
 121      E7181880 
 122 0014 D4AE4647 		.ascii	"\324\256FG\006\006VQ\206\026%\006\006f&\341zF\024\011"
 122      06065651 
 122      86162506 
 122      066626E1 
 122      7A461409 
 123 0028 26917A26 		.ascii	"&\221z&T\225b\214`\225\254\214L\255@\232\201\225\201"
 123      5495628C 
 123      6095AC8C 
 123      4CAD409A 
 123      819581
 124 003b 194C338A 		.ascii	"\031L3\212\3273\203\02520448\200\214bgX\362\340\237"
 124      D7338315 
 124      32303434 
 124      38808C62 
 124      6758F2E0 
 125 0050 23333384 		.ascii	"#33\204f\000\000U\302\030\004"
 125      66000055 
 125      C21804
 126              		.text
 127              		.section	.gnu.lto_.refs.a64bc918289a47b6,"",%progbits
 128 0000 789C6365 		.ascii	"x\234ce`b\340b```d`bdbddba\000\000\001\\\000 "
 128      6062E062 
 128      60606064 
 128      60626462 
 128      64646261 
 129              		.text
 130              		.section	.gnu.lto_.decls.a64bc918289a47b6,"",%progbits
 131 0000 789CAD55 		.ascii	"x\234\255UkL\024W\024\276ggpq\\\321Rch\303\017\324\230"
 131      6B4C1457 
 131      14BE6767 
 131      70715CD1 
 131      526368C3 
 132 0017 9826EE2A 		.ascii	"\230&\356*66\365Gk\323\264\265\177,}h\232\376\331,\260"
 132      3636F547 
 132      6BD3B4B5 
 132      7F2C7D68 
 132      9AFED92C 
 133 002c 918DCBAE 		.ascii	"\221\215\313\256\356\322Z\2324\271<\264\224\320\372"
 133      EED25A9A 
 133      34B93CB4 
 133      94D0FA
 134 003b A82D85A2 		.ascii	"\250-\205\242\320\242-*\010\212@\253\250\243\326\212"
 134      D0A22D2A 
 134      088A40AB 
 134      A8A3D68A 
 135 004b 0AC2820B 		.ascii	"\012\302\202\013ky#\242\265>h\304\212\264@\317\2753"
 135      6B7923A2 
 135      B53E68C4 
 135      8AB440CF 
 135      BD33
 136 005d C32C1B49 		.ascii	"\303,\033I\3770\331\003s\317\375\316w\276{\317\271w"
 136      FF30D903 
 136      73CFFDCE 
 136      77BE7BCF 
 136      B977
 137 006f C28881D4 		.ascii	"\302\210\201\324\206\023\262\312@\310\373@\3108>a\204"
 137      8613B2CA 
 137      40C8FB40 
 137      C8383E61 
 137      84
 138 0080 9032A23F 		.ascii	"\2202\242?\"Z-\232\214\326\200\326\244\372\332\320:"
 138      225A2D9A 
 138      8CD680D6 
 138      A4FADAD0 
 138      3A
 139 0091 D17AD0FA 		.ascii	"\321z\320\372\310\344'\025\271$\374\277\036-\022m\036"
 139      C8E42715 
 139      B924FCBF 
 139      1E2D126D 
 139      1E
 140 00a2 DA1AB46A 		.ascii	"\332\032\264j\2648\264*\264\353h\255h\307\324\030P\363"
 140      B438B42A 
 140      B4EB68AD 
 140      68C7D418 
 140      50F3
 141 00b4 082A2FE3 		.ascii	"\010*/\343\357\017\341-\007e\236\305\334P\343IP|g\010"
 141      EF0FE12D 
 141      07659EC5 
 141      DC50E349 
 141      507C6708 
 142 00c8 3E0D9D33 		.ascii	">\015\2353\2024\304\251:\006\320\032U\214A][\223\312"
 142      8234C4A9 
 142      3A06D01A 
 142      558C415D 
 142      5B93CA
 143 00db 713384E3 		.ascii	"q3\204\343;t\032C8.M\301\323\020\304s+\204'W\200\236"
 143      3B741A43 
 143      382E4DC1 
 143      D310C473 
 143      2B842757 
 144 00f1 5EFFD619 		.ascii	"^\377\326\031]\320\301\246\201=\0122d\021\343\332\303"
 144      5DD0C1A6 
 144      813D0A32 
 144      6411E3DA 
 144      C3
 145 0102 A661825B 		.ascii	"\246a\202[\207BH\020Q\201h\223\201\332l0\243N\302\005"
 145      87424810 
 145      51816893 
 145      81DA6C30 
 145      A34EC205 
 146 0116 7011C111 		.ascii	"p\021\301\021\352\220\377\014\312\000&\3465l\020\241"
 146      EA90FF0C 
 146      CA0026E6 
 146      356C10A1 
 147 0126 BA0A7882 		.ascii	"\272\012x\202,\345\021\264\325\377\225W? uC'\303\025"
 147      2CE511B4 
 147      D5FF9557 
 147      3F207543 
 147      27C315
 148 0139 AD06EE0B 		.ascii	"\255\006\356\013l\377\272P\0220\017\2767t\334-\015\023"
 148      6CFFBA50 
 148      12300FBE 
 148      3774DC2D 
 148      0D13
 149 014b E6F1F78A 		.ascii	"\346\361\367\212\202\177}\341\242\201\300A\020\224\350"
 149      827F7DE1 
 149      A281C041 
 149      1094E8
 150 015a EEC725AF 		.ascii	"\356\307%\257\233K\251\362\204\277\250o\252/\263\242"
 150      9B4BA9F2 
 150      84BFA86F 
 150      AA2FB3A2 
 151 016a 40F85280 		.ascii	"@\370R\200H\011D\226\245!\377z\004\016\347I\020\203"
 151      48094496 
 151      A521FF7A 
 151      040EE749 
 151      1083
 152 017c 43FFF0C9 		.ascii	"C\377\360\311\021\223\260\220\221\212_\225\034\271\020"
 152      1193B090 
 152      918A5F95 
 152      1CB910
 153 018b 0E4BA468 		.ascii	"\016K\244h\000\374\375\250q\0218\002\022\224\203\240"
 153      00FCFDA8 
 153      71113802 
 153      129483A0 
 154 019b 29CE62EE 		.ascii	")\316b\356\301\037\250\020E`E4,\213&P\001K\030\012\027"
 154      C11FA810 
 154      45604534 
 154      2C8B2650 
 154      014B180A 
 155 01b0 7914632B 		.ascii	"y\024c+!\232\344S\006\363\001w\363\301\340\313\374\035"
 155      219AE453 
 155      06F30177 
 155      F3C1E0CB 
 155      FC1D
 156 01c2 93EEAFDD 		.ascii	"\223\356\257\335\373\231\321\224Mi:\335\221Ag\256\341"
 156      FB99D194 
 156      4D693ADD 
 156      914167AE 
 156      E1
 157 01d3 090E6360 		.ascii	"\011\016c`\031\006\0228\006&(\005\263\"\377\324m\271"
 157      19061238 
 157      06262805 
 157      B322FFD4 
 157      6DB9
 158 01e5 2A2218CB 		.ascii	"*\"\030\313ful\025\230\324u\376\341\037\316\231\035"
 158      66756C15 
 158      98D475FE 
 158      E11FCE99 
 158      1D
 159 01f6 0CAC9A04 		.ascii	"\014\254\232\004\254\236\000\376yz\244U\300\275\343"
 159      AC9E00FE 
 159      797AA455 
 159      C0BDE3
 160 0205 3E8817F9 		.ascii	">\210\027\371\356\215\356\032\233\301}kLP\003\334w~"
 160      EE8DEE1A 
 160      9BC17D6B 
 160      4C5003DC 
 160      777E
 161 0217 FC913C47 		.ascii	"\374\221<G\3318\003\016\233\007\353\367\314R6n.\016"
 161      D938030E 
 161      9B07EBF7 
 161      CC52366E 
 161      2E0E
 162 0229 478AF28B 		.ascii	"G\212\362\213 \352\033\276E\031t\256\001\326\317\207"
 162      20EA1BBE 
 162      451974AE 
 162      01D6CF87 
 163 0239 E398ED17 		.ascii	"\343\230\355\027\236\355\004D\341\337\237ATK{\253\246"
 163      9EED0444 
 163      E1DF9F41 
 163      544B7BAB 
 163      A6
 164 024a D1B4B088 		.ascii	"\321\264\260\210\026\311T\036\317|zg\006-\331Ai\014"
 164      16C9541E 
 164      CF7C7A67 
 164      062DD941 
 164      690C
 165 025c 83C10110 		.ascii	"\203\301\001\020\224\325\302!\020\331\010\337J\240\033"
 165      94D5C221 
 165      10D908DF 
 165      4AA01B
 166 026b E027E8C2 		.ascii	"\340'\350\302\276\251\205\205Hp\266\240\257<Bx\223\327"
 166      BEA98585 
 166      4870B6A0 
 166      AF3C4278 
 166      93D7
 167 027d FE70E93F 		.ascii	"\376p\351?\025\022\327\032'\251\362\357T\326\357\027"
 167      1512D71A 
 167      27A9F2EF 
 167      54D6EF17 
 168 028d 82C5E08C 		.ascii	"\202\305\340\214.\3464\027sJ\023C[\253\232'\304\344"
 168      2EE63417 
 168      734A1343 
 168      5BAB9A27 
 168      C4E4
 169 029f AD6C394A 		.ascii	"\255l9J\351V\214\023\031\016Njj\010{\235,E\346R\266"
 169      E9568C13 
 169      190E4E6A 
 169      6A087B9D 
 169      2C45E652 
 170 02b4 EFF5B747 		.ascii	"\357\365\267G\010\2050\225\226\255_\224\345J\270O\350"
 170      08853095 
 170      96AD5F94 
 170      E54AB84F 
 170      E8
 171 02c5 6027C088 		.ascii	"`'\300\210\256\376\301\221jQq1\205\037\243\253n_\305"
 171      AEFEC191 
 171      6A517131 
 171      851FA3AB 
 171      6E5FC5
 172 02d8 FD59C23E 		.ascii	"\375Y\302>\316bx04V\315\032\217\267\234|\263\354\271"
 172      CE627830 
 172      3456CD1A 
 172      8FB79C7C 
 172      B3ECB9
 173 02eb D60C4A0D 		.ascii	"\326\014J\015p\001\273\342\274\256'N\322z\217\327\227"
 173      7001BBE2 
 173      BCAE274E 
 173      D27A8FD7 
 173      97
 174 02fc 4C14177E 		.ascii	"L\024\027~\303\356Cn\206\203_\321y\016\235\230c\374"
 174      C3EE436E 
 174      86835FD1 
 174      790E9D98 
 174      63FC
 175 030e 72E05381 		.ascii	"r\340S\201\362\303cx\274{\260\3020\221\342Q\335\252"
 175      F2C36378 
 175      BC7BB0C2 
 175      3091E251 
 175      DDAA
 176 0320 F2ABAC00 		.ascii	"\362\253\254\000\2270E\235\236\342\002L\231\343\342"
 176      9730459D 
 176      9EE2024C 
 176      99E3E2
 177 032f 93730446 		.ascii	"\223s\004F\217S\003\337\000FuV\351\234\274\264\264F"
 177      8F5303DF 
 177      00467556 
 177      E99CBCB4 
 177      B446
 178 0341 D394E5A8 		.ascii	"\323\224\345\250\347\345\270\254\225\343b\347`^\204"
 178      E7E5B8AC 
 178      95E362E7 
 178      605E84
 179 0350 5A8EC676 		.ascii	"Z\216\306vs\331\301m\264\011\343Vs \234\321\305\235"
 179      73D9C16D 
 179      B409E356 
 179      73209CD1 
 179      C59D
 180 0362 09AD4703 		.ascii	"\011\255G\003\257\307\335\333m;\347\010e\002\257\307"
 180      AFC7DDDB 
 180      6D3BE708 
 180      6502AFC7 
 181 0372 709AFF8C 		.ascii	"p\232\377\214\024\234\031\333Y\317\334\3103\307\253"
 181      149C19DB 
 181      59CFDCC8 
 181      33C7AB
 182 0381 89DB7DDB 		.ascii	"\211\333}\333\372\215\230\270\0077\344\376\275\227|"
 182      FA8D98B8 
 182      0737E4FE 
 182      BD977C
 183 0390 C5DBE438 		.ascii	"\305\333\3448\216\201+z\322+\352\261\207&\236\254v\250"
 183      8E812B7A 
 183      D22BEAB1 
 183      87269EAC 
 183      76A8
 184 03a2 3477B690 		.ascii	"4w\266\220%\362d\371'\206.\205)\007$\034\2075\367\016"
 184      25F264F9 
 184      27862E85 
 184      2907241C 
 184      8735F70E 
 185 03b6 D5CC560E 		.ascii	"\325\314V\016\210\314\246\207\252\373W\011\273\024h"
 185      88CCA687 
 185      AAFB5709 
 185      BB1468
 186 03c5 76754B97 		.ascii	"vuK\227(\351\033\313b\364\263\351\3477\207\205_%\214"
 186      28E91BCB 
 186      62F4B3E9 
 186      E7378785 
 186      5F258C
 187 03d8 282733DB 		.ascii	"('3\333\024\271\203\203\261H\"?\362-\210n\346\350V\210"
 187      14B98383 
 187      B148223F 
 187      F22D886E 
 187      E6E85688 
 188 03ec D462187A 		.ascii	"\324b\030z\373\330\235\017\026\027S\231u\363\276gK\322"
 188      FBD89D0F 
 188      16175399 
 188      75F3BE67 
 188      4BD2
 189 03fe 29FD7C35 		.ascii	")\375|5\303\300U\\\005\236\236\240H\037z\336\303K\263"
 189      C3C0555C 
 189      059E9EA0 
 189      481F7ADE 
 189      C34BB3
 190 0411 0D16FFAF 		.ascii	"\015\026\377\257\246\200\246\311\3025\375]Y\334\022"
 190      A680A6C9 
 190      C235FD5D 
 190      59DC12
 191 0420 A1681A4C 		.ascii	"\241h\032L\307\306\341W\226r\371\021\270\306\025\005"
 191      C7C6E157 
 191      9672F911 
 191      B8C61505 
 192 0430 3445F7EE 		.ascii	"4E\367\356^\0343.\310\025\013\351\2671|\216U9\307\347"
 192      5E1C332E 
 192      C8150BE9 
 192      B7317C8E 
 192      5539C7E7 
 193 0444 330A79CA 		.ascii	"3\012y\312n\244\367U\267\202P\254\014\002\315\365\017"
 193      6EA4F755 
 193      B78250AC 
 193      0C02CDF5 
 193      0F
 194 0455 67A90BE8 		.ascii	"g\251\013\350z(\344R9\223G\341gP\321\257ei\307\361\357"
 194      7A28E452 
 194      399347E1 
 194      6750D1AF 
 194      6569C7F1 
 195 046a B080E017 		.ascii	"\260\200\340\027\202\311\257y\364`\324(\224\210S|\017"
 195      82C9AF79 
 195      F460D428 
 195      9488537C 
 195      0F
 196 047b 4ED475EC 		.ascii	"N\324u\3547!m\321Y*\267n\316C\326\271\260\316\204}\303"
 196      37216DD1 
 196      592AB76E 
 196      CE43D6B9 
 196      B0CE847D 
 197 0490 4BAB2D14 		.ascii	"K\253-\024\233I$\314\211\374=\234\326\237s K\022\252"
 197      9B4924CC 
 197      89FC3D9C 
 197      D69F7320 
 197      4B12AA
 198 04a3 14DA43E7 		.ascii	"\024\332C\347*\233#\030\011j\273\3626#\021Y/\367N&\301"
 198      2A9B2318 
 198      096ABBF2 
 198      36231159 
 198      2FF74E26 
 199 04b8 D85ECED0 		.ascii	"\330^\316\320\307\031\012{\306z!\370\"f\305\320\241"
 199      C7190A7B 
 199      C67A21F8 
 199      2266C5D0 
 199      A1
 200 04c9 D7958B98 		.ascii	"\327\225\213\230\375Gp\201O\016H\213\276\347\247rl>"
 200      FD477081 
 200      4F0E488B 
 200      BEE7A772 
 200      6C3E
 201 04db CD0AC77B 		.ascii	"\315\012\307{\224_zJ\327\365\303\"\004u\024\370NO\372"
 201      945F7A4A 
 201      D7F5C322 
 201      047514F8 
 201      4E4FFA
 202 04ee 065C9BC4 		.ascii	"\006\\\233\304xCe\274\301\031\273\207\333\272L\301`"
 202      784365BC 
 202      C119BB87 
 202      DBBA4CC1 
 202      60
 203 04ff D6D13A78 		.ascii	"\326\321:x@\005\017p\360\236\354@\255\240\246\277\035"
 203      40050F70 
 203      F09EEC40 
 203      ADA0A6BF 
 203      1D
 204 0510 A5A597B5 		.ascii	"\245\245\227\265\3647y\372\276\321\335\243&\0254\362"
 204      F43779FA 
 204      BED1DDA3 
 204      261534F2 
 205 0520 8C066AD0 		.ascii	"\214\006j\320@\267`\021y\312ju\270\034)\016\233\323"
 205      40B76011 
 205      79CA6A75 
 205      B81C290E 
 205      9BD3
 206 0532 F189DD6A 		.ascii	"\361\211\335j\363l\360\212[\354\266\215\341o\254]\027"
 206      F36CF08A 
 206      5BECB68D 
 206      E16FAC5D 
 206      17
 207 0543 F3EAF2E5 		.ascii	"\363\352\362\345DLH\262y\026\230\315\026o\2527\305\236"
 207      444C48B2 
 207      791698CD 
 207      166FAA37 
 207      C59E
 208 0555 6CF17A12 		.ascii	"l\361z\022,.\373\026\247#\336bEW\202\315\351\364\232"
 208      2C2EFB16 
 208      A723DE62 
 208      455782CD 
 208      E9F49A
 209 0568 134898C7 		.ascii	"\023H\230\307\346\360\332\337\262$\271\223\355\026\367"
 209      E6F0DADF 
 209      B224B993 
 209      ED16F7
 210 0577 A6148BCD 		.ascii	"\246\024\213\315\223\2744\305\355vb\270\303\345\265"
 210      93BC34C5 
 210      ED7662B8 
 210      C3E5B5
 211 0586 6C484878 		.ascii	"lHHx\305\223\274\326\355\262\277f\213w\254\264\306."
 211      C593BCD6 
 211      EDB2BF66 
 211      8B77ACB4 
 211      C62E
 212 0598 5BFEC2E6 		.ascii	"[\376\302\346X\216r\241s\251\035\275\026\207+\301\371"
 212      588E72A1 
 212      73A91DBD 
 212      16872BC1 
 212      F9
 213 05a9 61A2DDE2 		.ascii	"a\242\335\342ulp\331\234\346$\"nt8\235F\253u\223#\321"
 213      756C70D9 
 213      9CE62422 
 213      6E74389D 
 213      46AB7593 
 214 05bf 9AF2EE34 		.ascii	"\232\362\3564\221\247z-\326\224\324Mv/&\010\343\314"
 214      91A77A2D 
 214      D694D44D 
 214      762F2608 
 214      E3CC
 215 05d1 EF4C1FB3 		.ascii	"\357L\037\263F<\215b'v\0037\302\356\361\270\334\323"
 215      463C8D62 
 215      27760337 
 215      C2EEF1B8 
 215      DCD3
 216 05e3 2897F321 		.ascii	"(\227\363!\365L,\374G\346\347cW\256\020\331\033\220"
 216      F54C2CFC 
 216      47E6E763 
 216      57AE10D9 
 216      1B90
 217 05f5 992E5BB2 		.ascii	"\231.[\262\2359bE\366f\262Z\023\275nk\222\315\225\350"
 217      9D396245 
 217      F666B25A 
 217      13BD6E6B 
 217      92CD95E8 
 218 0609 B487F1A8 		.ascii	"\264\207\361\250\377\000d\253W["
 218      FF0064AB 
 218      575B
 219              		.text
 220              		.section	.gnu.lto_.symtab.a64bc918289a47b6,"",%progbits
 221 0000 5F5F696E 		.ascii	"__initialize_args\000"
 221      69746961 
 221      6C697A65 
 221      5F617267 
 221      7300
 222 0012 00       		.ascii	"\000"
 223 0013 01       		.ascii	"\001"
 224 0014 00       		.ascii	"\000"
 225 0015 00000000 		.ascii	"\000\000\000\000\000\000\000\000"
 225      00000000 
 226 001d BC000000 		.ascii	"\274\000\000\000"
 227 0021 72616973 		.ascii	"raise\000"
 227      6500
 228 0027 00       		.ascii	"\000"
 229 0028 00       		.ascii	"\000"
 230 0029 00       		.ascii	"\000"
 231 002a 00000000 		.ascii	"\000\000\000\000\000\000\000\000"
 231      00000000 
 232 0032 C0000000 		.ascii	"\300\000\000\000"
 233 0036 6B696C6C 		.ascii	"kill\000"
 233      00
 234 003b 00       		.ascii	"\000"
 235 003c 00       		.ascii	"\000"
 236 003d 00       		.ascii	"\000"
 237 003e 00000000 		.ascii	"\000\000\000\000\000\000\000\000"
 237      00000000 
 238 0046 CD000000 		.ascii	"\315\000\000\000"
 239 004a 5F5F6473 		.ascii	"__dso_handle\000"
 239      6F5F6861 
 239      6E646C65 
 239      00
 240 0057 00       		.ascii	"\000"
 241 0058 01       		.ascii	"\001"
 242 0059 00       		.ascii	"\000"
 243 005a 00000000 		.ascii	"\000\000\000\000\000\000\000\000"
 243      00000000 
 244 0062 E0000000 		.ascii	"\340\000\000\000"
 245 0066 6572726E 		.ascii	"errno\000"
 245      6F00
 246 006c 00       		.ascii	"\000"
 247 006d 04       		.ascii	"\004"
 248 006e 00       		.ascii	"\000"
 249 006f 04000000 		.ascii	"\004\000\000\000\000\000\000\000"
 249      00000000 
 250 0077 E2000000 		.ascii	"\342\000\000\000"
 251 007b 5F5F6572 		.ascii	"__errno\000"
 251      726E6F00 
 252 0083 00       		.ascii	"\000"
 253 0084 02       		.ascii	"\002"
 254 0085 00       		.ascii	"\000"
 255 0086 00000000 		.ascii	"\000\000\000\000\000\000\000\000"
 255      00000000 
 256 008e D0000000 		.ascii	"\320\000\000\000"
 257              		.text
 258              		.section	.gnu.lto_.opts,"",%progbits
 259 0000 272D666D 		.ascii	"'-fmath-errno' '-fsigned-zeros' '-ftrapping-math' '"
 259      6174682D 
 259      6572726E 
 259      6F272027 
 259      2D667369 
 260 0033 2D666E6F 		.ascii	"-fno-trapv' '-fno-strict-overflow' '-fno-openmp' '-"
 260      2D747261 
 260      70762720 
 260      272D666E 
 260      6F2D7374 
 261 0066 666E6F2D 		.ascii	"fno-openacc' '-dD' '-mcpu=cortex-m4' '-mthumb' '-mf"
 261      6F70656E 
 261      61636327 
 261      20272D64 
 261      44272027 
 262 0099 6C6F6174 		.ascii	"loat-abi=soft' '-g3' '-O0' '-fmessage-length=0' '-f"
 262      2D616269 
 262      3D736F66 
 262      74272027 
 262      2D673327 
 263 00cc 7369676E 		.ascii	"signed-char' '-ffunction-sections' '-fdata-sections"
 263      65642D63 
 263      68617227 
 263      20272D66 
 263      66756E63 
 264 00ff 2720272D 		.ascii	"' '-flto' '-fno-move-loop-invariants'\000"
 264      666C746F 
 264      2720272D 
 264      666E6F2D 
 264      6D6F7665 
 265              		.text
 266              		.comm	__gnu_lto_v1,1,1
 267              		.comm	__gnu_lto_slim,1,1
 268              		.ident	"GCC: (GNU Tools for ARM Embedded Processors 6-2017-q2-update) 6.3.1 20170620 (release) [AR
DEFINED SYMBOLS
                            *ABS*:0000000000000000 _syscalls.c
                            *COM*:0000000000000001 __gnu_lto_v1
                            *COM*:0000000000000001 __gnu_lto_slim

NO UNDEFINED SYMBOLS
