   1              		.cpu cortex-m4
   2              		.eabi_attribute 20, 1
   3              		.eabi_attribute 21, 1
   4              		.eabi_attribute 23, 3
   5              		.eabi_attribute 24, 1
   6              		.eabi_attribute 25, 1
   7              		.eabi_attribute 26, 1
   8              		.eabi_attribute 30, 6
   9              		.eabi_attribute 34, 1
  10              		.eabi_attribute 18, 4
  11              		.file	"assert.c"
  12              		.text
  13              	.Ltext0:
  14              		.section	.gnu.lto_.inline.8413268fa3bee414,"",%progbits
  15 0000 789C6365 		.ascii	"x\234ce`b\320g@\000&\006\006v> \305q\300\216\201\005"
  15      6062D067 
  15      40002606 
  15      06763E20 
  15      C571C08E 
  16 0016 C4636060 		.ascii	"\304c``\344\002\021\014\314\\`Y\024Q\006\000;m\001\210"
  16      E402110C 
  16      CC5C6059 
  16      14510600 
  16      3B6D0188 
  17              		.text
  18              		.section	.gnu.lto___assert_func.8413268fa3bee414,"",%progbits
  19 0000 789C8554 		.ascii	"x\234\205T_lSe\024\377\316\375\356\237\266[7\037x\360"
  19      5F6C5365 
  19      14FFCEFD 
  19      EE9FB65B 
  19      371F78F0 
  20 0014 61D19658 		.ascii	"a\321\226X\026\024v\307\036\224\340\213\306\370d\202"
  20      161476C7 
  20      1E94E08B 
  20      C6F86482 
  21 0024 2F263E9A 		.ascii	"/&>\232\322\335\262\233\364\317\354-\021\237v\255\303"
  21      D2DDB29B 
  21      F4CFEC2D 
  21      119F76AD 
  21      C3
  22 0035 CA48D44D 		.ascii	"\312H\324M`k\025n\0230\0146\034lnl\342\244\353\030a"
  22      606B156E 
  22      13300C36 
  22      1C6C6E6C 
  22      E2A4EB18 
  23 004a 262A2E86 		.ascii	"&*.\206%,\2018\253\340\237D]0\240\011\233\347|\275\025"
  23      252C8138 
  23      ABE09F44 
  23      5D30A009 
  23      9BE77CBD 
  24 005f 8126DE87 		.ascii	"\201&\336\207\257=\347\236\337\357\374\316\237\373)"
  24      AF3DE79E 
  24      DFEFFCCE 
  24      9FFB29
  25 006e 4C622B32 		.ascii	"Lb+2c\000\214mg\370\370\030HhJ\022g\314\226\360\215"
  25      63008C6D 
  25      67F8F818 
  25      48684A12 
  25      67CC96F0 
  26 0083 2D7350D0 		.ascii	"-sP\320#\213S\221T\362k\344W\301\203\036M\234\036\360"
  26      238B5391 
  26      54F26BE4 
  26      57C1831E 
  26      4D9C1EF0 
  27 0097 E2E965C0 		.ascii	"\342\351e\300\272$.+\252\346\361B\027\274\313\3739\224"
  27      BA242E2B 
  27      AAE6F142 
  27      17BCCBFB 
  27      3994
  28 00a9 B23F4E49 		.ascii	"\262?NI\033\217\331\370\024\373/\311\366`\021\034$\317"
  28      1B8FD9F8 
  28      14FB2FC9 
  28      F660111C 
  28      24CF
  29 00bb 71261E38 		.ascii	"q&\0368\006\0331\352\233\356S\037\362w\270\303\001d"
  29      061B31EA 
  29      9BEE531F 
  29      F277B8C3 
  29      0164
  30 00cd 34FFF832 		.ascii	"4\377\3702\377}\003\231\022\004\320,\314\365n\345A`"
  30      FF7D0399 
  30      1204D02C 
  30      CCF56EE5 
  30      4160
  31 00df F8373FBB 		.ascii	"\3707?\273\326\2534\177d\333\031\273X~\237\333\2179"
  31      D6AB347F 
  31      64DB19BB 
  31      587E9FDB 
  31      8F39
  32 00f1 9CC309E0 		.ascii	"\234\303\011\340\310\007\307\241\011\006\241\211\241"
  32      C807C7A1 
  32      0906A189 
  32      A1
  33 00fe 8BC11034 		.ascii	"\213\301\0204c\370\007\253+o\001\337 \240\331\265s\207"
  33      63F807AB 
  33      2B6F01DF 
  33      20A0D9B5 
  33      7387
  34 0110 BD044525 		.ascii	"\275\004E%7\367\013\250\014\303\367Ce\006'\005\364\273"
  34      37F70BA8 
  34      0CC3F743 
  34      65062705 
  34      F4BB
  35 0122 E1D25E95 		.ascii	"\341\322^\225?!\240\2757\226_v\223\236\357w\223~\\#"
  35      3F21A0BD 
  35      37965F76 
  35      939EEF77 
  35      937E5C23 
  36 0136 E98840FE 		.ascii	"\351\210@\376\3367\337\323\310[\005\262\234\275}\013"
  36      DE37DFD3 
  36      C85B05B2 
  36      9CBD7D0B 
  37 0146 5CE85725 		.ascii	"\\\350W%-g\027e\002\237\252\001>\015\315\204X>\275z"
  37      2D671765 
  37      029FAA01 
  37      3E0DCD84 
  37      583EBD7A 
  38 015a C0AFCA95 		.ascii	"\300\257\312\225\016\301(\2508\033\205*?yc\316\303\237"
  38      0EC128A8 
  38      381B852A 
  38      3F7963CE 
  38      C39F
  39 016c 16AC99F2 		.ascii	"\026\254\231\362\361!\036:\"X\257\266\345\006\213\335"
  39      F1211E3A 
  39      2258AFB6 
  39      E5068BDD 
  40 017c 01872B30 		.ascii	"\001\207+0v/\253\350\357'\020B\300D\341\362\211z\376"
  40      762FABE8 
  40      EF271042 
  40      C044E1F2 
  40      897AFE
  41 018f 9C00AF1D 		.ascii	"\234\000\257\035\035)\200\013\2768#]\264\205\242\361"
  41      1D29800B 
  41      BE38235D 
  41      B485A2F1 
  42 019f 1AD80981 		.ascii	"\032\330\011\201\275\322\327\263\254\360\027*\215\030"
  42      BDD2D7B3 
  42      ACF0172A 
  42      8D18
  43 01ad 1E5DF4BB 		.ascii	"\036]\364\273\330\305\374\206\037Fm{\3573\004?S\003"
  43      D8C5FC86 
  43      1F466D7B 
  43      EF33043F 
  43      5303
  44 01bf 3E29E02B 		.ascii	">)\340+\277\015\334\251#\310{w\323\211\352\356\015\236"
  44      BF0DDCA9 
  44      23C87B77 
  44      D389EAEE 
  44      0D9E
  45 01d1 7A207871 		.ascii	"z xqx\353\341\311r\341\215>\033j\">\205\320\310\002"
  45      78EBE1C9 
  45      72E18D3E 
  45      1B6A223E 
  45      85D0C802 
  46 01e5 14EDD5B5 		.ascii	"\024\355\325\265,\256\326\272\276\375M\017\001vR\221"
  46      2CAED6BA 
  46      BEFD4D0F 
  46      01765291 
  47 01f5 A89DB848 		.ascii	"\250\235\270H8\014\231l\205\016\225\234\032\035^\240"
  47      380C996C 
  47      850E959C 
  47      1A1D5EA0 
  48 0205 4EFB8036 		.ascii	"N\373\2006\244\016h\330~!\265\201\206\337(\2040\326"
  48      A40E68D8 
  48      7E21B581 
  48      86DF2884 
  48      30D6
  49 0217 23D6731F 		.ascii	"#\326s\037\307\217\201\227\241{i\366j\033\215\342\020"
  49      C78F8197 
  49      A17B69F6 
  49      6A1B8DE2 
  49      10
  50 0228 A7953EB8 		.ascii	"\247\225>\270\247\364\265F\333\311\201\301YW\316>\034"
  50      A7F4B546 
  50      DBC981C1 
  50      5957CE3E 
  50      1C
  51 0239 21E33F41 		.ascii	"!\343?A\346\357,TBi\221\257e\217Lj\301\0228\366\000"
  51      E6EF2C54 
  51      426991AF 
  51      658F4C6A 
  51      C11238F6 
  52 024e 4E48A516 		.ascii	"NH\245\026\236\375yi\302\327u\307\036\260\355\302\330"
  52      9EFD7969 
  52      C2D775C7 
  52      1EB0EDC2 
  52      D8
  53 025f 8CEA700D 		.ascii	"\214\352p\015>\203 \3263\015]\202G\256\362L\033\025"
  53      3E8320D6 
  53      330D5D82 
  53      47AEF24C 
  53      1B15
  54 0271 229AFE78 		.ascii	"\"\232\376xf\360\202\032\274\344\022y\210hh|\361\200"
  54      66F0821A 
  54      BCE41279 
  54      8868687C 
  54      F180
  55 0283 56259A7F 		.ascii	"V%\232\177\330\301\312>\027D\347\\\"\345\001\361U\265"
  55      D8C1CA3E 
  55      1744E75C 
  55      22E501F1 
  55      55B5
  56 0295 7F02A03E 		.ascii	"\177\002\240>.!\267,a\244ZI\231\367V\342(T0h\367\225"
  56      2E21B72C 
  56      61A45A49 
  56      99F756E2 
  56      28543068 
  57 02ab A4FDBF92 		.ascii	"\244\375\277\2223\177qRR\024Jf\\%\036\227Gc\207\270"
  57      337F7152 
  57      52144A66 
  57      5C251E97 
  57      476387B8 
  58 02bf 9F2E85EB 		.ascii	"\237.\205\353cG\353\202\013.\207\2178\2463\007\277m"
  58      6347EB82 
  58      0B2E878F 
  58      38A63307 
  58      BF6D
  59 02d1 743946E6 		.ascii	"t9F\346%\207\327A\011\202\224\226\301,\322 \374\346"
  59      2587D741 
  59      09829496 
  59      C12CD220 
  59      FCE6
  60 02e3 ED2FF6DC 		.ascii	"\355/\366\334\232\341\377~#\335\225K\345r=\215O\314"
  60      9AE1FF7E 
  60      23DD954B 
  60      E5723D8D 
  60      4FCC
  61 02f5 8DC2731C 		.ascii	"\215\302s\034\376\373\031\301yd`0G\362\033\340\361&"
  61      FEFB19C1 
  61      79646030 
  61      47F21BE0 
  61      F126
  62 0307 2A1EEB56 		.ascii	"*\036\353VU<4\215\212\307\253\213_\307\0330\2175c\226"
  62      553C348D 
  62      8AC7AB8B 
  62      5FC71B30 
  62      8F356396 
  63 031b 051F8A6C 		.ascii	"\005\037\212l\304`\366\013\274\371\366\334\212$4 \343"
  63      C460F60B 
  63      BCF9F6DC 
  63      8A243420 
  63      E3
  64 032c D4D4AF4B 		.ascii	"\324\324\257KT\245\307\341\3659\332\014\270\200\272"
  64      54A5C7E1 
  64      F539DA0C 
  64      B880BA
  65 033b 1CEE67B4 		.ascii	"\034\356g\264/ \266\340\221\226\026\335z\335J\033q\335"
  65      2F20B6E0 
  65      919616DD 
  65      7ADD4A1B 
  65      71DD
  66 034d 4A45F484 		.ascii	"JE\364\204\361Z\314\334\241\207-\313H\245[\"L\216\232"
  66      F15ACCDC 
  66      A1872DCB 
  66      48A55B22 
  66      4C8E9A
  67 0360 31438E99 		.ascii	"1C\216\231\011C\216\356JD|\3210\332\355\306\356\316"
  67      09438EEE 
  67      4A447CD1 
  67      30DAEDC6 
  67      EECE
  68 0372 946646D3 		.ascii	"\224fF\323\361\316\226V\367w\213\032M\246\342\341\364"
  68      F1CE9656 
  68      F7778B1A 
  68      4DA6E2E1 
  68      F4
  69 0383 8B7A4732 		.ascii	"\213zG2n\350\311\316\264\036N\3057\247\223\311X\244"
  69      6EE8C9CE 
  69      B41E4EC5 
  69      37A793C9 
  69      58A4
  70 0395 236C262C 		.ascii	"#l&,}g$\362l*\276=\2310\236\017\3570\237|\245\255u\313"
  70      7D6724F2 
  70      6C2ABE3D 
  70      99309E0F 
  70      EF309F7C 
  71 03ad 53AFB689 		.ascii	"S\257\266\211\250\004:7\033\350\325\315D$\266\253\335"
  71      A8043A37 
  71      1BE8D5CD 
  71      4424B6AB 
  71      DD
  72 03be A80AE860 		.ascii	"\250\012\350`\217\336\325W}\327n\206w\352/\245\302\021"
  72      8FDED557 
  72      7DD76E86 
  72      77EA2FA5 
  72      C211
  73 03d0 03DFFB37 		.ascii	"\003\337\3737\005HX\332L&\266\005\360:w\221h\006\326"
  73      054858DA 
  73      4C26B605 
  73      F03A7791 
  73      6806D6
  74 03e3 87ACF581 		.ascii	"\207\254\365\201\212\340m\001\252Cx6\005\250\232@\250"
  74      8AE06D01 
  74      AA437836 
  74      05A89A40 
  74      A8
  75 03f4 3D64852C 		.ascii	"=d\205,\037\373\007p\303\322O"
  75      1FFB0770 
  75      C3D24F
  76              		.text
  77              		.section	.gnu.lto_assert_failed.8413268fa3bee414,"",%progbits
  78 0000 789C6D51 		.ascii	"x\234mQ[k\023A\024>g\317\356\246F#>*\204\272-\306\032"
  78      5B6B1341 
  78      143E67CF 
  78      EEA64623 
  78      3E2A84BA 
  79 0017 2BC99320 		.ascii	"+\311\223 \372/\304wY\223\215\006\322(ID|(\031ci\245"
  79      FA2FC477 
  79      59938D06 
  79      D2284944 
  79      7C281963 
  80 002d 4ADB28A1 		.ascii	"J\333(\241I5l\240H\253V{\361Z\350C\252V\212\027\264"
  80      49356CA0 
  80      48AB567B 
  80      F15AE843 
  80      AA568A17 
  81 0042 452828BE 		.ascii	"E((\276TQ\274\200\264\010\212\320\3243S\361V\007f\231"
  81      5451BC80 
  81      B4088AD0 
  81      D43353F1 
  81      56076699 
  82 0056 33FB7DDF 		.ascii	"3\373}\3379\3377\006h\320\252\001\264\002\300F\336\240"
  82      39DF3706 
  82      68D0AA01 
  82      B402C046 
  82      DEA0
  83 0068 0372891A 		.ascii	"\003r\211\032\022\177\011\020\262\032a\026\273\251\227"
  83      127F0910 
  83      B21A6116 
  83      BBA997
  84 0077 F06EC7DB 		.ascii	"\360n\307\333q-8 xU{'\0141XE\227a%\002\265p\000\203"
  84      712D3820 
  84      78557B27 
  84      0C315845 
  84      97612502 
  85 008f 8C9A691B 		.ascii	"\214\232i\033\271@]\344\022\242\316\345\302\223\276"
  85      B9405DE4 
  85      12A2CEE5 
  85      C293BE
  86 009e D7EB65A9 		.ascii	"\327\353e\251\241\305ee*\277\213\032\020\370\330wo9"
  86      A1C56565 
  86      2ABF8B1A 
  86      10F8D877 
  86      6F39
  87 00b0 6F345D14 		.ascii	"o4]\024\"'\252\217\317\221\330\342\022\341e$\326\303"
  87      2227AA8F 
  87      CF91D8E2 
  87      12E16524 
  87      D6C3
  88 00c2 4BE8C741 		.ascii	"K\350\307A\364\003_\001^\301&\206\237\257-\266#mU\324"
  88      F4035F01 
  88      5EC12686 
  88      9FAF2DB6 
  88      236D55D4 
  89 00d6 DCD38585 		.ascii	"\334\323\205\205u?\251\367\013\212\252\343\320\277T"
  89      753FA9F7 
  89      0B8AAAE3 
  89      D0BF54
  90 00e5 F672159B 		.ascii	"\366r\025\233$~~\264V\360\231\372\312\250x\015M\004"
  90      247E7EB4 
  90      56F099FA 
  90      CAA8780D 
  90      4D04
  91 00f7 908E5E9C 		.ascii	"\220\216^\234\355\2347\250Yi\346\207\306\346|\201~\245"
  91      ED9C37A8 
  91      5969E687 
  91      C6E67C81 
  91      7EA5
  92 0109 79665325 		.ascii	"yfS%\267\301%\003\207\377\326T6G0\300\360\305\317\305"
  92      B7C12503 
  92      87FFD654 
  92      364730C0 
  92      F0C5CFC5 
  93 011d A5B512DE 		.ascii	"\245\265\022\336#\252\323\223\332\264\320]2a\025xt\025"
  93      23AAD393 
  93      DAB4D05D 
  93      32611578 
  93      7415
  94 012f 78EEC19E 		.ascii	"x\356\301\236\311\376\366\316\236\023u\377%\214a`x\026"
  94      C9FEF6CE 
  94      9E1375FF 
  94      258C6160 
  94      7816
  95 0141 ABA2B6DC 		.ascii	"\253\242\266\334\301)\327\027\236\357\254\323PF\300"
  95      C129D717 
  95      9EEFACD3 
  95      5046C0
  96 0150 79B21B43 		.ascii	"y\262\033C\3657\331\235\351Q\352\000\235*\377\323\304"
  96      F537D99D 
  96      E951EA00 
  96      9D2AFFD3 
  96      C4
  97 0161 EF46EF31 		.ascii	"\357F\3571\367\335\003e2\270\351\304\233r\227\257a\257"
  97      F7DD0365 
  97      32B8E9C4 
  97      9B7297AF 
  97      61AF
  98 0173 2B8A964B 		.ascii	"+\212\226K\036i\361U\307\374W_vI\024\205\250\364?\322"
  98      1E69F155 
  98      C7FC575F 
  98      76491485 
  98      A8F43FD2 
  99 0187 5CAAC3EB 		.ascii	"\\\252\303\353\330 \363\000\274\201Y`\366\227o\037\356"
  99      D820F300 
  99      BC815960 
  99      F6976F1F 
  99      EE
 100 0198 74FB7F45 		.ascii	"t\373\177E\326\266\362\330\317|\262\253j'\321%\302?"
 100      D6B6F2D8 
 100      CF7CB2AB 
 100      6A27D125 
 100      C23F
 101 01aa 53C59B2C 		.ascii	"S\305\233,\000x\013\3152\231\270\335\257\246\341\241"
 101      00780BCD 
 101      3299B8DD 
 101      AFA6E1A1 
 102 01ba E81D22F4 		.ascii	"\350\035\"\364\361\201ug\275<\225\207\377\303G<yj\352"
 102      F1817567 
 102      BD3C9587 
 102      FFC3473C 
 102      796AEA
 103 01cd A1A9BAB2 		.ascii	"\241\251\272\262\310\370\370\247\227\036\236\211\323"
 103      C8F8F8A7 
 103      971E9E89 
 103      D3
 104 01da 5853921E 		.ascii	"XS\222\036\3606O\342\222\027\2443T\241\324\207B\341"
 104      F0364FE2 
 104      9217A433 
 104      54A1D487 
 104      42E1
 105 01ec F4F174C6 		.ascii	"\364\361t\306i\011\247S\221p\3229\226\210\037\010\333"
 105      6909A753 
 105      9170D239 
 105      96881F08 
 105      DB
 106 01fd E9B493CA 		.ascii	"\351\264\223\312\204\"\240\307\342\011GO\304\223\216"
 106      8422A0C7 
 106      E209474F 
 106      C4938E
 107 020c 193B9C6A 		.ascii	"\031;\234j\2613\233\177\343\343\311H\342h\324\011G\343"
 107      B1339B7F 
 107      E3E3C948 
 107      E268D409 
 107      47E3
 108 021e F6C1F0BE 		.ascii	"\366\301\360\276\224\035qB\207\240y\205\272\377\210"
 108      941D7142 
 108      87A07985 
 108      BAFF88
 109 022d 9DB25BB6 		.ascii	"\235\262[\266\005\255\230\315\002\321\335\226\324\261"
 109      05AD98CD 
 109      02D1DD96 
 109      D4B1
 110 023b 1A03E9C6 		.ascii	"\032\003\351\306\035\226T\263\002Q/\374\000\367\351"
 110      1D9654B3 
 110      02512FFC 
 110      00F7E9
 111 024a E9B9     		.ascii	"\351\271"
 112              		.text
 113              		.section	.gnu.lto_.symbol_nodes.8413268fa3bee414,"",%progbits
 114 0000 789C6365 		.ascii	"x\234ce`bpe\000\002&\266z\006\206\011\347\030\030\200"
 114      60627065 
 114      000226B6 
 114      7A068609 
 114      E7181880 
 115 0014 D4AE4647 		.ascii	"\324\256FG\240\000{=#\212\000#G=\023X\200\201\241\241"
 115      A0007B3D 
 115      238A0023 
 115      473D1358 
 115      8081A1A1 
 116 0028 C1818181 		.ascii	"\301\201\201\201\031\250uI\373\233\371\034\314\214@"
 116      19A87549 
 116      FB9BF91C 
 116      CC8C40
 117 0037 C6C37F8E 		.ascii	"\306\303\177\216\014\000$p\020\304"
 117      0C002470 
 117      10C4
 118              		.text
 119              		.section	.gnu.lto_.refs.8413268fa3bee414,"",%progbits
 120 0000 789C6365 		.ascii	"x\234ce`b`d\000\002\000\000I\000\011"
 120      60626064 
 120      00020000 
 120      490009
 121              		.text
 122              		.section	.gnu.lto_.decls.8413268fa3bee414,"",%progbits
 123 0000 789CAD55 		.ascii	"x\234\255U[LSw\030?_\317\341VJ1\304\030\036\232\315"
 123      5B4C5377 
 123      183F5FCF 
 123      E1564A31 
 123      C4181E9A 
 124 0015 68B2992D 		.ascii	"h\262\231-R/\211\363a\313\\\226m>9\037\234\257M)U\233"
 124      522F89F3 
 124      61CB5C96 
 124      6D3E391F 
 124      9CAF4D29 
 125 002b 41716D89 		.ascii	"Aqm\2111\276\034\004\024u\032\207xA\021\021\246\002"
 125      31BE1C04 
 125      14751A87 
 125      78411111 
 125      A602
 126 003d 7255C1E1 		.ascii	"rU\301\341\020\012(\240\202Z\020\324q)\002rQ\004\224"
 126      100A28A0 
 126      825A10D4 
 126      71290272 
 126      510494
 127 0050 8B3816D8 		.ascii	"\2138\026\330\367\377\377\317)\247\335\330^<\351\327"
 127      F7FFFFCF 
 127      29A7DDD8 
 127      5E3CE9D7 
 128 0060 9EEFFB7F 		.ascii	"\236\357\373\177\227\337w\373\327\217Sq\303A\034\227"
 128      97DF77FB 
 128      D78F5371 
 128      C3411C97 
 129 0070 0F1C37C1 		.ascii	"\017\0347\301q\334\034><\376\026p\363\017\341o\"\271"
 129      71DC1C3E 
 129      3CFE1670 
 129      F30FE16F 
 129      22B9
 130 0082 905AB97F 		.ascii	"\220Z\271\177>{\320V\213\277[\221\302\220\026#\225\""
 130      3E7BD056 
 130      8BBF5B91 
 130      C2901623 
 130      9522
 131 0094 6D466A43 		.ascii	"mFjCjG\352@\352Br#\365!=G\352G\032\360\211\361J\212"
 131      6A47EA40 
 131      EA427223 
 131      F5213D47 
 131      EA471AF0 
 132 00ac 812EB911 		.ascii	"\201.\271\021\2378\331(\014\366\211s\037\251N\021o\234"
 132      9F38D928 
 132      0CF68973 
 132      1FA94E11 
 132      6F9C
 133 00be 6379F8FA 		.ascii	"cy\370\372v\371\370\236\364\361}\222\207\356g\255I\376"
 133      76F9F89E 
 133      F4F17D92 
 133      87EE67AD 
 133      49FE
 134 00d0 5DD0418E 		.ascii	"]\320A\216\201<LS\361\200T \372\220cv\256\222\317\230"
 134      813C4C53 
 134      F1805420 
 134      FA906376 
 134      AE92CF98 
 135 00e4 928F1127 		.ascii	"\222\217\021')\"y+\312\247J\217\363N(\000\012Bi!\261"
 135      2922792B 
 135      CAA74A8F 
 135      F34E2800 
 135      0A426921 
 136 00f9 F4A3620C 		.ascii	"\364\243b\014x\316e]\205C)\013\370\027X\363\265\241"
 136      78CE655D 
 136      8543290B 
 136      F81758F3 
 136      B5A1
 137 010b D9BF4E6B 		.ascii	"\331\277Nk\354W\273\241\223\350en\000*\313\350M<+\360"
 137      EC57BBA1 
 137      93E8656E 
 137      002ACBE8 
 137      4D3C2BF0 
 138 011f 1807DFD3 		.ascii	"\030\007\337\323\212\016\347j\371E\364\375\305\361\274"
 138      8A0EE76A 
 138      F945F4FD 
 138      C5F1BC
 139 012e 075A41C5 		.ascii	"\007ZA\305A\036\360\314\332\375.\347\333\210|\221=\201"
 139      411EF0CC 
 139      DAFD2EE7 
 139      DB887C91 
 139      3D81
 140 0140 5FCC17D5 		.ascii	"_\314\027\325\225X\234\316\037\341!L\015\002\211\322"
 140      95589CCE 
 140      1FE1214C 
 140      0D0289D2 
 141 0150 74BA578B 		.ascii	"t\272W\213\354b5,E\266u\372\346\237\032\376#\342T8\226"
 141      EC62352C 
 141      45B675FA 
 141      E69F1AFE 
 141      23E25438 
 142 0165 53521F08 		.ascii	"SR\037\010+\324:\000\374\\\224}qP\002j(\002^F\234L\304"
 142      2BD43A00 
 142      FC5C947D 
 142      7150026A 
 142      28025E46 
 143 017c 6359221F 		.ascii	"cY\"\037\316\301Z\035\254\322qP\014+\210\026&y\005m"
 143      CEC15A1D 
 143      ACD27150 
 143      0C2B8816 
 143      2679056D 
 144 0190 AF828E3B 		.ascii	"\257\202\216;-\0225\027P1e\306\276\244\357\0304\245"
 144      2D123517 
 144      503165C6 
 144      BEA4EF18 
 144      34A5
 145 01a2 BD3E3B54 		.ascii	"\275>;T-\271I\376O7\250]\3212\322\022\2449(\212{\305"
 145      2DB949FE 
 145      4F37A85D 
 145      D132D212 
 145      A439288A 
 146 01b8 A30962D0 		.ascii	"\243\011b\320F\270\206p\012\361\274\000\3179(\005\215"
 146      46B88670 
 146      0AF1BC00 
 146      CF392805 
 146      8D
 147 01c9 94E974FF 		.ascii	"\224\351t\377\30495\026\205\312 R\240E-\034H\324zde"
 147      C4393516 
 147      85CA2052 
 147      A0452D1C 
 147      48D47A64 
 148 01de 40858766 		.ascii	"@\205\207f\312\335**\334\254\206\353LV\235\362\244'"
 148      CADD2A2A 
 148      DCAC86EB 
 148      4C569DF2 
 148      A427
 149 01f0 D8A3F81B 		.ascii	"\330\243\370\033\023\336\236{\353\014e\265S!\333<\326"
 149      13DE9E7B 
 149      EB0C65B5 
 149      5321DB3C 
 149      D6
 150 0201 783698D5 		.ascii	"x6\230\325n\021\262m?\337HP\207\237\240UJ\020\027\251"
 150      6E11B26D 
 150      3FDF4850 
 150      879FA055 
 150      4A1017A9 
 151 0215 60EB12F8 		.ascii	"`\353\022\370\035q\335\240\270* \034\277\313\321\021"
 151      1D71DDA0 
 151      B82A201C 
 151      BFCBD111 
 152 0225 05579956 		.ascii	"\005W\231V\226\024\262,S\314\254\026\235\356\322%'\022"
 152      9614B22C 
 152      53CCAC16 
 152      9DEED225 
 152      2712
 153 0237 C41C345B 		.ascii	"\304\0344[J\324 \027x\310\207\010T\277\014\002\341\360"
 153      4AD42017 
 153      78C88708 
 153      54BF0C02 
 153      E1F0
 154 0249 2D07DC00 		.ascii	"-\007\334\000\227\240\013G\347&,C\007\357J\247JU\374"
 154      97A00B47 
 154      E7262C43 
 154      07EF4AA7 
 154      4A55FC
 155 025c 1EDAFE73 		.ascii	"\036\332\376swz\316k\370\003@\231\241\301G\355\241d"
 155      777ACE6B 
 155      F8034099 
 155      A1C147ED 
 155      A164
 156 026e 16AAE459 		.ascii	"\026\252\344Yh\352x\225\357\307\247\260\343\336\003"
 156      68EA7895 
 156      EFC7A7B0 
 156      E3DE03
 157 027d AE8A2072 		.ascii	"\256\212 r\\\215\307\340d\211u6\344^&C\361\261\032\310"
 157      5C8DC7E0 
 157      64897536 
 157      E45E2643 
 157      F1B11AC8 
 158 0291 9886A2A8 		.ascii	"\230\206\242\250h\270\374]\010\023\021\215\334_\177"
 158      68B8FC5D 
 158      0813118D 
 158      DC5F7F
 159 02a0 C9F2E74F 		.ascii	"\311\362\347OR\037\252j\227kV\000\365\212dO\0238O\007"
 159      521FAA6A 
 159      976B5600 
 159      F58A644F 
 159      13384F07 
 160 02b4 A01E9B86 		.ascii	"\240\036\233\206F$\001\270\205\302Z\024\322\341q\326"
 160      462401B8 
 160      85C25A14 
 160      D2E171D6 
 161 02c4 E72FAB4B 		.ascii	"\347/\253K\022E\025\324a\307n\313I\312\2039R\336{Q\240"
 161      124515D4 
 161      61C76ECB 
 161      49CA8339 
 161      52DE7B51 
 162 02d9 1527C7AC 		.ascii	"\025'\307\254]EI}\271\201\010B\207\270@\001J'\201:\227"
 162      5D45497D 
 162      B9810842 
 162      87B84001 
 162      4A27813A 
 163 02ee 732B849F 		.ascii	"s+\204\237d\240\356VeM\005\341\270\262XuW\375pV\241"
 163      64A0EE56 
 163      654D05E1 
 163      B8B25875 
 163      57FD7056 
 164 0303 095DDDF3 		.ascii	"\011]\335\363\212D1{Ok#\"\326I\210\357\"\342;l\320\232"
 164      8A44317B 
 164      4F6B2322 
 164      D64988EF 
 164      22E23B6C 
 165 0319 2FDE2BF2 		.ascii	"/\336+\362S\016Z\223\327\240\335\367\014\332dOZ\215"
 165      530E5A93 
 165      D7A0DDF7 
 165      0CDA644F 
 165      5A8D
 166 032b 86224719 		.ascii	"\206\"G\0314\260\222\026\225\215\027\010\013N\303C:"
 166      34B09216 
 166      958D1708 
 166      0B4EC343 
 166      3A
 167 033c 0D0FE469 		.ascii	"\015\017\344i\350y8u\206\227\246a\264j\375\361+\242"
 167      E8793875 
 167      8697A661 
 167      B46AFDF1 
 167      2BA2
 168 034e 98B45714 		.ascii	"\230\264W\024\005\242\007\225\236q\250\301q\250\364"
 168      05A20795 
 168      9E71A8C1 
 168      71A8F4
 169 035d 1D07171D 		.ascii	"\035\007\027\035\207\206\331\314\370 >]\265\300u0\035"
 169      8786D9CC 
 169      F8203E5D 
 169      B5C07530 
 169      1D
 170 036e DF5ABDF0 		.ascii	"\337Z\275\360l>\242h\"%0\323\373\377JU!\230\356x\321"
 170      6C3EA268 
 170      222530D3 
 170      FBFF4A55 
 170      2198EE78 
 171 0383 F9B871DD 		.ascii	"\371\270q\335\251\302}\316\315T\007\232=HZ\020I\263"
 171      A9C27DCE 
 171      CD54079A 
 171      3D485A10 
 171      49B3
 172 0395 7405402B 		.ascii	"t\005@+Ep\241\"c\177\200\262\\%^\345j\303\322\260.\220"
 172      4570A122 
 172      637F80B2 
 172      5C255EE5 
 172      6AC3D2B0 
 173 03ab 57D49F19 		.ascii	"W\324\237\031L}\012l\231\010[;|\355\255t\0110\3630\245"
 173      4C7D0A6C 
 173      99085B3B 
 173      7CEDAD74 
 173      0930F330 
 174 03c0 F5137A0B 		.ascii	"\365\023z\013\350u\360\230\365&\373Ey\255\0373\016A"
 174      E875F098 
 174      F526FB45 
 174      79AD1F33 
 174      0E41
 175 03d2 B6232BF5 		.ascii	"\266#+\365\202\3006q\220v$g\346\2266\354(uF\266\212"
 175      82C03671 
 175      90762467 
 175      E69636EC 
 175      287546B6 
 176 03e7 62F903BD 		.ascii	"b\371\003\275=\245\336\332!L\366I\031\322\201\321\353"
 176      3DA5DEDA 
 176      214CF649 
 176      19D281D1 
 176      EB
 177 03f8 CD2A257A 		.ascii	"\315*%z\024+\342w\260f\223_T>X\326\322%,\210\265S\306"
 177      142BE277 
 177      B066935F 
 177      543E58D6 
 177      D2252C88 
 178 040f AAA750A7 		.ascii	"\252\247P\247\256f\267HX\306\366\312X\330\344q\330\300"
 178      AE66B748 
 178      58C6F6CA 
 178      58D8E471 
 178      D8C0
 179 0421 30D98232 		.ascii	"0\331\2022$\227tW\225V\211\244\313\013\211[B\342\246"
 179      24977457 
 179      955689A4 
 179      CB0B895B 
 179      42E2A6
 180 0434 488ABB3B 		.ascii	"H\212\273;\343\375Y\035\"\220uV\336O]\270\210\317d`"
 180      E3FD591D 
 180      22907556 
 180      DE4F5DB8 
 180      88CF6460 
 181 0448 DDAC880D 		.ascii	"\335\254\210\015\355\207+%c=\262\343)\027f\003X\021"
 181      ED872B25 
 181      633DB2E3 
 181      29176603 
 181      5811
 182 045a A7C9F5D6 		.ascii	"\247\311\365\326v\347\314\234\237o\021{\321[\017\365"
 182      76E7CC9C 
 182      9F6F117B 
 182      D15B0FF5 
 183 046a D647A13F 		.ascii	"\326G\241?c\320\373(\364\262\343\307f4J\350}^\320\237"
 183      63D0FB28 
 183      F4B2E3C7 
 183      66344AE8 
 183      7D5ED09F 
 184 047e 4BD09F53 		.ascii	"K\320\237S\350\356\351\307]^\312d\302\346\225\373%\345"
 184      E8EEE9C7 
 184      5D5ECA64 
 184      C2E695FB 
 184      25E5
 185 0490 7EAAFCA8 		.ascii	"~\252\374\250=\276\015\310\374\306\377\317\374\302\000"
 185      3DBE0DC8 
 185      FCC6FFCF 
 185      FCC200
 186 049f 84A3FEA9 		.ascii	"\204\243\376\251k\305\351\001\374\033\266\016y\005\031"
 186      6BC5E901 
 186      FC1BB60E 
 186      790519
 187 04ae C55A7E8E 		.ascii	"\305Z~\2161\207jj\323\375\311n\014yvC\371?A%/G{K4\312"
 187      31876A6A 
 187      D3FDC96E 
 187      0C797643 
 187      F93F4125 
 188 04c8 6DC1FF85 		.ascii	"m\301\377\205\371h\3034\332Kyw[\333\013\007\374\311"
 188      F968C334 
 188      DA4B7977 
 188      5BDB0B07 
 188      FCC9
 189 04da BAE0AD33 		.ascii	"\272\340\2553:\264*#k\237\363\241(fn\004\242\010\203"
 189      3AB42A23 
 189      6B9FF3A1 
 189      28666E04 
 189      A20883
 190 04ed 9E957981 		.ascii	"\236\225y\201+3\350\273\274\257\350\352\034\311\353"
 190      2B33E8BB 
 190      BCAFE8EA 
 190      1CC9EB
 191 04fc 1C095E7E 		.ascii	"\034\011^~\236^\\\263\031\376br \346G/z\266`#\260\034"
 191      9E5E5CB3 
 191      19FE6272 
 191      20E6472F 
 191      7AB66023 
 192 0512 B52EB952 		.ascii	"\265.\271R\017I\377>\237\2209q&&-\334\3531\271\327\243"
 192      0F49FF3E 
 192      9F903971 
 192      26262DDC 
 192      EB31B9D7 
 193 0527 ACD7F5E3 		.ascii	"\254\327\365\343\203-A\314\370Sd\253RN\334V\263^?!\275"
 193      832D41CC 
 193      F85364AB 
 193      524EDC56 
 193      B35E3F21 
 194 053c 3E78B26D 		.ascii	">x\262m\037\357\333\3537\350\3555\3656N{=\306z=N{}w"
 194      1FEFDBEB 
 194      37E8ED35 
 194      F5364E7B 
 194      3DC67A3D 
 195 0554 68FA7365 		.ascii	"h\372se\367\306\275Z=!uo\202v\357mMZ\253 \345'n\000"
 195      F7C6BD5A 
 195      3D21756F 
 195      8276EF6D 
 195      4D5AAB20 
 196 056c 9A9C4B4E 		.ascii	"\232\234KNn\022\226s!\006\203\321n7\333\034\206mqV\223"
 196      6E129673 
 196      210683D1 
 196      6E37DB1C 
 196      866D7156 
 197 0581 C660B0C6 		.ascii	"\306`\260\306\332\314\2168\233\325`\010\374n\323\017"
 197      DACC8E38 
 197      9BD56008 
 197      FC6ED30F 
 198 0591 4BBF5EBD 		.ascii	"K\277^\275\232\023L;\214\266\357\365;bc\314\372\330"
 198      9A134C3B 
 198      8CB6EFF5 
 198      3B6263CC 
 198      FAD8
 199 05a3 9D0EBDD1 		.ascii	"\235\016\275\321\026\263\322\021\033\033\215b\213\325"
 199      16B3D211 
 199      1B1B8D62 
 199      8BD5
 200 05b1 AEDF6E32 		.ascii	"\256\337n2}e\213\331\024k5\177c\214\264\2543\254Y\265"
 200      7D658BD9 
 200      146B357F 
 200      638CB4AC 
 200      33AC59B5 
 201 05c5 FAB39FD6 		.ascii	"\372\263\237\326P-+\012W\232Q\252\267XM\321qQf=\013"
 201      502D2B0A 
 201      579A51AA 
 201      B7584DD1 
 201      7151663D 
 202 05da 16B1830B 		.ascii	"\026\261\203\013\221\303\032-\321\346\250@9\254\260"
 202      91C31A2D 
 202      D1E6A840 
 202      39ACB0
 203 05e9 CB6CFC31 		.ascii	"\313l\37410\316bu\254]cply?A\355\273\355z\203\335\021"
 203      30CE6275 
 203      AC5D6370 
 203      6C793F41 
 203      EDBBED7A 
 204 0600 855E3172 		.ascii	"\205^1r\000\361\276\336\340\370 \"\202\2348\3141z\273"
 204      00F1BEDE 
 204      E0F82022 
 204      829C38CC 
 204      317ABB
 205 0613 CDA4B79A 		.ascii	"\315\244\267\232wE[\"e\200&\316\317\030\031ks\274\247"
 205      77455B22 
 205      658026CE 
 205      CF18196B 
 205      73BCA7
 206 0626 B431383A 		.ascii	"\26418:\307\340\032\207\315h2\033v\332\020\303\266\020"
 206      C7E01A87 
 206      CD68321B 
 206      76DA10C3 
 206      B610
 207 0638 63F42EE3 		.ascii	"c\364.\343n\273\301b\215\266X\315\037\316\343\221\315"
 207      6EBBC162 
 207      8DB658CD 
 207      1FCEE391 
 207      CD
 208 0649 A22CC6ED 		.ascii	"\242,\306\355\372-\304\002M\377\006~\202f\003"
 208      FA2DC402 
 208      4DFF067E 
 208      826603
 209              		.text
 210              		.section	.gnu.lto_.symtab.8413268fa3bee414,"",%progbits
 211 0000 5F5F6173 		.ascii	"__assert_func\000"
 211      73657274 
 211      5F66756E 
 211      6300
 212 000e 00       		.ascii	"\000"
 213 000f 00       		.ascii	"\000"
 214 0010 00       		.ascii	"\000"
 215 0011 00000000 		.ascii	"\000\000\000\000\000\000\000\000"
 215      00000000 
 216 0019 BD000000 		.ascii	"\275\000\000\000"
 217 001d 61737365 		.ascii	"assert_failed\000"
 217      72745F66 
 217      61696C65 
 217      6400
 218 002b 00       		.ascii	"\000"
 219 002c 01       		.ascii	"\001"
 220 002d 00       		.ascii	"\000"
 221 002e 00000000 		.ascii	"\000\000\000\000\000\000\000\000"
 221      00000000 
 222 0036 D1000000 		.ascii	"\321\000\000\000"
 223 003a 61626F72 		.ascii	"abort\000"
 223      7400
 224 0040 00       		.ascii	"\000"
 225 0041 02       		.ascii	"\002"
 226 0042 00       		.ascii	"\000"
 227 0043 00000000 		.ascii	"\000\000\000\000\000\000\000\000"
 227      00000000 
 228 004b D5000000 		.ascii	"\325\000\000\000"
 229              		.text
 230              		.section	.gnu.lto_.opts,"",%progbits
 231 0000 272D666D 		.ascii	"'-fmath-errno' '-fsigned-zeros' '-ftrapping-math' '"
 231      6174682D 
 231      6572726E 
 231      6F272027 
 231      2D667369 
 232 0033 2D666E6F 		.ascii	"-fno-trapv' '-fno-strict-overflow' '-fno-openmp' '-"
 232      2D747261 
 232      70762720 
 232      272D666E 
 232      6F2D7374 
 233 0066 666E6F2D 		.ascii	"fno-openacc' '-dD' '-mcpu=cortex-m4' '-mthumb' '-mf"
 233      6F70656E 
 233      61636327 
 233      20272D64 
 233      44272027 
 234 0099 6C6F6174 		.ascii	"loat-abi=soft' '-g3' '-O0' '-fmessage-length=0' '-f"
 234      2D616269 
 234      3D736F66 
 234      74272027 
 234      2D673327 
 235 00cc 7369676E 		.ascii	"signed-char' '-ffunction-sections' '-fdata-sections"
 235      65642D63 
 235      68617227 
 235      20272D66 
 235      66756E63 
 236 00ff 2720272D 		.ascii	"' '-flto' '-fno-move-loop-invariants'\000"
 236      666C746F 
 236      2720272D 
 236      666E6F2D 
 236      6D6F7665 
 237              		.text
 238              		.comm	__gnu_lto_v1,1,1
 239              		.comm	__gnu_lto_slim,1,1
 240              		.ident	"GCC: (GNU Tools for ARM Embedded Processors 6-2017-q2-update) 6.3.1 20170620 (release) [AR
DEFINED SYMBOLS
                            *ABS*:0000000000000000 assert.c
                            *COM*:0000000000000001 __gnu_lto_v1
                            *COM*:0000000000000001 __gnu_lto_slim

NO UNDEFINED SYMBOLS
