   1              		.cpu cortex-m4
   2              		.eabi_attribute 20, 1
   3              		.eabi_attribute 21, 1
   4              		.eabi_attribute 23, 3
   5              		.eabi_attribute 24, 1
   6              		.eabi_attribute 25, 1
   7              		.eabi_attribute 26, 1
   8              		.eabi_attribute 30, 6
   9              		.eabi_attribute 34, 1
  10              		.eabi_attribute 18, 4
  11              		.file	"Parameter.cpp"
  12              		.text
  13              	.Ltext0:
  14              		.section	.gnu.lto_.inline.9d0123722e66b1f7,"",%progbits
  15 0000 789C6365 		.ascii	"x\234ce`b8\310\200\000\354\014\014\352\\\014\014L^\013"
  15      606238C8 
  15      8000EC0C 
  15      0CEA5C0C 
  15      0C4C5E0B 
  16 0014 E63032B0 		.ascii	"\34602\260\000%\201\200\221A\306\014($\327\360\013."
  16      00258180 
  16      9141C60C 
  16      2824D7F0 
  16      0B2E
  17 0026 C4C2CBC8 		.ascii	"\304\302\313\310\3004\301o\202\0373\017#\003\343\004"
  17      C034C16F 
  17      821F330F 
  17      2303E304 
  18 0036 3F289F81 		.ascii	"?(\237\201\231\201\223\003\250\224\257\241\026\256\222"
  18      99819303 
  18      A894AFA1 
  18      16AE92
  19 0045 818D1528 		.ascii	"\201\215\025(\302\001\224\204\212\2602p\352\000EX>\350"
  19      C2019484 
  19      8AB03270 
  19      EA004558 
  19      3EE8
  20 0057 C12DE082 		.ascii	"\301-\340\202\021L\3340\026\033\003\257:\220\317\365"
  20      114CDC30 
  20      161B03AF 
  20      3A90CFF5 
  21 0067 20164515 		.ascii	" \026E\025\013/\003\304b0\217\035\303p\006\0009\310"
  21      0B2F03C4 
  21      62308F1D 
  21      C3700600 
  21      39C8
  22 0079 1059     		.ascii	"\020Y"
  23              		.text
  24              		.section	.gnu.lto__ZN9Parameter15getDefaultValueENS_5NazwaE.9d0123722e66b1f7,"",%progbits
  25 0000 789C6596 		.ascii	"x\234e\226\333O\024w\024\307\347\354\314\316^fg\357"
  25      DB4F1477 
  25      14C7E7EC 
  25      CCCE5E66 
  25      67EF
  26 0012 8B49E5C1 		.ascii	"\213I\345\30141\3064\321\246}\357\337\320\177\2014&"
  26      3431C634 
  26      D1A67DEF 
  26      DFD07F81 
  26      3426
  27 0024 7D691F6C 		.ascii	"}i\037l\023\223\276\270^(\242\026kSE\266\340*\310\356"
  27      1393BEB8 
  27      5E28A216 
  27      6B5345B6 
  27      E02AC8EE 
  28 0038 0AA860BD 		.ascii	"\012\250`\275\024\320\262\200hEA\241^`mm\251l\013\012"
  28      14D0B280 
  28      684541A1 
  28      5E606D6D 
  28      A96C0B0A 
  29 004c 29A8A0A0 		.ascii	")\250\240\240B\317ef\235\244\233\234\357\314\331\234"
  29      42CF6566 
  29      9DA49B9C 
  29      EFCCD99C 
  30 005c CF99DFED 		.ascii	"\317\231\337\355\234\031\267\342R\266\371\024e\255\242"
  30      9C19B7E2 
  30      52B6F914 
  30      65ADA2
  31 006b 28453465 		.ascii	"(E4e\215\002.\005-\032GGE\323\320\334h:\232\007\315"
  31      8D022E05 
  31      2D1A4747 
  31      45D3D0DC 
  31      683A9A07 
  32 0080 8B8680E2 		.ascii	"\213\206\200\342G3\320\002h&Z\020-\204\026F\213\240"
  32      4733D002 
  32      68265A10 
  32      2D841646 
  32      8BA0
  33 0092 45D16294 		.ascii	"E\321b\224\003\3120\237\306\352f\325Y=\254^V\037\253"
  33      03CA309F 
  33      C6EA66D5 
  33      593DAC5E 
  33      561FAB
  34 00a5 9FD5600D 		.ascii	"\237\325`\015\260\232\254A\326\020k\2305\302\032e\215"
  34      B09AAC41 
  34      D6106B98 
  34      35C21A65 
  34      8D
  35 00b6 B1C62181 		.ascii	"\261\306!\201\232\340\3732\000|.(\333]\252\346\326="
  35      9AE0FB32 
  35      007C2E28 
  35      DB5DAAE6 
  35      D63D
  36 00c8 5E9FDF08 		.ascii	"^\237\337\010\230\301P8\022\215\305\023e\260\035\016"
  36      98C15038 
  36      128DC513 
  36      65B01D0E 
  37 00d8 A8B52A0C 		.ascii	"\250\265*\014\254\276\310\207j\324\264\212\223Ewt\356"
  37      ACBEC887 
  37      6AD4B48A 
  37      93457774 
  37      EE
  38 00e9 6683412E 		.ascii	"f\203A.@\030\335\226\023g\236z7f\223\311\235\311|\355"
  38      4018DD96 
  38      13679E7A 
  38      376693C9 
  38      9DC97CED 
  39 00fd B2E761FB 		.ascii	"\262\347a\373\355\244;\255\272\224:\014\317A9d\241\234"
  39      EDA43BAD 
  39      BA943A0C 
  39      CF413964 
  39      A19C
  40 010f 9E711236 		.ascii	"\236q\0226b\360\216\013+\331\220Z\006\012\336\177{<"
  40      62F08E0B 
  40      2BD9905A 
  40      060ADE7F 
  40      7B3C
  41 0121 15DBD0CC 		.ascii	"\025\333\320\314\334\225\005W2\220V1\031\250\304}X\016"
  41      DC950557 
  41      32905631 
  41      19A8C47D 
  41      580E
  42 0133 EF972BF8 		.ascii	"\357\227+\370\207\002\255\260\201\202\377\352X9d\352"
  42      8702ADB0 
  42      8182FFEA 
  42      583964EA 
  43 0143 1A65C564 		.ascii	"\032e\305dm\2702\212B\203\031\331\335^\257\312\3304"
  43      6DB8328A 
  43      428319D9 
  43      DD5EAFCA 
  43      D834
  44 0155 74E78752 		.ascii	"t\347\207R\217\2022\266u\350\316v\3646\230\353\233\222"
  44      8F8232B6 
  44      75E8CE76 
  44      F43698EB 
  44      9B92
  45 0167 F8CB2FA6 		.ascii	"\370\313/\246\365\272\\~\367\272\264\312Y\3404\216\355"
  45      F5BA5C7E 
  45      F7BAB4CA 
  45      59E0348E 
  45      ED
  46 0178 148F0D13 		.ascii	"\024\217\015\023\236\201\365\030^u\251\346\272\237\302"
  46      9E81F518 
  46      5E75A9E6 
  46      BA9FC2
  47 0187 BF4BE657 		.ascii	"\277K\346W\322\345_\357\252\314%\265\377\317\005\343"
  47      D2E55FEF 
  47      AACC25B5 
  47      FFCF05E3 
  48 0197 DB61FD99 		.ascii	"\333a\375\231Q\310'WV\253\222\311\345\367\336]\0038"
  48      51C82757 
  48      56AB92C9 
  48      E5F7DE5D 
  48      0338
  49 01a9 5A970B68 		.ascii	"Z\227\013h\270*\336j\032\371n\022\235\304C\342%\361"
  49      B82ADE6A 
  49      1AF96E12 
  49      9DC443E2 
  49      25F1
  50 01bb 91F8490C 		.ascii	"\221\370I\014\222\000\211I\022$\011\221\204I\"$Q\222"
  50      92008949 
  50      12240991 
  50      84492224 
  50      5192
  51 01cd 18499C24 		.ascii	"\030I\234$A\242({i\015\224}t\253N\303\316\247U\263="
  51      41A2287B 
  51      690D947D 
  51      74AB4EC3 
  51      CEA755B3 
  52 01e2 015A9206 		.ascii	"\001Z\222\006Um\300?\247\2405\251Y>N\352\360\370\211"
  52      556DC03F 
  52      A7A035A9 
  52      593E4EEA 
  52      F0F889
  53 01f5 29F74138 		.ascii	")\367A8\260cw2y\354T\"\255\342\021Mq\006\350\200\203"
  53      B0637732 
  53      79EC5422 
  53      ADE2114D 
  53      7106E880 
  54 020a 8011E7AB 		.ascii	"\200\021\347\253nv\370i\321p\325\320\235\351\255\376"
  54      6E76F869 
  54      D170D5D0 
  54      9DE9ADFE 
  55 021a C3B08137 		.ascii	"\303\260\2017!\004\340,\316;\245\362Y\371Q\230K\351"
  55      2104E02C 
  55      CE3BA5F2 
  55      59F95198 
  55      4BE9
  56 022c FD272D86 		.ascii	"\375'-\206\266!;w\372F\320f\216\307\2119\307\214\213"
  56      B6213B77 
  56      FA46D066 
  56      8EC78939 
  56      C78C8B
  57 023f 98F3C254 		.ascii	"\230\363\302T\327\327\265z\204\241\201\325\024\317u"
  57      D7D7B57A 
  57      84A181D5 
  57      14CF75
  58 024e 876CA699 		.ascii	"\207l\246\231\231\013\314\360\026_\024\246\367\317\263"
  58      990BCCF0 
  58      165F14A6 
  58      F7CFB3
  59 025d F38630B4 		.ascii	"\363\2060\264\277\235\267\033\237yl\346$3?1C\265\007"
  59      BF9DB71B 
  59      9F796CE6 
  59      24333F31 
  59      43B507
  60 0270 9DC2AC3C 		.ascii	"\235\302\254<\231xb\012\343\246\243S\377f\354\355\002"
  60      9978620A 
  60      E3A6A353 
  60      FF66ECED 
  60      02
  61 0281 30D3C50C 		.ascii	"0\323\305\014\325*t\013S\314\365?\262\346\243\243{q"
  61      D52A740B 
  61      53CCF53F 
  61      B2E6A3A3 
  61      7B71
  62 0293 263FE9B5 		.ascii	"&?\351\265\231\016f.1C\265\015\227\205\271>X\233\013"
  62      990E662E 
  62      3143B50D 
  62      9785B93E 
  62      589B0B
  63 02a6 08E34177 		.ascii	"\010\343Aw\350\321\213\031\237\315\234g\346gf\250\027"
  63      E8D18B19 
  63      9FCD9C67 
  63      E66766A8 
  63      17
  64 02b7 408F307B 		.ascii	"@\2170{\227\357\327x\205\361\242\233i\271S\253\332L"
  64      97EFD778 
  64      85F1A29B 
  64      69B953AB 
  64      DA4C
  65 02c9 27337966 		.ascii	"'3yf\250w@\2570\207\207\016v\351\302\370\320\355\233"
  65      A87740AF 
  65      3087870E 
  65      76E9C2F8 
  65      D0ED9B
  66 02dc 79300936 		.ascii	"y0\0116s\231\231>f\250\327@\2770C\307\333\206-\306\217"
  66      7399993E 
  66      66A8D740 
  66      BF3043C7 
  66      DB862DC6 
  67 02f1 EECEEAFB 		.ascii	"\356\316\352\373\315\245\371L0s\205\031\352M0 \314\253"
  67      CDA5F94C 
  67      30738519 
  67      EA4D3020 
  67      CCAB
  68 0303 97C397AD 		.ascii	"\227\303\227\255\3751\320}q\350\357c\272\315\024\231"
  68      FD31D07D 
  68      71E8EF63 
  68      BACD1499 
  69 0313 B9CA0CF5 		.ascii	"\271\312\014\3652\270&\314\256\376\361\016k>\001z\354"
  69      32B826CC 
  69      AEFEF10E 
  69      6B3E017A 
  69      EC
  70 0324 E4E3D7A5 		.ascii	"\344\343\327\245\371L3\363\0133\324\373\340\2720s\235"
  70      F94C33F3 
  70      0B33D4FB 
  70      E0BA3073 
  70      9D
  71 0335 CD399730 		.ascii	"\3159\2270&-\375\205\272=%f\226\231Af\250W\302\015a"
  71      262DFD85 
  71      BA3D2566 
  71      96994166 
  71      A857C20D 
  72 034a 66EFB5B6 		.ascii	"f\357\265\266\251\302\004\321]\030.\344\00263\317\314"
  72      A9C204D1 
  72      5D182EE4 
  72      023633CF 
  72      CC
  73 035b 4D66A8B7 		.ascii	"Mf\250\267\302\2200m\231y\351[*\204\320=z.\373\275i"
  73      C290306D 
  73      9979E95B 
  73      2A84D03D 
  73      7A2EFBBD 
  74 0370 330BCC0C 		.ascii	"3\013\314\0143C\275\030n\011\323\375\354\365\015kl\324"
  74      3343BD18 
  74      6E09D3FD 
  74      ECF50D6B 
  74      6CD4
  75 0382 DC5EE6E6 		.ascii	"\334^\346\346\007K{\272\304\314mf\250w\303\2100]=\327"
  75      074B7BBA 
  75      C4CC6D66 
  75      A877C388 
  75      305D3DD7 
  76 0396 06ADF316 		.ascii	"\006\255\363\026\241%9\362\352\243R\37102\312\010\265"
  76      A12539F2 
  76      EAA352F9 
  76      3032CA08 
  76      B5
  77 03a7 7AF81511 		.ascii	"z\370\025\021.^<\344\352?\000T\247TYX\307\317\247V\373"
  77      2E5E3CE4 
  77      EA3F0054 
  77      A7545958 
  77      C7CFA756 
  78 03bc D74ADD6A 		.ascii	"\327J\335j\316\252\304\256\002w\270\361\354\243c\376"
  78      CEAAC4AE 
  78      0277B8F1 
  78      ECA363FE 
  79 03cc 967209B5 		.ascii	"\226r\011\265\247\262L(:\354s\271\253w\014\241\3064"
  79      A7B24C28 
  79      3AEC73B9 
  79      AB770CA1 
  79      C634
  80 03de B86B616E 		.ascii	"\270kan'\246\012V=`at\336Od\226\376u\011\026\207{\026"
  80      27A60A56 
  80      3D606174 
  80      DE4F6496 
  80      FE750916 
  81 03f5 A53B294D 		.ascii	"\245;)M\250\275\225k\204\242\023\377pq\261\335\024\252"
  81      A8BD956B 
  81      84A213FF 
  81      7071B1DD 
  81      14AA
  82 0407 4F85FB16 		.ascii	"O\205\373\026\346qbn\301\366\331c\244C?\2758\321ia\037"
  82      E671626E 
  82      C1F6D963 
  82      A4433FBD 
  82      38D16961 
  83 041c C0984579 		.ascii	"\300\230Ey\235\224.\324~\373at\354_\255\354\351\261"
  83      9D942ED4 
  83      7EFB6174 
  83      EC5FADEC 
  83      E9B1
  84 042e D6A3CD05 		.ascii	"\326\243\315\005\343\026\346sb\036\306r\337\270\205"
  84      E316E673 
  84      621EC672 
  84      DFB885
  85 043d F29792FB 		.ascii	"\362\227\222\373\235Q^I^S\264\206d\224&l8\303|\022v"
  85      9D515E49 
  85      5E53B486 
  85      6494266C 
  85      38C37C12 
  86 0452 A0688D81 		.ascii	"\240h\215\201\216\367\275\325\273c\3262M\271\240`a\001"
  86      8EF7BDD5 
  86      BB63D632 
  86      4DB9A060 
  86      6101
  87 0464 27E617EC 		.ascii	"'\346\027\354\210\235\335,e7\235a\206\204\325\025c\022"
  87      889DDD2C 
  87      65379D61 
  87      8684D515 
  87      6312
  88 0476 1674F620 		.ascii	"\026t\366 \027\276\336\036XT\320I\005\204J\331[\027"
  88      17BEDE1E 
  88      5854D049 
  88      05844AD9 
  88      5B17
  89 0488 2A2D7AC8 		.ascii	"*-z\310\031fJ\330\017\366\362\321I\356>\366\300\312"
  89      19664AD8 
  89      0FF6F2D1 
  89      49EE3EF6 
  89      C0CA
  90 049a 3DAAC36F 		.ascii	"=\252\303o\026\025vRA\241\352\233-*RJ\036q\206\205$"
  90      16157652 
  90      41A1EA9B 
  90      2D2A524A 
  90      1E718685 
  91 04af ACC19E60 		.ascii	"\254\301\236`\2644\301\2503,,aG\213\357HX\214\032Ye"
  91      B434C1A8 
  91      332C2C61 
  91      478BEF48 
  91      588C1A59 
  92 04c4 DF2D8F0C 		.ascii	"\337-\217\014B\201\337-*\346\244\"\262\203ik\007\343"
  92      4281DF2D 
  92      2AE6A422 
  92      B283696B 
  92      07E3
  93 04d6 A5A8B833 		.ascii	"\245\250\2703J^\177\011y\375=\237:=\240Kx\202\212\261"
  93      4A5E7F09 
  93      79FD3D9F 
  93      3A3DA04B 
  93      78828AB1 
  94 04ea A57F4293 		.ascii	"\245\177B\223gL*\360\320\302\313\004\307*\214*\263\370"
  94      674C2AF0 
  94      D0C2CB04 
  94      C72A8C2A 
  94      B3F8
  95 04fc D9D6C02F 		.ascii	"\331\326\300/\263\005\000\2545uyu\216\252GK5\366\272"
  95      B30500AC 
  95      35757975 
  95      8EAA474B 
  95      35F6BA
  96 050f B11CDC5D 		.ascii	"\261\034\334]\215#x\365\350\205\306\011\274z=\313\374"
  96      8D2378F5 
  96      E885C609 
  96      BC7A3DCB 
  96      FC
  97 0520 BFCF9B6A 		.ascii	"\277\317\233j\"\337\357kiB\314\360\027\232\306\321\015"
  97      22DFEF6B 
  97      6942CCF0 
  97      179AC6D1 
  97      0D
  98 0531 18CB4D4B 		.ascii	"\030\313MKx5\003\251\014\371A\263+\263\244\341\326\004"
  98      783503A9 
  98      0CF941B3 
  98      2BB3A4E1 
  98      D604
  99 0543 0B194A13 		.ascii	"\013\031J\023\016-g\010\213\204S\331i\274F#]Y\212\213"
  99      0E2D6708 
  99      8B8453D9 
  99      69BC4623 
  99      5D598A8B 
 100 0557 450BD971 		.ascii	"E\013\331q\232b\354q\026\323%\022\205\326\021\300W;"
 100      9A62EC71 
 100      16D32512 
 100      85D611C0 
 100      573B
 101 0569 7DD7E0E7 		.ascii	"}\327\340\347\340\246M\233\277\330\372\311\346\217+"
 101      E0A64D9B 
 101      BFD8FAC9 
 101      E68F2B
 102 0578 B6567CB6 		.ascii	"\266V|\266\345\313-[7}\252\270?\257\370j[\305\177\262"
 102      E5CB2D5B 
 102      377DAAB8 
 102      3FAFF86A 
 102      5BC57FB2 
 103 058c AED717   		.ascii	"\256\327\027"
 104              		.text
 105              		.section	.gnu.lto__ZN9Parameter15fillFastDataTabEv.9d0123722e66b1f7,"",%progbits
 106 0000 789C7556 		.ascii	"x\234uV]L\034U\024\276g\356\314\316\376\300B@`\233@"
 106      5D4C1C55 
 106      14BE67EE 
 106      CCCEFEC0 
 106      4240609B 
 107 0015 25511E78 		.ascii	"%Q\036x\020J\253\206\352\2231}o\214\017\366\2214<4\251"
 107      104AAB86 
 107      EA93317D 
 107      6F8C0FF6 
 107      91343C34 
 108 002a A6815513 		.ascii	"\246\201U\023_\230\362#\010\266\215[XX\352v\233\026"
 108      5F98F223 
 108      08B68D5B 
 108      5858EA76 
 108      9B16
 109 003c 03AD0805 		.ascii	"\003\255\010\005\012\025-t\370\265[~j)\005\003\206\264"
 109      0A152D74 
 109      F8B55B7E 
 109      6A290503 
 109      86B4
 110 004e 556B2982 		.ascii	"Uk)\202\025\213\244\244\202\347\236;\213\213\322M\346"
 110      158BA4A4 
 110      82E79E3B 
 110      8B8BD24D 
 110      E6
 111 005f EEFD39DF 		.ascii	"\356\3759\337\371\276s\356\271wFc\012s\330\031\333\307"
 111      F9BE73EE 
 111      B9774663 
 111      0A73D819 
 111      DBC7
 112 0071 18F3E2C3 		.ascii	"\030\363\342\303b\030(\014\037\340\330r\305\311\230"
 112      6218280C 
 112      1FE0D872 
 112      C5C998
 113 0080 A1A8D8A8 		.ascii	"\241\250\330\250\252\242\211\276.\372\232b\023}\207"
 113      AAA289BE 
 113      2EFA9A62 
 113      137D87
 114 008f E8DB00FF 		.ascii	"\350\333\000\377@W\354\2333v\232q\220\007'\270\260u"
 114      4057EC9B 
 114      33769A71 
 114      900727B8 
 114      B075
 115 00a1 01A06B60 		.ascii	"\001\240k`E\012W5\233nw8]\200}&\177'x-\207\221\325k"
 115      450A5735 
 115      9B6E7738 
 115      5D807D26 
 115      7F27782D 
 116 00b9 9F3A331B 		.ascii	"\237:3\033\015\243\3300k}\031\217\213\313<!4\010p\006"
 116      0DA3D830 
 116      6B7D198F 
 116      8BCB3C21 
 116      34087006 
 117 00cd 7B526157 		.ascii	"{RaW\252\3007B&C\323\373UC\275:\367\200\350_\016\217"
 117      AAC03742 
 117      2643D3FB 
 117      5543BD3A 
 117      F780E85F 
 118 00e3 576A19E7 		.ascii	"Wj\031\347\0106\345\2555\314\243\351\010\203&\340\321"
 118      0836E5AD 
 118      35CCA3E9 
 118      088326E0 
 118      D1
 119 00f4 48264CEF 		.ascii	"H&L\357\265\255\327\304\332T8\017\031\302-\372\273\000"
 119      B5ADD7C4 
 119      DA54380F 
 119      19C22DFA 
 119      BB00
 120 0106 36D4E5C6 		.ascii	"6\324\345\306\265\233\245\027?\347\307y\210\003\250"
 120      B59BA517 
 120      3FE7C779 
 120      8803A8
 121 0115 38FC63AC 		.ascii	"8\374c\254\376'\267\030*\220\216\303\305\266\276`\254"
 121      FE27B718 
 121      2A908EC3 
 121      C5B6BE60 
 121      AC
 122 0126 20310C73 		.ascii	" 1\014s\256Z\0174\231\245\310\302I\\3\244\302\227 I"
 122      AE5A0F34 
 122      99A5C8C2 
 122      495C33A4 
 122      C2972049 
 123 013a E02BC840 		.ascii	"\340+\310@\363\241\215U3N:Sp8\361h4\350\222\316\342"
 123      F3A18D55 
 123      334E3A53 
 123      7038F168 
 123      34E892CE 
 124 014f 7158D1FB 		.ascii	"qX\321\373\347\001K\360_\015\216\272&\263\030}\251\344"
 124      E7014BF0 
 124      5F0D8EBA 
 124      26B3187D 
 124      A9E4
 125 0161 AB157DB5 		.ascii	"\253\025}\265D|]$_''\217Ms\376<\305\372\331\355\323"
 125      447C5D24 
 125      5F27278F 
 125      4D73FE3C 
 125      C5FAD9ED 
 126 0176 1B2E849A 		.ascii	"\033.\204\232\010]\032\344u\006A5h\223\301F\243\321"
 126      085D1AE4 
 126      75064135 
 126      6893C146 
 126      A3D1
 127 0188 FAEC49DF 		.ascii	"\372\354I\337\001\376\002\001\233\227\037\265\306Y\234"
 127      01FE0201 
 127      9B971FB5 
 127      C6599C
 128 0197 C3353A72 		.ascii	"\3035:r\372\004'tl\005B;f\006\231/\021s\224\316\361"
 128      FA042774 
 128      6C05423B 
 128      6606992F 
 128      117394CE 
 129 01ac 4EFDD93A 		.ascii	"N\375\331:;\311\272\362\311-S\343\231D\267\262Z\021"
 129      3BC9BAF2 
 129      C92D53E3 
 129      9944B7B2 
 129      5A11
 130 01be 705950B3 		.ascii	"pYP\263Oi2TA\326\365\177\225p\231\260\321\351\035\356"
 130      4F693254 
 130      41D6F57F 
 130      957099B0 
 130      D1E91DEE 
 131 01d2 D29E9DDE 		.ascii	"\322\236\235\336\257\311|e\276\252E\341\331D5\262\336"
 131      AFC97C65 
 131      BEAA45E1 
 131      D94435B2 
 131      DE
 132 01e3 7ED76E51 		.ascii	"~\327nQM\226\224@q\265\241\010\262\356m\310\276\221"
 132      4D969440 
 132      71B5A108 
 132      B2EE6DC8 
 132      BE91
 133 01f5 421F0C4F 		.ascii	"B\037\014O\352\374\025Bw\314\324=\005\013=\367b$D\370"
 133      EAFC1542 
 133      77CCD43D 
 133      050B3DF7 
 133      622444F8 
 134 0209 761BF015 		.ascii	"v\033\360\025\002\377R6\335At>\2546?\257m\222\345\306"
 134      02FF5236 
 134      DD41743E 
 134      AC363FAF 
 134      6D92E5C6 
 135 021d B6D61AF4 		.ascii	"\266\326\032\364@\206\2502\004|12\320\353\346{\211m"
 135      4086A832 
 135      047C3132 
 135      D0EBE67B 
 135      896D
 136 022f F5F4EF6B 		.ascii	"\365\364\357k1\021\266Rms\373z\267\241\273J\350\243"
 136      3111B652 
 136      6D73FB7A 
 136      B7A1BB4A 
 136      E8A3
 137 0241 5DEB8D71 		.ascii	"]\353\215q\374uB\2372\347O(\026\372~5\267*\335\006\346"
 137      FC75429F 
 137      32E74F28 
 137      16FA7E35 
 137      B72ADD06 
 138 0256 7F2B1DFA 		.ascii	"\177+\035\372\220\275\235\360\347\317\336;e\343o\020"
 138      90BD9DF0 
 138      E7CFDE3B 
 138      65E36F10 
 139 0266 7EF949E7 		.ascii	"~\371I\347U5RwQ\305\323\277\015\373\000d\264N\200i\254"
 139      55355277 
 139      51C5D3BF 
 139      0DFB0064 
 139      B44E8069 
 140 027b 6F94E3E6 		.ascii	"o\224\343\3467@C\253\013+P\204\244P\313I\240\215\372"
 140      374043AB 
 140      0B2B5084 
 140      A450CB49 
 140      A08DFA
 141 028e 3AF51D0C 		.ascii	":\365\035\0147\314I\3341\330U\335\344$^t\023D\223(\232"
 141      37CC49DC 
 141      31D855DD 
 141      E4245E74 
 141      13449328 
 142 02a3 249A4C26 		.ascii	"$\232L&X\012\265\036\001\333!\326RE\223F\276v2\221R"
 142      580AB51E 
 142      01DB21D6 
 142      52459346 
 142      BE763291 
 143 02b8 5649D743 		.ascii	"VI\327C\025\307\333\210\317C\361\343\007\327\367\213"
 143      15C7DB88 
 143      CF43F1E3 
 143      07D7F78B 
 144 02c8 031BE436 		.ascii	"\003\033\3446\214\246\263|\264\315)\316\024\003\200"
 144      8CA6B37C 
 144      B4CD29CE 
 144      140380
 145 02d7 41D44D16 		.ascii	"A\324M\026#\357D\035s\364D'\034\343\031\0220=\032\246"
 145      23EF441D 
 145      73F44427 
 145      1CE31912 
 145      303D1AA6 
 146 02eb 216C98C2 		.ascii	"!l\230\302\255\302B#\202\345\362\200.-\035A\234\373"
 146      ADC24223 
 146      82E5F280 
 146      2E2D1D41 
 146      9CFB
 147 02fd 194A7F78 		.ascii	"\031J\177x\323\032#\262\355\316\323+\252@rH\200\357"
 147      D31A23B2 
 147      EDCED32B 
 147      AA407248 
 147      80EF
 148 030f 64A25600 		.ascii	"d\242V\000P\2152\343{.\310\361\346[\001\216,\312\232"
 148      508D32E3 
 148      7B2EC8F1 
 148      E65B018E 
 148      2CCA9A
 149 0322 2F39C8D3 		.ascii	"/9\310\323\034o\241g5\342y\354\023w\2242k\203D2H\033"
 149      1C6FA167 
 149      35E279EC 
 149      13779432 
 149      6B834432 
 150 0338 2ABC2678 		.ascii	"*\274&x\234\202\227\002\031{[\314X\273\350/\353\277"
 150      9C829702 
 150      197B5BCC 
 150      58BBE82F 
 150      EBBF
 151 034a A14BD10C 		.ascii	"\241K\321\014\3022\326\345\362\305p\202D\305 \220-@"
 151      C232D6E5 
 151      F2C57082 
 151      44C52090 
 151      2D40
 152 035c D9993545 		.ascii	"\331\2315EN\010\252\356\356\337f\365\242\277\015{\210"
 152      4E08AAEE 
 152      EEDF66F5 
 152      A2BF0D7B 
 152      88
 153 036d EB018E97 		.ascii	"\353\001\216\227\034\\\207\"\206\306\270\2664U_\346"
 153      1C5C8722 
 153      86C6B8B6 
 153      34555FE6 
 154 037d C035FC9D 		.ascii	"\3005\374\235\271\200\247\305Nb\020\312`\004\212B\334"
 154      B980A7C5 
 154      4E6210CA 
 154      60048A42 
 154      DC
 155 038e 21629F19 		.ascii	"!b\237\031X\177\331rg%J\244\012\337\000|\001J\233.5"
 155      587FD972 
 155      67254AA4 
 155      0ADF007C 
 155      014A9B2E 
 156 03a3 EF958BF1 		.ascii	"\357\225\213\361[\271\234\001\261]0J\\\316\020w\011"
 156      5BB99C01 
 156      B15D304A 
 156      5CCE1077 
 156      09
 157 03b4 ADFEB027 		.ascii	"\255\376\260'\022\015\002\244\372\340\202[:H\020\352"
 157      120D02A4 
 157      FAE0825B 
 157      3A4810EA 
 158 03c4 8591438E 		.ascii	"\205\221C\216\023\351\022\022\341\364Z\341$m\245\210"
 158      13E91212 
 158      E1F45AE1 
 158      246DA588 
 159 03d4 09880D83 		.ascii	"\011\210\015\2031\242@tb\210\307\012\301\263\003S\373"
 159      31A24074 
 159      6288C70A 
 159      C1B30353 
 159      FB
 160 03e5 FE0554AE 		.ascii	"\376\005T\256M\037\267\313\234\331a|S\277-RK\263\271"
 160      4D1FB7CB 
 160      9CD9617C 
 160      53BF2D52 
 160      4BB3B9
 161 03f8 D236393A 		.ascii	"\32269:\277\370\202\202\033VQ\340k\216\223\327\245\032"
 161      BFF88282 
 161      1B5651E0 
 161      6B8E93D7 
 161      A51A
 162 040a 1EC94378 		.ascii	"\036\311Cx\323\217=\342g\356U\271\230\262\011tD\366"
 162      D38F3DE2 
 162      67EE55B9 
 162      98B20974 
 162      44F6
 163 041c FCD8A253 		.ascii	"\374\330\242S\256y\254m\365\207_\223\023;(F\232yI\314"
 163      AE79AC6D 
 163      F5875F93 
 163      133B2846 
 163      9A7949CC 
 164 0430 446B70D3 		.ascii	"Dkp\323a\215\212\327}\216\313\373\374\341\350\355Ag"
 164      618D8AD7 
 164      7D8ECBFB 
 164      FCE1E8ED 
 164      4167
 165 0442 088210E2 		.ascii	"\010\202\020\342qp\023\212\340{\301(\026zz\356\362\234"
 165      7170138A 
 165      E07BC128 
 165      167A7AEE 
 165      F29C
 166 0454 56DACF16 		.ascii	"V\332\317\026\020!O\000\332q\017\235\345[\220\203\214"
 166      10214F00 
 166      DA710F9D 
 166      E55B9083 
 166      8C
 167 0465 C8D6FF23 		.ascii	"\310\326\377#D\025U\340\216\351\323r\273\214\012\001"
 167      441555E0 
 167      8EE9D372 
 167      BB8C0A01 
 168 0475 603009B9 		.ascii	"`0\011\271$h~D\2255\237*E\227\370?\0069\221\206s\262"
 168      24687E44 
 168      95359F2A 
 168      4597F83F 
 168      06399186 
 169 048b 125640C1 		.ascii	"\022V@\301\304\331\326\374\356 \007\035w!\305>3\035"
 169      C4D9D6FC 
 169      EE20071D 
 169      7721C53E 
 169      331D
 170 049d 8B7D4DC4 		.ascii	"\213}M\304\357\224\361\373\347\037\356\226\307ugP\324"
 170      EF94F1FB 
 170      E71FEE96 
 170      C7756750 
 170      D4
 171 04ae 1FAEE087 		.ascii	"\037\256\340\207\000\377\025?\004\352q\274\010\305\351"
 171      00FF153F 
 171      04EA71BC 
 171      08C5E9
 172 04bd D632A3B3 		.ascii	"\3262\243\263\216&X9IYY\331\205\005\007\263\367\347"
 172      8E265839 
 172      495959D9 
 172      850507B3 
 172      F7E7
 173 04cf 15E4BD9B 		.ascii	"\025\344\275\233\357\315/\310:x\344\010\263\025\344"
 173      EFCD2FC8 
 173      3A78E408 
 173      B315E4
 174 04de 17BE7FD8 		.ascii	"\027\276\177\330\313?\310;\254\341\223\265\213\332\034"
 174      CB3FC83B 
 174      ACE193B5 
 174      8BDA1C
 175 04ed 6A77F343 		.ascii	"jw\363CY{\340\220\366^\336G\037\346\251\205\336<\357"
 175      597BE090 
 175      F65EDE47 
 175      1FE6A985 
 175      DE3CEF
 176 0500 3FDAE47B 		.ascii	"?\332\344{\000"
 176      00
 177              		.text
 178              		.section	.gnu.lto__Z11FlashUnlockv.9d0123722e66b1f7,"",%progbits
 179 0000 789C8D54 		.ascii	"x\234\215T\337K\024Q\024\276\337\334\231\331]\327\325"
 179      DF4B1451 
 179      14BEDFDC 
 179      99D95DD7 
 179      D5
 180 0011 A7C007A1 		.ascii	"\247\300\007\241}\221\360e7H\210z\213\376\201\376\005"
 180      7D91F065 
 180      3748887A 
 180      8BFE81FE 
 180      05
 181 0022 115FA240 		.ascii	"\021_\242@6\3511\257\343.+\256\024k?\266\025e+\005\267"
 181      36E931AF 
 181      E32E2BAE 
 181      146B3FB6 
 181      15652B05 
 182 0037 CC74B3AD 		.ascii	"\314t\263\255\264\262\311\036\\\314\262zH(\250\320\""
 182      B4B2C91E 
 182      5CCCB27A 
 182      4828A8D0 
 182      22
 183 0048 052B5C0C 		.ascii	"\005+\\\014E\310:\367\316H\213f\3640g\270\347|\363}"
 183      45C83AF7 
 183      CE488B66 
 183      F43067B8 
 183      E77CF37D 
 184 005c DF397366 		.ascii	"\3379sf\014\246\261#:cA\306\330A\272\230\207Acti\234"
 184      0CA6B123 
 184      3A6341C6 
 184      D841BA98 
 184      87416374 
 185 0072 31A15145 		.ascii	"1\241QE\350\034\006et\230\024\015\025M\200\240`-\032"
 185      E81C0665 
 185      7498140D 
 185      154D80A0 
 185      602D1A
 186 0085 D70D132D 		.ascii	"\327\015\023-8\307S\034\317\326\012\235e\265\003BX\302"
 186      38C7531C 
 186      CFD60A9D 
 186      65B50342 
 186      58C2
 187 0097 4E150F15 		.ascii	"N\025\017\025\255XU\206X\322\234\341@5\366W\313G\006"
 187      AD585586 
 187      58D29CE1 
 187      4035F657 
 187      CB4706
 188 00aa 50CB083A 		.ascii	"P\313\010:\237\333\274\0300uY\243d\226\010I\231\362"
 188      9FDBBC18 
 188      307559A3 
 188      64960849 
 188      99F2
 189 00bc 5DD90F49 		.ascii	"]\331\017I\223WAb\306\2221QY\323\247\350\336\354Ke\355"
 189      93574162 
 189      C6923151 
 189      59D3A7E8 
 189      DEEC4B65 
 190 00d1 D620D1E1 		.ascii	"\326 \321\341:x)#=~\0035\004\177\025\035\351\341gy\206"
 190      3A782923 
 190      3D7E0335 
 190      047F151D 
 190      E9E16779 
 191 00e6 033A1D57 		.ascii	"\003:\035W\236w/T\310\243\206 \035SW\363\353~\227l9"
 191      9E772F54 
 191      C8A38620 
 191      1D5357F3 
 191      EB7E976C 
 192 00fb D906AB5F 		.ascii	"\331\006\253_h\031\316\225\271\233\250\306 \\\262!E"
 192      6819CE95 
 192      B99BA8C6 
 192      205CB221 
 192      45
 193 010c 96CE7D5C 		.ascii	"\226\316}\\1\\x\341\211V\020z\206\353;\301\267\0248"
 193      315C78E1 
 193      8956107A 
 193      86EB3BC1 
 193      B71438
 194 011f 3FBD3CEB 		.ascii	"?\275<\353\221`!\354\231\013[\334\306N\370\260\202\227"
 194      916021EC 
 194      990B5BDC 
 194      C64EF8B0 
 194      8297
 195 0131 5AF936C0 		.ascii	"Z\3716\300\323Y;\032\374\253\225\221\035\360b\352\037"
 195      D3593B1A 
 195      FCAB9591 
 195      1DF062EA 
 195      1F
 196 0142 CE730AFE 		.ascii	"\316s\012\376967\352\225\360.aOVmM\215m\033\331m\324"
 196      393637EA 
 196      95F02E61 
 196      4F566D4D 
 196      8D6D1BD9 
 197 0158 0CBF862D 		.ascii	"\014\277\206-6\177\305\205\375b\015\327\206;Q\001FH"
 197      367FC585 
 197      FD620DD7 
 197      863B5101 
 197      4648
 198 016a 4E81BC53 		.ascii	"N\201\274S\273&\005\303#s^\031|\262\340\227! \217\214"
 198      BB2605C3 
 198      23735E19 
 198      7CB2E097 
 198      21208F8C 
 199 017e 75C8C012 		.ascii	"u\310\300\022\234\326\205/\301Z]\3348,\337d/\227\273"
 199      9CD6852F 
 199      C15A5DDC 
 199      382CDF64 
 199      2F97BB
 200 0191 B03832B5 		.ascii	"\26082\265\021\220\343\347\020\353\355B\307(\331\\\302"
 200      1190E3E7 
 200      10EBED42 
 200      C728D95C 
 200      C2
 201 01a2 E4B8CFC1 		.ascii	"\344\270\317\301\030\204\271\024\233\234\3658\030\371"
 201      1884B914 
 201      9B9CF538 
 201      18F9
 202 01b0 BED7A6A6 		.ascii	"\276\327\246\246\333\3133\350m\2459\222gI\204;\2629"
 202      DBCB33E8 
 202      6DA53992 
 202      6749843B 
 202      B239
 203 01c2 AACD158B 		.ascii	"\252\315\025\213O\313\303C\"\332*K\036\344\221\301e"
 203      4FCBC343 
 203      22DA2A4B 
 203      1EE491C1 
 203      65
 204 01d3 A58FBB08 		.ascii	"\245\217\273\010\023\261U\214\247]j\311N\231\266\236"
 204      13B1558C 
 204      A75D6AC9 
 204      4E99B69E 
 205 01e3 78AD93F0 		.ascii	"x\255\223\360P\256T\316\000\303=\"\376\204\350\273\243"
 205      50AE54CE 
 205      00C33D22 
 205      FE84E8BB 
 205      A3
 206 01f4 2EA4B44E 		.ascii	".\244\264N\213\215\373\356T\0234i\267\275\237u\016\326"
 206      8B8DFBEE 
 206      54133469 
 206      B7BD9F75 
 206      0ED6
 207 0206 B7D5CB6A 		.ascii	"\267\325\313ja\257\314l\263~\3458S\346}\273\232\037"
 207      61AFCC6C 
 207      B37EE538 
 207      53E67DBB 
 207      9A1F
 208 0218 53E6D517 		.ascii	"S\346\325\0274\216\260\374\032\362\311~S*{\321g\365"
 208      348EB0FC 
 208      1AF2C97E 
 208      532A7BD1 
 208      67F5
 209 022a 0CEA78A0 		.ascii	"\014\352x\240\004\254\325\354\031G\322\377\177\222\376"
 209      04ACD5EC 
 209      1947D2FF 
 209      7F92FE
 210 0239 5D251FFE 		.ascii	"]%\037\376\221|\244$\337O,,U:\222\203\347'\276\227c"
 210      917CA424 
 210      DF4F2C2C 
 210      553A9283 
 210      E727BE97 
 211 024e 42359CA0 		.ascii	"B5\234\240-w\332\315\266sG\333\353\316\"ASu'\321\321"
 211      2D77DACD 
 211      B67347DB 
 211      EBCE2241 
 211      537527D1 
 212 0263 673AB580 		.ascii	"g:\265\200\334\376\370L\256\314\031\033\360\330\205"
 212      DCFEF84C 
 212      AECC191B 
 212      F0D885
 213 0272 D24F827F 		.ascii	"\322O\202\177\241\237D7M\357+\375Pz\225\366\017\200"
 213      A19F4437 
 213      4DEF2BFD 
 213      507A95F6 
 213      0F80
 214 0284 F8F4EEF9 		.ascii	"\370\364\356\371\227t\017\030o\347\013\240-\242\012"
 214      97740F18 
 214      6FE70BA0 
 214      2DA20A
 215 0293 ADD09E50 		.ascii	"\255\320\236P(|*\322\020>V\037\251?\331\330\334\030"
 215      287C2AD2 
 215      103E561F 
 215      A93FD9D8 
 215      DC18
 216 02a5 09353435 		.ascii	"\0115451o\244\261\371t\375\211P\335o-WS="
 216      316FA4B1 
 216      F974FD89 
 216      50DD6F2D 
 216      57533D
 217              		.text
 218              		.section	.gnu.lto__Z9FlashLockv.9d0123722e66b1f7,"",%progbits
 219 0000 789C9592 		.ascii	"x\234\225\222\317k\023Q\020\307\347\373\336\356&\326"
 219      CF6B1351 
 219      10C7E7FB 
 219      DEEE26D6 
 220 0010 56511015 		.ascii	"VQ\020\025\002\346\222C/Y\301\177\304\177\241\224\036"
 220      02E69243 
 220      2F59C17F 
 220      C47FA194 
 220      1E
 221 0021 8512BDF7 		.ascii	"\205\022\275\367\271il\260\242\250\3304\261e+\025\352"
 221      B9696CB0 
 221      A2A8D834 
 221      B1652B15 
 221      EA
 222 0032 8FA64D5A 		.ascii	"\217\246MZ\243\340)\326C\343\257Z\275\364&\242\250\361"
 222      A3E029D6 
 222      43E3AF5A 
 222      BDF426A2 
 222      A8F1
 223 0044 E021A1D0 		.ascii	"\340!\241\320 \022\235y\033\020\253\036z\330ag\336g"
 223      20129D79 
 223      1B10AB1E 
 223      7AD86167 
 223      DE67
 224 0056 E63B33EF 		.ascii	"\346;3\357\271\244hS\021\035%\242\004\177\344\020\330"
 224      B9A46853 
 224      111D25A2 
 224      047FE410 
 224      D8
 225 0067 858266AB 		.ascii	"\205\202f\253\001\016\201\306\224\306\030\256\350\202"
 225      010E81C6 
 225      94C618AE 
 225      E882
 226 0075 C68B9DC6 		.ascii	"\306\213\235\306\245\276\301\005c\002S/\254x\213K\233"
 226      A5BEC105 
 226      6302532F 
 226      AC788B4B 
 226      9B
 227 0086 4687CC16 		.ascii	"F\207\314\0265\341T\002'\245\010\0260H\314~\250vo\014"
 227      35E15402 
 227      27A50816 
 227      3048CC7E 
 227      A8766F0C 
 228 009a 788E9C71 		.ascii	"x\216\234q\360\016<\256\346r\374\315xeF_\3464\300a\267"
 228      F00E3CAE 
 228      E672FCCD 
 228      7865465F 
 228      E634C061 
 229 00af F5AAF4F1 		.ascii	"\365\252\364\361\200\270\012Iv\013\267j\235\375\251"
 229      80B80A49 
 229      760BB76A 
 229      9DFDA9
 230 00be 79ABF0AE 		.ascii	"y\253\360\256x\354z6\3270N\250\265\225\270\207\004\356"
 230      78EC7A36 
 230      D7304EA8 
 230      B595B887 
 230      04EE
 231 00d0 C2764AB8 		.ascii	"\302vJ\270\217\324.\376\307\325,\202\333F\375\023_\264"
 231      8FD42EFE 
 231      C7D52C82 
 231      DB46FD13 
 231      5FB4
 232 00e2 78B1FABE 		.ascii	"x\261\372\276\345\366\360\306\023ek;\177\303\345\275"
 232      E5F6F0C6 
 232      13656B3B 
 232      7FC3E5BD 
 233 00f2 C04B16FE 		.ascii	"\300K\026\376\224\333Z\215\013|\315\324?\027\017\267"
 233      94DB5A8D 
 233      0B7CCDD4 
 233      3F170FB7 
 234 0102 82DCB4F0 		.ascii	"\202\334\264\360\177\356\206\351e\244\226\337\242n\272"
 234      7FEE86E9 
 234      65A496DF 
 234      A26EBA
 235 0111 3F274C7D 		.ascii	"?'L}\343xy{\343P\034\304-+1\016\033\307\025\023#I\246"
 235      E378797B 
 235      E3501CC4 
 235      2D2B310E 
 235      1BC71513 
 236 0128 8B626892 		.ascii	"\213bh\222OI\177E\260\335\274\231=(\313\234\345\321"
 236      4F497F45 
 236      B0DDBC99 
 236      3D28CB9C 
 236      E5D1
 237 013a 359A95F5 		.ascii	"5\232\225\365\357\003\262<\015\323\311\033\007\025n"
 237      EF03B23C 
 237      0DD3C91B 
 237      07156E
 238 0149 4AB0C689 		.ascii	"J\260\306\211\010R\275\310\332\343}Q@V>\225[{\035\213"
 238      0852BDC8 
 238      DAE37D51 
 238      40563E95 
 238      5B7B1D8B 
 239 015d B2E4A276 		.ascii	"\262\344\242v\326\237\347\373C\314\2367\306$C\355JV"
 239      D69FE7FB 
 239      43CC9E37 
 239      C62443ED 
 239      4A56
 240 016f 5586E3B3 		.ascii	"U\206\343\263\255v\373i\277_6\343\010\265\207\025\204"
 240      AD76FB69 
 240      BF5F36E3 
 240      08B58715 
 240      84
 241 0180 98B60D61 		.ascii	"\230\266\015a\025>\227\315v. \252\353\366Jw\363%%\245"
 241      153E97CD 
 241      762E20AA 
 241      EBF64A77 
 241      F32525A5 
 242 0194 1D703513 		.ascii	"\035p5\023\307\203H~\352YB\270]jsm\231\234S\361\037"
 242      C783487E 
 242      EA5942B8 
 242      5D6A736D 
 242      999C53F1 
 243 01a9 C1DA6FC1 		.ascii	"\301\332o\301\207\360Y\305\016\327\234\231\367\"\325"
 243      87F059C5 
 243      0ED79C99 
 243      F722D5
 244 01b8 1867D426 		.ascii	"\030g\324&^V\373D\222\000<\262\2272\311\017\200\364"
 244      5E56FB44 
 244      92003CB2 
 244      9732C90F 
 244      80F4
 245 01ca 177EBF25 		.ascii	"\027~\277%\376\371\206 \331\303\311n\224\037\"\257\363"
 245      FEF98620 
 245      D9C3C96E 
 245      941F22AF 
 245      F3
 246 01db 483AED9F 		.ascii	"H:\355\237\315\014\373\247\2072CgF\316\215d\322\303"
 246      CD0CFBA7 
 246      87324367 
 246      46CE8D64 
 246      D2C3
 247 01ed A3A3F40B 		.ascii	"\243\243\364\0135\245\3412"
 247      35A5E132 
 248              		.text
 249              		.section	.gnu.lto__ZN9Parameter16initEepromMemoryEv.9d0123722e66b1f7,"",%progbits
 250 0000 789C7592 		.ascii	"x\234u\222\315K\033Q\024\305\357\231;3\231Z\264\037"
 250      CD4B1B51 
 250      14C5EF99 
 250      3B33995A 
 250      B41F
 251 0012 D0D24510 		.ascii	"\320\322E\0207Y\210\020\013\005\377\216n\273\024\311"
 251      37598810 
 251      0B05FF8E 
 251      6EBB14C9 
 252 0022 AE058976 		.ascii	"\256\005\211v\235\347H\260DQPl\032\301\244\340\302\364"
 252      9DE748B0 
 252      4451506C 
 252      1AC1A4E0 
 252      C2F4
 253 0034 4B6B2388 		.ascii	"Kk#\210\0102\033K\253\"\352\306\205\273B-\241-(*\221"
 253      08321B4B 
 253      AB22EAC6 
 253      85BB422D 
 253      A12D282A 
 254 0049 523FEE9D 		.ascii	"R?\356\235\011\250\224.\346\361\356\274\337=\347\334"
 254      09A8942E 
 254      E6F1EEBC 
 254      DF3DE7DC 
 255 0059 37E39045 		.ascii	"7\343\220E\035\026Q3\021\305\345!\233 %,\260\254\014"
 255      1D165133 
 255      11C5E521 
 255      9B20252C 
 255      B0AC0C
 256 006c C82B50C6 		.ascii	"\310+P\306bd0\302y\306Z\355\313PC\353\2641\276\011\362"
 256      626430C2 
 256      79C65AED 
 256      CB5043EB 
 256      B431BE09 
 257 0081 9BB1D599 		.ascii	"\233\261\325\231M\303%a\013Lx\024\307C\025\3014ZI\330"
 257      4DC32561 
 257      0B4C7814 
 257      C74315C1 
 257      345A49D8 
 258 0095 BDC195E5 		.ascii	"\275\301\225\345\030?\200\356\027\276n\344\234\304T"
 258      183F80EE 
 258      17BE6EE4 
 258      9CC454
 259 00a4 D8B7516C 		.ascii	"\330\267Ql\312\233\240\257E\372P\006_m%e\277\315\235"
 259      CA9BA0AF 
 259      45FA5006 
 259      5F6D2565 
 259      BFCD9D
 260 00b7 8D37BA36 		.ascii	"\2157\2726\336 \241\272\"\370\026\256$Q\377\225\363"
 260      DE20A1BA 
 260      22F816AE 
 260      2451FF95 
 260      F3
 261 00c8 5A706B58 		.ascii	"ZpkX,\001K\312\355\375\365\311\233ZZ\270-\345\213\345"
 261      2C014BCA 
 261      EDFDF5C9 
 261      9B5A5AB8 
 261      2DE58BE5 
 262 00dc C3277593 		.ascii	"\303'u\223\275\342}\277?[6v\2119L\367\036q\274Cd\202"
 262      BDE27DBF 
 262      3F5B3676 
 262      89394CF7 
 262      1E71BC43 
 263 00f2 0F4808FE 		.ascii	"\017H\010\376=\273S\361\224\0375\301\347\322\335\003"
 263      3DBB53F1 
 263      941F35C1 
 263      E7D2DD03 
 264 0102 3FFB4AF9 		.ascii	"?\373J\371\353\323\010=\203\204\206\231\335F`\316\316"
 264      EBD3083D 
 264      83848699 
 264      DD4660CE 
 264      CE
 265 0113 07046E5E 		.ascii	"\007\004n^;\372{\347\206M\"\356\220\236y\244}\224\323"
 265      3BFA7BE7 
 265      864D22EE 
 265      909E79A4 
 265      7D94D3
 266 0126 850659EE 		.ascii	"\205\006Y\356\220\177\242\277<\177|\300\232^\307Z\\"
 266      907FA2BF 
 266      3C7F7CC0 
 266      9A5EC75A 
 266      5C
 267 0137 FCB51BCB 		.ascii	"\374\265\033\313\234\032\257\304v\201e\036\314\"#m\016"
 267      9C1AAFC4 
 267      7681651E 
 267      CC22236D 
 267      0E
 268 0148 09F9BA32 		.ascii	"\011\371\2722\322\246\340$\333\327Q\267\240b\370\030"
 268      D2A6E024 
 268      DBD751B7 
 268      A062F818 
 269 0158 A231AA62 		.ascii	"\2421\252bl~\240\300\021\352Dt\356\317\316\260\247\227"
 269      6C7EA0C0 
 269      11EA4474 
 269      EECFCEB0 
 269      A797
 270 016a E0C1C39C 		.ascii	"\340\301\303\234\214\250zK\221\336\277\306\372a?]\032"
 270      8CA87A4B 
 270      91DEBFC6 
 270      FA613F5D 
 270      1A
 271 017b 978F6A5B 		.ascii	"\227\217j[\377\211h\013Y\251\223U\370/\253'Snd\354\211"
 271      FF89680B 
 271      59A99355 
 271      F82FAB27 
 271      536E64EC 
 272 0190 7738A788 		.ascii	"w8\247\210\361\017\371K&d\363\033~K\375\230\302\253"
 272      F10FF94B 
 272      2664F31B 
 272      7E4BFD98 
 272      C2AB
 273 01a2 901125FA 		.ascii	"\220\021%\372\275d\262\275'\335\325\376\2703\335\371"
 273      BD64B2BD 
 273      27DDD5FE 
 273      B833DDF9 
 274 01b2 2CD59B4A 		.ascii	",\325\233J'\273\272\273\311M\247z\236?\355\275\000D"
 274      27BBBABB 
 274      C94DA77A 
 274      9E3FEDBD 
 274      0044
 275 01c4 ADB62D   		.ascii	"\255\266-"
 276              		.text
 277              		.section	.gnu.lto__ZN9Parameter14setEEpromValueEtt.9d0123722e66b1f7,"",%progbits
 278 0000 789C7553 		.ascii	"x\234uS\335K\024Q\024\277g\316\314\316\272\251+a\321"
 278      DD4B1451 
 278      14BF67CE 
 278      CCCEBAA9 
 278      2B61D1
 279 0013 C342BE6C 		.ascii	"\303B\276l\"\204\037\364\326[\377A\377A\210\355C` \353"
 279      22841FF4 
 279      D65BFF41 
 279      FF4188ED 
 279      436020EB 
 280 0027 07BDEDB4 		.ascii	"\007\275\355\264\272l\272f\224\225\2544\214%\341\366"
 280      BA6CBA66 
 280      9495AC34 
 280      8C25E1F6 
 281 0037 A9ABF661 		.ascii	"\251\253\366a\272\272\245\202\221\025JaX\201i*V\206"
 281      BABAA582 
 281      91154A61 
 281      5881692A 
 281      5686
 282 0049 4AA688BA 		.ascii	"J\246\210\272\23533\017*90\227{\316\375\375\316\307"
 282      9D33330F 
 282      2A393097 
 282      7BCEFDFD 
 282      CEC7
 283 005b EF9EAB08 		.ascii	"\357\236\253\010I|E!\216\013!\012\351\027\016\001\222"
 283      497C4521 
 283      8E0B210A 
 283      E9170E01 
 283      92
 284 006c A05F22A7 		.ascii	"\240_\"\247&\311\264\310\010\012ydsU\000\010\004\" "
 284      26C9B4C8 
 284      080A7964 
 284      73550008 
 284      042220
 285 007f A1AC4000 		.ascii	"\241\254@\000\256`\023\302\233\265\221zW^\233\246\005"
 285      AE6013C2 
 285      9BB5917A 
 285      575E9BA6 
 285      05
 286 0090 B564D386 		.ascii	"\265d\323\206zi&TWh\020?\212\002Nx\240\320\303\2246"
 286      7A692654 
 286      5768103F 
 286      8A024E78 
 286      A0D0C394 
 287 00a5 C823E870 		.ascii	"\310#\350pj-\351n@\003\001$2\307\227F\365\003lJ\220"
 287      6A2DE96E 
 287      40030124 
 287      32C79746 
 287      F5036C4A 
 288 00ba 45E6FAE5 		.ascii	"E\346\372\345h\257\013\217\200\240\375V\252s\326\235"
 288      68AF0B8F 
 288      80A0FD56 
 288      AA73D69D 
 289 00ca 7BD70C3A 		.ascii	"{\327\014:\032B-\333@\204\373\200\034\364\036x \006"
 289      1A422DDB 
 289      4084FB80 
 289      1CF41E78 
 289      2006
 290 00dc 1E412E01 		.ascii	"\036A.\001\017 \227\340\363}\341\017\2009&u\262vs=\315"
 290      0F2097E0 
 290      F37DE10F 
 290      80392675 
 290      B276733D 
 291 00f1 A67E09DB 		.ascii	"\246~\011\333\324\207\377\241>\202\\\306\317E\206\373"
 291      D487FFA1 
 291      3E825CC6 
 291      CF4586FB 
 292 0101 553C6672 		.ascii	"U<fr\027\226n/\273\275\255&\367]\354\360\305j-\246\311"
 292      17966E2F 
 292      BBBDAD26 
 292      F75DECF0 
 292      C56A2DA6 
 293 0116 CC7FBC9B 		.ascii	"\314\177\274\233\317\037\301\247\343\33372\0342\264"
 293      CF1FC1A7 
 293      E3DB3732 
 293      1C32B4
 294 0125 8397DBA5 		.ascii	"\203\227\333\245>;\300A\022\311t6V\323q\013\255^\331"
 294      3E3BC041 
 294      12C97436 
 294      56D3710B 
 294      AD5ED9
 295 0138 5C7EDB3C 		.ascii	"\\~\333<\223i\365\232C\346b\374\245\236\301\2114-\371"
 295      9369F59A 
 295      43E662FC 
 295      A59EC189 
 295      342DF9
 296 014b D7F05CAD 		.ascii	"\327\360\\\255\016\215p\"\331T\255\223\262\304\355,"
 296      0E8D7022 
 296      D954AD93 
 296      B2C4ED2C 
 297 015b D0055EC2 		.ascii	"\320\005^\302\317\206&\272\234\214\277\246%7W\203\020"
 297      CF8626BA 
 297      9C8CBFA6 
 297      25375783 
 297      10
 298 016c ACD7A4BD 		.ascii	"\254\327\244\275\"\023\270\333\004\357\014\276md5\356"
 298      2213B8DB 
 298      04EF0CBE 
 298      6D6435EE 
 299 017c 1FFC0978 		.ascii	"\037\374\011x\271\370\366qHj\333\251\260\226\374}\264"
 299      B9F8F671 
 299      486ADBA9 
 299      B096FC7D 
 299      B4
 300 018d 76702E26 		.ascii	"vp.&\271\201$\022T:\311+\323VV\330Vy\347\004\026.]0"
 300      B9812412 
 300      543AC92B 
 300      D35656D8 
 300      5679E704 
 301 01a5 2F93BD42 		.ascii	"/\223\275B\324\361\"\"H\243\203\013\020\\\011/\016\\"
 301      D4F12222 
 301      48A3830B 
 301      105C092F 
 301      0E5C
 302 01b7 60257494 		.ascii	"`%t\224u\022\372;\324|\032\314\266\035T^|j\263Of)d8"
 302      7512FA3B 
 302      D47C1ACC 
 302      B61D545E 
 302      7C6AB34F 
 303 01cf 084FED52 		.ascii	"\010O\355R\"\0044\331\177F\316XP\205\2407C\257\336\253"
 303      220434D9 
 303      7F46CE58 
 303      5085A037 
 303      43AFDEAB 
 304 01e3 0CA5A183 		.ascii	"\014\245\241\203g&4B}\330i\266\006\246\300\302\252\234"
 304      67263442 
 304      7DD869B6 
 304      06A6C0C2 
 304      AA9C
 305 01f5 877CCDAF 		.ascii	"\207|\315\257O\262c'S1/\266\247\347\327g5\260\2459\311"
 305      4FB26327 
 305      53312FB6 
 305      A7E7D767 
 305      35B0A539 
 306 020a D18AD6ED 		.ascii	"\321\212\326\355\375\030\3758\3442@\007\003\035\320"
 306      FD18FD38 
 306      E4324007 
 306      031DD0
 307 0219 43E3FC9C 		.ascii	"C\343\374\234\023\360A\"\361\015\213\332Y\277\226i\340"
 307      13F04122 
 307      F10D8BDA 
 307      59BF9669 
 307      E0
 308 022a EB7F0184 		.ascii	"\353\177\001\204C\325\324\254\027\212tt\212\237P\035"
 308      43D5D4AC 
 308      178A7474 
 308      8A9F501D 
 309 023a EB1E5A41 		.ascii	"\353\036ZA\316\267'\203\032E\032\002\350\203\000\351"
 309      CEB72783 
 309      1A451A02 
 309      E88300E9 
 310 024a C3C8504B 		.ascii	"\303\310PK\333\365R\253\322\364\335\320\264(\253\006"
 310      DBF552AB 
 310      D2F4DDD0 
 310      B428AB06 
 311 025a 0982520B 		.ascii	"\011\202R\013\024\327@\227\025zx|\237\320T=\364\333"
 311      14D74097 
 311      157A787C 
 311      9FD0543D 
 311      F4DB
 312 026c A117A0B1 		.ascii	"\241\027\240\261;\234\030\213IV\360L+~\335\306D\203"
 312      3B9C188B 
 312      4956F04C 
 312      2B7EDDC6 
 312      4483
 313 027e 937B4770 		.ascii	"\223{Gp\302\200\255\032\275_\234\247\367\333L\265-\322"
 313      C280AD1A 
 313      BD5F9CA7 
 313      F7DB4CB5 
 313      2DD2
 314 0290 2BD7B946 		.ascii	"+\327\271F\261\012\324\227\202\223\251u\205\350\362"
 314      B10AD497 
 314      8293A975 
 314      85E8F2
 315 029f C69D3199 		.ascii	"\306\2351\231\256\223N\250\252C\371\371\005\345\376"
 315      AE934EA8 
 315      AA43F9F9 
 315      05E5FE
 316 02ae 9282D3C5 		.ascii	"\222\202\323\305\376\342\363\276\012\237?\277\244\254"
 316      FEE2F3BE 
 316      0A9F3FBF 
 316      A4AC
 317 02bc 4CA855E7 		.ascii	"L\250U\347\374\025\247\316\372\225\252\342\322J\237"
 317      FC15A7CE 
 317      FA95AAE2 
 317      D24A9F
 318 02cb C3EF2BAF 		.ascii	"\303\357+\257,\255\370\007G\305>\375"
 318      2CADF807 
 318      47C53EFD 
 319              		.text
 320              		.section	.gnu.lto__ZN9Parameter14getEEpromValueEt.9d0123722e66b1f7,"",%progbits
 321 0000 789C7592 		.ascii	"x\234u\222KkSQ\020\307\317\234977\211\324J\251\340\""
 321      4B6B5351 
 321      10C7CF9C 
 321      39373789 
 321      D44AA9E0 
 322 0015 6837A176 		.ascii	"h7\241v\223\332\217\3407p\353\262\324\202.\204r-\342"
 322      93DA8FE0 
 322      3770EBB2 
 322      D4822E84 
 322      722DE2
 323 0028 2E87B4B1 		.ascii	".\207\264\261b\254V\304\226\206^\356\"j\023_ib}Dm\271"
 323      62AC56C4 
 323      96865EEE 
 323      226A135F 
 323      69627D44 
 324 003e D12A5D54 		.ascii	"\321*]T\264\225\202 H\325\210T\033\361\375\242I\234"
 324      B4958220 
 324      48D58854 
 324      1BF1FDA2 
 324      499C
 325 0050 B9C9A228 		.ascii	"\271\311\242(\006r83\3477\363\237\231;\206\220bU\012"
 325      06723833 
 325      E737F39F 
 325      993B8690 
 325      62550A
 326 0063 B14308B1 		.ascii	"\261C\010\261\213\376\302'\200L\220\022\205\320R\321"
 326      8BFEC227 
 326      804C9012 
 326      85D052D1 
 327 0073 A1100CF2 		.ascii	"\241\020\014\362(\3574\000\010\002\021\225\250\014\210"
 327      28EF3400 
 327      08021195 
 327      A80C88
 328 0082 C2291C43 		.ascii	"\302)\034CX\034\234\232\300\223\350 Qd~z\224|\275\231"
 328      581C9C9A 
 328      C093E820 
 328      51647E7A 
 328      947CBD99 
 329 0096 4D803632 		.ascii	"M\20062K\205\243e\3251\251\351\347\216M\004\337\347"
 329      4B85A365 
 329      D531A9E9 
 329      E78E4D04 
 329      DFE7
 330 00a8 9FE88083 		.ascii	"\237\350\200\203R\214\023\236\206\020LB\210Sf\240\203"
 330      528C139E 
 330      86104C42 
 330      885366A0 
 330      83
 331 00b9 E007B51F 		.ascii	"\340\007\265\037ns=\225$s\351\343\202\275\251\236j\013"
 331      6E733D95 
 331      2473E9E3 
 331      82BDA99E 
 331      6A0B
 332 00cb 993F87C7 		.ascii	"\231?\207\307\357\004q\033\010\272Wj\3717\315\355\347"
 332      EF04711B 
 332      08BA576A 
 332      F937CDED 
 332      E7
 333 00dc B58E69B7 		.ascii	"\265\216i\267\024G\335\352 \302e@N{\211\322^\244\264"
 333      1447DDEA 
 333      20C26540 
 333      4E7B89D2 
 333      5EA4B4
 334 00ef E4127005 		.ascii	"\344\022p\005\332\231\177\225\253\236m\362)\226%\265"
 334      DA997F95 
 334      AB9E6DF2 
 334      299625B5 
 335 00ff ABE0A346 		.ascii	"\253\340\243F\270\332r\256h7\205S^y\325t\350\364@|^"
 335      B8DA72AE 
 335      68378553 
 335      5E79D574 
 335      E8F4407C 
 336 0114 2B07D55F 		.ascii	"+\007\325_\365QL\026\302\304\2778\261R5\230\037\321"
 336      F5514C16 
 336      C2C4BF38 
 336      B1523598 
 336      1FD1
 337 0126 EEDCE800 		.ascii	"\356\334\350\000\304\316i\371o;\204Oy\370\306\364\017"
 337      C4CE69F9 
 337      6F3B844F 
 337      79F8C6F4 
 337      0F
 338 0137 33DBCFFC 		.ascii	"3\333\317\374?}\316\343\217\315~\331\3138u\345\026e"
 338      3F7DCEE3 
 338      8FCD7ED9 
 338      CB3875E5 
 338      1665
 339 0149 9A59436C 		.ascii	"\232YCl\354\311c\363\020\316.\201\253\253\265!\355~"
 339      ECC963F3 
 339      10CE2E81 
 339      ABABB521 
 339      ED7E
 340 015b DFB936BD 		.ascii	"\337\2716\275\334\022\000jWJ\340~\221\256J\261m\360"
 340      DC12006A 
 340      574AE07E 
 340      91AE4AB1 
 340      6DF0
 341 016d CDA4C3F0 		.ascii	"\315\244\303\360\263)\304qn_$\370\212\253\020\373<T"
 341      B329C471 
 341      6E5F24F8 
 341      8AAB10FB 
 341      3C54
 342 017f 593CC2D3 		.ascii	"Y<\302\323\260\021mr\226`\360\331\375\326\206\203\312"
 342      B0116D72 
 342      9660F0D9 
 342      FDD68683 
 342      CA
 343 0190 C9ADACDF 		.ascii	"\311\255\254\337U\374\001\024\264\300\265\206|\202\306"
 343      55FC0114 
 343      B4C0B586 
 343      7C82C6
 344 019f EA457F9D 		.ascii	"\352E\177\235\337_Gy\220\265\314\207\333>F%\355\305"
 344      DF5F4779 
 344      90B5CC87 
 344      DB3E4625 
 344      EDC5
 345 01b1 B48726A8 		.ascii	"\264\207&\250\317\206\314\360\323u\250\263\006\353\220"
 345      CF86CCF0 
 345      D375A8B3 
 345      06EB90
 346 01c0 6F3650B7 		.ascii	"o6P\267M\212\035\215\337{lr\254\317\373\266\205\302"
 346      4D8A1D8D 
 346      DF7B6C72 
 346      ACCFFBB6 
 346      85C2
 347 01d2 DA73335A 		.ascii	"\332s3Z\321~r\244\270`\362\275[X\236\013:`\203\203&"
 347      D17E72A4 
 347      B860F2BD 
 347      5B589E0B 
 347      3A608383 
 348 01e7 DC2089EB 		.ascii	"\334 \211\353,\301\01733/\261+\313\023n\343\035\270"
 348      2CC10F33 
 348      332FB12B 
 348      CB136EE3 
 348      1DB8
 349 01f9 0944D1D0 		.ascii	"\011D\321\320xN\267\240Kx\362\015m?\311yu\3213\276\245"
 349      784EB7A0 
 349      4B78F20D 
 349      6D3FC979 
 349      75D133BE 
 350 020e 5D4E2288 		.ascii	"]N\"\2102m\274\215\274\327\337\200\"\025\376N\025\231"
 350      326DBC8D 
 350      BCD7DF80 
 350      2215FE4E 
 350      1599
 351 0220 55C90BBF 		.ascii	"U\311\013\277\220\006F/4\255\255\221H\347!\253\247s"
 351      9006462F 
 351      34ADAD91 
 351      48E721AB 
 351      A773
 352 0232 4FB7D57D 		.ascii	"O\267\325}\260\267\277\327\212\364\364\365\011\363\360"
 352      B0B7BFD7 
 352      8AF4F4F5 
 352      09F3F0
 353 0241 01AB7FF7 		.ascii	"\001\253\177\367>\353\017\344a\352\232"
 353      3EEB0FE4 
 353      61EA9A
 354              		.text
 355              		.section	.gnu.lto_.symbol_nodes.9d0123722e66b1f7,"",%progbits
 356 0000 789C5590 		.ascii	"x\234U\220=NBA\024\205\317\231y\203\210\256\302\035"
 356      3D4E4241 
 356      1485CF99 
 356      798388AE 
 356      C21D
 357 0012 5850D849 		.ascii	"XP\330I\"\235y11\241\260!S\2144\330\220GLl\356\303\307"
 357      229D7931 
 357      31A1B021 
 357      538C34D8 
 357      90474C6C 
 358 0029 8F42C30E 		.ascii	"\217B\303\016(\330\005-\324\254A\022K\327@\230\031\032"
 358      28D8052D 
 358      D4AC4112 
 358      4BD74098 
 358      191A
 359 003b A7FA4EBE 		.ascii	"\247\372N\276\231sor\015\024\036\011@\035!\300r\017"
 359      99736F72 
 359      0D141E09 
 359      401D21C0 
 359      720F
 360 004d 48F725BF 		.ascii	"H\367%\277{\262\003\373\346\0127\270m\366\\\361\340"
 360      7BB203FB 
 360      E60A37B8 
 360      6DF65CF1 
 360      E0
 361 005e 5EEDB05F 		.ascii	"^\355\260_tl\177\350\332\371s\267\231\333\217w\333\366"
 361      746C7FE8 
 361      DAF973B7 
 361      99DB8F77 
 361      DBF6
 362 0070 8D4DD9F2 		.ascii	"\215M\331\362\335\212\302s\027\330\214\2741\237\304"
 362      DD8AC273 
 362      17D88CBC 
 362      319FC4
 363 007f E4268C1D 		.ascii	"\344&\214\035ST\362\244&\024\235\232)%K\315\214bR\363"
 363      5354F2A4 
 363      26149D9A 
 363      29254BCD 
 363      8C6252F3 
 364 0093 45A9A52B 		.ascii	"E\251\245+Fd\\aJ\252\0308\247\\\304?@Y\336{\361M\251"
 364      46645C61 
 364      4AAA1838 
 364      A75CC43F 
 364      4059DE7B 
 365 00aa 276241B9 		.ascii	"'bA\271\374/4\257\260\233\376\255\352\332\337\240\232"
 365      FC2F34AF 
 365      B09BFEAD 
 365      EADADFA0 
 365      9A
 366 00bb C5D0C078 		.ascii	"\305\320\300x\036\202\321X\377\034[\332\\c\027IT\207"
 366      1E82D158 
 366      FF1C5BDA 
 366      5C631749 
 366      5487
 367 00cd C00CEBC0 		.ascii	"\300\014\353\300\232\3066\262\201\337\310\014U\030\205"
 367      9AC636B2 
 367      81DFC80C 
 367      551885
 368 00dc 13F2F759 		.ascii	"\023\362\367Y\326"
 368      D6
 369              		.text
 370              		.section	.gnu.lto_.refs.9d0123722e66b1f7,"",%progbits
 371 0000 789C6365 		.ascii	"x\234ce`b\020````ddd\222`dcdbedg`be\000\000\004\037"
 371      60621060 
 371      60606064 
 371      64649260 
 371      64636462 
 372 001e 0053     		.ascii	"\000S"
 373              		.text
 374              		.section	.gnu.lto_.decls.9d0123722e66b1f7,"",%progbits
 375 0000 789CAD59 		.ascii	"x\234\255Y{TTG\232\357\272\325\3354\315s\304\331\343"
 375      7B545447 
 375      9AEFBAD5 
 375      DD34CD73 
 375      C4D9E3
 376 0013 64998993 		.ascii	"d\231\211\2238\246gg#\242\211\2319g\317Nz\260\223\230"
 376      38A66767 
 376      23A28999 
 376      3967CF4E 
 376      7AB09398 
 377 0027 C8631175 		.ascii	"\310c\021u\345\217\355\323b\253\234Ep\000\263\311\236"
 377      E58FEDD3 
 377      62AB9C45 
 377      7000B3C9 
 377      9E
 378 0038 DD99CB53 		.ascii	"\335\231\313STD\300\007\202\017^*\342\373\215\240h\213"
 378      5444C007 
 378      820F5E2A 
 378      E2FB8DA0 
 378      688B
 379 004a 02DABE00 		.ascii	"\002\332\276\000\343\013\005\011(\362\210\012hP1\302"
 379      E30B0509 
 379      28F2880A 
 379      685031C2 
 380 005a 7E5575AB 		.ascii	"~Uu\253\357\355Fg\377\231{\374\270\365\253\372\325\367"
 380      EFED4667 
 380      FF997BFC 
 380      B8F5ABFA 
 380      D5F7
 381 006c AABAF568 		.ascii	"\252\272\365h5*A\325\375K\225\252P\255R\251\260J5\002"
 381      352A41D5 
 381      FD4B95AA 
 381      50AD52A9 
 381      B04A3502 
 382 0080 8F0E8A7B 		.ascii	"\217\016\212{U\362\243\007\371=R\251\214 \323A>\007"
 382      55F2A307 
 382      F93D52A9 
 382      8C20D341 
 382      3E07
 383 0092 F912240C 		.ascii	"\371\022$\014$\022\304\014b\005Y\214\250\012\325Rx\177"
 383      2412C40C 
 383      6205598C 
 383      A80AD552 
 383      787F
 384 00a4 03F23F48 		.ascii	"\003\362?H\345\364\374YP\251\264\360\036\0032\026\244"
 384      E5F4FC59 
 384      50A9B4F0 
 384      1E033216 
 384      A4
 385 00b5 1DA40724 		.ascii	"\035\244\007$\014d\216\304A\222-?x\377/\274\377\002"
 385      0C648EC4 
 385      41922D3F 
 385      78FF2FBC 
 385      FF02
 386 00c7 F2571011 		.ascii	"\362W\020\021$\011$\031$\005$\025$\015$\035d9H\006\310"
 386      24092419 
 386      24052415 
 386      240D241D 
 386      64394806 
 387 00dc 0A909520 		.ascii	"\012\220\225 \253@2AV\203d\201\254q\361#\005\374\360"
 387      AB403241 
 387      56836481 
 387      AC71F123 
 387      05FCF0
 388 00ef 85F7BF22 		.ascii	"\205\367\277\"\331\027\342\303D\205O\331\320f\001Y\000"
 388      D917E2C3 
 388      44854FD9 
 388      D0660159 
 388      00
 389 0100 9203F209 		.ascii	"\222\003\362\011H.\310\177\200\254\005\211\223t\222"
 389      482EC87F 
 389      80AC0589 
 389      937492
 390 010f B419A5F8 		.ascii	"\264\031\245\370\177/\345B\220r\260\316\305\356\012"
 390      7F2FE542 
 390      9072B0CE 
 390      C5EE0A
 391 011e 687077B1 		.ascii	"hpw\261{\004\312\037\300\273\002\336\345 \233A\012$"
 391      7B04CA1F 
 391      C0BB02DE 
 391      E5209B41 
 391      0A24
 392 0130 1DFBE07D 		.ascii	"\035\373\340}\000\261\234L\227\336\307]t\256\001\242"
 392      00B19C4C 
 392      97DEC75D 
 392      74AE01A2 
 393 0140 DB5B7472 		.ascii	"\333[tr}H\322E\336\237K\357J\027=\353\337\340\033\311"
 393      7D48D245 
 393      DE9F4BEF 
 393      4A173DEB 
 393      DFE01BC9 
 394 0154 4715E04F 		.ascii	"G\025\340OAN\200,B,?\344\321\250\330\034\230.\215\273"
 394      414E802C 
 394      422C3FE4 
 394      D1A8D81C 
 394      982E8DBB 
 395 0168 11C9BA4F 		.ascii	"\021\311\272O\272\350.\006\335\036.\272\333\245\234"
 395      BAE82E06 
 395      DD1E2EBA 
 395      DBA59C
 396 0177 F35C723B 		.ascii	"\363\\r;<\307<\267a\222\015\263\244\237\347\266\332"
 396      3CC73CB7 
 396      61920DB3 
 396      A49FE7B6 
 396      DA
 397 0188 C5C65168 		.ascii	"\305\306Qh \363\226\353\377w$\333\230\250r\0363\362"
 397      20F396EB 
 397      FF7724DB 
 397      98A8721E 
 397      33F2
 398 019a 8A54E83A 		.ascii	"\212T\350:\345\242+\017\243\025[\313_\243Vt\227\264"
 398      E5A22B0F 
 398      A3155BCB 
 398      5FA35674 
 398      97B4
 399 01ac 20F2B05E 		.ascii	" \362\260^\212\207\300\021\376\220f\326.\3606Fr\351"
 399      8A87C011 
 399      FE9066D6 
 399      2EF03646 
 399      72E9
 400 01be A4928820 		.ascii	"\244\222\210 \316D\336\252\324(WS\007\250\023\312\036"
 400      CE44DEAA 
 400      D4285753 
 400      07A813CA 
 400      1E
 401 01cf 12A4FF04 		.ascii	"\022\244\377\004$W(\033\225\012\245(\320\033\334b\017"
 401      2457281B 
 401      950AA528 
 401      D01BDC62 
 401      0F
 402 01e0 E6D1F7E7 		.ascii	"\346\321\367\347_\352\324\337C-\204WDF\005\352\256\034"
 402      5FEAD4DF 
 402      432D8457 
 402      444605EA 
 402      AE1C
 403 01f2 7E21BA63 		.ascii	"~!\272c\260\003\345\221\247\347Wj\360?\323rIy\3251w"
 403      B003E591 
 403      A7E7576A 
 403      F03FD372 
 403      4979D531 
 404 0207 FC475ADE 		.ascii	"\374GZ\336\237v\277\\\227\205\221\277\036\215 \202\177"
 404      9F76BF5C 
 404      978591BF 
 404      1E8D2082 
 404      7F
 405 0218 A87CE9C5 		.ascii	"\250|\351\3050i\356\252xP\340\205M\264\\\326S:\240\301"
 405      3069EEAA 
 405      7850E085 
 405      4DB45CD6 
 405      533AA0C1 
 406 022c 5FD2F295 		.ascii	"_\322\362\225\247+\326{\340PZ\316H\256\034\366\301\377"
 406      A72BD67B 
 406      E0505ACE 
 406      48AE1CF6 
 406      C1FF
 407 023e 46CB6D59 		.ascii	"F\313mY\227\317z\033v\210\360\024\211E:\025\321s\020"
 407      97CF7A1B 
 407      7688F014 
 407      89453A15 
 407      D17310
 408 0251 312FD101 		.ascii	"1/\321\001R\310\303\370\373\326\23267\344\217\310?}"
 408      52C8C3F8 
 408      FBD69A36 
 408      37E48FC8 
 408      3F7D
 409 0263 8198218A 		.ascii	"\201\230!\212\223\321Q\244W\025\210:\372\206\212d\261"
 409      93D151A4 
 409      5715883A 
 409      FA868A64 
 409      B1
 410 0274 AFA4C817 		.ascii	"\257\244\310\027\"\237\352\217&\373\253\320!d\240M*"
 410      229FEA8F 
 410      26FBABD0 
 410      2164A04D 
 410      2A
 411 0285 74047A1D 		.ascii	"t\004z\035F\376\304\2308\\Z\342\206\315\324p\362\345"
 411      46FEC498 
 411      385C5AE2 
 411      86CDD470 
 411      F2E5
 412 0297 942D7A1C 		.ascii	"\224-z\034O\313\265\373\257\335\026\3607,\356'\305]"
 412      4FCBB5FB 
 412      AFDD16F0 
 412      372CEE27 
 412      C55D
 413 02a9 5E7839A2 		.ascii	"^x9\242\340xN\312f\017\274\231\201\301[\017+=\360N\006"
 413      E0784ECA 
 413      660FBC99 
 413      81C15B0F 
 413      2B3DF04E 
 414 02be EEE4B634 		.ascii	"\356\344\2664h\361a\006\032\273\037\234\020p\035\003"
 414      68F16106 
 414      1ABB1F9C 
 414      10701D03 
 415 02ce C772AE1D 		.ascii	"\307r\256\035\366\301w\031xU\233]\352\205\373\031h~"
 415      F6C17719 
 415      78559B5D 
 415      EA85FB19 
 415      687E
 416 02e0 927FDB0B 		.ascii	"\222\177\333\013\247\260\374\356\036\336\323\354\215"
 416      A7B0FCEE 
 416      1EDED3EC 
 416      8D
 417 02ed B319E8CD 		.ascii	"\263\031\350\315\350]\351\211\2671p\262t_\207\026W2"
 417      E85DE989 
 417      B73170B2 
 417      745F8716 
 417      5732
 418 02ff D069FBF1 		.ascii	"\320i\373\361\252\033\276\304\300\226\206\3439\036\270"
 418      AA1BBEC4 
 418      C09686E3 
 418      391EB8
 419 030e 8D818153 		.ascii	"\215\201\201S\217\242p?+\277\250\0358\345\215EL\301"
 419      8FA2703F 
 419      2BBFA81D 
 419      38E58D45 
 419      4CC1
 420 0320 F5E133D9 		.ascii	"\365\3413\331Z\274\236\201\316\315I\317\264\270\214"
 420      5ABC9E81 
 420      CECD49CF 
 420      B4B88C
 421 032f 81812DED 		.ascii	"\201\201-\3556w|\214\201\256g/*\365\270\236\002|+\257"
 421      36777C8C 
 421      81AE672F 
 421      2AF5B89E 
 421      027C2BAF 
 422 0343 F888A753 		.ascii	"\370\210\247S\206\373\334\320\025)\305W\344\0247\270"
 422      86FBDCD0 
 422      1529C557 
 422      E41437B8 
 423 0353 A4F80A4D 		.ascii	"\244\370\012M\361e\350v\211\245\270\377rA\2077L\207"
 423      F165E876 
 423      89A5B8FF 
 423      72418737 
 423      4C87
 424 0365 B17A349E 		.ascii	"\261z4\236d&\365\300f\014p\214\036\251I\322\333\217"
 424      6426F5C0 
 424      660C708C 
 424      1EA949D2 
 424      DB8F
 425 0377 DD40F812 		.ascii	"\335@\370\022s\340J\331\366uz\334(9\375\242z\310\023"
 425      73E04AD9 
 425      F6757ADC 
 425      2839FDA2 
 425      7AC813
 426 038a 5FA3409D 		.ascii	"_\243@\235\237~\375\240\026\351\301\027\003H\006\231"
 426      9F7EFDA0 
 426      16E9C117 
 426      03480699 
 427 039a 1C7D2522 		.ascii	"\034}%\"\036\3470}\003L\177GM_\007\3237\3014\365YlD"
 427      1EE7307D 
 427      034C7F47 
 427      4D5F07D3 
 427      37C134F5 
 428 03b1 B45A319D 		.ascii	"\264Z1\235\000\242k|>5\221\002\213\356\217\224\010\206"
 428      00A26B7C 
 428      3E359102 
 428      8BEE8F94 
 428      0886
 429 03c3 0B6B6DF5 		.ascii	"\013km\365\202^\262\221\3617m\000{_or\217\336s%IFv\212"
 429      825EB291 
 429      F1376D00 
 429      7B5F6F72 
 429      8FDE7325 
 430 03db E8FE05BA 		.ascii	"\350\376\005\272\005\372\257B{\003\264\253\320m\344"
 430      05FAAF42 
 430      7B03B4AB 
 430      D06DE4
 431 03ea 297D5E4D 		.ascii	")}^M}\227\266x\260<\370\222\0316\362\334\346\303\362"
 431      7D97B678 
 431      B03CF892 
 431      1936F2DC 
 431      E6C3F2
 432 03fd 2000BCDB 		.ascii	" \000\274\333t\362\261\016\337b\241o\037z\325Gr4\021"
 432      74F2B10E 
 432      DF62A16F 
 432      1F7AD547 
 432      723411
 433 0410 BEA811AC 		.ascii	"\276\250\021\254\370\244&\262O\252\340|\351r\317I{D"
 433      F8A426B2 
 433      4FAAE07C 
 433      E972CF49 
 433      7B44
 434 0422 F6E82EF9 		.ascii	"\366\350.\371\310K\330\251\234;\235z\374\204\352\021"
 434      C84BD8A9 
 434      9C3B9D7A 
 434      FC84EA11 
 435 0432 325AEAB2 		.ascii	"2Z\352\2624\310\240\247\321\333\352G&nX.\212\002j\007"
 435      34C8A0A7 
 435      D1DBEA47 
 435      266E582E 
 435      8A026A07 
 436 0446 0FDB1046 		.ascii	"\017\333\020F\367\320$\222\203\211d\247\247\243)\246"
 436      F7D02492 
 436      838964A7 
 436      A7A329A6 
 437 0456 881A830A 		.ascii	"\210\032\203\0125\203\367w\300{\364=\004LZaM\364\207"
 437      3583F777 
 437      C07BF43D 
 437      044C5A61 
 437      4DF487
 438 0469 7581C67B 		.ascii	"u\201\306{/s\353\260\0067\253\331g2r\000>\237\026\006"
 438      2F73EBB0 
 438      0637ABD9 
 438      67327200 
 438      3E9F1606 
 439 047d BA8A6B2B 		.ascii	"\272\212k+\274q\027\003\005'\236\3315,<\035\300\212"
 439      BC711703 
 439      05279ED9 
 439      352C3C1D 
 439      C08A
 440 048f C7BB2BBC 		.ascii	"\307\273+\274X\3606h\016^\363\240d\003\204\003c\251"
 440      58F03668 
 440      0E5EF3A0 
 440      64038403 
 440      63A9
 441 04a1 53BFE121 		.ascii	"S\277\341!\015\177/1\370\031t\262F\203a\302\204\011"
 441      0D7F2F31 
 441      F81974B2 
 441      468361C2 
 441      8409
 442 04b3 866DE246 		.ascii	"\206m\342FH\310\315\255\370b\272\015\022\322\203t\350"
 442      48C8CDAD 
 442      F862BA0D 
 442      12D28374 
 442      E8
 443 04c4 3C2404DE 		.ascii	"<$\004\336$!\335|\366L\2465\351t\242'\303l#\223\233"
 443      2421DD7C 
 443      F64CA635 
 443      E974A227 
 443      C36C2393 
 444 04d9 4F860382 		.ascii	"O\206\003\202\201\366\333!\370\241\355P\356Ej\264\027"
 444      81F6DB21 
 444      F8A1ED50 
 444      EE456AB4 
 444      17
 445 04ea D2B4073A 		.ascii	"\322\264\007:\013*t\021\324\225\012\023\321\017HM\240"
 445      0B2A7411 
 445      D4950A13 
 445      D10F484D 
 445      A0
 446 04fb 1D6031C0 		.ascii	"\035`1\300G\014^\000X\010\3601\203\304v\027\232\210"
 446      470C5E00 
 446      5808F031 
 446      83C47617 
 446      9A88
 447 050d 9E30580F 		.ascii	"\2360X\017p\013\264\3661X\007p\023\300~\006k\001\346"
 447      700BB4F6 
 447      31580770 
 447      13C07E06 
 447      6B01E6
 448 0520 031C60F0 		.ascii	"\003\034`\360\034\300<\200O\031<\013p=\300g\014\326"
 448      1CC03C80 
 448      4F193C0B 
 448      703DC067 
 448      0CD6
 449 0532 005C0BF0 		.ascii	"\000\\\013\360G\006\317\000\314\0018\310\240\015\340"
 449      4706CF00 
 449      CC0138C8 
 449      A00DE0
 450 0541 1A80CF19 		.ascii	"\032\200\317\031<\015p5\300\027\014\236\002\270\012"
 450      3C0D7035 
 450      C0170C9E 
 450      02B80A
 451 0550 E04B06AB 		.ascii	"\340K\006\253\001\256\0008\304\340I\200\313\001\276"
 451      01AE0038 
 451      C4E04980 
 451      CB01BE
 452 055f 62F004C0 		.ascii	"b\360\004\3004\200?1X\0050\005\340k\006+\001&\001\034"
 452      34803F31 
 452      58053005 
 452      E06B062B 
 452      0126011C 
 453 0573 66F038C0 		.ascii	"f\3608\300\021\004\0334\033\207\346\364\361\237\322"
 453      11041B34 
 453      1B87E6F4 
 453      F19FD2
 454 0582 5C1E97C7 		.ascii	"\\\036\227\307@\024\24418\240\241U\214\331\304\231\225"
 454      4014A431 
 454      38A0A155 
 454      8CD9C499 
 454      95
 455 0593 32339933 		.ascii	"23\2313\213\224L;gV\311\314T\316\314V2k8\363\204\314"
 455      8B944C3B 
 455      6756C9CC 
 455      54CECC56 
 455      326B38F3 
 456 05a9 4CE74C51 		.ascii	"L\347LQ\311\034J\223\230'ef\006g\366a\005s\2003\253"
 456      C91C4A93 
 456      98276566 
 456      0667F661 
 456      05738033 
 457 05be 65E64ACE 		.ascii	"e\346J\316lS2{8\363\224\314\314\344\314\006%\263\235"
 457      6C53327B 
 457      38F394CC 
 457      CCE4CC06 
 457      25B39D
 458 05d1 334FCBCC 		.ascii	"3O\313\314,\316\264)\231\315\234i\223\231\331\216|*"
 458      2CCEB429 
 458      99CD9C69 
 458      9399D98E 
 458      7C2A
 459 05e3 994D9C79 		.ascii	"\231M\234yFf\346:\362\251d\3329\263Ff\256s\344S\311"
 459      4666E63A 
 459      F2A964DA 
 459      39B34666 
 459      AE73E453 
 460 05f8 ACE1CCB3 		.ascii	"\254\341\314\2632s\203#\237J\346P\252\304<'37:\362\211"
 460      32738323 
 460      9F4AE650 
 460      AAC43C27 
 460      33373AF2 
 461 060d 94F9E4CC 		.ascii	"\224\371\344\314Z\231Y\340\310\247\222\331\303\231u"
 461      5A9959E0 
 461      C8A792D9 
 461      C39975
 462 061c 3273B323 		.ascii	"2s\263#\237Jf;g\326\313\314\255\216|*\231M\234yAf\026"
 462      9F4A663B 
 462      67D6CBCC 
 462      AD8E7C2A 
 462      994D9C79 
 463 0633 71E67865 		.ascii	"q\346xe\2228\321.\023K8\321W\231#N\274(\023\267Q\242"
 463      9238D12E 
 463      134B38D1 
 463      5799234E 
 463      BC2813B7 
 464 0649 8EC21DB0 		.ascii	"\216\302\035\260W\211\266\341\016\014;\026\255 \313"
 464      5789B6E1 
 464      0E0C3B16 
 464      AD20CB
 465 0658 8CB4C8E7 		.ascii	"\214\264\310\347\220\305<[\024?U\253\320CXp:\311J}\004"
 465      90C53C5B 
 465      143F55AB 
 465      D0435870 
 465      3AC94A7D 
 466 066d 5620B212 		.ascii	"V \262\022\301\222N\313\207\205\011\350\020\310A\020"
 466      C1924ECB 
 466      878509E8 
 466      10C84110 
 467 067d B2529509 		.ascii	"\262R\225\011\0060\021\001\307O\266\027\\\371DL\326"
 467      06301101 
 467      C74FB617 
 467      5CF9444C 
 467      D6
 468 068e A19D820E 		.ascii	"\241\235\202\016\355\006\017$\345h\027\331\015\025\313"
 468      ED060F24 
 468      E56817D9 
 468      0D15CB
 469 069d DD5179B9 		.ascii	"\335Qy\271\003\005\224N\214\354\207r\271\340\264\334"
 469      0305944E 
 469      8CEC8772 
 469      B9E0B4DC 
 470 06ad ED072D7B 		.ascii	"\355\007-{\341\003\337%\320\017|\037\300\335\202\343"
 470      E103DF25 
 470      D00F7C1F 
 470      C0DD82E3 
 471 06bd 03AF590E 		.ascii	"\003\257Y\016\341\222\336\244\036\336\304\326\0369\201"
 471      E192DEA4 
 471      1EDEC4D6 
 471      1E3981
 472 06cc A4469A11 		.ascii	"\244F\232\021\351\022q\277L\334''\220\324\260\324\014"
 472      E91271BF 
 472      4CDC2727 
 472      90D4B0D4 
 472      0C
 473 06dd 76D2D490 		.ascii	"v\322\324\220\012EjXl\235\323Hl$\273\025\212\330\216"
 473      0A456A58 
 473      6C9DD348 
 473      6C24BB15 
 473      8AD88E
 474 06f0 91D84A20 		.ascii	"\221\330J \266$\333\360\000\316O\266\245b\2629\243F"
 474      B624DBF0 
 474      00CE4FB6 
 474      A562B239 
 474      A346
 475 0702 C6716CD9 		.ascii	"\306ql\331(\200l\333W\311\346-\321\007\017\341\215\311"
 475      28806CDB 
 475      57C9E62D 
 475      D1070FE1 
 475      8DC9
 476 0714 B6644CF7 		.ascii	"\266dL\367\315\273\022\335\261GRz\263\202\336\223\374"
 476      CDBB12DD 
 476      B147527A 
 476      B382DE93 
 476      FC
 477 0725 BEB86E1C 		.ascii	"\276\270n\034%w\274\221\034\350O]%a\\\211\027\213`\252"
 477      2577BC91 
 477      1CE84F5D 
 477      25615C89 
 477      178B60AA 
 478 0739 11CE03C7 		.ascii	"\021\316\003\307\206\254B\367\331)\027%o\2755\340\216"
 478      86AC42F7 
 478      D9291725 
 478      6FBD35E0 
 478      8E
 479 074a D3357447 		.ascii	"\3235tG-\275x\271Z\255\206\021\244\241\315W\323\263"
 479      2DBD78B9 
 479      5AAD8611 
 479      A4A1CD57 
 479      D3B3
 480 075c D5D94DC7 		.ascii	"\325\331M\3074\3436\320c@\212\350\313\266vnM\205*\204"
 480      34E336D0 
 480      63408AE8 
 480      CBB6766E 
 480      4D852A84 
 481 0770 71247241 		.ascii	"q$rA\315\316\006\311\215em\356\357\025\211mm\242\355"
 481      CDCE06C9 
 481      8D656DEE 
 481      EF15896D 
 481      6DA2ED
 482 0783 71E1D8DC 		.ascii	"q\341\330\334\024qg\203(~Dh\350\250\300S\205\312\211"
 482      14716783 
 482      287E4468 
 482      E8A8C053 
 482      85CA89
 483 0796 75B413BC 		.ascii	"u\264\023\274Ae\260\363\303r-\274\007\275\327e\246\334"
 483      4165B0F3 
 483      C3722DBC 
 483      07BDD765 
 483      A6DC
 484 07a8 75C31B98 		.ascii	"u\303\033\2303gv=\271\354\206+\030\310X{\346\232\026"
 484      3367763D 
 484      B9EC862B 
 484      18C8587B 
 484      E69A16
 485 07bb D753A04E 		.ascii	"\327S\240N\273\177\326\"\035\033\335\015d>\237\022\334"
 485      BB7FD622 
 485      1D1BDD0D 
 485      643E9F12 
 485      DC
 486 07cc F9F891E2 		.ascii	"\371\370\221\342"
 487 07d0 7236BDB2 		.ascii	"r6\275\262\025\307\306\3230\237H\023l*\202?\252\206"
 487      15C7C6D3 
 487      309F4813 
 487      6C2A823F 
 487      AA86
 488 07e2 F1561CD7 		.ascii	"\361V\034\327\240\001\301Q\232\337V\300\334\355\364"
 488      A001C151 
 488      9ADF56C0 
 488      DCEDF4
 489 07f1 CD2BB132 		.ascii	"\315+\2612hB\221\203\266\321\240\347K17^\033\034\362"
 489      68429183 
 489      B6D1A0E7 
 489      4B31375E 
 489      1B1CF2
 490 0804 2431DB92 		.ascii	"$1\333\222l\017+\361\205=\351\"\304,~Jy\250J\216\272"
 490      6C0F2BF1 
 490      853DE922 
 490      C42C7E4A 
 490      79A84A8E 
 491 0819 527089FA 		.ascii	"Rp\211\372\014\215\272\373PV\201\200\333Y\240\371\375"
 491      0C8DBAFB 
 491      50568180 
 491      DB59A0F9 
 491      FD
 492 082a 17767BE0 		.ascii	"\027v{\340\247\014T\236\3158\357#e\323\236\207\305u"
 492      A70C549E 
 492      CD38EF23 
 492      65D39E87 
 492      C575
 493 083c 22099168 		.ascii	"\"\011\221h=+8\316V5\256Z\317Q\255\317_n\237\211G$\245"
 493      3D2B38CE 
 493      5635AE5A 
 493      CF51ADCF 
 493      5F6E9F89 
 494 0853 2F9EB4BA 		.ascii	"/\236\264\272\341\325Z\012\322\272\036\245\350\270\322"
 494      E1D55A0A 
 494      D2BA1EA5 
 494      E8B8D2
 495 0862 5FE48B36 		.ascii	"_\344\21368\224\301\001\205h\255\223\265\326\272j\255"
 495      3894C101 
 495      8568AD93 
 495      B5D6BA6A 
 495      AD
 496 0873 A75A5FD9 		.ascii	"\247Z_\331\372r}p\036\323\364\372\321\263mn\270\222"
 496      FA727D70 
 496      1ED3F4FA 
 496      D1B36D6E 
 496      B892
 497 0885 81DCA38F 		.ascii	"\201\334\243\217R\275@m\221\015>\306_9\251\275 \247"
 497      52BD406D 
 497      910D3EC6 
 497      5F39A9BD 
 497      20A7
 498 0897 E0BCAB5A 		.ascii	"\340\274\253Z;U;\274>\353\240\026\333\231\246\003\031"
 498      3B553BBC 
 498      3EEBA016 
 498      DB99A603 
 498      19
 499 08a8 F9855EB8 		.ascii	"\371\205^\270\227\201\302\342\301#^tJ\222y\307\246d"
 499      9781C2E2 
 499      C1235E74 
 499      4A9279C7 
 499      A664
 500 08ba 56E69D35 		.ascii	"V\346\2355ZG\335e\201V\346\236=V\257\177\373\220]\245"
 500      5A47DD65 
 500      8156E69E 
 500      3D56AF7F 
 500      FB905DA5 
 501 08ce 437685CF 		.ascii	"Cv\205\317\323\343W\206\233\2214f=\357:\274\005\026"
 501      D3E35786 
 501      9B913466 
 501      3DEF3ABC 
 501      0516
 502 08e0 BA247B7B 		.ascii	"\272${{\321\325\333\006\352\355\361\327\033\206\335"
 502      D1D5DB06 
 502      EAEDF1D7 
 502      1B86DD
 503 08ef F11073B0 		.ascii	"\361\020s\260c\360\360n\015.p{\253\267i\253\367\346"
 503      63F0F06E 
 503      0D2E707B 
 503      ABB769AB 
 503      F7E6
 504 0901 E9E15CAA 		.ascii	"\351\341\\\252%'\355\221\0217\250\272\3377tL\315\252"
 504      2527ED91 
 504      1137A8BA 
 504      DF37744C 
 504      CDAA
 505 0913 88BBDF90 		.ascii	"\210\273\337\220[\322\313\276#j\\N\325\010\333\353\253"
 505      5BD2CBBE 
 505      236A5C4E 
 505      D508DBEB 
 505      AB
 506 0924 B7280FD5 		.ascii	"\267(\017\325\357\245\321C\365-A\217n\310C\244\225\016"
 506      EFA5D143 
 506      F52D418F 
 506      6EC843A4 
 506      950E
 507 0936 D522BB15 		.ascii	"\325\"\273\025\250\344\365\345&\314v-\275D\300d\377"
 507      A8E4F5E5 
 507      26CC762D 
 507      BD44C064 
 507      FF
 508 0947 4EA087EA 		.ascii	"N\240\207\352\346\313[\357\011\312\374\020mr~n\323\374"
 508      E6CB5BEF 
 508      09CAFC10 
 508      6D727E6E 
 508      D3FC
 509 0959 5CE3F959 		.ascii	"\\\343\371Y\336\237s\232\346\247\215\316\351\254\355"
 509      DE9F739A 
 509      E6A78DCE 
 509      E9ACED
 510 0968 75996211 		.ascii	"u\231b\021\372\224\320P\223\234\240F\327\0045\323\004"
 510      FA94D050 
 510      939CA046 
 510      D70435D3 
 510      04
 511 0979 B5B5AEEF 		.ascii	"\265\265\256\357\367\304\007\337\236\023\347\021\274"
 511      F7C407DF 
 511      9E13E711 
 511      BC
 512 0986 CB46F0A7 		.ascii	"\313F\360\247\315\371\267\205\267\2574\255\324\303\026"
 512      CDF9B785 
 512      B7AF34AD 
 512      D4C316
 513 0995 EE616341 		.ascii	"\356acAG\007\375\352\310)\373\005\256<\013\036\026#"
 513      4707FDEA 
 513      C829FB05 
 513      AE3C0B1E 
 513      1623
 514 09a7 4A4377E4 		.ascii	"JCw\344$\335\221\276kt\217z\326xb\350\221\016_c\236"
 514      24DD91BE 
 514      6B748F7A 
 514      D67862E8 
 514      910E5F63 
 515 09bc EDBD3D72 		.ascii	"\355\275=rL\243\274W\265;\335\253\276\027\370\275\252"
 515      4CA3BC57 
 515      B53BDDAB 
 515      BE17F8BD 
 515      AA
 516 09cd E245E377 		.ascii	"\342E\343w\210\272\013uR\010\355\025\253/x;Bhg!\\o\313"
 516      88BA0B75 
 516      5208ED15 
 516      AB2F783B 
 516      42686721 
 517 09e4 3A87DE1E 		.ascii	":\207\336\036\302}\032B\007\017a\260'\263@#\205P\363"
 517      C27D1A42 
 517      070F61B0 
 517      27B34023 
 517      8550F3
 518 09f7 8FF9628D 		.ascii	"\217\371b\215@\030\250M\366\276\215{\377\200z_q\270"
 518      4018A84D 
 518      F6BE8D7B 
 518      FF807A5F 
 518      71B8
 519 0a09 B61BE10E 		.ascii	"\266\033\341\016\346}\355\235W\007\275\337n\353\241"
 519      E67DED9D 
 519      5707BDDF 
 519      6EEBA1
 520 0a18 D31AB5AB 		.ascii	"\323\032\265\253o\303\026$\231\032z\207\232\002\002"
 520      6FC31624 
 520      991A7A87 
 520      9A0202
 521 0a27 EA944D75 		.ascii	"\352\224MurS]\324T\352\246\264\303\002\356uK\022\307"
 521      72535DD4 
 521      54EAA6B4 
 521      C302EE75 
 521      4B12C7
 522 0a3a 93FE9B9E 		.ascii	"\223\376\233\236\266t\273\263\273\226\001\340\232\206"
 522      B674BBB3 
 522      BB9601E0 
 522      9A86
 523 0a48 C23B3AE9 		.ascii	"\302;:\351\256E\256\226\317*\323\207\274Y\263\037\371"
 523      AE45AE96 
 523      CF2AD387 
 523      BC59B31F 
 523      F9
 524 0a59 9921E3A5 		.ascii	"\231!\343\245\350\255\227\247&\251\227\363\372H S3\300"
 524      E8AD97A7 
 524      26A997F3 
 524      FA482053 
 524      33C0
 525 0a6b 1FFDC066 		.ascii	"\037\375\300ff\333\305\207\005nc\262\2453\307x\201\\"
 525      66DBC587 
 525      056E63B2 
 525      A533C778 
 525      815C
 526 0a7d 417B61E2 		.ascii	"A{a\342\366\010\204\375X\030\303\373\020r\366\201\374"
 526      F60884FD 
 526      5818C3FB 
 526      1072F681 
 526      FC
 527 0a8e 66AC2493 		.ascii	"f\254$\223\250\337\312>x\346i\272\347oJ\3413\027m\035"
 527      A8DFCA3E 
 527      78E669BA 
 527      E76F4AE1 
 527      33176D1D 
 528 0aa2 95F8347C 		.ascii	"\225\3704|\345\356\350\2110\006u\263\300\025=\273\351"
 528      E5EEE889 
 528      300675B3 
 528      C0153DBB 
 528      E9
 529 0ab3 54EE137E 		.ascii	"T\356\023~\003\335.u\247\036\324\343!\036\374\232\224"
 529      03DD2E75 
 529      A71ED4E3 
 529      211EFC9A 
 529      94
 530 0ac4 D6BFB0E0 		.ascii	"\326\277\260\340\376\005P\346\306\262l-\213\275\215"
 530      FE0550E6 
 530      C6B26C2D 
 530      8BBD8D
 531 0ad3 5C9C4BBA 		.ascii	"\\\234K\272._\220\256\241\277\004hOJ\267i\336\032\373"
 531      2E5F90AE 
 531      A1BF0468 
 531      4F4AB769 
 531      DE1AFB
 532 0ae6 8F3CF667 		.ascii	"\217<\366g,\366\376\355\317_\353\\b\177\012>\015P\237"
 532      2CF6FEED 
 532      CF5FEB5C 
 532      627F0A3E 
 532      0D509F
 533 0af9 0669343F 		.ascii	"\006i4?\362h\236\224<; \270\306\376Vv\306\212\023\353"
 533      F2689E94 
 533      3C3B20B8 
 533      C6FE5676 
 533      C68A13EB 
 534 0b0d 04889D2C 		.ascii	"\004\210\235,\310=~\342\004\364\034\342\356\227\342"
 534      C83D7EE2 
 534      04F41CE2 
 534      EE97E2
 535 0b1c 967BF5D3 		.ascii	"\226{\365\323\270_\320\270\037\024\332\277\023\262\330"
 535      B85FD0B8 
 535      1F14DABF 
 535      13B2D8
 536 0b2b 29E45780 		.ascii	")\344W\200W\377p\247\306\003g\350\350|[s\243\370\236"
 536      57FF70A7 
 536      C60367E8 
 536      E87C5B73 
 536      A3F89E
 537 0b3e 16973250 		.ascii	"\026\2272PX\321=\200\211\362\232$[{\012\026\307\322"
 537      58D13D80 
 537      89F29A24 
 537      5B7B0A16 
 537      C7D2
 538 0b50 3EAF04E7 		.ascii	">\257\004\347\303\210\012\015A\315K\260\203~\242\006"
 538      C3880A0D 
 538      41CD4BB0 
 538      837EA206 
 539 0b60 CE34D4A5 		.ascii	"\3164\324\245\273\277_L\2275\270\032\357| \026\375\032"
 539      BBBF5F4C 
 539      9735B81A 
 539      EF7C2016 
 539      FD1A
 540 0b72 CDF907BA 		.ascii	"\315\371\007\272\377\263\331\367Zx\037x\255]i\2574\022"
 540      FFB3D9F7 
 540      5A781F78 
 540      AD5D69AF 
 540      3412
 541 0b84 6FE85D71 		.ascii	"o\350]q\247\316\2314LI\275Y{\212\365\022\251\3060\212"
 541      A7CE9934 
 541      4C49BD59 
 541      7B8AF512 
 541      A9C6308A 
 542 0b98 344249D5 		.ascii	"4BI\325\235y+9\311>\232$bB:\277\343u\037'5\215&%QR\311"
 542      9D792B39 
 542      C93E9A24 
 542      62423ABF 
 542      E3751F27 
 543 0bb3 8E0A1BF7 		.ascii	"\216\012\033\367\251y4)\231\222Z\253W<\324J\244\366"
 543      A9793429 
 543      99925AAB 
 543      573CD44A 
 543      A4F6
 544 0bc5 D1A4144A 		.ascii	"\321\244\024J\262\345\225~\"qzFsR)\307\2761\253\202"
 544      B2E5957E 
 544      22717A46 
 544      735229C7 
 544      BE31AB82 
 545 0bd9 BB34309A 		.ascii	"\27340\232\224FI-C\347\263\274x\232F\223\322)\351VI"
 545      9446492D 
 545      43E7B3BC 
 545      789A4693 
 545      D229E956 
 546 0bee 599D0F4F 		.ascii	"Y\235\017O\323oG\221\226SR\335\362\306[\336<M\243I\031"
 546      D36F4791 
 546      965352DD 
 546      F2C65BDE 
 546      3C4DA349 
 547 0c03 94D4D1B0 		.ascii	"\224\324\321\2606\307\223\247i4i\005%=\356\314\336\307"
 547      36C793A7 
 547      69346905 
 547      253DEECC 
 547      DEC7
 548 0c15 CD358F26 		.ascii	"\3155\217&\255\244\244\347\365?\225rM\355\243I\253("
 548      ADA4A4E7 
 548      F53F9572 
 548      4DEDA349 
 548      AB28
 549 0c27 A9BD705F 		.ascii	"\251\275p_7\217\256g4)\223\222\362n]\336\305I\003\243"
 549      378FAE67 
 549      34299392 
 549      F26E5DDE 
 549      C54903A3 
 550 0c3b 49AB29E9 		.ascii	"I\253)\351\325\211\241f\035\317\323hR\026%\225We7\""
 550      D589A166 
 550      1DCFD368 
 550      52162595 
 550      57653722 
 551 0c4f 8934BC4B 		.ascii	"\2114\274K-f\270\260\326PVf\313\313\025>\312=\203\254"
 551      2D66B8B0 
 551      D6505666 
 551      CBCB153E 
 551      CA3D83AC 
 552 0c63 D8F2F79D 		.ascii	"\330\362\367\235\215\351\236A\336\344G\325\336\316n"
 552      8DE99E41 
 552      DEE447D5 
 552      DECE6E
 553 0c72 AD925CE1 		.ascii	"\255\222\\\341D\316\221\3109\224|\263k\317V\235\222"
 553      44CE91C8 
 553      39947CB3 
 553      6BCF569D 
 553      92
 554 0c83 DCEA44CE 		.ascii	"\334\352D\316\225\310\271\224\\vi\355F/%\231,j2y\255"
 554      95C8B994 
 554      5C7669ED 
 554      462F2599 
 554      2C6A3279 
 555 0c98 445E4BC9 		.ascii	"D^K\311Gs:\312\005)2\330\314{\223\305d\201\306v\206"
 555      47733ACA 
 555      052932D8 
 555      CC7B93C5 
 555      6481C676 
 556 0cad C7B68E0D 		.ascii	"\307\266\216\015]\352\2036\017\266\222\215#\337xoW\233"
 556      5DEA8336 
 556      0FB6928D 
 556      23DF786F 
 556      579B
 557 0cbf 07DEC73E 		.ascii	"\007\336\307>\370\226\363\345\273\311\357\205\037\260"
 557      F896F3E5 
 557      BBC9EF85 
 557      1FB0
 558 0ccd 538C8FE2 		.ascii	"S\214\217\342\027\303\017\330/\206\345\333rJ\264\370"
 558      17C30FD8 
 558      2F86E5DB 
 558      724AB4F8 
 559 0cdd 28A50B67 		.ascii	"(\245\013g\032\033\207\325Ho\310px\2508\236l\302\006"
 559      1A1B87D5 
 559      486FC870 
 559      78A8389E 
 559      6CC206
 560 0cf0 E8446EE2 		.ascii	"\350Dn\342\330\037\345a\351,\016\347\234)\354\307\303"
 560      D81FE561 
 560      E92C0EE7 
 560      9C29ECC7 
 560      C3
 561 0d01 02AC47F9 		.ascii	"\002\254G\371\330\2613} -h\245;o4\351\311\312\232\362"
 561      D8B1337D 
 561      202D68A5 
 561      3B6F34E9 
 561      C9CA9AF2 
 562 0d15 FF6B54FC 		.ascii	"\377kT\374\030:\206\375\030z\343\321\226\\\015>\305"
 562      183A86FD 
 562      187AE3D1 
 562      965C0D3E 
 562      C5
 563 0d26 A269A86A 		.ascii	"\242i\250j{\340\215\31710PP\327\253\307\365\014l\332"
 563      7BE08DCF 
 563      31305050 
 563      D7ABC7F5 
 563      0C6CDA
 564 0d39 B72B1563 		.ascii	"\267+\025c;\003wO&\235\363\306M\014|_\230|_\203o2\220"
 564      3B03774F 
 564      269DF3C6 
 564      4D0C7C5F 
 564      987C5F83 
 565 0d50 DE3A74CC 		.ascii	"\336:t\314\013\337\221\300m\361\226\007\356e\340x\365"
 565      0BDF91C0 
 565      6DF19607 
 565      EE65E078 
 565      F5
 566 0d61 A329CCAA 		.ascii	"\243)\314\252?\240\252\226~\233\364\213l\0338\346\231"
 566      3FA0AA96 
 566      7E9BF48B 
 566      6C1B38E6 
 566      99
 567 0d72 B7CADEA7 		.ascii	"\267\312\336\247C\023\374\014~\023\350c0\224\210\251"
 567      4313FC0C 
 567      7E13E863 
 567      309488A9 
 568 0d82 29A2ED6A 		.ascii	")\242\355j\241fO\271=3\251\250\006\241\315\020~\021"
 568      A1664FB9 
 568      3D33A9A8 
 568      06A1CD10 
 568      7E11
 569 0d94 845F8E15 		.ascii	"\204_\216\025W\306N$\337\031\225\327\3632\010x\007\004"
 569      57C64E24 
 569      DF1995D7 
 569      F3320878 
 569      0704
 570 0da6 8C0E430A 		.ascii	"\214\016C\012H\017\262\272\037\202\362A\014\327r\220"
 570      480FB2BA 
 570      1F82F241 
 570      0CD77290 
 571 0db6 FD203B41 		.ascii	"\375 ;A\366\201\354\005\331\003\262\013\033\024\227"
 571      F681EC05 
 571      D903B20B 
 571      1B1497
 572 0dc5 D93ABB20 		.ascii	"\331:\273 \226\300-\035\373\251\210\006z?\243\257\277"
 572      96C02D1D 
 572      FBA98806 
 572      7A3FA3AF 
 572      BF
 573 0dd6 9B1D16E3 		.ascii	"\233\035\026\343\260}Ln\251x~2\015p\203k\200\353\261"
 573      B07D4C6E 
 573      A9787E32 
 573      0D70836B 
 573      80EBB1
 574 0de9 E3E2CAE8 		.ascii	"\343\342\312\350\003_\262\0334aoueo\301\312+4\241\367"
 574      035FB21B 
 574      34616F75 
 574      656FC1CA 
 574      2B34A1F7 
 575 0dfd 28E8856F 		.ascii	"(\350\205o\246+\2247+\330\305o\316\265\202\335\244`"
 575      A62B9437 
 575      2BD8C56F 
 575      CEB582DD 
 575      A460
 576 0e0f 97B8B203 		.ascii	"\227\270\262\003\\=\261+\330\245od+\256\347$\371\344"
 576      5C3DB12B 
 576      D8A56F64 
 576      2BAEE724 
 576      F9E4
 577 0e21 7E4E32CE 		.ascii	"~N2\316/\347\362\310\\\324\212p\275%\012\266c\371\356"
 577      2FE7F2C8 
 577      5CD48A70 
 577      BD250AB6 
 577      63F9EE
 578 0e34 BE0DB3BB 		.ascii	"\276\015\263\273\373\372\326k\215n\312E@iI\205\216H"
 578      FBFAD66B 
 578      8D6ECA45 
 578      40694985 
 578      8E48
 579 0e46 8BC011B2 		.ascii	"\213\300\021\262\010\340\332\373\3662\227\377l\031\031"
 579      08E0DAFB 
 579      F63297FF 
 579      6C1919
 580 0e55 F92BDC47 		.ascii	"\371+\334GP\005\326K\277\234\345\224L\317\310y\207V"
 580      5005D64B 
 580      BF9CE594 
 580      4CCFC879 
 580      8756
 581 0e67 BCE95EA1 		.ascii	"\274\351^\241\242-p\333\207\271p\224\314\005\200d\317"
 581      A22D70DB 
 581      87B97094 
 581      CC058064 
 581      CF
 582 0e78 BB7B6D44 		.ascii	"\273{mD+//\253\340T0\236./\347\370\362r\234./\203\203"
 582      2B2F2FAB 
 582      E054309E 
 582      2E2FE7F8 
 582      F2729C2E 
 583 0e8f 5B5FF3CD 		.ascii	"[_\363\315\277\347\027|}\255\347\244JJ:9\334rUP\306"
 583      BFE7177C 
 583      7DADE7A4 
 583      4A4A3A39 
 583      DC725550 
 584 0ea4 64735A05 		.ascii	"dsZ\005\253\244\230\252\350\302\326\237z=\325[I~\350"
 584      ABA498AA 
 584      E8C2D69F 
 584      7A3DD55B 
 584      497EE8
 585 0eb7 443E2191 		.ascii	"D>!\221OP\362\221\303\217\373\271\233\366w\271y;7\177"
 585      4F50F291 
 585      C38FFBB9 
 585      9BF677B9 
 585      793B377F 
 586 0ecb 929ADF54 		.ascii	"\222\232\337T\365|\243 \357\337\022\251\201\223\252"
 586      F57CA320 
 586      EFDF12A9 
 586      8193AA
 587 0eda 29697F66 		.ascii	")i\177f\321*\307q\341\2378\251\231\223N\341\367U\277"
 587      D12AC771 
 587      E19F38A9 
 587      99934EE1 
 587      F755BF
 588 0eed 354786FC 		.ascii	"5G\206\374!\314\022oYbM\264\306\007~\274\310\2328\335"
 588      21CC126F 
 588      59624DB4 
 588      C6077EBC 
 588      C89A38DD 
 589 0f01 BAD0B22C 		.ascii	"\272\320\262,&q\216%f\231\325\0242\313\374q\210\345"
 589      26718E25 
 589      6699D514 
 589      32CBFC71 
 589      88E5
 590 0f13 BFFFCB62 		.ascii	"\277\377\313b\032\243\340}<\313\024\031\032b\322\320"
 590      1AA3E07D 
 590      3CCB1419 
 590      1A62D2D0 
 591 0f23 973A7246 		.ascii	"\227:rF\260Q=\323\030\021\212\026{-\213M\210^\024k]"
 591      B0513DD3 
 591      18118A16 
 591      7B2D8B4D 
 591      885E146B 
 592 0f38 303E6AB1 		.ascii	"0>j\261%\336\251\013\323\242\241/\357\231\306Y\021\346"
 592      25DEA90B 
 592      D3A2A12F 
 592      EF99C659 
 592      11E6
 593 0f4a 3063B831 		.ascii	"0c\2701\330\024a\012\037;{V\204q\356\014S\310\014\243"
 593      D814610A 
 593      1F3B7B56 
 593      8471EE0C 
 593      53C80CA3 
 594 0f5e F933E39F 		.ascii	"\3713\343\237\302\347\005E\206\230<\214_E\314\233\033"
 594      C2E70545 
 594      86983C8C 
 594      5F45CC9B 
 594      1B
 595 0f6f 623407CD 		.ascii	"b4\007\315\235\255\217\010\237\367'\363LSD\310\2141"
 595      9DAD8F08 
 595      9FF727F3 
 595      4C5344C8 
 595      8C31
 596 0f81 5FCC9805 		.ascii	"_\314\230\005]L\221\264\301\034a\012\016\373yXhp\230"
 596      5D4C91B4 
 596      C11C610A 
 596      0EFB7958 
 596      687098
 597 0f94 0CCD91C6 		.ascii	"\014\315\221\306\231\306\240\310\261\3607<"
 597      99C6A0C8 
 597      B1F0373C 
 598 0fa0 98D58485 		.ascii	"\230\325\204\205N7~\0312\343+\343\317X\345\2540\343"
 598      4E377E19 
 598      32E32BE3 
 598      CF58E5AC 
 598      30E3
 599 0fb2 F4AF18DB 		.ascii	"\364\257\030\333sz\360\354\240/\214s\215\346\340\320"
 599      737AF0EC 
 599      A02F8C73 
 599      8DE6E0D0 
 600 0fc2 20BFD0B0 		.ascii	" \277\320\260\320\310\020\342\210\311,\325\317\033\013"
 600      D0C810E2 
 600      88C92CD5 
 600      CF1B0B
 601 0fd1 9D23C223 		.ascii	"\235#\302#\347\005\033ImXx\244)|\256q\214K\2451\310"
 601      E7051B49 
 601      6D5878A4 
 601      297CAE71 
 601      8C4BA531 
 602 0fe6 E8C78D98 		.ascii	"\350\307\215\230e%\276\216:\251\237\267\242\002\372"
 602      6525BE8E 
 602      3AA99FB7 
 602      A202FA
 603 0ff5 8C953C0F 		.ascii	"\214\225<\017U:\3763E\204\254"
 603      553AFE33 
 603      4584AC
 604 1000 C19BFC31 		.ascii	"\301\233\3741\205\033#f\207\223:\337\340\320\351&\263"
 604      851B2366 
 604      87933ADF 
 604      E0D0E926 
 604      B3
 605 1011 717644A8 		.ascii	"qvD\250\031\354\3176\316T\207\300`\250c!\321(JM\022"
 605      19ECCF36 
 605      CE5487C0 
 605      60A86321 
 605      D1284A4D 
 606 1026 EF61894A 		.ascii	"\357a\211J\\f\211\241C\250\377<d\366\370\240\337\375"
 606      5C6689A1 
 606      43A8FF3C 
 606      64F6F8A0 
 606      DFFD
 607 1038 2EF02395 		.ascii	".\360#\225nYtlb\3404s\242%`q\334\022k@\334\322\304\000"
 607      6E59746C 
 607      62E03473 
 607      A2256071 
 607      DC126B40 
 608 1050 4BFC920F 		.ascii	"K\374\222\017\023\343\342b\240[tlB\300\242\250(c\374"
 608      13E3E262 
 608      A05B746C 
 608      42C0A2A8 
 608      2863FC
 609 1063 9290B858 		.ascii	"\222\220\270X\253\3112?z\232y\312\344\300O\376<% &z"
 609      ABC9323F 
 609      7A9A79CA 
 609      E4C04FFE 
 609      3C252026 
 610 1078 3E69A2EC 		.ascii	">i\242\354Xh\374\320\012\255\001\323&M\235\024\030\020"
 610      5868FCD0 
 610      0AAD01D3 
 610      264D9D14 
 610      1810
 611 108a 1D1B15B3 		.ascii	"\035\033\025\263l\2015 !q\001\250\377\020h\223\026\253"
 611      6C813520 
 611      217101A8 
 611      FF106893 
 611      16AB
 612 109c 84D878BD 		.ascii	"\204\330x\275<\370\356\216\222\337\244I\001\011\361"
 612      3CF8EE8E 
 612      92DFA449 
 612      0109F1
 613 10ab 51018E0A 		.ascii	"Q\001\216\012\340\372\270L\272\361.sratL\314g\226\204"
 613      E0FAB84C 
 613      BAF12E73 
 613      7261744C 
 613      CC679684 
 614 10bf C4E99644 		.ascii	"\304\351\226DK\204e\276\351k\037\227\032\365|\010\340"
 614      4B8465BE 
 614      E96B1F97 
 614      1AF57C08 
 614      E0
 615 10d0 E7A33447 		.ascii	"\347\2434G-]\252\3625G\006\006~\026cIX<;6&.\352?\277"
 615      2D5DAAF2 
 615      35470606 
 615      7E166349 
 615      583C3B36 
 616 10e9 F650002F 		.ascii	"\366P\000/s\344\037(\234IZ\334\035\305_;;0-:6:\321d"
 616      73E41F28 
 616      9C495ADC 
 616      1DC55F3B 
 616      3B302D3A 
 617 1101 5D1A1FB7 		.ascii	"]\032\037\267$\330\272$.\376[\323\327\276\256U.>\177"
 617      24D8BA24 
 617      2EFE5BD3 
 617      D7BEAE55 
 617      2E3E7F
 618 1114 94604D34 		.ascii	"\224`M4\231H3\373\214\022\023\275\235k\336u\341/r\341"
 618      994833FB 
 618      8C1213BD 
 618      9D6BDE75 
 618      E12F72E1 
 619 1128 7B3B57B8 		.ascii	"{;W\270Af\247N1'\372\232L\346\271\361\321\211\3269\226"
 619      4166A74E 
 619      3127FA9A 
 619      4CE6B9F1 
 619      D189D639 
 620 113d F868CBFC 		.ascii	"\370h\313\374\030\253\257\024\265\225\372B\222\011\214"
 620      18ABAF14 
 620      B595FA42 
 620      92098C
 621 114c 70AB6501 		.ascii	"p\253e\001'\270\001\236\001\316z/\204|\005\305-\375"
 621      27B8019E 
 621      01CE7A2F 
 621      847C05C5 
 621      2DFD
 622 115e 366E21C9 		.ascii	"6n!\311\232\327\234\350\370D\343\002B\203\004\276\343"
 622      9AD79CE8 
 622      F844E302 
 622      428304BE 
 622      E3
 623 116f ECCDE4D8 		.ascii	"\354\315\344\330\370\320\205\024&\230\364rY\033\032"
 623      F8D08514 
 623      2698F472 
 623      591B1A
 624 117e 1611141E 		.ascii	"\026\021\024\036Hg\021qFC\261\000\377f\205\273A\371"
 624      48671171 
 624      4643B100 
 624      FF6685BB 
 624      41F9
 625 1190 2BD3BC70 		.ascii	"+\323\274p5\371\203\215A\341>\201S?\203\257\374\013"
 625      35F9838D 
 625      41E13E81 
 625      533F83AF 
 625      FC0B
 626 11a2 73C4B74B 		.ascii	"s\304\267K\2550\272^Nh\"q\373\333\204D\353\022\307\364"
 626      AD30BA5E 
 626      4E682271 
 626      FBDB8444 
 626      EB12C7F4 
 627 11b6 895A9210 		.ascii	"\211Z\222\020\235\000\223h\311\324)\013?\012\014\374"
 627      9D009368 
 627      C9D4290B 
 627      3F0A0CFC 
 628 11c6 C60AC1FC 		.ascii	"\306\012\301\374\037u\325:\305"
 628      1F75D53A 
 628      C5
 629              		.text
 630              		.section	.gnu.lto_.symtab.9d0123722e66b1f7,"",%progbits
 631 0000 5F5A4E39 		.ascii	"_ZN9Parameter15getDefaultValueENS_5NazwaE\000"
 631      50617261 
 631      6D657465 
 631      72313567 
 631      65744465 
 632 002a 5F5A4E39 		.ascii	"_ZN9Parameter15getDefaultValueENS_5NazwaE\000"
 632      50617261 
 632      6D657465 
 632      72313567 
 632      65744465 
 633 0054 01       		.ascii	"\001"
 634 0055 00       		.ascii	"\000"
 635 0056 00000000 		.ascii	"\000\000\000\000\000\000\000\000"
 635      00000000 
 636 005e 38010000 		.ascii	"8\001\000\000"
 637 0062 5F5A4E39 		.ascii	"_ZN9Parameter15fillFastDataTabEv\000"
 637      50617261 
 637      6D657465 
 637      72313566 
 637      696C6C46 
 638 0083 00       		.ascii	"\000"
 639 0084 00       		.ascii	"\000"
 640 0085 00       		.ascii	"\000"
 641 0086 00000000 		.ascii	"\000\000\000\000\000\000\000\000"
 641      00000000 
 642 008e 41010000 		.ascii	"A\001\000\000"
 643 0092 66617374 		.ascii	"fastCopyofData\000"
 643      436F7079 
 643      6F664461 
 643      746100
 644 00a1 00       		.ascii	"\000"
 645 00a2 00       		.ascii	"\000"
 646 00a3 00       		.ascii	"\000"
 647 00a4 00000000 		.ascii	"\000\000\000\000\000\000\000\000"
 647      00000000 
 648 00ac 70010000 		.ascii	"p\001\000\000"
 649 00b0 5F5A3131 		.ascii	"_Z11FlashUnlockv\000"
 649      466C6173 
 649      68556E6C 
 649      6F636B76 
 649      00
 650 00c1 00       		.ascii	"\000"
 651 00c2 00       		.ascii	"\000"
 652 00c3 00       		.ascii	"\000"
 653 00c4 00000000 		.ascii	"\000\000\000\000\000\000\000\000"
 653      00000000 
 654 00cc 44010000 		.ascii	"D\001\000\000"
 655 00d0 5F5A3946 		.ascii	"_Z9FlashLockv\000"
 655      6C617368 
 655      4C6F636B 
 655      7600
 656 00de 00       		.ascii	"\000"
 657 00df 00       		.ascii	"\000"
 658 00e0 00       		.ascii	"\000"
 659 00e1 00000000 		.ascii	"\000\000\000\000\000\000\000\000"
 659      00000000 
 660 00e9 47010000 		.ascii	"G\001\000\000"
 661 00ed 5F5A4E39 		.ascii	"_ZN9Parameter16initEepromMemoryEv\000"
 661      50617261 
 661      6D657465 
 661      72313669 
 661      6E697445 
 662 010f 00       		.ascii	"\000"
 663 0110 00       		.ascii	"\000"
 664 0111 00       		.ascii	"\000"
 665 0112 00000000 		.ascii	"\000\000\000\000\000\000\000\000"
 665      00000000 
 666 011a 4A010000 		.ascii	"J\001\000\000"
 667 011e 5F5A4E39 		.ascii	"_ZN9Parameter14setEEpromValueEtt\000"
 667      50617261 
 667      6D657465 
 667      72313473 
 667      65744545 
 668 013f 00       		.ascii	"\000"
 669 0140 00       		.ascii	"\000"
 670 0141 00       		.ascii	"\000"
 671 0142 00000000 		.ascii	"\000\000\000\000\000\000\000\000"
 671      00000000 
 672 014a 50010000 		.ascii	"P\001\000\000"
 673 014e 5F5A4E39 		.ascii	"_ZN9Parameter14getEEpromValueEt\000"
 673      50617261 
 673      6D657465 
 673      72313467 
 673      65744545 
 674 016e 00       		.ascii	"\000"
 675 016f 00       		.ascii	"\000"
 676 0170 00       		.ascii	"\000"
 677 0171 00000000 		.ascii	"\000\000\000\000\000\000\000\000"
 677      00000000 
 678 0179 5A010000 		.ascii	"Z\001\000\000"
 679 017d 56697274 		.ascii	"VirtAddVarTab\000"
 679      41646456 
 679      61725461 
 679      6200
 680 018b 00       		.ascii	"\000"
 681 018c 00       		.ascii	"\000"
 682 018d 00       		.ascii	"\000"
 683 018e 00000000 		.ascii	"\000\000\000\000\000\000\000\000"
 683      00000000 
 684 0196 78010000 		.ascii	"x\001\000\000"
 685 019a 5F5A4E39 		.ascii	"_ZN9Parameter10nrOfParamsE\000"
 685      50617261 
 685      6D657465 
 685      7231306E 
 685      724F6650 
 686 01b5 00       		.ascii	"\000"
 687 01b6 00       		.ascii	"\000"
 688 01b7 00       		.ascii	"\000"
 689 01b8 00000000 		.ascii	"\000\000\000\000\000\000\000\000"
 689      00000000 
 690 01c0 7C010000 		.ascii	"|\001\000\000"
 691 01c4 45455F57 		.ascii	"EE_WriteVariable\000"
 691      72697465 
 691      56617269 
 691      61626C65 
 691      00
 692 01d5 00       		.ascii	"\000"
 693 01d6 02       		.ascii	"\002"
 694 01d7 00       		.ascii	"\000"
 695 01d8 00000000 		.ascii	"\000\000\000\000\000\000\000\000"
 695      00000000 
 696 01e0 5F010000 		.ascii	"_\001\000\000"
 697 01e4 45455F52 		.ascii	"EE_ReadVariable\000"
 697      65616456 
 697      61726961 
 697      626C6500 
 698 01f4 00       		.ascii	"\000"
 699 01f5 02       		.ascii	"\002"
 700 01f6 00       		.ascii	"\000"
 701 01f7 00000000 		.ascii	"\000\000\000\000\000\000\000\000"
 701      00000000 
 702 01ff 65010000 		.ascii	"e\001\000\000"
 703 0203 45455F49 		.ascii	"EE_Init\000"
 703      6E697400 
 704 020b 00       		.ascii	"\000"
 705 020c 02       		.ascii	"\002"
 706 020d 00       		.ascii	"\000"
 707 020e 00000000 		.ascii	"\000\000\000\000\000\000\000\000"
 707      00000000 
 708 0216 68010000 		.ascii	"h\001\000\000"
 709              		.text
 710              		.section	.gnu.lto_.opts,"",%progbits
 711 0000 272D666D 		.ascii	"'-fmath-errno' '-fsigned-zeros' '-ftrapping-math' '"
 711      6174682D 
 711      6572726E 
 711      6F272027 
 711      2D667369 
 712 0033 2D666E6F 		.ascii	"-fno-trapv' '-fno-strict-overflow' '-fno-openmp' '-"
 712      2D747261 
 712      70762720 
 712      272D666E 
 712      6F2D7374 
 713 0066 666E6F2D 		.ascii	"fno-openacc' '-dD' '-mcpu=cortex-m4' '-mthumb' '-mf"
 713      6F70656E 
 713      61636327 
 713      20272D64 
 713      44272027 
 714 0099 6C6F6174 		.ascii	"loat-abi=soft' '-g3' '-O0' '-fmessage-length=0' '-f"
 714      2D616269 
 714      3D736F66 
 714      74272027 
 714      2D673327 
 715 00cc 7369676E 		.ascii	"signed-char' '-ffunction-sections' '-fdata-sections"
 715      65642D63 
 715      68617227 
 715      20272D66 
 715      66756E63 
 716 00ff 2720272D 		.ascii	"' '-flto' '-fno-move-loop-invariants' '-fno-excepti"
 716      666C746F 
 716      2720272D 
 716      666E6F2D 
 716      6D6F7665 
 717 0132 6F6E7327 		.ascii	"ons'\000"
 717      00
 718              		.text
 719              		.comm	__gnu_lto_v1,1,1
 720              		.comm	__gnu_lto_slim,1,1
 721              		.ident	"GCC: (GNU Tools for ARM Embedded Processors 6-2017-q2-update) 6.3.1 20170620 (release) [AR
DEFINED SYMBOLS
                            *ABS*:0000000000000000 Parameter.cpp
                            *COM*:0000000000000001 __gnu_lto_v1
                            *COM*:0000000000000001 __gnu_lto_slim

NO UNDEFINED SYMBOLS
