   1              		.cpu cortex-m4
   2              		.eabi_attribute 20, 1
   3              		.eabi_attribute 21, 1
   4              		.eabi_attribute 23, 3
   5              		.eabi_attribute 24, 1
   6              		.eabi_attribute 25, 1
   7              		.eabi_attribute 26, 1
   8              		.eabi_attribute 30, 6
   9              		.eabi_attribute 34, 1
  10              		.eabi_attribute 18, 4
  11              		.file	"Pomiar.cpp"
  12              		.text
  13              	.Ltext0:
  14              		.section	.gnu.lto_.inline.f55dfd50f618c3c4,"",%progbits
  15 0000 789C6365 		.ascii	"x\234ce`bPc@\000&\006\0066V \3051\301\217\201\005\304"
  15      60625063 
  15      40002606 
  15      06365620 
  15      C531C18F 
  16 0017 03093103 		.ascii	"\003\0111\003i&\246\005\3620\021\006\000.k\001\371"
  16      6926A605 
  16      F2301106 
  16      002E6B01 
  16      F9
  17              		.text
  18              		.section	.gnu.lto__ZN6Pomiar12getPomiarRawENS_7AnalogiE.f55dfd50f618c3c4,"",%progbits
  19 0000 789C7552 		.ascii	"x\234uRaKSa\024~\237\367\334{7\233ZD\341\227A~h\230"
  19      614B5361 
  19      147E9FF7 
  19      DC7B379B 
  19      5A44E197 
  20 0018 5FA6D20F 		.ascii	"_\246\322\017\350/\364\027\302O}\250d\375\200\275n\263"
  20      E82FF417 
  20      C24F7DA8 
  20      64FD80BD 
  20      6EB3
  21 002a C1160692 		.ascii	"\301\026\006\222\211\342\355B\323\264\322\346\262\022"
  21      89E2ED42 
  21      D3B4D2E6 
  21      B212
  22 0038 A3E2B610 		.ascii	"\243\342\266\0202Ji\037B\012\012f\020\202B\211\022\224"
  22      324A691F 
  22      420A0A66 
  22      10824289 
  22      1294
  23 004a 6D9D73B7 		.ascii	"m\235s\267\017At\341\276\234\347\360\234\347<\347\274"
  23      0F4174E1 
  23      BE9CE7F0 
  23      9CE73CE7 
  23      BC
  24 005b AFADB42A 		.ascii	"\257\255\264*h\245:\224R\275\374+G\201!\264&\245\214"
  24      68A53A94 
  24      52BDFC2B 
  24      478121B4 
  24      26A58C
  25 006e B6F8B008 		.ascii	"\266\370\260\0106g\254\340\264\001&A%5Y6\222\270Fc\204"
  25      3667ACE0 
  25      B4012641 
  25      25355936 
  25      92B84663 
  26 0083 95FA0FFF 		.ascii	"\225\372\017\377\3600y\304u\014+\337\336\270\021\201"
  26      F03079C4 
  26      750C2BDF 
  26      DEB81181 
  27 0093 C0118677 		.ascii	"\300\021\206w\247\212\273\341\356\031cR\306\037\253"
  27      A78ABBE1 
  27      EE196352 
  27      C61FAB
  28 00a2 9CBC921E 		.ascii	"\234\274\222\036:\345\221V\343\314\236E\0243\210\212"
  28      3AE59156 
  28      E3CC9E45 
  28      1433888A 
  29 00b2 E21D7433 		.ascii	"\342\035t3\367\363\325\2335\233\216Cq\274\263\364k\323"
  29      F7F3D59B 
  29      359B8E43 
  29      71BCB3F4 
  29      6BD3
  30 00c4 EA9A0EEA 		.ascii	"\352\232\016\352\016\366\265i\365\210\305@Rx:\212\336"
  30      0EF6B569 
  30      F588C540 
  30      52783A8A 
  30      DE
  31 00d5 A8E284C2 		.ascii	"\250\342\204\302=t\011\273Z\252\215\2669\226\310\262"
  31      3D7409BB 
  31      5AAA8DB6 
  31      3996C8B2 
  32 00e5 DA1C1CF6 		.ascii	"\332\034\034\366)\336\336e\026&\251\341\315b\370\375"
  32      29DEDE65 
  32      1626A9E1 
  32      CD62F8FD 
  33 00f5 EDC4667B 		.ascii	"\355\304f{\303[\247\364(\275p\333b\005\303\237\377~"
  33      C35BA7F4 
  33      28BD70DB 
  33      6205C39F 
  33      FF7E
  34 0107 84C667FD 		.ascii	"\204\306g\375L\247G\201\012\356\263\271\371\300\034"
  34      4CA74781 
  34      0AEEB3B9 
  34      F9C01C
  35 0116 0B161163 		.ascii	"\013\026\021cz\366\351\360\352!\241\217\260\245t\032"
  35      7AF6E9F0 
  35      EA21A18F 
  35      B0A5741A 
  36 0126 A9EB46FF 		.ascii	"\251\353F\377;\013\323\027\002\372\337\352\237\252\366"
  36      3B0BD317 
  36      02FADFEA 
  36      9FAAF6
  37 0135 FFD54B88 		.ascii	"\377\325K\210\025+\360M\255\2365\376\332-\334^l\011"
  37      152BF04D 
  37      AD9E35FE 
  37      DA2DDC5E 
  37      6C09
  38 0147 83C7D31A 		.ascii	"\203\307\323\0322\037qhY\202m\211B\022)\225\223IU^B"
  38      321F7168 
  38      59826D89 
  38      42122995 
  38      9349555E 
  39 015c DA426A37 		.ascii	"\332Bj7;?\355\310\340.\221\313\311/\310l\274<\326L\260"
  39      3B3FEDC8 
  39      E02E91CB 
  39      C92FC86C 
  39      BC3CD64C 
  40 0171 99D5A927 		.ascii	"\231\325\251'\007\25529_$\0364;\347y\203A\365\336\253"
  40      07AD3239 
  40      5F241E34 
  40      3BE77983 
  40      41F5DEAB 
  41 0185 330DAA2C 		.ascii	"3\015\252,it=Wv\204\252Q\253\023\026\003r\236\2157\033"
  41      69743D57 
  41      7684AA51 
  41      AB131603 
  41      729E8D37 
  42 019a 3D5B8934 		.ascii	"=[\2114\310\2664\332B\371yK\003\207\270\370\306Py=$"
  42      C8B634DA 
  42      42F9794B 
  42      0387B8F8 
  42      C650793D 
  43 01af C576708B 		.ascii	"\305vp\213\313\313\333\037C\311\337&\314\211\2028\346"
  43      CBCBDB1F 
  43      43C9DF26 
  43      CC898238 
  43      E6
  44 01c0 DC76A6BA 		.ascii	"\334v\246\272\026\361\340\016\032x\344\340\021\277\243"
  44      16F1E00E 
  44      1A78E4E0 
  44      11BFA3
  45 01cf 87D2435A 		.ascii	"\207\322CZo\314M\266\367\025Mf\320\360\252Bx\014\346"
  45      6FCC4DB6 
  45      F7154D66 
  45      D0F0AA42 
  45      780CE6
  46 01e2 911D6C69 		.ascii	"\221\035li\011}\201\017F\364\225\337\341\004A\355\360"
  46      097D810F 
  46      46F495DF 
  46      E10441ED 
  46      F0
  47 01f3 6B7549DE 		.ascii	"kuI\336\344>\230h\321\207\327'\330\207\3653\327\301"
  47      E43E9868 
  47      D187D727 
  47      D887F533 
  47      D7C1
  48 0205 0BE23C6F 		.ascii	"\013\342<o\347h<\336s9\321\337s\366\322\205\363\347"
  48      E7683CDE 
  48      7339D1DF 
  48      73F6D285 
  48      F3E7
  49 0217 12F1FE81 		.ascii	"\022\361\376\201\001\245/&\376\000\324\241\317\005"
  49      01A52F26 
  49      FE00D4A1 
  49      CF05
  50              		.text
  51              		.section	.gnu.lto__ZN6Pomiar15getDataTablePtrEv.f55dfd50f618c3c4,"",%progbits
  52 0000 789C6550 		.ascii	"x\234eP\273N\002Q\020\235\263\263\202\211Q\022cIA!\005"
  52      BB4E0251 
  52      109DB3B3 
  52      82895112 
  52      63494121 
  53 0015 CDE23FD8 		.ascii	"\315\342?\330X\372\013\206\312\302H\360\003\366\272"
  53      58FA0B86 
  53      CAC248F0 
  53      03F6BA
  54 0024 40507C25 		.ascii	"@P|%D%\202d\013L\000_hI\267\261W#\261#\261\300\302\230"
  54      44258264 
  54      0B4C005F 
  54      6849B7B1 
  54      5723B123 
  55 003c 60616265 		.ascii	"`abe\002:c\264\262\270\217s\346\3149s\357\030Y4\017"
  55      023A63B4 
  55      B2B88F73 
  55      E6CC3973 
  55      EF185934 
  56 0051 A219228A 		.ascii	"\242\031\"\212\312\"\233`\221,\260\354\014)\021\310"
  56      CA229B60 
  56      912CB0EC 
  56      0C2911C8 
  57 0061 B5182EF6 		.ascii	"\265\030.\366\270\314x\310]\035\363.\373L\260\005\276"
  57      B8CC78C8 
  57      5D1DF32E 
  57      FB4CB005 
  57      BE
  58 0072 DF569EA7 		.ascii	"\337V\236\247\024\0021\201U\323\335\014'\032\306x&("
  58      14023181 
  58      55D3DD0C 
  58      271AC678 
  58      2628
  59 0084 3FCDED67 		.ascii	"?\315\355g\363\013>[t$\352&\242h@3\320B\202D\334\277"
  59      F30B3E5B 
  59      7424EA26 
  59      A2684033 
  59      D0428244 
  60 009a 1E1D4C86 		.ascii	"\036\035L\206l\255\012y\212\220\204A\370\355\235\341"
  60      6CAD0A79 
  60      8A908441 
  60      F8ED9DE1 
  61 00aa 47245E37 		.ascii	"G$^7\246d\202\307r\026\336\211\261\376\273\210\366\014"
  61      A66482C7 
  61      7216DE89 
  61      B1FEBB88 
  61      F60C
  62 00bc F1761781 		.ascii	"\361v\027\201\031}\025L0\230\255\206\030\244B*\252#"
  62      197D154C 
  62      3098AD86 
  62      18A4422A 
  62      AA23
  63 00ce 6DE9955F 		.ascii	"m\351\225_\341}\026Z\021\365\257\261\332\037\346o\356"
  63      E17D165A 
  63      11F5AFB1 
  63      DA1FE66F 
  63      EE
  64 00df C33AB2A8 		.ascii	"\303:\262\250\005v:\203^\330\035\232q!\352\332'\334"
  64      05763A83 
  64      5ED81D9A 
  64      7121EADA 
  64      27DC
  65 00f1 20D7BF9B 		.ascii	" \327\277\233\360Q[7\360\331\306\205<\376\\C\245T\012"
  65      F0515B37 
  65      F0D9C685 
  65      3CFE5C43 
  65      A5540A
  66 0104 7A1B7F72 		.ascii	"z\033\177r\\\302\327\231\333p\177\342\244\233_\344\313"
  66      5CC2D799 
  66      DB707FE2 
  66      A49B5FE4 
  66      CB
  67 0115 2AE2FC06 		.ascii	"*\342\374\006/\366\233\251\263\024\365\220q\246\035"
  67      2FF69BA9 
  67      B314F590 
  67      71A61D
  68 0124 27B99649 		.ascii	"'\271\226I%\027WW\226\2272N*\235\246o\247\247d\230"
  68      25175757 
  68      9697324E 
  68      2A9DA66F 
  68      A7A76498 
  69              		.text
  70              		.section	.gnu.lto_.symbol_nodes.f55dfd50f618c3c4,"",%progbits
  71 0000 789C6365 		.ascii	"x\234ce`b\260`\000\002\246F\306z\006\206\011\347\030"
  71      6062B060 
  71      0002A646 
  71      C67A0686 
  71      09E718
  72 0013 1880D4AE 		.ascii	"\030\200\324\256FG\006\006\326\006F\206V%\220T\023c"
  72      46470606 
  72      D6064686 
  72      56259054 
  72      1363
  73 0025 3D23AAD4 		.ascii	"=#\252\324\177\006\306\026\240\0243\003\000e\335\013"
  73      7F06C616 
  73      A0143303 
  73      0065DD0B 
  74 0035 D5       		.ascii	"\325"
  75              		.text
  76              		.section	.gnu.lto_.refs.f55dfd50f618c3c4,"",%progbits
  77 0000 789C6365 		.ascii	"x\234ce`b\340f```\004\"VF&&FF\006\000\001\214\000!"
  77      6062E066 
  77      60606004 
  77      22564626 
  77      26464606 
  78              		.text
  79              		.section	.gnu.lto_.decls.f55dfd50f618c3c4,"",%progbits
  80 0000 789C8D55 		.ascii	"x\234\215U{L\223W\024\377NoKK\001A4\213Y\272\204\350"
  80      7B4C9357 
  80      14FF4E6F 
  80      4B4B0141 
  80      348B59BA 
  81 0016 6C488C14 		.ascii	"lH\214\024\324\341\342_2i|M$\012.\361\237\246<\002$"
  81      D4E1E25F 
  81      32697C4D 
  81      240A2EF1 
  81      9FA63C02 
  82 002b 581C54F7 		.ascii	"X\034T\367\357\005\024Q7'\233Sds\026q\233\250\010>\247"
  82      EF051451 
  82      37279B53 
  82      64731671 
  82      9BA8083E 
  83 0040 E2A0F840 		.ascii	"\342\240\370@TD\021_\310TTDQt\365\205\312s\347\336\333"
  83      5444115F 
  83      C8545444 
  83      5174F585 
  83      CA73E7DE 
  84 0055 AFDF0759 		.ascii	"\257\337\007Y\266\335\364\362\235s\317\357\274\317\275"
  84      B6DDF4F2 
  84      9D73CFEF 
  84      BCCFBD
  85 0064 E8248D94 		.ascii	"\350$\215\224\356/I.\220$\267$IC\270\010~+$eip\337\307"
  85      EE2F492E 
  85      9024B724 
  85      4943B808 
  85      7E2B2465 
  86 007c DDE5A55F 		.ascii	"\335\345\245_\342\356\225\206\2573\250o\300o(\356\261"
  86      E2EE9586 
  86      AF33A86F 
  86      C06F28EE 
  86      B1
  87 008d B8DB719F 		.ascii	"\270\333q\237\306\035\217\273\017\367\013\334\036/\026"
  87      C61D8FBB 
  87      0FF70BDC 
  87      1E2F16
  88 009c BCF6645B 		.ascii	"\274\366d[\375#l\265 @\247\262\365HeC\326W\30720B\177"
  88      FD236CB5 
  88      2040A7B2 
  88      F5486543 
  88      D657C732 
  89 00b3 0B81B53F 		.ascii	"\013\201\265?\227\017\300\035\370\223A\201-\241\245"
  89      970FC01D 
  89      F8934181 
  89      2DA1A5
  90 00c2 5AE04D96 		.ascii	"Z\340M\226/&\006_\256\012\024F(I^ \356\341@Y\252\266"
  90      2F26065F 
  90      AE0A1446 
  90      28495E20 
  90      EEE14059 
  91 00d8 A81CF300 		.ascii	"\250\034\363\000x\020j\015/\313\177\032P\016\324B\265"
  91      78106A0D 
  91      2FCB7F1A 
  91      500ED442 
  91      B5
  92 00e9 416F16F0 		.ascii	"Ao\026\360\017a\211E\344\354_lm\3544\336\205\333\014"
  92      0F618945 
  92      E4EC5F6C 
  92      6DEC34DE 
  92      85DB0C
  93 00fc E79A09E2 		.ascii	"\347\232\011\342l\360\351\200\236\240\037\244\273+\367"
  93      6CF0E980 
  93      9EA01FA4 
  93      BB2BF7
  94 010b 35684838 		.ascii	"5hH8\247\253\016\356n2\222\031\234\256\\\335Qn\330@"
  94      A7AB0EEE 
  94      6E329219 
  94      9CAE5CDD 
  94      516ED840 
  95 011f C0648421 		.ascii	"\300d\204!`|\367\261\367A\202g\342\274\301\202f\015"
  95      607CF7B1 
  95      F7418267 
  95      E2BCC182 
  95      660D
  96 0131 F98CD335 		.ascii	"\371\214\3235k;\036\030\311\034N\257z\377}\005!\013"
  96      6B3B1E18 
  96      C91C4EAF 
  96      7AFF7D05 
  96      210B
  97 0143 395DEC79 		.ascii	"9]\354y\323\007d\011\247\017\324\024\267\000\261q\272"
  97      D3076409 
  97      A70FD414 
  97      B700B171 
  97      BA
  98 0154 6BCBFDED 		.ascii	"k\313\375\355\032\222\306\351\226\2037\356\001Y\311"
  98      1A92C6E9 
  98      968337EE 
  98      0159C9
  99 0163 E9A6576B 		.ascii	"\351\246Wk\177\010 \0248S\230wl0\230\344\011\246}\303"
  99      7F082014 
  99      38539877 
  99      6C3098E4 
  99      09A67DC3 
 100 0177 C553A3C2 		.ascii	"\305S\243\302\177\245\270\\\324e\220X\024G@\344\010"
 100      7FA5B85C 
 100      D4659058 
 100      144740E4 
 100      08
 101 0188 8719B185 		.ascii	"\207\031\261\205\220\242\012Ws\000\030M\000\370+\244"
 101      90A20A57 
 101      7300184D 
 101      00F82BA4 
 102 0198 348F7A76 		.ascii	"4\217zvT\205`\221\246\232 \322$\301\357\020\016G\301"
 102      54856091 
 102      A69A20D2 
 102      24C1EF10 
 102      0E47C1
 103 01ab 881AC710 		.ascii	"\210\032\307\020q\034LR\0115\360\223\022\212p\017p\232"
 103      711C4C52 
 103      0935F093 
 103      128A700F 
 103      709A
 104 01bd C5DAD555 		.ascii	"\305\332\325Ui \033\205\353\222\206\2625\201\021{\251"
 104      69201B85 
 104      EB9286B2 
 104      3581117B 
 104      A9
 105 01ce 5886A33A 		.ascii	"X\206\243:e\260~|\326\021G\3128\354\303\272\374\376"
 105      65B07E7C 
 105      D61147CA 
 105      38ECC3BA 
 105      FCFE
 106 01e0 ED0160D6 		.ascii	"\355\001`\326\232\315f\255!|\214VD\2415\207\013\002"
 106      9ACD66AD 
 106      217C8C56 
 106      44A13587 
 106      0B02
 107 01f2 7F8C62C7 		.ascii	"\177\214b\307\210\321\356\244\305\224\272oT\204\037"
 107      88D1EEA4 
 107      C594BA6F 
 107      54841F
 108 0201 A2AB42E0 		.ascii	"\242\253B\3404\030\340 \020\366e\3714ad\032\011*\361"
 108      3418E020 
 108      10F665F9 
 108      3461641A 
 108      092AF1
 109 0214 E40298E1 		.ascii	"\344\002\230\341\006h%\201\177\262*l&\007W)\340f\004"
 109      06682581 
 109      7FB22A6C 
 109      26075729 
 109      E06604
 110 0227 0BE92D59 		.ascii	"\013\351-Yz@\221^\364I{e\351>EzI8:\204'\327\321\321"
 110      7A40915E 
 110      F4497B65 
 110      E93E457A 
 110      49383A84 
 111 023f 797454C0 		.ascii	"ytT\300\313\226G\3118V\014\271rg\260rL\267\036\306\300"
 111      CB9647C9 
 111      38560CB9 
 111      7267B072 
 111      4CB71EC6 
 112 0254 65A44F81 		.ascii	"e\244O\201\026*0\247\275h\2007\305]o\245y\006\216\331"
 112      162A30A7 
 112      BD688037 
 112      C55D6FA5 
 112      79068ED9 
 113 0268 83D610C7 		.ascii	"\203\326\020\307;\263\233u\246\210\001\320\344L\245"
 113      3BB39B75 
 113      A68801D0 
 113      E44CA5
 114 0277 138D6883 		.ascii	"\023\215h\203\331:\001\021\234F\373\210N\320\260+\307"
 114      D93A0111 
 114      9C46FB88 
 114      4ED0B02B 
 114      C7
 115 0288 93736338 		.ascii	"\223sc8\265\030\016oL$\217\227\365\212}\021\301jU\203"
 115      B5180E6F 
 115      4C248F97 
 115      F58A7D11 
 115      C16A5583 
 116 029c 882BBECA 		.ascii	"\210+\276\312\364L\223\335W*\351\265\360\350\\(\356"
 116      F44C93DD 
 116      572AE9B5 
 116      F0E85C28 
 116      EE
 117 02ad CCA12E37 		.ascii	"\314\241.7p\227\177\240\034\335\362\360\252Yx\334E\230"
 117      70977FA0 
 117      1CDDF2F0 
 117      AA5978DC 
 117      4598
 118 02bf D7059221 		.ascii	"\327\005\222!\012\331\016\234\0266\352_\023\234<~ \347"
 118      0AD90E9C 
 118      1636EA5F 
 118      139C3C7E 
 118      20E7
 119 02d1 2779B5DD 		.ascii	"'y\265\335 G\306J_\207\221]\223c\277,D\"\312N_\224\373"
 119      2047C64A 
 119      5F87915D 
 119      9363BF2C 
 119      4422CA4E 
 120 02e8 95281B44 		.ascii	"\225(\033D\023\330\311U\324<\353\313\351\274\334\261"
 120      13D8C955 
 120      D43CEBCB 
 120      E9BCDCB1 
 121 02f8 430AF89C 		.ascii	"C\012\370\234\000\263\036\236\0043\037\302=\265\305"
 121      00B31E9E 
 121      04331FC2 
 121      3DB5C5
 122 0307 5443AAC5 		.ascii	"TC\252\305\260\376\3225\330\344\247\305:r\305$-;;3\364"
 122      B0FED235 
 122      D8E4A7C5 
 122      3A72C524 
 122      2D3B3B33 
 123 031c D61D8C17 		.ascii	"\326\035\214\0277\324\010\032d\257x\032\267\005 ;\326"
 123      37D4081A 
 123      64AF781A 
 123      B705203B 
 123      D6
 124 032d 08214CA3 		.ascii	"\010!L\243\267\317C\2205\3435\037\"\252{n\026\367\274"
 124      B7CF4390 
 124      35E3351F 
 124      22AA7B6E 
 124      16F7BC
 125 0340 A6A8ADD3 		.ascii	"\246\250\255\323H\032\270yM\341\355\372\015:\0107\212"
 125      481AB879 
 125      4DE1EDFA 
 125      0D3A0837 
 125      8A
 126 0351 9E5F3A6E 		.ascii	"\236_:n\336\274\206R\015\264\343\244\334\361\325\025"
 126      DEBC8652 
 126      0DB4E3A4 
 126      DCF1D515 
 127 0361 35F12FBF 		.ascii	"5\361/\277\1774\237\352\302%h\303Q\271\205\221\303]"
 127      7F349FEA 
 127      C22568C3 
 127      51B98591 
 127      C35D
 128 0373 EC3593E2 		.ascii	"\3545\223\342kd\302\367\330\304\034<-\272\320\245\037"
 128      6B64C2F7 
 128      D8C41C3C 
 128      2DBAD0A5 
 128      1F
 129 0384 B799DFAE 		.ascii	"\267\231\337\256|\032\"\254\311\032\022\334\203q\370"
 129      7C1A22AC 
 129      C91A12DC 
 129      8371F8
 130 0393 B715ABC2 		.ascii	"\267\025\253\302\263]\177\240\272\315\177\274\213\266"
 130      B35D7FA0 
 130      BACD7FBC 
 130      8BB6
 131 03a1 B7E7BAEF 		.ascii	"\267\347\272\3576}\274\243\254\200^F\305\231\034\010"
 131      367DBCA3 
 131      AC805E46 
 131      C5991C08 
 132 03b1 377DB307 		.ascii	"7}\263\007\345\254\267\260\013]\302o\030\234\004\367"
 132      E5ACB7B0 
 132      0B5DC26F 
 132      189C04F7 
 133 03c1 613CEA3F 		.ascii	"a<\352?\177\260\353N0\251\027O\337\263\316\303Ou\244"
 133      7FB0EB4E 
 133      30A9174F 
 133      DFB3CEC3 
 133      4F75A4
 134 03d4 4330CDAB 		.ascii	"C0\315\253\252~\"\242LZ\366D^,y0J\224)\014\331\212\326"
 134      AA7E22A2 
 134      4C5AF644 
 134      5E2C7930 
 134      4A94290C 
 135 03eb A123BAC0 		.ascii	"\241#\272\300u,\251\215\371\324\177\016\217\262\023"
 135      752CA98D 
 135      F9D47F0E 
 135      8FB213
 136 03fa A37CC8A3 		.ascii	"\243|\310\243|\004\201\3367\241\342m\351\266a\351\240"
 136      7C0481DE 
 136      37A1E26D 
 136      E9B661E9 
 136      A0
 137 040b 4895CE63 		.ascii	"H\225\316c\236N\2227\233\253m%\373\2030\033W;u\017\236"
 137      9E4E9237 
 137      9BAB6D25 
 137      FB83301B 
 137      573B750F 
 138 0420 245BA91B 		.ascii	"$[\251\033k\206\005E\024t(\271<\030\231K\027\317\345"
 138      6B860545 
 138      147428B9 
 138      3C18994B 
 138      17CFE5
 139 0433 6677CF1D 		.ascii	"fw\317\035?\362Z\223K\303\230\261\276\307\233ZA$\020"
 139      3FF25A93 
 139      4BC398B1 
 139      BEC79B5A 
 139      412410
 140 0446 C81EE8EA 		.ascii	"\310\036\350\352\326\242`\221@;\023\237\333y\274?P\210"
 140      D6A26091 
 140      403B139F 
 140      DB79BC3F 
 140      5088
 141 0458 752CF7EF 		.ascii	"u,\367\357\012\237\004\031\013Y\230\"\241Pu>\317\371"
 141      0A9F0419 
 141      0B599822 
 141      A150753E 
 141      CFF9
 142 046a 336931C1 		.ascii	"3i1\3013\321\244keW{\364\241\0339\032o\213\206MG7\242"
 142      33D1A46B 
 142      65577BF4 
 142      A11B391A 
 142      6F8B864D 
 143 0481 9F72F45F 		.ascii	"\237r\364_\020*\3530\360\272g;K\365\314t\376\377\032"
 143      102AEB30 
 143      F0BA673B 
 143      4BF5CC74 
 143      FEFF1A
 144 0494 803D8FDF 		.ascii	"\200=\217\337\015\371\253m{\340_\214\367\264\015,\230"
 144      0DF9AB6D 
 144      7BE05F8C 
 144      F7B40D2C 
 144      98
 145 04a5 58463BEA 		.ascii	"XF;\352\260b\373u\271\324\255\205\027\020\012O\304\370"
 145      B062FB75 
 145      B9D4AD85 
 145      17100A4F 
 145      C4F8
 146 04b7 A9F49EF0 		.ascii	"\251\364\236\360\242\275\204\211\250T\276}\327\351 "
 146      A2BD8489 
 146      A854BE7D 
 146      D7E920
 147 04c6 32C81BAD 		.ascii	"2\310\033\2559_\273\243\307_5\3043V\363!~\203^_)Cl\362"
 147      395FBBA3 
 147      C75F35C4 
 147      3356F321 
 147      7E835E5F 
 148 04de 0DB16707 		.ascii	"\015\261g\007\276\206\276\247\3535f\300d\276\367\017"
 148      BE86BEA7 
 148      EB3566C0 
 148      64BEF70F 
 149 04ee CD5F3F72 		.ascii	"\315_?r\266\224]\031f\302\217\375\177\253\376\332\023"
 149      B6945D19 
 149      66C28FFD 
 149      7FABFEDA 
 149      13
 150 04ff 400A089F 		.ascii	"@\012\010\237\253\266-\353k5d\263`N\2646\024\020\243"
 150      ABB62DEB 
 150      6B3564B3 
 150      604EB436 
 150      1410A3
 151 0512 D76CE17F 		.ascii	"\327l\341\177\230\275_\334xJ\217\271\026\237\2448\353"
 151      98BD5FDC 
 151      784A8FB9 
 151      169FA438 
 151      EB
 152 0523 D3EA1EAE 		.ascii	"\323\352\036\256\306\247\360=\372x\347MV\350J\360\026"
 152      C6A7F03D 
 152      FA78E74D 
 152      56E84AF0 
 152      16
 153 0534 F91E56DE 		.ascii	"\371\036V\336^\236\355\267Gj\276!\352Ye\005Rz\333'f"
 153      5E9EEDB7 
 153      476ABE21 
 153      EA596505 
 153      527ADB27 
 154 0549 957D11BC 		.ascii	"\225}\021\274q\177\351&\375\204R^\213\316PZh\200%\037"
 154      717FE926 
 154      FD84525E 
 154      8BCE505A 
 154      6880251F 
 155 055d F0CB22FE 		.ascii	"\360\313\"\376\267\366\303\004V\364\356\362(/f\360\312"
 155      B7F6C304 
 155      56F4EEF2 
 155      282F66F0 
 155      CA
 156 056e E85C9A0B 		.ascii	"\350\\\232\013\034\325%\243\006`\2024\321\2664.:>kY"
 156      1CD525A3 
 156      06608234 
 156      D1B6342E 
 156      3A3E6B59 
 157 0582 863D3B6A 		.ascii	"\206=;jJZ\252S\220\213\354_Y\343\026\333\246\3078\354"
 157      4A5AAA53 
 157      908BEC5F 
 157      59E316DB 
 157      A6C738EC 
 158 0596 99596919 		.ascii	"\231Yi\031\326\3212\306w\242\367\022\272\344\254\025"
 158      D6D132C6 
 158      77A2F712 
 158      BAE4AC15 
 159 05a6 0EA75F62 		.ascii	"\016\247_b\\\342bk\254_\202u\321\202\271\363\015\011"
 159      5CE2626B 
 159      AC5F8275 
 159      D182B9F3 
 159      0D09
 160 05b8 D605F1B6 		.ascii	"\326\005\361\266Y_$\352\005\261p\024\377\306/\214\215"
 160      595F24EA 
 160      05B17014 
 160      FFC62F8C 
 160      8D
 161 05c9 99173777 		.ascii	"\231\0277w~\214\377\"\353l\344\346/\234\007\351A+\034"
 161      7E8CFF22 
 161      EB6CE4E6 
 161      2F9C07E9 
 161      412B1C
 162 05dc 3919698E 		.ascii	"9\031i\216\324\224\260\344t{\266\336\353\3068;.1l\326"
 162      D494B0E4 
 162      747BB6DE 
 162      EBC6383B 
 162      2E316CD6 
 163 05f0 A44951D3 		.ascii	"\244IQ\323$?q\022\022\021a\311\311N\266\010.\"]\012"
 163      243F7112 
 163      121161C9 
 163      C94EB608 
 163      2E225D0A 
 164 0604 54076B58 		.ascii	"T\007kX\221\341pFE\333\234vKz\326\262TK\326r\247\305"
 164      91E17046 
 164      45DB9C76 
 164      4B7AD6B2 
 164      544BD672 
 165 061a 9EBD6CB2 		.ascii	"\236\275l\2623++\023\355f8r,i\311\3111\331\313\342\262"
 165      332B2B13 
 165      ED663872 
 165      2C69C9C9 
 165      31D9CBE2 
 166 062f 1CA9567B 		.ascii	"\034\251V{RF\264mJd\324\364/\247X23\222\230\210\243"
 166      5246B46D 
 166      4A64D4F4 
 166      2FA75832 
 166      33929888 
 167 0644 1D289C9C 		.ascii	"\035(\234\234\212RKt\304\324\210(K\206#9sEJ\252%\307"
 167      8A524B74 
 167      C4D48828 
 167      4B862339 
 167      73454AAA 
 168 065a 9982E627 		.ascii	"\231\202\346'#\014\375\206\016\017$y\371r\351#U\015"
 168      230CFD86 
 168      0E0F2479 
 168      F972E923 
 168      550D
 169 066c 3FC1B062 		.ascii	"?\301\260b\355N{\202=)35\336\231m]\031<\342\304?Ef\364"
 169      ED4E7B82 
 169      3D293335 
 169      DE996D5D 
 169      193CE2C4 
 170 0684 2CEA4F6D 		.ascii	",\352Om\316`\333\322\317\243\"cbg\331\346\306\305'&"
 170      CE60DBD2 
 170      CFA32263 
 170      6267D9E6 
 170      C6C52726 
 171 0698 2C362AE4 		.ascii	",6*\344\337\017\2020\205"
 171      DF0F8230 
 171      85
 172              		.text
 173              		.section	.gnu.lto_.symtab.f55dfd50f618c3c4,"",%progbits
 174 0000 5F5A4E36 		.ascii	"_ZN6Pomiar12getPomiarRawENS_7AnalogiE\000"
 174      506F6D69 
 174      61723132 
 174      67657450 
 174      6F6D6961 
 175 0026 00       		.ascii	"\000"
 176 0027 00       		.ascii	"\000"
 177 0028 00       		.ascii	"\000"
 178 0029 00000000 		.ascii	"\000\000\000\000\000\000\000\000"
 178      00000000 
 179 0031 E2000000 		.ascii	"\342\000\000\000"
 180 0035 64617461 		.ascii	"dataTable\000"
 180      5461626C 
 180      6500
 181 003f 00       		.ascii	"\000"
 182 0040 00       		.ascii	"\000"
 183 0041 00       		.ascii	"\000"
 184 0042 00000000 		.ascii	"\000\000\000\000\000\000\000\000"
 184      00000000 
 185 004a F2000000 		.ascii	"\362\000\000\000"
 186 004e 5F5A4E36 		.ascii	"_ZN6Pomiar15getDataTablePtrEv\000"
 186      506F6D69 
 186      61723135 
 186      67657444 
 186      61746154 
 187 006c 00       		.ascii	"\000"
 188 006d 00       		.ascii	"\000"
 189 006e 00       		.ascii	"\000"
 190 006f 00000000 		.ascii	"\000\000\000\000\000\000\000\000"
 190      00000000 
 191 0077 E9000000 		.ascii	"\351\000\000\000"
 192              		.text
 193              		.section	.gnu.lto_.opts,"",%progbits
 194 0000 272D666D 		.ascii	"'-fmath-errno' '-fsigned-zeros' '-ftrapping-math' '"
 194      6174682D 
 194      6572726E 
 194      6F272027 
 194      2D667369 
 195 0033 2D666E6F 		.ascii	"-fno-trapv' '-fno-strict-overflow' '-fno-openmp' '-"
 195      2D747261 
 195      70762720 
 195      272D666E 
 195      6F2D7374 
 196 0066 666E6F2D 		.ascii	"fno-openacc' '-dD' '-mcpu=cortex-m4' '-mthumb' '-mf"
 196      6F70656E 
 196      61636327 
 196      20272D64 
 196      44272027 
 197 0099 6C6F6174 		.ascii	"loat-abi=soft' '-g3' '-O0' '-fmessage-length=0' '-f"
 197      2D616269 
 197      3D736F66 
 197      74272027 
 197      2D673327 
 198 00cc 7369676E 		.ascii	"signed-char' '-ffunction-sections' '-fdata-sections"
 198      65642D63 
 198      68617227 
 198      20272D66 
 198      66756E63 
 199 00ff 2720272D 		.ascii	"' '-flto' '-fno-move-loop-invariants' '-fno-excepti"
 199      666C746F 
 199      2720272D 
 199      666E6F2D 
 199      6D6F7665 
 200 0132 6F6E7327 		.ascii	"ons'\000"
 200      00
 201              		.text
 202              		.comm	__gnu_lto_v1,1,1
 203              		.comm	__gnu_lto_slim,1,1
 204              		.ident	"GCC: (GNU Tools for ARM Embedded Processors 6-2017-q2-update) 6.3.1 20170620 (release) [AR
DEFINED SYMBOLS
                            *ABS*:0000000000000000 Pomiar.cpp
                            *COM*:0000000000000001 __gnu_lto_v1
                            *COM*:0000000000000001 __gnu_lto_slim

NO UNDEFINED SYMBOLS
