   1              		.cpu cortex-m4
   2              		.eabi_attribute 20, 1
   3              		.eabi_attribute 21, 1
   4              		.eabi_attribute 23, 3
   5              		.eabi_attribute 24, 1
   6              		.eabi_attribute 25, 1
   7              		.eabi_attribute 26, 1
   8              		.eabi_attribute 30, 6
   9              		.eabi_attribute 34, 1
  10              		.eabi_attribute 18, 4
  11              		.file	"QuickTask.cpp"
  12              		.text
  13              	.Ltext0:
  14              		.section	.gnu.lto_.inline.8647f20ae4bc3b3b,"",%progbits
  15 0000 789C6365 		.ascii	"x\234ce`b\210e@\000\026\006\0061Q\006\006&\215\011'"
  15      60628865 
  15      40001606 
  15      06315106 
  15      06268D09 
  16 0015 98801C26 		.ascii	"\230\200\034&\220\0303\203\254\001PHk\301L\204\020?"
  16      90183383 
  16      AC015048 
  16      6BC14C84 
  16      103F
  17 0027 23946061 		.ascii	"#\224`a\220\222\004J\032\\hc\206I\2621\260\362\002\205"
  17      9092044A 
  17      1A5C6863 
  17      8649B231 
  17      B0F20285 
  18 003b 9816C8C3 		.ascii	"\230\026\310\303D\230\270\031\030\200j\001\204\325\006"
  18      4498B819 
  18      18806A01 
  18      84D506
  19 004a B8       		.ascii	"\270"
  20              		.text
  21              		.section	.gnu.lto__ZN9QuickTask4tickEm.8647f20ae4bc3b3b,"",%progbits
  22 0000 789C9595 		.ascii	"x\234\225\225_LTG\024\306\347\273s\367\336\273w\027"
  22      5F4C5447 
  22      14C6E7BB 
  22      73F7DEBB 
  22      7717
  23 0012 7C40131F 		.ascii	"|@\023\037\210\341\241\304\370\262K\243\251I\343\033"
  23      88E1A1C4 
  23      F8B24BA3 
  23      A949E31B 
  24 0022 4F7D6A9B 		.ascii	"O}j\233\370\3247%\246\241\376)\001\354C_\230]\027i\244"
  24      F8D43725 
  24      A6A1FE29 
  24      01EC435F 
  24      985D1769 
  25 0037 A9314610 		.ascii	"\2511F\020\225\\\0230@+\310jU\026h]\001\025\020\241"
  25      955C1330 
  25      402BC86A 
  25      5516685D 
  25      011510A1 
  26 004b 92FE5134 		.ascii	"\222\376Q4\251\241\306\270F\233h\264\032\253\32033W"
  26      A9A1C6B8 
  26      469B68B4 
  26      1AABD033 
  26      3357
  27 005d 76BB184A 		.ascii	"v\273\030Jo\262\263\347\316|\3477\337\3149,\001f\260"
  27      6FB2B3E7 
  27      CE7CE737 
  27      DFCC392C 
  27      0166B0
  28 0070 018BB18D 		.ascii	"\001\213\261\215\214\261O\351\303B\014\006\243\0178"
  28      8CB14FE9 
  28      C3420C06 
  28      A30F38
  29 007f 8DDC7019 		.ascii	"\215\334p\031\023\206I\203i\032\001\031\007e\0340,\031"
  29      13864983 
  29      691A0119 
  29      07651C30 
  29      2C19
  30 0091 DB32B6E0 		.ascii	"\3332\266\340\220\322V\243\003ZFP\345\272\000\341\300"
  30      90D256A3 
  30      035A4650 
  30      E5BA00E1 
  30      C0
  31 00a2 EA0C6E06 		.ascii	"\352\014n\006,\333\011\272\240\220\351g?o\346\030j\270"
  31      2CDB09BA 
  31      A090E967 
  31      3F6FE618 
  31      6AB8
  32 00b4 9732D675 		.ascii	"\2272\326u\010z\322\3157\312\022\242~\265G\202\026_"
  32      087AD2CD 
  32      37CA12A2 
  32      7EB54782 
  32      165F
  33 00c6 840EAC23 		.ascii	"\204\016\254#\325\365D\3571\376\015\3678`\322\353\343"
  33      D5F544EF 
  33      31FE0DF7 
  33      3860D2EB 
  33      E3
  34 00d7 6B47FE28 		.ascii	"kG\376(\224\257\006J\350\365\334\2353\365\340\253\301"
  34      94AF064A 
  34      E8F5DC9D 
  34      33F5E0AB 
  34      C1
  35 00e8 289EBC79 		.ascii	"(\236\274y\373|h\355\011!\342\"\375\352 \027\357x\234"
  35      FB7C68ED 
  35      0921E222 
  35      FDEA2017 
  35      EF789C
  36 00fb E35B7002 		.ascii	"\343[p\002\242\013\305\350D1\243)\206\357\260V\352\377"
  36      A20BC5E8 
  36      4431A329 
  36      86EFB056 
  36      EAFF
  37 010d 4E5D120E 		.ascii	"N]\022\016_\243r\323\217\272g\314\3226\225\373\327,"
  37      5FA372D3 
  37      8FBA67CC 
  37      D23695FB 
  37      D72C
  38 011f 6F11E944 		.ascii	"o\021\351D\211\307M\234\374w\272|H=\233\234;T`\231\350"
  38      89C74D9C 
  38      FC77BA7C 
  38      483D9B9C 
  38      3B546099 
  39 0134 46A9B68B 		.ascii	"F\251\266\213\036Xt\\\207\326\346\275\243\277\206y\211"
  39      1E58745C 
  39      87D6E6BD 
  39      A3BF8679 
  39      89
  40 0145 A2C64E8E 		.ascii	"\242\306N\216\274\010\371\324?\247\355\226NE\015\340"
  40      BC08F9D4 
  40      3FA7ED96 
  40      4E450DE0 
  41 0155 D4622A7A 		.ascii	"\324b*zQJ\031-\311;\217\003~\306\350EcT\230\244g\213"
  41      514A192D 
  41      C93B8F03 
  41      7EC6E845 
  41      635498A4 
  42 016b C449259E 		.ascii	"\304I%\236?\320U\345k/\267\361\346\316t\214\350\226"
  42      3FD055E5 
  42      6B2FB7F1 
  42      E6CE748C 
  42      E896
  43 017d 52AF2F46 		.ascii	"R\257/F\231\257=\255\264\317\237\367\305l\036U\266\222"
  43      99AF3DAD 
  43      B4CF9FF7 
  43      C56C1E55 
  43      B692
  44 018f 47DB7F0F 		.ascii	"G\333\177\017\373\211\223\345~\236\2153\332UN\352\367"
  44      FB8993E5 
  44      7E9E8D33 
  44      DA554EEA 
  44      F7
  45 01a0 8B3CDD3E 		.ascii	"\213<\335>\260\007\361va\274\325\325\331E\362\237\017"
  45      B007F176 
  45      61BCD5D5 
  45      D945F29F 
  45      0F
  46 01b1 2D213FF7 		.ascii	"-!?\367\177N|\036\245\362\272OM#-\346\346\033D\372\336"
  46      7F4E7C1E 
  46      A5F2BA4F 
  46      4D232DE6 
  46      E61B44FA 
  47 01c6 34DA3BDC 		.ascii	"4\332;\334\225`r\332\242\302\006l\310\312:2t\325l\210"
  47      956072DA 
  47      A2C2066C 
  47      C8CA3A32 
  47      74D56C88 
  48 01da 422B2CDF 		.ascii	"B+,\337\013h\260\013e\264B\016Ej\231\261}\252\325\032"
  48      0B68B00B 
  48      65B4420E 
  48      456A99B1 
  48      7DAAD51A 
  49 01ee 39753CCF 		.ascii	"9u<\317`\250)\323\375\245\254d+\267\310XS\375\320\224"
  49      60A829D3 
  49      FDA5AC64 
  49      2BB7C858 
  49      53FDD094 
  50 0202 2D3BCD51 		.ascii	"-;\315Q\227\226J=\274e\327\275\026\016M\264q\335\007"
  50      97964A3D 
  50      BC65D7BD 
  50      160E4DB4 
  50      71DD07
  51 0215 0F13B393 		.ascii	"\017\023\263\223!\017\2551\001\217\007\221B\035\372"
  51      210FAD31 
  51      018F0791 
  51      421DFA
  52 0224 A461F4C3 		.ascii	"\244a\364\303\003\313`O\323^h\240C\314Vn3\271\313\330"
  52      03CB604F 
  52      D35E68A0 
  52      43CC566E 
  52      33B9CBD8 
  53 0238 FB726E79 		.ascii	"\373rny\310\201\005\344 !\211C\204xS\246g\263\306\272"
  53      C88105E4 
  53      20218943 
  53      847853A6 
  53      67B3C6BA 
  54 024c B93EDD7C 		.ascii	"\271>\335|\237n\033\207\202>\230\370e\304\245t\310\226"
  54      9F6E1B87 
  54      823E98F8 
  54      65C4A574 
  54      C896
  55 025e FE91903F 		.ascii	"\376\221\220?(\344\005\351R\236\237\366\346w\221\230"
  55      28E405E9 
  55      529E9FF6 
  55      E6779198 
  56 026e 199E3BCD 		.ascii	"\031\236;\3155\030\271`\223.9\255\013\361\014d\3025"
  56      3518B960 
  56      932E39AD 
  56      0BF10C64 
  56      C235
  57 0280 661A57B5 		.ascii	"f\032W\265\362\242\340\313)\203\262Mu{\361\376L\337"
  57      F2A2E0CB 
  57      2983B24D 
  57      757BF1FE 
  57      4CDF
  58 0292 069D1C92 		.ascii	"\006\235\034\222\375ve\374\253\260:\207\020\324]!Bj"
  58      FD7665FC 
  58      ABB03A87 
  58      10D45D21 
  58      426A
  59 02a4 06AD9DB8 		.ascii	"\006\255\235\270\033\357\261\243\335B/\205q\221|\034"
  59      1BEFB1A3 
  59      DD422F85 
  59      71917C1C 
  60 02b4 56A5C010 		.ascii	"V\245\300\020\242L9)\316\242\006\275\257\273\\\351#"
  60      A24C3929 
  60      CEA206BD 
  60      AFBB5CE9 
  60      23
  61 02c5 4C3F4BC3 		.ascii	"L?K\303~C4R\223\250\242\365gR\357im\370?\266\375\355"
  61      7E433452 
  61      93A8A2F5 
  61      6752EF69 
  61      6DF83FB6 
  62 02db C993E130 		.ascii	"\311\223\3410m\233\210\311\245 F\324\266\352W\352\022"
  62      6D9B88C9 
  62      A52046D4 
  62      B6EA57EA 
  62      12
  63 02ec 6D4BE5EA 		.ascii	"mK\345\352m\370@\243\012\210&\313EVn\225\373S\2717b"
  63      6DF840A3 
  63      0A8826CB 
  63      45566E95 
  63      FB53B937 
  64 0301 D38D5C5E 		.ascii	"\323\215\\^pb\371N\306>\321\322\302\345\032Q%\276\222"
  64      7062F94E 
  64      C63ED1D2 
  64      C2E51A51 
  64      25BE92
  65 0314 B531AA6D 		.ascii	"\2651\252m\034~\3235+\210\265\3205\037\372]\223K>>g"
  65      1C7ED335 
  65      2B88B5D0 
  65      351FFA5D 
  65      934B3E3E 
  66 0329 B025E163 		.ascii	"\260%\341cY\3708\242DT\206m]\261\247\367\0076\275\015"
  66      59F838A2 
  66      4454866D 
  66      5DB1A7F7 
  66      0736BD0D 
  67 033d BA359F99 		.ascii	"\2725\237\231_\260\253\331\202M J\202\263\015\023IU"
  67      5FB0ABD9 
  67      824D204A 
  67      82B30D13 
  67      4955
  68 034f 220BC035 		.ascii	"\"\013\3005\312\"\307O\357\017~\264,z~]&\263\236\247"
  68      CA22C74F 
  68      EF0F7EB4 
  68      2C7A7E5D 
  68      26B39EA7 
  69 0363 147DE1DA 		.ascii	"\024}\341\332i\022?\251ko\244\277\004\306\345w\360M"
  69      69123FA9 
  69      6B6FA4BF 
  69      04C6E577 
  69      F04D
  70 0375 F75D70F5 		.ascii	"\367]p\365\245\025\345o\370\331\322\3071q]mh\310\015"
  70      A515E56F 
  70      F8D9D2C7 
  70      31715D6D 
  70      68C80D
  71 0388 A7A90292 		.ascii	"\247\251\002\222J\377\367\370#\304\217w(\250\252\363"
  71      4AFFF7F8 
  71      23C48F77 
  71      28A8AAF3 
  72 0398 3E698944 		.ascii	">i\211D\253\"\221hMuE\364\343\335\225\025\3337o\251"
  72      AB229168 
  72      4D7545F4 
  72      E3DD9515 
  72      DB376FA9 
  73 03ac D91EA9A8 		.ascii	"\331\036\251\250\252b\201\235\225;*kP[\250\276\313?"
  73      AA62819D 
  73      953B2A6B 
  73      505BA8BE 
  73      CB3F
  74 03be DFBDAB76 		.ascii	"\337\275\253v[u\244\314\251\336V\373\305\226\035\221"
  74      5B75A4CC 
  74      A9DE56FB 
  74      C5961D91 
  75 03ce 77FF015A 		.ascii	"w\377\001Z\301\036q"
  75      C11E71
  76              		.text
  77              		.section	.gnu.lto__ZN9QuickTask13runQuickTasksEv.8647f20ae4bc3b3b,"",%progbits
  78 0000 789C9D55 		.ascii	"x\234\235UMOTW\030>\317=\367k\3560\204`jLd\341\206\205"
  78      4D4F5457 
  78      183ECF3D 
  78      F76BEE30 
  78      84606A4C 
  79 0018 5D304DBA 		.ascii	"]0M\272q\323\377\240\246\013\223\256\032V\312\206H\335"
  79      71D3FFA0 
  79      A60B93AE 
  79      1A56CA86 
  79      48DD
  80 002a B8E1328C 		.ascii	"\270\3412\214\301\217FC\2523BJf\0320\200\037\350\250"
  80      C18F4643 
  80      AA33424A 
  80      661A3080 
  80      1FE8A8
  81 003d 58C1AFE1 		.ascii	"X\301\257\341\243\012\210@\2336\215\232h\253DA\241\024"
  81      A30A8840 
  81      9B368D9A 
  81      68AB4441 
  81      A114
  82 004f 82B65D00 		.ascii	"\202\266]\000}\317{\356\3108\030#\336\344\276s\317\234"
  82      7DCF7BEE 
  82      C8381823 
  82      DEE4BE73 
  82      CF9C
  83 0061 E77DCEF3 		.ascii	"\347}\316\363\274\347=\367Z\302\020\303\266\020\233"
  83      BCE73DF7 
  83      5AC210C3 
  83      B6109B
  84 0070 8510D574 		.ascii	"\205\020\325t\213\"\001C\320\015IQ\032a!|\303\244`\232"
  84      8B220143 
  84      D00D4951 
  84      1A61217C 
  84      C3A4609A 
  85 0084 86A59E3D 		.ascii	"\206\245\236=\365lI\227\240\016\335\266\272\021\"\254"
  85      F56C4997 
  85      A00EDDB6 
  85      BA1122AC 
  86 0094 C3D1E518 		.ascii	"\303\321\345\030\002\301\3401G\030 \014D\255!M\313v"
  86      02C1E031 
  86      4718200C 
  86      44AD214D 
  86      CB76
  87 00a6 DC901706 		.ascii	"\334\220\027\006=\013}\035\223I\211\376\206g=\306\326"
  87      3D0B7D1D 
  87      934989FE 
  87      86673DC6 
  87      D6
  88 00b7 769FAE6C 		.ascii	"v\237\256l2\361E\275\177`S\212\000M\001\010\355\330"
  88      32F145BD 
  88      7F60538A 
  88      004D0108 
  88      EDD8
  89 00c9 2A08F673 		.ascii	"*\010\366s\374\302\367\362\250LI\300\244\341\374\275"
  89      FCC2F7F2 
  89      A84C49C0 
  89      A4E1FCBD 
  90 00d9 E6A7C56A 		.ascii	"\346\247\305jh`\013\015\027/ML\204\344&(dra\371\220"
  90      68600B0D 
  90      172F4D4C 
  90      84E42628 
  90      647261F9 
  91 00ee 55DEEAFB 		.ascii	"U\336\352\3731?\373lR6\371\331\370\226\224\2248\015"
  91      313FFB6C 
  91      5236F9D9 
  91      F8969494 
  91      380D
  92 0100 49A4E844 		.ascii	"I\244\350D\031:P\306\344\204~\222Y>\021\261M\234A\271"
  92      193A50C6 
  92      E4847E92 
  92      593E11B1 
  92      4D9C41B9 
  93 0114 5E136761 		.ascii	"^\023ga\223h\207\346V\032;\253\003\242\327\2032\331"
  93      936887E6 
  93      561A3BAB 
  93      03A2D783 
  93      32D9
  94 0126 91AD2322 		.ascii	"\221\255#\"S\301\360y\031>\323\0348\207\362\267\261"
  94      53C1F079 
  94      193ED31C 
  94      3887F2B7 
  94      B1
  95 0137 CBC7AD00 		.ascii	"\313\307\255\000k\025b\273\030;\233\351k\211(0Y\036"
  95      6B1562BB 
  95      183B9BE9 
  95      6B892830 
  95      591E
  96 0149 EA33867C 		.ascii	"\3523\206|3%mQ(\016\347\031\334\224\371c>gg\354\204"
  96      33256D51 
  96      280EE719 
  96      DC94F963 
  96      3E6767EC 
  97 015e D3D4C176 		.ascii	"\323\324\301v\234\265\360\013\014O\376\320\375o8\200"
  97      9CB5F00B 
  97      0C4FFED0 
  97      FD6F3880 
  98 016e 3F3A2503 		.ascii	"?:%\003\270\273\026\236Y\003\037I\324#\326\346\033\357"
  98      B8BB169E 
  98      59031F49 
  98      D423D6E6 
  98      1BEF
  99 0180 845F44B9 		.ascii	"\204_D\271\252\321\371_\220\365\227W\032\210<\216\266"
  99      AAD1F95F 
  99      90F59757 
  99      1A883C8E 
  99      B6
 100 0191 B9F00608 		.ascii	"\271\360\006\010\365\267\315\321\021T\036\227\202\025"
 100      F5B7CDD1 
 100      11541E97 
 100      8215
 101 019f A2607B14 		.ascii	"\242`{\024\234\010\005\267D\205R\306\010q\230w\366\210"
 101      9C0805B7 
 101      448552C6 
 101      08719877 
 101      F688
 102 01b1 A44E93D3 		.ascii	"\244N\223\323\210%\246Gw\251\232\267H\233\364$\016\364"
 102      8825A647 
 102      77A99AB7 
 102      489BF424 
 102      0EF4
 103 01c3 8F3B6A5F 		.ascii	"\217;j_C\274\227==3\017\235\332%\337\245?Z\245\336\261"
 103      43BC973D 
 103      3D330F9D 
 103      DA25DFA5 
 103      3F5AA5DE 
 104 01d8 17A3BF0D 		.ascii	"\027\243\277\015z)\264@m\352e\324\342\222\322\210n\244"
 104      7A29B440 
 104      6DEA65D4 
 104      E292D288 
 104      6EA4
 105 01ea C0BC0493 		.ascii	"\300\274\004\223\223\210?\030\370\353W\251\211\221O"
 105      93883F18 
 105      F8EB57A9 
 105      89914F
 106 01f9 2C49F115 		.ascii	",I\361\025\355\352\025@\253\032\315\337ml\221\245^\357"
 106      EDEA1540 
 106      AB1ACDDF 
 106      6D6C91A5 
 106      5EEF
 107 020b 2349D9A6 		.ascii	"#I\331\246V\325;=\266M'\253F\370\347\316\310\301\"Z"
 107      56D53B3D 
 107      B64D27AB 
 107      46F8E7CE 
 107      C8C1225A 
 108 021f B28E768C 		.ascii	"\262\216v\214\252\351\021\245\346\240\271S\223\261."
 108      AAE911A5 
 108      E6A0B953 
 108      93B12E
 109 022e 277ACED7 		.ascii	"'z\316\327Sa\374H:N\262E\\ET\260\222\262U\252\356\206"
 109      5361FC48 
 109      3A4EB245 
 109      5C4554B0 
 109      92B255AA 
 110 0244 D18CA774 		.ascii	"\321\214\247t\320\321@OP\335#\324)\301\262\343;5\326"
 110      D0D1404F 
 110      50DD23D4 
 110      29C1B2E3 
 110      3B35D6
 111 0257 5DD7B216 		.ascii	"]\327\262\026zyY>m\327hY\342Zh\200\246\012\021\233\230"
 111      7A79593E 
 111      6DD76859 
 111      E25A6880 
 111      A60A119B 
 112 026c 423C5D1A 		.ascii	"B<]\032\214U9\356\267MY\2158V\027\367\375t\267T'N4\353"
 112      8C5539EE 
 112      B74D598D 
 112      385617F7 
 112      FD74B754 
 113 0284 F4EB6844 		.ascii	"\364\353hD\276P\013j8\323w\350q8\227\260D=\"p\203\244"
 113      BE500B6A 
 113      38D377E8 
 113      713897B0 
 113      443D2270 
 114 029a 34AB6D14 		.ascii	"4\253m\024\270\251s\256\247\276\355\014r\014\032\266"
 114      B8A973AE 
 114      A7BEED0C 
 114      720C1AB6 
 115 02aa FFDD75B7 		.ascii	"\377\335u\2678\227\363'\347\334\342\034>gY\312a\357"
 115      3897F327 
 115      E7DCE21C 
 115      3E6759CA 
 115      61EF
 116 02bc F41A91CF 		.ascii	"\364\032\221\317\301b\325\024\227\341\376^\255\325["
 116      C162D514 
 116      97E1FE5E 
 116      ADD55B
 117 02cb 57198AD0 		.ascii	"W\031\212\320\307e`M\375\\\206\376\304\360\247\212\252"
 117      C765604D 
 117      FD5C86FE 
 117      C4F0A78A 
 117      AA
 118 02dc 8027BD47 		.ascii	"\200'\275G\0240\375\276\2600PDL\361:\305\024\301\000"
 118      1430FDBE 
 118      B0305044 
 118      4CF13AC5 
 118      14C100
 119 02ef 33B1D241 		.ascii	"3\261\322ADI\211\022\2668\365`\373\007\261\025v\305"
 119      44498912 
 119      B638F560 
 119      FB07B115 
 119      76C5
 120 0301 4FAB5D71 		.ascii	"O\253]q\033\321\374R\231\364\272\275CY\312v\347W\332"
 120      1BD1FC52 
 120      99F4BABD 
 120      4359CA76 
 120      E757DA
 121 0314 75645DAE 		.ascii	"ud]\256]\0141\273\251\330\207\311\365K\324\247\257p"
 121      5D0C31BB 
 121      A9D887C9 
 121      F54BD4A7 
 121      AF70
 122 0326 3D057191 		.ascii	"=\005q\221\264b\256\263\223_gC\333\231\3728;#\253v\356"
 122      B462AEB3 
 122      935F6743 
 122      DB99FA38 
 122      3B23AB76 
 123 033b B29D37C7 		.ascii	"\262\2357\307\313\244\3435\232\263\263[\333)Y\247\235"
 123      CBA4E335 
 123      9AB3B35B 
 123      DB2959A7 
 123      9D
 124 034c 7BAB76C6 		.ascii	"{\253v\306\012\355\224\274\261\343\346\333\321\235D"
 124      0AED94BC 
 124      B1E3E6DB 
 124      D19D44
 125 035b 9F1FA97E 		.ascii	"\237\037\251~\275\334i\372\257X+(-t\270\377\375\016"
 125      BDDC69FA 
 125      AF582B28 
 125      2D74B8FF 
 125      FD0E
 126 036d 25C65983 		.ascii	"%\306Y\203\2454L\220\006\305J\237C9\213Xz.\314Z\324"
 126      A5344C90 
 126      06C54A9F 
 126      43398B58 
 126      7A2ECC5A 
 127 0382 75582D4C 		.ascii	"uX-L\335\366IEE\264foet\307\276\335\225U_~]SUQY]-\344"
 127      DDF64945 
 127      45B4666F 
 127      6574C7BE 
 127      DD95555F 
 128 039f 373555FF 		.ascii	"75U\377\003\303&\022w"
 128      03C32612 
 128      77
 129              		.text
 130              		.section	.gnu.lto__ZN9QuickTaskC2ENS_6QTTypeEPFvvEm.8647f20ae4bc3b3b,"",%progbits
 131 0000 789C9D56 		.ascii	"x\234\235V\377O[U\024\277\347\336\327\367\332\367\372"
 131      FF4F5B55 
 131      14BFE7DE 
 131      D7F7DAF7 
 131      FA
 132 0011 25329630 		.ascii	"%2\2260\203\013F\221L\023\272l\277\354\027\177_b\374"
 132      830B4691 
 132      4C13BA6C 
 132      BFEC177F 
 132      5F62FC
 133 0024 C1C47F00 		.ascii	"\301\304\177\000q\211d\232\020a&\376\304\223\262H)("
 133      7189649A 
 133      106126FE 
 133      C493B248 
 133      2928
 134 0036 2C116867 		.ascii	",\021hgS\025\027`06\246C\301\251\0350`\270\015\207\300"
 134      53151760 
 134      3036A643 
 134      C1A91D30 
 134      60B80D87 
 135 004b B6820E65 		.ascii	"\266\202\016e\251\3240\277d\030\215\021\360\234\373"
 135      A9D430BF 
 135      64188D11 
 135      F09CFB
 136 005a 5ADA4109 		.ascii	"Z\332A\011\303\227\364\346\276\363\316\347s\316\371"
 136      C397F4E6 
 136      BEF3CEE7 
 136      73CEF9
 137 0069 9C736F6A 		.ascii	"\234sojc\234]\2613\366\034c\254\032\177\314\315\200"
 137      639C5DB1 
 137      33F61C63 
 137      AC1A7FCC 
 137      CD80
 138 007b 33FC71C1 		.ascii	"3\374q\301\230\311\025\\\024\001N\264(`\303\325\306"
 138      98C9155C 
 138      14014EB4 
 138      2860C3D5 
 138      C6
 139 008c 1D6457C9 		.ascii	"\035dW\311\256r\215\366v\332k\322\307.}\034\\'\273A"
 139      AE728DF6 
 139      76DA6BD2 
 139      C72E7D1C 
 139      5C27BB41 
 140 00a0 765DDA0D 		.ascii	"v]\332\015\271:\301\205\253\013\000\303\000\253\342"
 140      B93AC185 
 140      AB0B00C3 
 140      00ABE2
 141 00af 42B1A99A 		.ascii	"B\261\251\232\335\241\033N\027Tq\033\263\236wE\213\200"
 141      DDA11B4E 
 141      1754711B 
 141      B39E7745 
 141      8B80
 142 00c1 1B35E7DE 		.ascii	"\0335\347\336\027\357\210\210\300\270\370\372\307\265"
 142      17EF8888 
 142      C0B8F8FA 
 142      C7B5
 143 00cf D0829B5E 		.ascii	"\320\202\233^\001\012\360\365\2449\351\327\366\265\233"
 143      010AF0F5 
 143      A439E9D7 
 143      F6B59B
 144 00de 66B5196D 		.ascii	"f\265\031m\271\2456\371\216\037\216\010\316\202\350"
 144      B9A536F9 
 144      8E1F8E08 
 144      CE82E8
 145 00ed DD01F9D0 		.ascii	"\335\001\371\320\016\371\024\241\023\366\241\357\375"
 145      0EF914A1 
 145      13F6A1EF 
 145      FD
 146 00fa E9DF161C 		.ascii	"\351\337\026\034\"\017\030\356oGF\374j\321)\263\021"
 146      220F18EE 
 146      6F4746FC 
 146      6AD129B3 
 146      11
 147 010b 71BFB6EF 		.ascii	"q\277\266\357n\362\325 N\300i\020\231P41\350\202\"\004"
 147      6EF2D520 
 147      4EC06910 
 147      99503431 
 147      E8822204 
 148 011f ACF9E38D 		.ascii	"\254\371\343\215\036\361\230\004/\0177\306\024\004S"
 148      1EF19804 
 148      2F0F37C6 
 148      140453
 149 012e D0A5FBDC 		.ascii	"\320\245\373\334tF\204\002\335\026\364`>\354'\240\302"
 149      74468402 
 149      DD16F460 
 149      3EEC27A0 
 149      C2
 150 013f E08C047E 		.ascii	"\340\214\004~T\027\017{\304\343\0228\356\277\031\326"
 150      54170F7B 
 150      C4E31238 
 150      EEBF19D6 
 151 014f 9351979A 		.ascii	"\223Q\227\232\205\371dD\330\240gcL\033\203\263\022:"
 151      85F96444 
 151      D8A06763 
 151      4C1B83B3 
 151      123A
 152 0161 36DEFBB1 		.ascii	"6\336\373\261*\236\222\320\376\211\326Ew\022\372o^\320"
 152      2A9E92D0 
 152      FE89D645 
 152      7712FA6F 
 152      5ED0
 153 0173 8C2A11A1 		.ascii	"\214*\021\241\302\271\215X\225A/\024\021\340\247\336"
 153      C2B98D58 
 153      95412F14 
 153      11E0A7DE 
 154 0183 D5F75CAA 		.ascii	"\325\367\\\252BR\240\002\347AE\255mh\357\012\214\336"
 154      4252A002 
 154      E74145AD 
 154      6D68EF0A 
 154      8CDE
 155 0195 738B0392 		.ascii	"s\213\003\222tn(1a\024\266\311BfZ\367\242zc&\362r\370"
 155      746E2831 
 155      6114B6C9 
 155      42665AF7 
 155      A27A6326 
 156 01ac E4415E7A 		.ascii	"\344A^z\340S(D\310\235\356\246\313\252xV\302\007f~\257"
 156      E0532844 
 156      C89DEEA6 
 156      CBAA7856 
 156      C207667E 
 157 01c1 D793F078 		.ascii	"\327\223\360x\353\243i\370\205,\360>\011o\371\360\302"
 157      EBA369F8 
 157      852CF03E 
 157      096FF9F0 
 157      C2
 158 01d2 DFA988B1 		.ascii	"\337\251\210\261=\301\216hM\301\346~\241\367g\322\273"
 158      3DC18E68 
 158      4DC1E67E 
 158      A1F767D2 
 158      BB
 159 01e3 BE6165D9 		.ascii	"\276ae\331C\336'0@\210o\355\376\271t\377%6\333g\210"
 159      43DE2730 
 159      40886FED 
 159      FEB974FF 
 159      2536DB67 
 160 01f8 C332B786 		.ascii	"\3032\267\206\216\363#<\031\350z0\277\311g&s\353\317"
 160      8EF3233C 
 160      19E87A30 
 160      BFC96726 
 160      73EBCF
 161 020b 92DB0014 		.ascii	"\222\333\000\024\236\235\204\250\271\272\366\266i\206"
 161      9E9D84A8 
 161      B9BAF6B6 
 161      6986
 162 0219 9E79640F 		.ascii	"\236yd\017H\233\002\324|\015\250\223\016\240\246\030"
 162      489B02D4 
 162      7C0DA893 
 162      0EA0A618 
 163 0229 40F2BA50 		.ascii	"@\362\272Ph\356\241%G\372\355\242m\256\334\346\321\226"
 163      68EEA125 
 163      47FAEDA2 
 163      6DAEDCE6 
 163      D196
 164 023b B13A129D 		.ascii	"\261:\022\235\005h+\02208\227X\231R\251\007\230X\363"
 164      05682B12 
 164      30389758 
 164      9952A907 
 164      9858F3
 165 024e F1C1098D 		.ascii	"\361\301\011\215\006X\223y\3765:^\353\214@\370-\323"
 165      06589379 
 165      FE353A5E 
 165      EB8C40F8 
 165      2DD3
 166 0260 34B1367B 		.ascii	"4\2616{\030G\351\013\312\013.B\004\320!8\037=a;\324"
 166      1847E90B 
 166      CA0B2E42 
 166      04D02138 
 166      1F3D613B 
 167 0275 67D6027E 		.ascii	"g\326\002~e\360%\034b\011\250^^\\\335\237\321d\342f"
 167      65F0251C 
 167      6209A85E 
 167      5E5CDD9F 
 167      D164E266 
 168 0289 195DA754 		.ascii	"\031]\247T\030|EF\370\372\301\260|S\330\017\364\210"
 168      187C4546 
 168      F8FAC1B0 
 168      7C53D80F 
 168      F488
 169 029b 7050DC28 		.ascii	"pP\334(\305\305\217\247\356V\367h\3363\246\225\222\016"
 169      C5C58FA7 
 169      EE56F768 
 169      DE33A695 
 169      920E
 170 02ad 97309356 		.ascii	"\2270\223VY\021\014\2027\223\314@\241\206\020\205\031"
 170      59110C82 
 170      3793CC40 
 170      A1861085 
 170      19
 171 02be 85126BEE 		.ascii	"\205\022k\356d\254\035\220+0,\311\345Ep\031\274a\241"
 171      64AC1D90 
 171      2B302CC9 
 171      E5457019 
 171      BC61A1
 172 02d1 5964B53E 		.ascii	"Yd\265>m\347lN\030\221l\234\330F\211\315a\261\371\207"
 172      6DE76C4E 
 172      18916C9C 
 172      D84689CD 
 172      61B1F987 
 173 02e5 FE079B0B 		.ascii	"\376\007\233\013\306$\233<@W\210\315 \266\346D\335\202"
 173      C6249B3C 
 173      405788CD 
 173      20B6E644 
 173      DD82
 174 02f7 640B0B57 		.ascii	"d\013\013W\246\026n\353\234\366/\315jU+\246\035\015"
 174      A6166EEB 
 174      9CF62FCD 
 174      6A552BA6 
 174      1D0D
 175 0309 6D84A4B9 		.ascii	"m\204\244\271\274:=\254cL \365\277\201*\030\227\015"
 175      BC3A3DAC 
 175      634C20F5 
 175      BF812A18 
 175      970D
 176 031b BE8AECEC 		.ascii	"\276\212\354\354.\324\304\206r\223tV\"rr\204\234\034"
 176      2ED4C486 
 176      72937456 
 176      22727284 
 176      9C1C
 177 032d 4C3DB02E 		.ascii	"L=\260.\304\266\324\327\326\251\257#5\026f\245[\337"
 177      C4B6D4D7 
 177      D6A9AF23 
 177      351666A5 
 177      5BDF
 178 033f 964CD7F3 		.ascii	"\226L\327\3630$\023\353$\337R~4kcOg\023\357\015&\325"
 178      302413EB 
 178      24DF527E 
 178      346B634F 
 178      6713EF0D 
 179 0355 F36CA11E 		.ascii	"\363l\241\036\207\033R=\205\324\233\004\257t\223\223"
 179      871B523D 
 179      85D49B04 
 179      AF749393 
 180 0365 DBD0A666 		.ascii	"\333\320\246f\343so3\205\337\245\247pJN\341\305H}\247"
 180      E3736F33 
 180      85DFA5A7 
 180      704A4EE1 
 180      C5487DA7 
 181 0379 6E4D2187 		.ascii	"nM!\207i\251\\\200\302\011Yu\320gXU\347<L\3253\353U"
 181      69A95C80 
 181      C2095975 
 181      D0675855 
 181      E73C4CD5 
 182 0390 DFA4AA89 		.ascii	"\337\244\252\211\311f1\015$N\246\364\333\265\371\274"
 182      C966310D 
 182      244EA6F4 
 182      DBB5F9BC 
 183 03a0 62C6B0A5 		.ascii	"b\306\260\245\000\267\322\002\334\006\257\325\352)\236"
 183      00B7D202 
 183      DC06AFD5 
 183      EA299E
 184 03af E44AF5FA 		.ascii	"\344J\365\372O\300N\345(\003\361y\036\026\271\366\177"
 184      4FC04EE5 
 184      2803F179 
 184      1E16B9F6 
 184      7F
 185 03c0 E2F30283 		.ascii	"\342\363\002\203\343\301\025\322?\036T-\200\354'=ux"
 185      E3C115D2 
 185      3F1E542D 
 185      80EC273D 
 185      7578
 186 03d2 449808E0 		.ascii	"D\230\010\340e\220\312\317\347\261\\r7J\332\303\331"
 186      6590CACF 
 186      E7B15C72 
 186      374ADAC3 
 186      D9
 187 03e3 3629C6D2 		.ascii	"6)\306\322)\316b\212T\267#\025z5\250l\012\255\313\320"
 187      29CE628A 
 187      54B72315 
 187      7A35A86C 
 187      0AADCBD0 
 188 03f7 86157A79 		.ascii	"\206\025zy\261s\001v~\2568\314\245\243~\237\236\214"
 188      B1730176 
 188      7EAE38CC 
 188      A5A37E9F 
 188      9E8C
 189 0409 50E274F6 		.ascii	"P\342t\366C\277w\233\"~H\323\335\241c\252Xs\326\345"
 189      43BF779B 
 189      227E48D3 
 189      DDA163AA 
 189      5873D6E5 
 190 041d CB3A67DB 		.ascii	"\313:g\333\335v\363\3519\373\021\223K\015\2263u \273"
 190      DD76F3E9 
 190      39FB1193 
 190      4B0D9633 
 190      7520BB
 191 0430 9FA0DB36 		.ascii	"\237\240\3336,\362,U\002\002\377\312\210\237\361\257"
 191      2CF22C55 
 191      0202FFCA 
 191      889FF1AF 
 192 0440 4C086FB1 		.ascii	"L\010o\261{P]\220\374l\011\206\263\204\267\321\356\342"
 192      7B505D90 
 192      FC6C0986 
 192      B384B7D1 
 192      EEE2
 193 0452 626FC5EB 		.ascii	"bo\305\353\245\336\027\216\225\225\036}\261\244\342"
 193      A5DE178E 
 193      95951E7D 
 193      B1A4E2
 194 0461 68716979 		.ascii	"hqiy9S*_)\253\020\225o\226+\225h2\216\225\277\\Ry\344"
 194      39532A5F 
 194      29AB1095 
 194      6F962B95 
 194      68328E95 
 195 047a F9B257CB 		.ascii	"\371\262W\313*t2\274TRq\244\370@z{PT\276V\376\037\005"
 195      2A7432BC 
 195      545271A4 
 195      F8407A7B 
 195      5054BE56 
 196 0491 C4D1F5   		.ascii	"\304\321\365"
 197              		.text
 198              		.section	.gnu.lto_SysTick_Handler.8647f20ae4bc3b3b,"",%progbits
 199 0000 789C6365 		.ascii	"x\234ce`b\330\302\300\300 \016\304\242@\314\300\314"
 199      6062D8C2 
 199      C0C0200E 
 199      C4A240CC 
 199      C0CC
 200 0012 C0C8C400 		.ascii	"\300\310\304\000\304\214\214@\016#C=\023c=c?\363tf\306"
 200      C48C8C40 
 200      0E23433D 
 200      13633D63 
 200      3FF37466 
 201 0027 43EDCF76 		.ascii	"C\355\317v2i.o\000\202\003\323\247\260\357j\270\320"
 201      32692E6F 
 201      008203D3 
 201      A7B0EF6A 
 201      B8D0
 202 0039 C03C9F99 		.ascii	"\300<\237\231\201a&3\003\0300.g\324d\000\252{\264\361"
 202      81612633 
 202      0318302E 
 202      67D46400 
 202      AA7BB4F1 
 203 004d DF545E36 		.ascii	"\337T^6\026\2108\343\012F6\220A\353/1\036h\370\367\277"
 203      168838E3 
 203      0A463690 
 203      41EB2F31 
 203      1E68F8F7 
 204 0062 BDE1C09D 		.ascii	"\275\341\300\235\305\214s\335\201R]`m\335\314@\313\230"
 204      C58C73DD 
 204      81525D60 
 204      6DDDCC40 
 204      CB98
 205 0074 5F33B6AC 		.ascii	"_3\266\254\370\362l\"?H5\310\210\235;\337\334f\257\377"
 205      F8F26C22 
 205      3F4835C8 
 205      889D3BDF 
 205      DC66AFFF 
 206 0088 DBC0319F 		.ascii	"\333\3001\237\231q&3P?\343J\306z\220\304\326\3663\033"
 206      99712633 
 206      503FE34A 
 206      C67A90C4 
 206      D6F6331B 
 207 009c B9FA80D6 		.ascii	"\271\372\200\326\002\235\307\270\212Qf>33\303[\306\246"
 207      029DC7B8 
 207      8A51663E 
 207      3333C35B 
 207      C6A6
 208 00ae 05BBFB18 		.ascii	"\005\273\373\030\301zA\240\013\244\001h\252\250\236"
 208      C17A41A0 
 208      0BA40168 
 208      AAA89E
 209 00bd 9E7E7151 		.ascii	"\236~qQ\262~`ifrvHbq\266^rA\001\003\000\012\350=\335"
 209      B27E6069 
 209      66727648 
 209      6271B65E 
 209      72410103 
 210              		.text
 211              		.section	.gnu.lto_.symbol_nodes.8647f20ae4bc3b3b,"",%progbits
 212 0000 789C6365 		.ascii	"x\234ce`bhd\000\002&\336z\006\206\011\347\030\030\200"
 212      60626864 
 212      000226DE 
 212      7A068609 
 212      E7181880 
 213 0014 D4AE4647 		.ascii	"\324\256FG\006\006V\036\206V%\240\004+7#\230f\342\253"
 213      0606561E 
 213      865625A0 
 213      042B3723 
 213      9866E2AB 
 214 0028 674451C0 		.ascii	"gDQ\300$P\317\204* X\317\014\023\230\325\340\002\024"
 214      2450CF84 
 214      2A2058CF 
 214      0C1398D5 
 214      E00214
 215 003b 10AA6741 		.ascii	"\020\252gAQ\301\302\314p\271\375\315|\0160\243\013\304"
 215      51C1C2CC 
 215      70B9FDCD 
 215      7C0E30A3 
 215      0BC4
 216 004d 60666360 		.ascii	"`fc`X\374\340\237#\003\000\342n\036+"
 216      58FCE09F 
 216      230300E2 
 216      6E1E2B
 217              		.text
 218              		.section	.gnu.lto_.refs.8647f20ae4bc3b3b,"",%progbits
 219 0000 789C15C4 		.ascii	"x\234\025\304\301\015\000 \014\003\261K\232\"\220\030"
 219      C10D0020 
 219      0C03B14B 
 219      9A229018 
 220 0010 83FD6704 		.ascii	"\203\375g\004\374pc\016P\240\247p~J\360\220'^x\253+"
 220      FC70630E 
 220      50A0A770 
 220      7E4AF090 
 220      275E78AB 
 221 0025 70010C39 		.ascii	"p\001\0149\000\204"
 221      0084
 222              		.text
 223              		.section	.gnu.lto_.decls.8647f20ae4bc3b3b,"",%progbits
 224 0000 789C8556 		.ascii	"x\234\205VkPTG\026\276}\373\302\014\303 n$\253\251e"
 224      6B505447 
 224      16BE7DFB 
 224      C20CC320 
 224      6E24ABA9 
 225 0015 B344274A 		.ascii	"\263D'JmV\020M\231\315?#\216\211U\273\370\"\326\326"
 225      6D56104D 
 225      99CD3F23 
 225      8E8955BB 
 225      F822D6D6 
 226 0029 FEA1069C 		.ascii	"\376\241\006\234(+/a\2606\377.\003(\032\327\035|!\004"
 226      282B2F61 
 226      B036FF2E 
 226      03281AD7 
 226      1D7C2104 
 227 003d 0C0222A0 		.ascii	"\014\002\"\240\030\025\305\260\2208<|!>@EW\001\211\032"
 227      1815C5B0 
 227      90383C7C 
 227      213E4045 
 227      5701891A 
 228 0051 228A6FA3 		.ascii	"\"\212o\243H\024\366\234\356;s\357\360p\273\346\314"
 228      4814F69C 
 228      EE3B73EF 
 228      F070BBE6 
 228      CC
 229 0062 EDD3FDF5 		.ascii	"\355\323\375\3659_\237\356>\335^\202(\224\370\013\302"
 229      395F9FEE 
 229      3EDD5E82 
 229      2894F80B 
 229      C2
 230 0073 3F4441B8 		.ascii	"?DA\270C\004a\010\212\227 \010\225\202ZP\037\002\021"
 230      43046108 
 230      8A972008 
 230      95825A50 
 230      1F0211
 231 0086 A1DF00E2 		.ascii	"\241\337\000\342\007\362\033\020\030\"\004\300w\"\021"
 231      07F21B10 
 231      182204C0 
 231      772211
 232 0095 3CCA1062 		.ascii	"<\312\020b\340\273\014\344-\304\200\264\201\364\203"
 232      E0BB0CE4 
 232      2DC480B4 
 232      81F483
 233 00a4 4C03E904 		.ascii	"L\003\351\004\371\035`~\017r\031\352\357\302\367:|\357"
 233      F91D607E 
 233      0F7219EA 
 233      EFC2F73A 
 233      7CEF
 234 00b6 805090BB 		.ascii	"\200P\220\273 \003 /@\210\313\367\030\276\274\240\303"
 234      2003202F 
 234      4088CBF7 
 234      18BEBCA0 
 234      C3
 235 00c7 7F98AF7E 		.ascii	"\177\230\257~\305G\037\310\"\305\347\311a~\220\017\372"
 235      C5471FC8 
 235      22C5E7C9 
 235      617E900F 
 235      FA
 236 00d8 3E01E2AD 		.ascii	">\001\342\255\370\274\007\362R\361\335\253\361\217\363"
 236      F8BC07F2 
 236      52F1DDAB 
 236      F18FF3
 237 00e7 9604EEFB 		.ascii	"\226\004\356\373\017 A \357\015\343\361\266\302C\313"
 237      0F204120 
 237      EF0DE3F1 
 237      B6C243CB 
 238 00f7 6132E11C 		.ascii	"a2\341\034\246\300\327\004\362'\220?j8t*\274\332\024"
 238      A6C0D704 
 238      F227903F 
 238      6A38742A 
 238      BCDA14
 239 010a 6E5E1A1E 		.ascii	"n^\032\036\275\012\027\027\007\203\022o\3440}\230\357"
 239      BD0A1717 
 239      0783126F 
 239      E4307D98 
 239      EF
 240 011b 2922E787 		.ascii	")\"\347\2071\010!\334\336\240\322\207cp\255\206\204"
 240      310821DC 
 240      DEA0D287 
 240      6370AD86 
 240      84
 241 012c 91258792 		.ascii	"\221%\207\222\365;\313_\223.\322\201\026\011\026\356"
 241      F53BCB5F 
 241      932ED281 
 241      160916EE 
 242 013c 4D53D802 		.ascii	"MS\330\002\270\012v\023\267]\025J\206\015\022\024 \210"
 242      B80A7613 
 242      B75D154A 
 242      860D1214 
 242      2088
 243 014e 27D0D5AB 		.ascii	"'\320\325\253\265\25063\002\214\204v\204\242\262\237"
 243      B5A83633 
 243      028C8476 
 243      84A2B29F 
 244 015e 48D4066D 		.ascii	"H\324\006m\247\326\2402\0132\012-^\250k\366\217s[z\014"
 244      A7D6A032 
 244      0B320A2D 
 244      5EA86BF6 
 244      8F735B7A 
 245 0173 374827E2 		.ascii	"7H'\342\012\347\020\326V\226\235\226'R\360\003\365o"
 245      0AE710D6 
 245      56969D96 
 245      2752F003 
 245      F56F
 246 0185 336F97EB 		.ascii	"3o\227\3537Q\022h C\004\365\276\232\227~\\\307\356\252"
 246      37511268 
 246      204304F5 
 246      BE9A977E 
 246      5CC7EEAA 
 247 0199 A1F66794 		.ascii	"\241\366g\224Nd\365;\327\372\017It2\253\257\313I\033"
 247      4E64F53B 
 247      D7FA0F49 
 247      7432ABAF 
 247      CB491B
 248 01ac 30D2E9AC 		.ascii	"0\322\351\254~4'\377;\211~\314\352\207\256}\177\304"
 248      7E3427FF 
 248      3B897ECC 
 248      EA87AE7D 
 248      7FC4
 249 01be 8746B0FA 		.ascii	"\207F\260\372\271\247\353\267\371\322e\254\236e\257"
 249      B9A7EBB7 
 249      F9D265AC 
 249      9E65AF
 250 01cd 19F4A77F 		.ascii	"\031\364\247\177c\365\356Mg\033\307\005\227\312P\012"
 250      63F5EE4D 
 250      671BC705 
 250      97CA500A 
 251 01dd E542BD80 		.ascii	"\345B\275\200\276\016\021\316\230\034\304J\016\245?"
 251      BE0E11CE 
 251      981CC44A 
 251      0EA53F
 252 01ec 763574EB 		.ascii	"v5t\353H \301\237!O\316\222\345\031\244\232\030\204"
 252      4820C19F 
 252      214FCE92 
 252      E519A49A 
 252      1884
 253 01fe 3C59CFBE 		.ascii	"<Y\317\276\320`\227\037\025\025\216\207(\314\012$3\002"
 253      D060971F 
 253      15158E87 
 253      28CC0A24 
 253      3302
 254 0210 05524582 		.ascii	"\005RE\202Y\227@\216\300\250\303$\020\235\365\335?\235"
 254      5997408E 
 254      C0A8C324 
 254      109DF5DD 
 254      3F9D
 255 0222 4BE817CC 		.ascii	"K\350\027\314q\353\275k\347\275i\002\253\347\355\350"
 255      71EBBD6B 
 255      E7BD6902 
 255      ABE7EDE8 
 256 0232 6E36523B 		.ascii	"n6R;\341\263\331\323\376\332\217\256\347\312\206\315"
 256      E1B3D9D3 
 256      FEDA8FAE 
 256      E7CA86CD 
 257 0242 7736EBE8 		.ascii	"w6\353\3506\256\334+m\177\241\247\005L\031\225\3231"
 257      36AEDC2B 
 257      6D7FA1A7 
 257      054C1995 
 257      D331
 258 0254 85D3B1B1 		.ascii	"\205\323\261\2619\035c\234~\200Q\337sNm\217Z\012|!\306"
 258      391D639C 
 258      7E8051DF 
 258      734E6D8F 
 258      5A0A7C21 
 259 0269 6F19C878 		.ascii	"o\031\310x\244\225q \237rU\302\025;\233wk\034\250\001"
 259      A4957120 
 259      9F7255C2 
 259      153B9B77 
 259      6B1CA801 
 260 027d 061204EA 		.ascii	"\006\022\004\352\301\203\347\035zZ\312\351\034\037z"
 260      C183E71D 
 260      7A5ACAE9 
 260      1C1F7A
 261 028c E1F4E750 		.ascii	"\341\364\347PQc(\200\033\352O\273\\o\230\264\035\003"
 261      51632880 
 261      1BEA4FBB 
 261      5C6F98B4 
 261      1D03
 262 029e 2BA7CBE3 		.ascii	"+\247\313\343E\262\354\267\3448\270m\002\267\0029A&"
 262      45B2ECB7 
 262      E438B86D 
 262      02B70239 
 262      4126
 263 02b0 C17FB4C4 		.ascii	"\301\177\264\304\367\305\215\376+]F\343\006d\354H\227"
 263      F7C58DFE 
 263      2B5D46E3 
 263      0664EC48 
 263      97
 264 02c1 7D3EC36E 		.ascii	"}>\303n\322\000\340z\006>I\214\312\006\372\372ig\257"
 264      D200E07A 
 264      063E498C 
 264      CA06FAFA 
 264      6967AF
 265 02d4 0FF7118C 		.ascii	"\017\367\021\214q\253}\326\354\305\031\350A\335\226"
 265      71AB7DD6 
 265      ECC519E8 
 265      41DD96
 266 02e3 D733891E 		.ascii	"\3273\211\036\340\344v\035\275y\320\237Vs\305\321\361"
 266      E0E4761D 
 266      BD79D09F 
 266      5673C5D1 
 266      F1
 267 02f4 B2CE97D6 		.ascii	"\262\316\227\326re_uM\207/ur\245\363T\371^\234\3564"
 267      72655F75 
 267      4D872F75 
 267      72A5F354 
 267      F95E9CEE 
 268 0309 D87150FC 		.ascii	"\330qP\3745\233n\032\337ty\247\212\327\031C\366\311"
 268      359B6E1A 
 268      DF7479A7 
 268      8AD71943 
 268      F6C9
 269 031b BCE8F375 		.ascii	"\274\350\363u\352a./\311.\362\246W\230%\261\276\265"
 269      EA612E2F 
 269      C92EF2A6 
 269      579825B1 
 269      BEB5
 270 032d 75502286 		.ascii	"uP\"\206\340,\367,\004\367\024\310E\210\3744\014\374"
 270      E02CF72C 
 270      04F714C8 
 270      4588FC34 
 270      0CFC
 271 033f 79683907 		.ascii	"yh9\007-l\3039O\326\315\334\276N\226E\322F\014\244\225"
 271      2D6CC339 
 271      4FD6CDDC 
 271      BE4E9645 
 271      D2460CA4 
 272 0354 50728184 		.ascii	"Pr\201\204\340\276C(:\330]\321]\347M\033\370\341(.k"
 272      E0BE4328 
 272      3AD85DD1 
 272      5DE74D1B 
 272      F8E1282E 
 273 0369 6F3318B2 		.ascii	"o3\030\2620\232\377\327<\300wl\253l\361\242\315|lkA"
 273      309AFFD7 
 273      3CC0776C 
 273      AB6CF1A2 
 273      CD7C6C6B 
 274 037e 578D482F 		.ascii	"W\215H/s\345\361\253\202\243><j\001\240\276\276\341"
 274      73E5F1AB 
 274      82A33E3C 
 274      6A01A0BE 
 274      BEE1
 275 0390 70E8784C 		.ascii	"p\350xL\013\341\320M\316/j\313\360'\301\023\202\365"
 275      0BE1D04D 
 275      CE2F6ACB 
 275      F027C113 
 275      82F5
 276 03a2 92244D85 		.ascii	"\222$M\205\335\345\222`\275\311d\032\321h2\232L\374"
 276      DDE59260 
 276      BDC9641A 
 276      D168329A 
 276      4CFC
 277 03b4 FC3887AE 		.ascii	"\3748\207\256\317\250\2223\306\223>\242'50\233\353d"
 277      CFA89233 
 277      C6933EA2 
 277      2735309B 
 277      EB64
 278 03c6 023B46DF 		.ascii	"\002;F\337\3411\312F\210\303)\317\221\004\362_\240y"
 278      E131CA46 
 278      88C329CF 
 278      9104F25F 
 278      A079
 279 03d8 1589FF0A 		.ascii	"\025\211\377\012\304\001\205\363f\365\001b\"/A^\200"
 279      C40185F3 
 279      66F50162 
 279      222F415E 
 279      80
 280 03e9 DC03B90B 		.ascii	"\334\003\271\013\322\013r\015\372:H0\330\212\204\374"
 280      D20B720D 
 280      FA3A4830 
 280      D88A84FC 
 281 03f9 C6BDB565 		.ascii	"\306\275\265e\004\315!w\300\325Q\267+\310,z\370\254"
 281      04CD2177 
 281      C0D551B7 
 281      2BC82C7A 
 281      F8AC
 282 040b 655BDF2E 		.ascii	"e[\337.\323Ix\004]\273\377g\260\001\375\314\037\326"
 282      D3497804 
 282      5DBBFF67 
 282      B001FDCC 
 282      1FD6
 283 041d BB8844F6 		.ascii	"\273\210D\366\002\221\012 \"\012d?X\371\211L%7\210\204"
 283      02910A20 
 283      220A643F 
 283      58F9894C 
 283      25378884 
 284 0431 6A25A8B7 		.ascii	"j%\250\267@\355\346\352>P\177$S\005\241D\336\001\276"
 284      40EDE6EA 
 284      3E507F24 
 284      5305A144 
 284      DE01BE
 285 0444 9BD1371A 		.ascii	"\233\3217\032\303v\356\224\334\004;\354\034\006\261"
 285      C376EE94 
 285      DC043BEC 
 285      1C06B1
 286 0453 160E6C70 		.ascii	"\026\016lp\001+U\340m\027p\274\0068\220\256\000\367"
 286      012B55E0 
 286      6D1770BC 
 286      063890AE 
 286      00F7
 287 0465 ABC01E06 		.ascii	"\253\300\036\006\3243\265\024\322\223\354|\376\224B"
 287      D433B514 
 287      D293EC7C 
 287      FE9442
 288 0474 9262B803 		.ascii	"\222b\270\003\232\000\177\213\001\036}\326\035o\230"
 288      9A007F8B 
 288      011E7DD6 
 288      1D6F98
 289 0483 75118E70 		.ascii	"u\021\216p\236\333\246\313\265;3(\0363\322\310\255\252"
 289      9EDBA6CB 
 289      B53B3328 
 289      1E33D2C8 
 289      ADAA
 290 0495 5BCBC94E 		.ascii	"[\313\311N`\030\374)\360\023\273i\216\335\231FY\350"
 290      6018FC29 
 290      F013BB69 
 290      8EDD9946 
 290      59E8
 291 04a7 9B15B8E2 		.ascii	"\233\025\270\342\3544\003\237\"*zp\253\202\306=qf4t"
 291      EC34039F 
 291      222A7A70 
 291      AB82C63D 
 291      71663474 
 292 04bb 03436BC8 		.ascii	"\003Ck\310\037S\311\343\262\367)\344\237C\375\276\347"
 292      1F53C9E3 
 292      B2F729E4 
 292      9F43FDBE 
 292      E7
 293 04cc 92D581BD 		.ascii	"\222\325\201\275g\260F\017\370\032\325\202\372\004\324"
 293      67B0460F 
 293      F81AD582 
 293      FA04D4
 294 04db 875CFD0F 		.ascii	"\207\\\375\017\250\217\324%\353\232%\333\365\314\032"
 294      A88FD425 
 294      EB9A25DB 
 294      F5CC1A
 295 04ea 76F4F108 		.ascii	"v\364\361\010?V\327\254\317\275\024m\270\024\010\254"
 295      3F56D7AC 
 295      CFBD146D 
 295      B81408AC 
 296 04fa 55814FD5 		.ascii	"U\201O\3255S\201\315.`\235\012\374EY\263>\367\232\235"
 296      355381CD 
 296      2E609D0A 
 296      FC4559B3 
 296      3EF79A9D 
 297 050e E06B860D 		.ascii	"\340k\206\015\256\005s\207\347\371%\312c\337\017\261"
 297      AE057387 
 297      E7F925CA 
 297      63DF0FB1 
 298 051e 6F191EFB 		.ascii	"o\031\036\373\323j\3545\271Q\013\021p\240j\356\301a"
 298      D36AEC35 
 298      B9510B11 
 298      70A06AEE 
 298      C161
 299 0530 C51CE693 		.ascii	"\305\034\346\223\263\303\315\205\252\341.\2223\322e"
 299      B3C3CD85 
 299      AAE12E92 
 299      33D265
 300 053f 674F9317 		.ascii	"gO\223\027\207_\006\370\245Q\341\3149\237\307\340j\271"
 300      875F06F8 
 300      A551E1CC 
 300      399FC7E0 
 300      6AB9
 301 0551 10B22662 		.ascii	"\020\262&b\256\270S\225@\332\371\035I\3667\016\006\321"
 301      AEB85395 
 301      40DAF91D 
 301      49F6370E 
 301      06D1
 302 0563 A73CC33C 		.ascii	"\247<\303<\250\271U*IpR\031\021\310\362\230\272\217"
 302      A8B9552A 
 302      49705219 
 302      11C8F298 
 302      BA8F
 303 0575 979D1B37 		.ascii	"\227\235\0337\346}0\310\356\203\327D\271\0206^\354\273"
 303      E67D30C8 
 303      EE83D744 
 303      B910365E 
 303      ECBB
 304 0587 EB35B950 		.ascii	"\3535\271P\356\356\206$yc\306\315C\262\234\011\343$"
 304      EEEE8624 
 304      7963C6CD 
 304      43B29C09 
 304      E324
 305 0599 C49157EA 		.ascii	"\304\221W\352y/G\347\244\014\016-\331\003[[\200g\303"
 305      792F47E7 
 305      A40C0E2D 
 305      D9035B5B 
 305      8067C3
 306 05ac 647C286C 		.ascii	"d|(l)m\362\306\264\216\266\352\232\354\331FZ\311\225"
 306      296DF2C6 
 306      B48EB6EA 
 306      9AECD946 
 306      5AC995
 307 05bf 9705B5D5 		.ascii	"\227\005\265\325F0\\\350\224\235\327\266Ry\253\214K"
 307      46305CE8 
 307      949DD7B6 
 307      5279AB8C 
 307      4B
 308 05d0 8AD74D9A 		.ascii	"\212\327M\232\350\266*\213\303\254\332E\264\372\360"
 308      E8B62A8B 
 308      C3ACDA45 
 308      B4FAF0
 309 05df 7EDD231D 		.ascii	"~\335#\035\255\345\206\316\375\324\002)\256\223\216"
 309      ADE586CE 
 309      FDD40229 
 309      AE938E
 310 05ee 39DFB41F 		.ascii	"9\337\264\037Z\347\262&<V\231\"kK\317\252o\364g\215"
 310      5AE7B226 
 310      3C569922 
 310      6B4BCFAA 
 310      6FF4678D 
 311 0602 B86BD6F2 		.ascii	"\270k\326\362\306\264\252\216\007\"k\304M\260\2167\366"
 311      C6B4AA8E 
 311      07226BC4 
 311      4DB08E37 
 311      F6
 312 0613 EFADAEF1 		.ascii	"\357\255\256\361}'G\215\026\366\251\341Z/\276\003\377"
 312      7D27478D 
 312      16F6A9E1 
 312      5A2FBE03 
 312      FF
 313 0624 5980659C 		.ascii	"Y\200e\234a@\323\320\231S\006\234\030D\354\301\304\\"
 313      6140D3D0 
 313      9953069C 
 313      1844ECC1 
 313      C45C
 314 0636 D96997D3 		.ascii	"\331i\227\323\340b\001 \311Pg\226>|f\033\330\314.\334"
 314      E0620120 
 314      C9506796 
 314      3E7C661B 
 314      D8CC2EDC 
 315 064a 1EEAA5F4 		.ascii	"\036\352\245\364.\237\314\303\314\032\270\3256JL\331"
 315      2E9FCCC3 
 315      CC1AB8D5 
 315      364A4CD9 
 316 065a FBF0EE2B 		.ascii	"\373\360\356+\235b\366\024)\223\035pR\320\346F\325\346"
 316      9D62F614 
 316      29931D70 
 316      52D0E646 
 316      D5E6
 317 066c 57A2F25A 		.ascii	"W\242\362Z\372\027\263u*\263\352\3058\232\313\207w\366"
 317      FA17B375 
 317      2AB3EAC5 
 317      389ACB87 
 317      77F6
 318 067e E45EF2A1 		.ascii	"\344^\362\241\345\\qd\227T\343\354\311\277\331\010h"
 318      E55C7164 
 318      9754E3EC 
 318      C9BFD908 
 318      68
 319 068f 39D2D4C1 		.ascii	"9\322\324\301\226\031\255\267\347\033\031k\274\016q"
 319      9619ADB7 
 319      E71B196B 
 319      BC0E71
 320 069e 3D3689CA 		.ascii	"=6\211\312\036#\016QB\315\223x6sv\260\266\313!\321*"
 320      1E230E51 
 320      42CD9378 
 320      367376B0 
 320      B6CB21D1 
 321 06b3 6E3FFD4C 		.ascii	"n?\375LE\236\201^\340\312\265;\267\277\241\357\027\313"
 321      459E815E 
 321      E0CAB53B 
 321      B7BFA1EF 
 321      17CB
 322 06c5 258D60FA 		.ascii	"%\215`\372\220\027\230\226\3306\337\"\322a'h33\275U"
 322      90179896 
 322      D836DF22 
 322      D2612768 
 322      3333BD55 
 323 06d9 7C1F461D 		.ascii	"|\037F\035\030l\256 \233\370qdQ\275z\265\333\233vJi"
 323      186CAE20 
 323      9BF87164 
 323      51BD7AB5 
 323      DB9B764A 
 324 06ee 7210AA45 		.ascii	"r\020\252E\265O\034:0Z\330\000i\263\2152\243\010\335"
 324      B54F1C3A 
 324      305AD800 
 324      69B38D32 
 324      A308DD
 325 0701 CEB96A8C 		.ascii	"\316\271j\214b\3136\021NQ\016\263\233\265\245\376\242"
 325      62CB3611 
 325      4E510EB3 
 325      9BB5A5FE 
 325      A2
 326 0712 37ED61D4 		.ascii	"7\355a\324\244\314\333\215\026\345\341\346\023\214\271"
 326      A4CCDB8D 
 326      16E5E1E6 
 326      138CB9
 327 0721 E26BD1C7 		.ascii	"\342k\321\307\225\\\260\272\216\347B\207\346\345\226"
 327      955CB0BA 
 327      8EE74287 
 327      E6E596
 328 0730 2F06B32E 		.ascii	"/\006\263.\201\344\212\201$OT\036\020\374\305\012\035"
 328      81E48A81 
 328      244F541E 
 328      10FCC50A 
 328      1D
 329 0741 6487B208 		.ascii	"d\207\262\010\270\016\240\343\375\277\371Y\225\250}"
 329      B80EA0E3 
 329      FDBFF959 
 329      95A87D
 330 0750 53E1EC55 		.ascii	"S\341\354U\202\005\"\313\033\370\005pE\375\223\026\017"
 330      820522CB 
 330      1BF80570 
 330      45FD9316 
 330      0F
 331 0761 30CE4A05 		.ascii	"0\316J\005\357T\300;\031x\347\246\302r\257)\273\330"
 331      EF54C03B 
 331      1978E7A6 
 331      C272AF29 
 331      BBD8
 332 0773 25FC60BE 		.ascii	"%\374`\276\\\246\207\243\314\316\010w\377\2158\005@"
 332      5CA687A3 
 332      CCCE0877 
 332      FF8D3805 
 332      40
 333 0784 3FBFDC7E 		.ascii	"?\277\334~]\247\200\0062e2\327\023T\310@\277\364\354"
 333      5DA78006 
 333      326532D7 
 333      1354C840 
 333      BFF4EC
 334 0797 93FD1450 		.ascii	"\223\375\024P\303H\320.\006\272\327unPrq\313\032+\001"
 334      C348D02E 
 334      06BAD775 
 334      6E507271 
 334      CB1A2B01 
 335 07ab 9222C6AD 		.ascii	"\222\"\306\255\260wW\255^\013\036\365%I\212\031\270"
 335      B07757AD 
 335      5E0B1EF5 
 335      25498A19 
 335      B8
 336 07bc BAF87098 		.ascii	"\272\370p\230!\313\215}\323\203\212\224\210\206\034"
 336      21CB8D7D 
 336      D3838A94 
 336      88861C
 337 07cb AA3BF9A8 		.ascii	"\252;\371\250w"
 337      77
 338 07d0 AD8198B0 		.ascii	"\255\201\230\260L0\361\234;t\375\317\227\212O\310\016"
 338      4C30F19C 
 338      3B74FDCF 
 338      978A4FC8 
 338      0E
 339 07e1 8B3B8757 		.ascii	"\213;\207W\210\243\347\3601r\264\007\334#G\217z\335"
 339      88A3E7F0 
 339      3172B407 
 339      DC23478F 
 339      7ADD
 340 07f3 227CD4EB 		.ascii	"\"|\324\353v\324\214>\322x\330\033.\347\021\2669\023"
 340      76D48C3E 
 340      D278D81B 
 340      2EE711B6 
 340      3913
 341 0805 FE74933D 		.ascii	"\376t\223=\236n\002\003c\012 e\242\211\224\202\354\006"
 341      9E6E0203 
 341      630A2065 
 341      A2899482 
 341      EC06
 342 0817 2907D903 		.ascii	")\007\331\003\262W4i\256\271\021O\014\017Z\232'\006"
 342      B2573469 
 342      AEB9114F 
 342      0C0F5A9A 
 342      2706
 343 0829 E6D25D03 		.ascii	"\346\322]\0037t~_\251[Q\213\205\207\230\350\307V\020"
 343      37747E5F 
 343      A95B518B 
 343      858798E8 
 343      C75610
 344 083c BE00FEF5 		.ascii	"\276\000\376\365\371\255voe\003\301=\221g\227\355\""
 344      F9AD766F 
 344      6503C13D 
 344      916797ED 
 344      22
 345 084d DB431B5C 		.ascii	"\333C\033\\{\250\222\355\241\334\035-\353\251v\177\017"
 345      7BA892ED 
 345      A1DC1D2D 
 345      EBA9767F 
 345      0F
 346 085e 7A6C8BFD 		.ascii	"zl\213\375\312\376\306o@\324\337#>^\234\032\033\263"
 346      CAFEC66F 
 346      40D4DF23 
 346      3E5E9C1A 
 346      1BB3
 347 0870 2AD292B2 		.ascii	"*\322\222\262\352C\033T\314\361\206\305\221QK>\217\210"
 347      EA431B54 
 347      CCF186C5 
 347      91514B3E 
 347      8F88
 348 0882 5810F129 		.ascii	"X\020\361)V\227F.\\\264\310<\317\027\252\363\026,\375"
 348      5697462E 
 348      5CB4C83C 
 348      CF17AAF3 
 348      162CFD
 349 0895 64EE5FCC 		.ascii	"d\356_\314\363\0024\203>Zm\233\037gY\221b\326)\025\262"
 349      F3023483 
 349      3E5A6D9B 
 349      1F675991 
 349      62D62915 
 350 08aa D22F3521 		.ascii	"\322/5!%vE\202uyP\314JK\262nq$k\237\240\0314{qd\344"
 350      25764582 
 350      757950CC 
 350      4A4BB26E 
 350      71246B9F 
 351 08c5 974956B3 		.ascii	"\227IV\2637\377\242\355E\346%\013\026\316[\020\016\360"
 351      37FFA2ED 
 351      45E6250B 
 351      16CE5B10 
 351      0EF0
 352 08d7 A88511E1 		.ascii	"\250\205\021\341f=|#\027\374\325\274\304gu\270%..\332"
 352      663D7C23 
 352      17FCD5BC 
 352      C46775B8 
 352      252E2EDA 
 353 08eb 12B3CAEB 		.ascii	"\022\263\312\353\013\264#\331`\204\224`\375\247\315"
 353      0BB423D9 
 353      60849460 
 353      FDA7CD
 354 08fa 373569B9 		.ascii	"75i\271\305f]f\211K\265\032>\215\370<(\374\203\017\302"
 354      C5665D66 
 354      894BB51A 
 354      3E8DF83C 
 354      28FC830F 
 355 090f 3E14F4A9 		.ascii	">\024\364\251\261\011\266Y3\243l\226\320\225\211\361"
 355      B109B659 
 355      33A36C96 
 355      D09589F1 
 356 091f D6D0C424 		.ascii	"\326\320\304$[\250%9~\272-11\016\010\305&\244\204\256"
 356      5BA82539 
 356      7EBA2D31 
 356      310E08C5 
 356      26A484AE 
 357 0933 8889F924 		.ascii	"\210\211\371$9>\"1\301j\266D\307\316\216\2329#\354\243"
 357      393E2231 
 357      C16AB644 
 357      C7CE8E9A 
 357      3923ECA3 
 358 0947 D53343E3 		.ascii	"\3253C\343b\243\261\213\241\023\240s\272\025zCg\207"
 358      62A3B18B 
 358      A113A073 
 358      BA157A43 
 358      6787
 359 0959 CC0A090B 		.ascii	"\314\012\011\013\215M\210\211K]n\015M\261-\007\363\323"
 359      8D4D8889 
 359      4B5D6E0D 
 359      4DB12D07 
 359      F3D3
 360 096b 0116B252 		.ascii	"\001\026\262R\320\331b\343\2551\266d\203:5\037wmBHH"
 360      D0D962E3 
 360      AD31B664 
 360      833A351F 
 360      776D4248 
 361 0980 684A724C 		.ascii	"hJrL\250\273\001\006H\030\342\267Gt\304$%\011\357z\254"
 361      A8BB0106 
 361      4818E2B7 
 361      4774C424 
 361      2509EF7A 
 362 0995 45D8ACE4 		.ascii	"E\330\254\344\324\004\267\226b^\343\347\241\277\347"
 362      D404B796 
 362      625EE3E7 
 362      A1BFE7
 363 09a4 010E9F69 		.ascii	"\001\016\237i\216X\032\345\012\352\242\371k\326\230"
 363      8E581AE5 
 363      0AEAA2F9 
 363      6BD698
 364 09b3 E38D5151 		.ascii	"\343\215QQ\321\226\024kT\214-19h\030<lTxLb|\022\207"
 364      D196146B 
 364      548C2D31 
 364      3968183C 
 364      6C54784C 
 365 09cb FB2FFD32 		.ascii	"\373/\3752%\022\300Q\237Y\022\226\307Y\223}`\306\326"
 365      2512C051 
 365      9F591296 
 365      C759937D 
 365      60C6D6
 366 09de E4E4D424 		.ascii	"\344\344\324$[\240'\311\231\361\261q\261)\341\211\251"
 366      5BA027C9 
 366      99F1B171 
 366      B129E189 
 366      A9
 367 09ef D86F366A 		.ascii	"\330o6j5\275\015\000\310@\212\206\270\377\017v\360H"
 367      35BD0D00 
 367      C8408A86 
 367      B8FF0F76 
 367      F048
 368 0a01 9E       		.ascii	"\236"
 369              		.text
 370              		.section	.gnu.lto_.symtab.8647f20ae4bc3b3b,"",%progbits
 371 0000 5F5A4E39 		.ascii	"_ZN9QuickTask4tickEm\000"
 371      51756963 
 371      6B546173 
 371      6B347469 
 371      636B456D 
 372 0015 00       		.ascii	"\000"
 373 0016 00       		.ascii	"\000"
 374 0017 00       		.ascii	"\000"
 375 0018 00000000 		.ascii	"\000\000\000\000\000\000\000\000"
 375      00000000 
 376 0020 FF000000 		.ascii	"\377\000\000\000"
 377 0024 5F5A4E39 		.ascii	"_ZN9QuickTask12milisCounterE\000"
 377      51756963 
 377      6B546173 
 377      6B31326D 
 377      696C6973 
 378 0041 00       		.ascii	"\000"
 379 0042 00       		.ascii	"\000"
 380 0043 00       		.ascii	"\000"
 381 0044 00000000 		.ascii	"\000\000\000\000\000\000\000\000"
 381      00000000 
 382 004c 14010000 		.ascii	"\024\001\000\000"
 383 0050 7461736B 		.ascii	"taskbase\000"
 383      62617365 
 383      00
 384 0059 00       		.ascii	"\000"
 385 005a 00       		.ascii	"\000"
 386 005b 00       		.ascii	"\000"
 387 005c 00000000 		.ascii	"\000\000\000\000\000\000\000\000"
 387      00000000 
 388 0064 17010000 		.ascii	"\027\001\000\000"
 389 0068 5F5A4E39 		.ascii	"_ZN9QuickTask13runQuickTasksEv\000"
 389      51756963 
 389      6B546173 
 389      6B313372 
 389      756E5175 
 390 0087 00       		.ascii	"\000"
 391 0088 00       		.ascii	"\000"
 392 0089 00       		.ascii	"\000"
 393 008a 00000000 		.ascii	"\000\000\000\000\000\000\000\000"
 393      00000000 
 394 0092 02010000 		.ascii	"\002\001\000\000"
 395 0096 5F5A4E39 		.ascii	"_ZN9QuickTaskC2ENS_6QTTypeEPFvvEm\000"
 395      51756963 
 395      6B546173 
 395      6B433245 
 395      4E535F36 
 396 00b8 00       		.ascii	"\000"
 397 00b9 00       		.ascii	"\000"
 398 00ba 00       		.ascii	"\000"
 399 00bb 00000000 		.ascii	"\000\000\000\000\000\000\000\000"
 399      00000000 
 400 00c3 0A010000 		.ascii	"\012\001\000\000"
 401 00c7 5F5A4E39 		.ascii	"_ZN9QuickTaskC1ENS_6QTTypeEPFvvEm\000"
 401      51756963 
 401      6B546173 
 401      6B433145 
 401      4E535F36 
 402 00e9 00       		.ascii	"\000"
 403 00ea 00       		.ascii	"\000"
 404 00eb 00       		.ascii	"\000"
 405 00ec 00000000 		.ascii	"\000\000\000\000\000\000\000\000"
 405      00000000 
 406 00f4 0D010000 		.ascii	"\015\001\000\000"
 407 00f8 53797354 		.ascii	"SysTick_Handler\000"
 407      69636B5F 
 407      48616E64 
 407      6C657200 
 408 0108 00       		.ascii	"\000"
 409 0109 00       		.ascii	"\000"
 410 010a 00       		.ascii	"\000"
 411 010b 00000000 		.ascii	"\000\000\000\000\000\000\000\000"
 411      00000000 
 412 0113 11010000 		.ascii	"\021\001\000\000"
 413              		.text
 414              		.section	.gnu.lto_.opts,"",%progbits
 415 0000 272D666D 		.ascii	"'-fmath-errno' '-fsigned-zeros' '-ftrapping-math' '"
 415      6174682D 
 415      6572726E 
 415      6F272027 
 415      2D667369 
 416 0033 2D666E6F 		.ascii	"-fno-trapv' '-fno-strict-overflow' '-fno-openmp' '-"
 416      2D747261 
 416      70762720 
 416      272D666E 
 416      6F2D7374 
 417 0066 666E6F2D 		.ascii	"fno-openacc' '-dD' '-mcpu=cortex-m4' '-mthumb' '-mf"
 417      6F70656E 
 417      61636327 
 417      20272D64 
 417      44272027 
 418 0099 6C6F6174 		.ascii	"loat-abi=soft' '-g3' '-O0' '-fmessage-length=0' '-f"
 418      2D616269 
 418      3D736F66 
 418      74272027 
 418      2D673327 
 419 00cc 7369676E 		.ascii	"signed-char' '-ffunction-sections' '-fdata-sections"
 419      65642D63 
 419      68617227 
 419      20272D66 
 419      66756E63 
 420 00ff 2720272D 		.ascii	"' '-flto' '-fno-move-loop-invariants' '-fno-excepti"
 420      666C746F 
 420      2720272D 
 420      666E6F2D 
 420      6D6F7665 
 421 0132 6F6E7327 		.ascii	"ons'\000"
 421      00
 422              		.text
 423              		.comm	__gnu_lto_v1,1,1
 424              		.comm	__gnu_lto_slim,1,1
 425              		.ident	"GCC: (GNU Tools for ARM Embedded Processors 6-2017-q2-update) 6.3.1 20170620 (release) [AR
DEFINED SYMBOLS
                            *ABS*:0000000000000000 QuickTask.cpp
                            *COM*:0000000000000001 __gnu_lto_v1
                            *COM*:0000000000000001 __gnu_lto_slim

NO UNDEFINED SYMBOLS
