   1              		.cpu cortex-m4
   2              		.eabi_attribute 20, 1
   3              		.eabi_attribute 21, 1
   4              		.eabi_attribute 23, 3
   5              		.eabi_attribute 24, 1
   6              		.eabi_attribute 25, 1
   7              		.eabi_attribute 26, 1
   8              		.eabi_attribute 30, 1
   9              		.eabi_attribute 34, 1
  10              		.eabi_attribute 18, 4
  11              		.file	"stm32f4_i2c_lb.cpp"
  12              		.text
  13              	.Ltext0:
  14              		.section	.gnu.lto_.profile.b69e3474d77e4637,"",%progbits
  15 0000 789C6365 		.ascii	"x\234ce`b`c```d\230\301\264\233\021\000\004\213\001"
  15      60626063 
  15      60606064 
  15      98C1B49B 
  15      1100048B 
  16 0015 65       		.ascii	"e"
  17              		.text
  18              		.section	.gnu.lto_.inline.b69e3474d77e4637,"",%progbits
  19 0000 789C6365 		.ascii	"x\234ce`b(b@\000f\006\0066VF\006&\266\017z\014l\013"
  19      60622862 
  19      40006606 
  19      06365646 
  19      0626B60F 
  20 0018 E4994062 		.ascii	"\344\231@b,\014\2427\231\201b\322W\266\2103\260\357"
  20      2C0CA237 
  20      998162D2 
  20      57B68833 
  20      B0EF
  21 002a 99CF0811 		.ascii	"\231\317\010\021\025`\004\252eY\306\270\206\021(\327"
  21      156004AA 
  21      6559C6B8 
  21      861128D7 
  22 003a C5F4EA2D 		.ascii	"\305\364\352-\007\\\007+\037\320\244\011~H\014\026\001"
  22      075C072B 
  22      1FD0A409 
  22      7E480C16 
  22      01
  23 004b 2638C108 		.ascii	"&8\301\010'@j\001\270(\015\207"
  23      27406A01 
  23      B8280D87 
  24              		.text
  25              		.section	.gnu.lto_.jmpfuncs.b69e3474d77e4637,"",%progbits
  26 0000 789C6365 		.ascii	"x\234ce`b\220g@\000f f\001\342z\00160\277^\000\005\001"
  26      60629067 
  26      40006620 
  26      6601E27A 
  26      013630BF 
  27 0018 002D8C03 		.ascii	"\000-\214\003\216"
  27      8E
  28              		.text
  29              		.section	.gnu.lto_.pureconst.b69e3474d77e4637,"",%progbits
  30 0000 789C6365 		.ascii	"x\234ce`b`g```f\220`\221b\223\002\000\001\322\000h"
  30      60626067 
  30      60606066 
  30      90609162 
  30      93020001 
  31              		.text
  32              		.section	.gnu.lto__Z8i2c_initP11I2C_TypeDefmPFmvE.b69e3474d77e4637,"",%progbits
  33 0000 789C5D91 		.ascii	"x\234]\221\313kSQ\020\306\347\273ss\357%\330\272\266"
  33      CB6B5351 
  33      10C6E7BB 
  33      7373EF25 
  33      D8BAB6
  34 0013 46E8A210 		.ascii	"F\350\242\020\012\222J\343B\374'\352\242\373\202\261"
  34      0A924AE3 
  34      42FC27EA 
  34      A2FB82B1 
  35 0023 4AD06269 		.ascii	"J\320bi\343:\307\250\024|/\372 A\211\030\244>\223\324"
  35      E33AC7A8 
  35      147C2FFA 
  35      20418918 
  35      A43E93D4 
  36 0037 D8DAB890 		.ascii	"\330\332\270\220X\024\005\353\223\272\262+\013BD\027"
  36      581405EB 
  36      93BAB22B 
  36      0B424417 
  37 0047 AE045BA3 		.ascii	"\256\004[\2433\307\256\316\342rf\346\314\367\2339\337"
  37      33C7AECE 
  37      E27266E6 
  37      CCF79B39 
  37      DF
  38 0058 8D914747 		.ascii	"\215\221GG<\2424\021\355\226\017L\360\256\276%:\035"
  38      3CA23411 
  38      ED960F4C 
  38      F0AEBE25 
  38      3A1D
  39 006a 79800626 		.ascii	"y\200\006&\002\345=\344q\205\347\030\257\177\275\272"
  39      02E53DE4 
  39      7185E718 
  39      AF7FBDBA 
  40 007a 18EF9F37 		.ascii	"\030\357\2377\246`Zs\353\275\245\352{\303e&*\212.\235"
  40      A6605A73 
  40      EBBDA5EA 
  40      7BC36526 
  40      2A8A2E9D 
  41 008e C0BE8432 		.ascii	"\300\276\2042\346\321/\255\037\316\326\257\361e\271"
  41      E6D12FAD 
  41      1FCED6AF 
  41      F165B9
  42 009d 057C497F 		.ascii	"\005|I\177\276)mtk\352\241W\322K/\353\215\235\274\007"
  42      BE296D74 
  42      6BEAA157 
  42      D24B2FEB 
  42      8D9DBC07 
  43 00b1 24F1D3E2 		.ascii	"$\361\323\342\322F\220\274e\241k\323l\372\312\314\270"
  43      D24690BC 
  43      65A16BD3 
  43      6CFACACC 
  43      B8
  44 00c2 0B56E81D 		.ascii	"\013V\350\035$p\033\011\222\022\341\036\222\322~sk\352"
  44      24701B09 
  44      9212E11E 
  44      92D27E73 
  44      6BEA
  45 00d4 0C739F95 		.ascii	"\014s\237\225\026\276V\033\361m\351\372\254\225\372"
  45      16BE561B 
  45      F16DE9FA 
  45      AC95FA
  46 00e3 B8EF4A7D 		.ascii	"\270\357J}\302\003+]{\266\270\322\315{\255\364Egf\263"
  46      C2032B5D 
  46      7BB6B8D2 
  46      CD7BADF4 
  46      456766B3 
  47 00f7 6B5BBAB5 		.ascii	"k[\272\265\253hZ~\231c\250\272\332\030\241\206\244\012"
  47      AB685A7E 
  47      9963A8BA 
  47      DA18A186 
  47      A40A
  48 0109 BE2C7466 		.ascii	"\276,tf\272\002_\337*\217\254#\200\234\265\217h\231"
  48      BA025FDF 
  48      2A8FAC23 
  48      809CB58F 
  48      6899
  49 011b CEDF29D3 		.ascii	"\316\337)\323Z\355\371=\244\246\311\222>t^\000\253\244"
  49      5AEDF93D 
  49      A4A6C992 
  49      3E745E00 
  49      ABA4
  50 012d F3D2AF4E 		.ascii	"\363\322\257N^`OOn\243Pj\327v(A\250\263\347V\336\205"
  50      5E604F4F 
  50      6EA3506A 
  50      D7762841 
  50      A8B3E756 
  51 0143 EA4B60B7 		.ascii	"\352K`\267j6\277\177\016\363\177L$\205\212\016\222\332"
  51      6A36BF7F 
  51      0EF37F4C 
  51      24858A0E 
  51      92DA
  52 0155 B7D54FCF 		.ascii	"\267\325O\317\343e\\\207\372\362P~\305\202lFh@j\302"
  52      E3655C87 
  52      FAF2507E 
  52      C5826C46 
  52      68406AC2 
  53 0169 B4BCE583 		.ascii	"\264\274\345\203./tya\205\341\362|,\012\357\221\345"
  53      2E2F7479 
  53      6185E1F2 
  53      7C2C0AEF 
  53      91E5
  54 017b 2D599EFF 		.ascii	"-Y\236\377\237\327<\340\362\"\227\027Ud\270\303\213"
  54      9FD73CE0 
  54      F2229717 
  54      5564B8C3 
  54      8B
  55 018c 6159788F 		.ascii	"aYx\217-\257iy\001\375@\341\306f\333sy\004\302\023m"
  55      2DAF6979 
  55      01FD40E1 
  55      C666DB73 
  55      7904C213 
  56 01a1 5487A0CE 		.ascii	"T\207\240\316\010\255'\225\032\230\234\310\014L\346"
  56      08AD2795 
  56      1A989CC8 
  56      0C4CE6
  57 01b0 C6D28347 		.ascii	"\306\322\203G\367\217d\0073#'\016\2472\343\343\024H"
  57      F78F6407 
  57      3323270E 
  57      A732E3E3 
  57      1448
  58 01c2 7C283711 		.ascii	"|(7\021\016g\307FO\236\312\205\307Fs\303\331\314\361"
  58      0E67C746 
  58      4F9ECA85 
  58      C74673C3 
  58      D9CCF1
  59 01d5 7F11E0D3 		.ascii	"\177\021\340\323\212"
  59      8A
  60              		.text
  61              		.section	.gnu.lto__Z25i2c_waitUntilFlagWTimeoutPVmmb.b69e3474d77e4637,"",%progbits
  62 0000 789C6553 		.ascii	"x\234eS]HTQ\020\236\357\236\373\267\353\272\365\020"
  62      5D485451 
  62      109EEF9E 
  62      FBB7EBBA 
  62      F510
  63 0012 11B18141 		.ascii	"\021\261\201A\"B\330\257\257A\017\275F\020\364\032%"
  63      2242D8AF 
  63      AF410FBD 
  63      4610F41A 
  63      25
  64 0023 159156E8 		.ascii	"\025\221V\350\366\274W\327\262\334\310^\322\254\226"
  64      F6BC57D7 
  64      B2DCC85E 
  64      D2AC96
  65 0032 2D2CFACF 		.ascii	"-,\372\317\254\254\326\376\266\214\3122\255\350\217"
  65      ACACD6FE 
  65      B68CCA32 
  65      ADE88F
  66 0041 9508CC08 		.ascii	"\225\010\314\010\315\002\313\210L\255\231{7\333\354"
  66      CD02CB88 
  66      4CAD997B 
  66      37DBEC
  67 0050 C2CE39F3 		.ascii	"\302\3169\363\235\231\357\2339s\326 \215f\353DK\210"
  67      9D99EF9B 
  67      3973D620 
  67      8D66EB44 
  67      4B88
  68 0062 28CC3FF8 		.ascii	"(\314?\370\010\326\336.\242J\333\202-\033h\336\272\324"
  68      08D6DE2E 
  68      A24ADB82 
  68      2D1B68DE 
  68      BAD4
  69 0074 D654DF23 		.ascii	"\326T\337#\"\307o\236\321\310\011(M\337Y\300\236!6\240"
  69      22C76F9E 
  69      D1C80928 
  69      4DDF59C0 
  69      9E2136A0 
  70 0088 6B1EAA79 		.ascii	"k\036\252y!\206\347\372=7`\002B\341\330\240\210\245"
  70      2186E7FA 
  70      3D376002 
  70      42E1D8A0 
  70      88A5
  71 009a D94A374C 		.ascii	"\331J7LD4\233\274\257N5(<\372\376`\267\277\360\270\343"
  71      44349BBC 
  71      AF4E3528 
  71      3CFAFE60 
  71      B7BFF0B8 
  72 00af 5439A986 		.ascii	"T9\251\206\003\013\016\236{\342\250\204\"jT\204E!\314"
  72      030B0E9E 
  72      7BE2A884 
  72      226A5484 
  72      4521CC
  73 00c2 0F4971C7 		.ascii	"\017Iq\307Q\310\241O\253\317\037R{\370\024\320\331\035"
  73      51C8A14F 
  73      ABCF1F52 
  73      7BF814D0 
  73      D91D
  74 00d4 7A7CE05D 		.ascii	"z|\340]P\\\015y\354&\357\217\246\225\232\005\342}\364"
  74      505C0D79 
  74      EC26EF8F 
  74      A6959A05 
  74      E27DF4
  75 00e7 C8CF6114 		.ascii	"\310\317a\024\034sI\007\353\2253'\241\024NA\011\351"
  75      1C734907 
  75      EB953327 
  75      A1144E41 
  75      09E9
  76 00f9 49847002 		.ascii	"I\204p\002!b\210p\032\005\034~\342MkD\315q3\257FcW\376"
  76      21628870 
  76      1A051C7E 
  76      E24D6B44 
  76      CD7133AF 
  77 0111 640ECF68 		.ascii	"d\016\317htRzB\351839U'\234uS\037\016\214\226\251B7"
  77      74527A42 
  77      E9383339 
  77      55279C75 
  77      531F0E8C 
  78 0129 F56DEFE0 		.ascii	"\365m\357\340\265)\231\324\316\231\015N\012\011e\340"
  78      B52999D4 
  78      CE990D4E 
  78      0A0965E0 
  79 0139 9C97EAB5 		.ascii	"\234\227\352\265\302\000\241\031\005\022\336\3332\276"
  79      C200A119 
  79      0512DEDB 
  79      32BE
  80 0147 2FD7D4A5 		.ascii	"/\327\324\245Q\356\360<L\360\302\370\341\3277\206\241"
  80      51EEF03C 
  80      4CF0C2F8 
  80      E1D73786 
  80      A1
  81 0158 8A5DCA5D 		.ascii	"\212]\312]\037\216~\015\3467\271\224\343w\025\227S\235"
  81      1F8E7E0D 
  81      E637B994 
  81      E3771597 
  81      539D
  82 016a 27F5B4FC 		.ascii	"'\365\264\374[\217|\270\200\374\346gH9\343\277j\234"
  82      5B8F7CB8 
  82      80FCE667 
  82      4839E3BF 
  82      6A9C
  83 017c D4E7E738 		.ascii	"\324\347\34788\334\214\251`I\322\331\230&\033\313\022"
  83      38DC8CA9 
  83      6049D2D9 
  83      98261BCB 
  83      12
  84 018d 638BF189 		.ascii	"c\213\361\211\361C. G\266\001HC\271.M\020n\215T\313"
  84      F1432E20 
  84      47B60148 
  84      43B92E4D 
  84      106E8D54 
  85 01a2 9575EBBC 		.ascii	"\225u\353\274X\274 \2464\272\335A\214\305\224M<V\364"
  85      58BC20A6 
  85      34BADD41 
  85      8CC5944D 
  85      3C56F4
  86 01b5 A3AABEBF 		.ascii	"\243\252\276\277k\225\324\036W2\221\372\355w\272-\231"
  86      6B95D41E 
  86      573291FA 
  86      ED77BA2D 
  86      99
  87 01c6 88ED569F 		.ascii	"\210\355V\237L\016\366X\2211\307f\240I\272dl\240\363"
  87      4C0EF658 
  87      9131C766 
  87      A049BA64 
  87      6CA0F3
  88 01d9 C55D7F02 		.ascii	"\305]\177\002q\276\033\023\227\020\301E\251\037\255"
  88      71BE1B13 
  88      9710C145 
  88      A91FAD
  89 01e8 48803E22 		.ascii	"H\200>\"\232\347\221\011\037W\345#\221\350(\362@+[\301"
  89      9AE79109 
  89      1F57E523 
  89      91E828F2 
  89      402B5BC1 
  90 01fc 3F59C1DF 		.ascii	"?Y\301\337\2440YA\307\025V\270\354*\\\025\205~D\367"
  90      A4305941 
  90      C71556B8 
  90      EC2A5C15 
  90      857E44F7 
  91 0210 EF804767 		.ascii	"\357\200Gg\2732\226'\261\334\303|\377qj\377s&'8\333"
  91      BB329627 
  91      B1DCC37C 
  91      FF716AFF 
  91      73262738 
  92 0225 84B30FD5 		.ascii	"\204\263\017\325\335\355\323&8}\3564b\374\270\370/\240"
  92      DDEDD326 
  92      387DEE34 
  92      62FCB8F8 
  92      2FA0
  93 0237 FA7167A4 		.ascii	"\372qg\244vlW\360\357\274\345\202\335qs\3765\311\311"
  93      766C57F0 
  93      EFBCE582 
  93      DD7173FE 
  93      35C9C9
  94 024a C96E4BB9 		.ascii	"\311nK\271m\035\031j\254S,WY]\351\360\274s\342\334\356"
  94      6D1D196A 
  94      AC532C57 
  94      595DE9F0 
  94      BC73E2DC 
  95 025f 7557F146 		.ascii	"uW\361F\246\213\321\035'}^zn\\\316\003\364\036Uy\202"
  95      A68BD11D 
  95      277D5E7A 
  95      6E5CCE03 
  95      F41E5579 
  96 0274 083FA352 		.ascii	"\010?\243RV\272\375^q&\210I\233\007\223?rE\303\002\341"
  96      56BAFD5E 
  96      71268849 
  96      9B07933F 
  96      7245C302 
  97 0289 66E6D5C4 		.ascii	"f\346\325\304\370\236\277\344+\016\356i\357Z\346\005"
  97      F89EBFE4 
  97      2B0EEE69 
  97      EF5AE605 
  98 0299 07B30B32 		.ascii	"\007\263\01328\370\326D\2601\021\23462\301Y\247&?\023"
  98      38F8D644 
  98      B031119C 
  98      3632C159 
  98      A7263F13 
  99 02ad F5091AC5 		.ascii	"\365\011\032\305e\024\364\015\310f\"fJ!\244\267\275"
  99      6514F40D 
  99      C8662266 
  99      4A21A4B7 
  99      BD
 100 02be 9C2BAB31 		.ascii	"\234+\2531R?\227\217[k:[\374\3361p\033!;\375j:\2778"
 100      523F978F 
 100      5B6B3A5B 
 100      FCDE3170 
 100      1B213BFD 
 101 02d6 30155FFD 		.ascii	"0\025_\375\314\242\242y\025\345%\363*\302e\213\026\256"
 101      CCA2A279 
 101      15E525F3 
 101      2AC2658B 
 101      16AE
 102 02e8 5FBC7AE3 		.ascii	"_\274z\343\302\222\325\245k\213J\266n%\263|\335\206"
 102      C292D5A5 
 102      6B8B4AB6 
 102      6E25B37C 
 102      DD86
 103 02fa 15E1727D 		.ascii	"\025\341r}}\351\232\0159\3336\227n)\331\2642\274&\274"
 103      7DE99A0D 
 103      39DB3697 
 103      6E29D9B4 
 103      32BC26BC 
 104 030e CE2780BB 		.ascii	"\316'\200\273\373\015L\270a\032"
 104      FB0D4CB8 
 104      611A
 105              		.text
 106              		.section	.gnu.lto__Z18i2c_MasterTransmittPht.b69e3474d77e4637,"",%progbits
 107 0000 789C9559 		.ascii	"x\234\225YyTU\325\032\337\337>\227\313\3452\\Pf.p\005"
 107      795455D5 
 107      1ADFDF3E 
 107      97CBE532 
 107      5C50662E 
 108 0016 116D10B3 		.ascii	"\021m\020\263\3419\324\352\331\263i5\256^\303Z\265Z"
 108      E139D4EA 
 108      D9B36935 
 108      AE5EC35A 
 108      B55A
 109 0028 E694C3D2 		.ascii	"\346\224\303\3224!\233,/\202@ \331\253\024$o\370\344"
 109      34219B2C 
 109      2F824020 
 109      D9AB1424 
 109      6FF8E4
 110 003b 39E690E6 		.ascii	"9\346\220\346\020h\211\202\0118\233c\226\015j\211Sj"
 110      10688982 
 110      09389B63 
 110      960D6A89 
 110      536A
 111 004d 8E95F0BE 		.ascii	"\216\225\360\276o\3573\\\016\367\352\225?\276{\366\364"
 111      6FEF335C 
 111      0EF7EA95 
 111      3FBE7BF6 
 111      F4
 112 005e DBDFF8DB 		.ascii	"\333\337\370\333\373\034\202\030g\256N\214\375\2231"
 112      FB1C8218 
 112      67AE4E8C 
 112      FD9331
 113 006d 16C51983 		.ascii	"\026\305\031\203L\006\374\203m\214\345\3328w\355\315"
 113      4C06FC83 
 113      6D8CE5DA 
 113      3877EDCD 
 114 007d 626EBB52 		.ascii	"bn\273R\223\302\334a\012w\255\305_\273e7\366\205Yx\320"
 114      93C2DC61 
 114      0A77ADC5 
 114      5FBB6537 
 114      F6855978 
 115 0092 99186C59 		.ascii	"\231\030lYg\365\302V\020D\312%V\010\226\017\301\334"
 115      67F5C256 
 115      1044CA25 
 115      5608960F 
 115      C1DC
 116 00a4 766433C3 		.ascii	"vd3\303\011\241\2138N\260\361\020\372\265\333EgX\010"
 116      09A18B38 
 116      4EB0F110 
 116      FAB5DB45 
 116      675808
 117 00b7 B8E4343B 		.ascii	"\270\3444;w\211\376.\262\277\213\\\336/\024\302\344"
 117      7789FE2E 
 117      B2BF8B5C 
 117      DE2F14C2 
 117      E4
 118 00c8 78180F97 		.ascii	"x\030\017\2270\221\002&\234G\210\351\0169=B\203q\250"
 118      30910226 
 118      9C4788E9 
 118      0E393D42 
 118      8371A8
 119 00db 3019B23F 		.ascii	"0\031\262?C.\357\027\011Qr<\212\273\032\000\307;4l\241"
 119      432EEF17 
 119      0951723C 
 119      8ABB1A00 
 119      C73B346C 
 120 00f0 F10E9046 		.ascii	"\361\016\220F\375\220\306;J\364X\201\336\221G\013\224"
 120      FD90C63B 
 120      4AF45881 
 120      DE91470B 
 120      94
 121 0101 188912AD 		.ascii	"\030\211\022\255\241\307\250\350\235e\177g\271\272_"
 121      A1C7A8E8 
 121      9D657F67 
 121      B9BA5F
 122 0110 2C8F2BCA 		.ascii	",\217+\312\304\356x\222aq<\301\253\025\017\011rm\002"
 122      C4EE7892 
 122      61713CC1 
 122      AB150F09 
 122      726D02
 123 0123 4F14DD49 		.ascii	"O\024\335I\242;\021\222dw\022t\022\032t\342N\251A\252"
 123      A23B1192 
 123      64771274 
 123      121A74E2 
 123      4EA941AA 
 124 0137 D0C0C993 		.ascii	"\320\300\311\223\305N)r\247dM\203\024U\203t\331\237"
 124      C54E2972 
 124      A7644D83 
 124      14558374 
 124      D99F
 125 0149 2E57F74B 		.ascii	".W\367K\225\366\255\267\271\000\350\301m\0036\221+\226"
 125      95F6ADB7 
 125      B900E8C1 
 125      6D033691 
 125      2B96
 126 015b 206BB02D 		.ascii	" k\260-\304\336%4,<\302\221\021\031\325!\255ctL\347"
 126      C4DE2534 
 126      2C3CC291 
 126      1119D521 
 126      AD63744C 
 127 0170 D8B8F884 		.ascii	"\330\270\370\204\304\244N\316\344\224\364T\027L\264"
 127      C4A44ECE 
 127      E494F454 
 127      174CB4
 128 017f 0633F917 		.ascii	"\0063\371\027\246\376F\251\277i\352o'\365w\252R\246"
 128      A6FE46A9 
 128      BF69EA6F 
 128      27F577AA 
 128      52A6
 129 0191 C0E64B0D 		.ascii	"\300\346K\015S\354\335\346\271\335\223\334\265e{3*\226"
 129      53ECDDE6 
 129      B9DD93DC 
 129      B5657B33 
 129      2A96
 130 01a3 EC702B95 		.ascii	"\354p+\225\012c3\024\006\267;\241\207\023'\302<\350"
 130      0A633314 
 130      06B73BA1 
 130      871327C2 
 130      3CE8
 131 01b5 865337B6 		.ascii	"\206S7\266^\252u\274\217\243\000\034\233\273\316l\361"
 131      5EAA75BC 
 131      8FA3001C 
 131      9BBBCE6C 
 131      F1
 132 01c6 84529343 		.ascii	"\204R\223C$6\217\257\250\251\211P\222\201\341su\336"
 132      24368FAF 
 132      A8A98950 
 132      9281E173 
 132      75DE
 133 01d8 1F172D99 		.ascii	"\037\027-\231s\004h\375d\305\035]\251(\260\020\024\002"
 133      730468FD 
 133      64C51D5D 
 133      A928B010 
 133      1402
 134 01ea 5D004E98 		.ascii	"]\000N\230\017N\206]\014>\203L\234\2763\377\363\231"
 134      0F4E865D 
 134      0C3E834C 
 134      9CBE33FF 
 134      F399
 135 01fc 8A04B660 		.ascii	"\212\004\266`\363\354\326\212\303\021\022\330\205\315"
 135      F3ECD68A 
 135      C31112D8 
 135      85CD
 136 020a 931FCDAD 		.ascii	"\223\037\315\255\262)]\005p\323GW\212\202T\340\223e"
 136      B2295D05 
 136      70D34757 
 136      8A8254E0 
 136      9365
 137 021c 8ABB73A5 		.ascii	"\212\273s\245b\201%\022x1\002/\022\300\026\006K\005"
 137      62812512 
 137      7831022F 
 137      12C01606 
 137      4B05
 138 022e F06F1BAB 		.ascii	"\360o\033\253[B\225\356b\351\376=_\214\320V&\224\273"
 138      5B4295EE 
 138      62E9FE3D 
 138      5F8CD056 
 138      2694BB
 139 0241 6B39E9F4 		.ascii	"k9\351\364\271\017\235\226a\241\340\374_K6~\035\254"
 139      B90F9D96 
 139      61A1E0FC 
 139      5F4B367E 
 139      1DAC
 140 0253 DC2ED6AE 		.ascii	"\334.\326\256n\334V\034\224Q%\026\267\354U\312\334\265"
 140      6EDC561C 
 140      94512516 
 140      B7EC55CA 
 140      DCB5
 141 0265 B92E7412 		.ascii	"\271.t\022,\227\3135?1\232\373\313\262\226i\341V\013"
 141      2C97CB35 
 141      3F319AFB 
 141      CBB29669 
 141      E1560B
 142 0278 7C0119E4 		.ascii	"|\001\031\344D\364\336\012\260\002c\234z\010k\311\361"
 142      44F4DE0A 
 142      B002639C 
 142      7A086BC9 
 142      F1
 143 0289 C936A58F 		.ascii	"\3116\245\217\300-/\234\275\230#n~\036\342\316\354\360"
 143      C02D2F9C 
 143      BD98236E 
 143      7E1EE2CE 
 143      ECF0
 144 029b 619EBBC1 		.ascii	"a\236\273\301m\251T\202`e[\223\350\017VA\306\322]P\353"
 144      6DA95482 
 144      60655B93 
 144      E80F5641 
 144      C6D25D50 
 145 02b0 6E692D74 		.ascii	"ni-t\327\036\232\013\025\347\367v\230\012 l\345BJ\345"
 145      D71E9A0B 
 145      15E7F776 
 145      980A206C 
 145      E5424AE5 
 146 02c4 2D4206A1 		.ascii	"-B\006\2411\314\212\302\352@\021\034\205\302\326\021"
 146      31CC8AC2 
 146      EA40111C 
 146      85C2D611 
 147 02d4 4548340A 		.ascii	"EH4\012{,#m\342\36014\236:\023\304\232D\232\224D\"\231"
 147      7B2C236D 
 147      E2F03134 
 147      9E3A13C4 
 147      9A449A94 
 148 02eb 3A53E9C9 		.ascii	":S\351\311E\"\215\232\351\2640C,\354B\0133\251\263+"
 148      45228D9A 
 148      E9B43043 
 148      2CEC420B 
 148      33A9B32B 
 149 02ff 500CBBE1 		.ascii	"P\014\273\341c\330M$n\246\221[H\334J\242;\255\356A\023"
 149      63D84D24 
 149      6EA6915B 
 149      48DC4AA2 
 149      3BADEE41 
 150 0314 6FA3A79E 		.ascii	"o\243\247\236$\356 q'\211\273H\263^\364\324\233D\037"
 150      24EE2071 
 150      2789BB48 
 150      B35EF4D4 
 150      9B441F
 151 0327 127D49DC 		.ascii	"\022}I\334M\342\036\022\367\322\332~\004u\0375\373S"
 151      4DE21E12 
 151      F7D2DA7E 
 151      04751F35 
 151      FB53
 152 0339 F37E7A7A 		.ascii	"\363~zz\200\304\203$\036\"\3610A=BO\217\222x\214\304"
 152      80C48324 
 152      1E22F130 
 152      413D424F 
 152      8F92788C 
 153 034e E3249E20 		.ascii	"\343$\236 \361$\211\247h\355\323$\236!\274g\205\313"
 153      F12489A7 
 153      68EDD324 
 153      9E21BC67 
 153      85CB
 154 0360 9EA391E7 		.ascii	"\236\243\221\347\251\363\005zz\221\304\000\240\221\227"
 154      A9F3057A 
 154      7A91C400 
 154      A09197
 155 036f 805C3290 		.ascii	"\200\\2\220\206\006Q\357`\022CH\014%1\214\006\206\013"
 155      860651EF 
 155      60124348 
 155      0C25318C 
 155      06860B
 156 0382 8C110437 		.ascii	"\214\021\0047\222:G\0117\216\246\307WH\214\021\343c"
 156      923A4709 
 156      378EA6C7 
 156      57488C11 
 156      E363
 157 0394 69FC556A 		.ascii	"i\374Ujg\213\361\034Z\372\032\265\307\223x\235\304\033"
 157      678BF11C 
 157      5AFA1AB5 
 157      C793789D 
 157      C41B
 158 03a6 24DE2423 		.ascii	"$\336$#\336\246\247\011$\336!\361.\0117\220\314\025"
 158      DEA6A709 
 158      24DE21F1 
 158      2E093790 
 158      CC15
 159 03b8 324FC87C 		.ascii	"2O\310|!\013\204,\024\262\210dp\261x.\021r\212\220\245"
 159      210B842C 
 159      14B28864 
 159      70B1782E 
 159      11728A90 
 160 03cd 4232568C 		.ascii	"B2V\214\271x*\223\225(\034\177\224f\2304\275\371T\016"
 160      B9782A93 
 160      95281C7F 
 160      94669834 
 160      BDF9540E 
 161 03e1 E5A64771 		.ascii	"\345\246Gq`*N\237\274a{0\025]\270\254\340\352\223\007"
 161      602A4E9F 
 161      BC617B30 
 161      155DB8AC 
 161      E0EA9307 
 162 03f5 83275E75 		.ascii	"\203'^u\333\260\243J\221\231}|\313\236z{%x\000\367\201"
 162      DBB0A34A 
 162      91997D7C 
 162      CB9E7A7B 
 162      257800F7 
 163 040a 2F6122AC 		.ascii	"/a\"\254\246\324\204j\250\004v\002\362\\\022,\012\361"
 163      A6D4846A 
 163      A8047602 
 163      F25C122C 
 163      0AF1
 164 041c 70C70846 		.ascii	"p\307\010F[4\246R\2477\274\303\014\357\250R\300\014"
 164      5B34A652 
 164      A737BCC3 
 164      0CEFA852 
 164      C00C
 165 042e 1F096B10 		.ascii	"\037\011k\020\276F\300\257ExD\025p\315\227W\201\334"
 165      BE46C0AF 
 165      45784415 
 165      70CD9757 
 165      81DC
 166 0440 A5A33766 		.ascii	"\245\2437f\224\0313\252\012\2554a\206\300\327\210\371"
 166      941933AA 
 166      0AAD3461 
 166      86C0D788 
 166      F9
 167 0451 95C05C47 		.ascii	"\225\300\\G*#\340\237\205\215!\022/\332\033/D\340]\332"
 167      2A23E09F 
 167      858D2112 
 167      2FDA1B2F 
 167      44E05DDA 
 168 0465 D4541486 		.ascii	"\324T\024\206ks\335n\367\254\323\034m\352\200\373B-"
 168      6B73DD6E 
 168      F7ACD31C 
 168      6DEA80FB 
 168      422D
 169 0477 21E0F0BE 		.ascii	"!\340\360\276s\347\352\302\262\026\273\363s\335.*\331"
 169      73E7EAC2 
 169      B216BBF3 
 169      73DD2E2A 
 169      D9
 170 0488 F58859AE 		.ascii	"\365\210Y\256\250$P^_\277\317\201\272\320\322\345\310"
 170      A824505E 
 170      5FBFCF81 
 170      BAD0D2E5 
 170      C8
 171 0499 3476D800 		.ascii	"4v\330\000Y\270q\035LDW\025\314Z\036&\267\215m\253w"
 171      59B8711D 
 171      4C445715 
 171      CC5A1E26 
 171      B78D6DAB 
 172 04ae C719E40B 		.ascii	"\307\031\344\013\250\307YR\245\265\225S\026\330I\245"
 172      A8C75952 
 172      A5B59553 
 172      16D849A5 
 173 04be 48E0B011 		.ascii	"H\340\260\021\234\336Z\"\251\3007\340\254T\242\331Q"
 173      9CDE5A22 
 173      A9C037E0 
 173      AC54A2D9 
 173      51
 174 04cf 9824BC4F 		.ascii	"\230$\274O\265\211\240\354\010\344\037\254\333\226i"
 174      B589A0EC 
 174      08E41FAC 
 174      DB9669
 175 04de ECA12F62 		.ascii	"\354\241/b\270h\223\312(%\310v\365\016\231\012\177\251"
 175      B86893CA 
 175      2825C876 
 175      F50E990A 
 175      7FA9
 176 04f0 A9101F88 		.ascii	"\251\020\037\210#\033tG6JGn\250\221\201\366(\211&\307"
 176      231B7447 
 176      364A476E 
 176      A89181F6 
 176      288926C7 
 177 0504 B984D7E2 		.ascii	"\271\204\327\342\333{\015\310gM\302g@\354\266\031\375"
 177      DB7B0DC8 
 177      674DC267 
 177      40ECB619 
 177      FD
 178 0515 D30C797F 		.ascii	"\323\014y\177\027\250\001N\222X\307\232&/\011\"\305"
 178      17A8014E 
 178      9258C79A 
 178      262F0922 
 178      C5
 179 0526 6DD0FA7B 		.ascii	"m\320\372{k\253\003\266 \020n8\2751I\315\2546a:\016"
 179      6BAB03B6 
 179      20106E38 
 179      BD3149CD 
 179      AC36613A 
 180 053b EC9A1B6E 		.ascii	"\354\232\033n56\334\006Y\270\213L\253\226\361r\323\344"
 180      3536DC06 
 180      59B88B4C 
 180      AB96F172 
 180      D3E4
 181 054d 40ACDFAE 		.ascii	"@\254\337\256[\277C\267>E\256O\365i}\262\037ev\032\312"
 181      5BBF43B7 
 181      3E45AE4F 
 181      F5697DB2 
 181      1F65761A 
 182 0562 EC92D65F 		.ascii	"\354\222\326_\326\254wI\254%\307\326\315\264K\353\335"
 182      D6AC7749 
 182      AC25C7D6 
 182      CDB44BEB 
 182      DD
 183 0573 1CBEBDA6 		.ascii	"\034\276\275\246\351\247U\323\375\355\266\333\330m\017"
 183      E9A755D3 
 183      FDEDB6DB 
 183      D86D0F
 184 0582 99EE92A6 		.ascii	"\231\356\222\246\027\035\216\225[\246\005b\373^\335"
 184      171D8E95 
 184      5BA60562 
 184      FB5EDD
 185 0591 F67DED4A 		.ascii	"\366}\355J(\335_\315\244\371\255\231\375B'\356\257f"
 185      28DD5FCD 
 185      A4F9AD99 
 185      FD4227EE 
 185      AF66
 186 05a3 0E889AF9 		.ascii	"\016\210\232\371N\255\231\271j\315d\370\254\231\203"
 186      4EAD99B9 
 186      6ACD64F8 
 186      AC9983
 187 05b2 A2664887 		.ascii	"\242fH\207\225\205[\226\2515\003\360\275\250\031\275"
 187      95855B96 
 187      A93503F0 
 187      BDA819BD 
 188 05c2 CB8A5D3F 		.ascii	"\313\212]?\370\252\231\014\265f\312-\352&^Uba_\205\310"
 188      F8AA990C 
 188      B566CA2D 
 188      EA265E55 
 188      62615F85 
 189 05d7 2A995215 		.ascii	"*\231R\025*\207\273x\327\224\305L?\226*\254,\223\357"
 189      2A87BB78 
 189      D794C54C 
 189      3F962AAC 
 189      2C93EF
 190 05ea 62E047F4 		.ascii	"b\340G\364\335!\341\273\237\310w\270\337wu\321\006\\"
 190      DD21E1BB 
 190      9FC877B8 
 190      DF7775D1 
 190      065C
 191 05fc 6353D9FC 		.ascii	"cS\331\3740\202\213\201`\370Y\337<\210\355\346r\363"
 191      30828B81 
 191      60F859DF 
 191      3C88EDE6 
 191      72F3
 192 060e D23CAB9C 		.ascii	"\322<\253\234\375t \221\372E\217\324a5R\347\012\257"
 192      FD742091 
 192      FA458FD4 
 192      613552E7 
 192      0AAF
 193 0620 2812E019 		.ascii	"(\022\340\031\217\322U\024\233\025]\026\207m\272\036"
 193      8FD25514 
 193      9B155D16 
 193      876DBA1E 
 194 0630 9DD8B559 		.ascii	"\235\330\265Y\334\346B\241\005\340\210H5\\\242\346\343"
 194      DCE642A1 
 194      05E08848 
 194      355CA2E6 
 194      E3
 195 0641 7338EF1A 		.ascii	"s8\357\032\2717H\006\372i\277\201>*\002-nC\277R\362"
 195      B9374806 
 195      FA69BF81 
 195      3E2A022D 
 195      6E43BF52 
 196 0656 3D276CB3 		.ascii	"='l\263\262f\253\260mA\205\252Yf \246\375\246\233v\314"
 196      B266ABB0 
 196      6D4185AA 
 196      596620A6 
 196      FDA69B76 
 197 066b 304D0D4C 		.ascii	"0M\015L7\325\264s\005\007z\313\236\233\260\023\021\316"
 197      37D5B473 
 197      05077ACB 
 197      9E9BB013 
 197      11CE
 198 067d 174FBE24 		.ascii	"\027O\276$\356\230\261\350\336f\315\274j5wo\306ym\350"
 198      EE98B1E8 
 198      DE66CDBC 
 198      6A35776F 
 198      C6796DE8 
 199 0691 E716ECC3 		.ascii	"\347\026\354\303UG\347\327\035\266\313\240X\341\270"
 199      5547E7D7 
 199      1DB6CBA0 
 199      58E1B8
 200 06a0 588545DA 		.ascii	"X\205E\332\330WN\272\025\347\321\245t\376\261\323V9"
 200      D8574EBA 
 200      15E7D1A5 
 200      74FEB1D3 
 200      5639
 201 06b2 E90CC009 		.ascii	"\351\014\300\011\015\273Y\265\251;N\274\276\3572\375"
 201      0DBB59B5 
 201      A93B4EBC 
 201      BEEF32FD 
 202 06c2 FAEEA4E1 		.ascii	"\372\356\244\341\273S\344\273\356\302w\301\014\337\013"
 202      BB53E4BB 
 202      EEC277C1 
 202      0CDF0B
 203 06d1 6462CCAC 		.ascii	"db\314\254\262\313\235z\004\342\275\323\272\367~\327"
 203      B2CB9D7A 
 203      04E2BDD3 
 203      BAF77ED7 
 204 06e1 E84B75C2 		.ascii	"\350Ku\302m>\331\253\207_\305\316\350\325\013g5\366"
 204      6D3ED9AB 
 204      875FC5CE 
 204      E8D50B67 
 204      35F6
 205 06f3 3E1024B1 		.ascii	">\020$\261zJ\270\2125\347\233T\372\266\3019\304\021"
 205      7A4AB88A 
 205      35E79B54 
 205      FAB6C139 
 205      C411
 206 0705 59EF54E7 		.ascii	"Y\357T\347\340\204\245'\253\257\204\313\011\014\376"
 206      E084A527 
 206      ABAF84CB 
 206      090CFE
 207 0714 D0B3DEC6 		.ascii	"\320\263\336\306\360}H!\335\232=U\301r\372\0357\250"
 207      F07D4821 
 207      DD9A3D55 
 207      C172FA1D 
 207      37A8
 208 0726 DE7943BD 		.ascii	"\336yC\275\013\232z3T\365\356\224pW\367\236\250\007"
 208      0B9A7A33 
 208      54F5EE94 
 208      7057F79E 
 208      A807
 209 0738 955F6D70 		.ascii	"\225_mpQ\352w\260\256\263:\311K\241\020V\305\245>\237"
 209      51EA77B0 
 209      AEB33AC9 
 209      4BA11056 
 209      C5A53E9F 
 210 074c 6ADEBE3B 		.ascii	"j\336\276;P}\004\375^2\350\367\262\211\354\357\221X"
 210      507D04FD 
 210      5E32E8F7 
 210      B289ECEF 
 210      9158
 211 075e 65A7AE24 		.ascii	"e\247\256$\252\272X\340\212\306\365)\276r\346\242\312"
 211      AABA58E0 
 211      8AC6F529 
 211      BE72E6A2 
 211      CA
 212 076f F5FE36FB 		.ascii	"\365\3766\373\323\330\354/J\231{$\327W\326\251\014r"
 212      D3D8EC2F 
 212      4A997B24 
 212      D757D6A9 
 212      0C72
 213 0781 6F2089F2 		.ascii	"o \211\362\267\236(W\325D9\337\340S\233\221R\231{\375"
 213      B79E2857 
 213      D54439DF 
 213      E0539B91 
 213      52997BFD 
 214 0795 46A2C588 		.ascii	"F\242\305\210D+d\341\204i\363/\266Z%E\267^\242S\335"
 214      442B64E1 
 214      8469F32F 
 214      B65A2545 
 214      B75EA253 
 215 07aa CD9DC2CD 		.ascii	"\315\235\302\315v\266\276Q\315\352\205\232\237\357\012"
 215      76B6BE51 
 215      CDEA859A 
 215      9FEF0A
 216 07b9 E43A9ACB 		.ascii	"\344:\232\313\265\353\350$\336\346:\332\013\001\214"
 216      B5EBE824 
 216      DEE63ADA 
 216      0B018C
 217 07c8 EBE82DB2 		.ascii	"\353\350-\262\263w W"
 217      B3772057 
 218 07d0 D03CAE5D 		.ascii	"\320<\256]A\363\271\260?\257\\\213X\037\201\333[b>&"
 218      41F3B9B0 
 218      3FAF5C8B 
 218      581F81DB 
 218      5B623E26 
 219 07e4 FBFAB6C3 		.ascii	"\373\372\266\303\264\264\307\234\254c\026py\006\354"
 219      B4B4C79C 
 219      AC631670 
 219      7906EC
 220 07f3 D7B20D31 		.ascii	"\327\262\0151\373\212d+V\272\260y\233\030\224(\241l"
 220      FB8A642B 
 220      56BAB079 
 220      9B189428 
 220      A16C
 221 0805 91E0FE73 		.ascii	"\221\340\376s\205\245\253'\310Y\375$\277\031\314|\037"
 221      85A5AB27 
 221      C859FD24 
 221      BF19CC7C 
 221      1F
 222 0816 F65D9F5D 		.ascii	"\366]\237]\374WI!\327\331\245\210c\252\334'\342\020"
 222      FC574921 
 222      D7D9A588 
 222      63AADC27 
 222      E210
 223 0828 C64E24CA 		.ascii	"\306N$\3120Tka\350\037H\316\274\307\265\234)\346m\311"
 223      30546B61 
 223      E81F48CE 
 223      BCC7B59C 
 223      29E66DC9 
 224 083c E57E9FD5 		.ascii	"\345~\237\325\322\337\257^%\\\317\231)\334D.\017H8\375"
 224      D2DFAF5E 
 224      255CCF99 
 224      29DC442E 
 224      0F4838FD 
 225 0850 7B840D2F 		.ascii	"{\204\015/\307\245\274-\271<\340U\274\341,?Q\026o\215"
 225      C7A5BC2D 
 225      B93CE055 
 225      BCE12C3F 
 225      51166F8D 
 226 0864 46260FDE 		.ascii	"F&\017\336\240:\357\033\352L\345&2y\010\341\332\221"
 226      A03AEF1B 
 226      EA4CE526 
 226      327908E1 
 226      DA91
 227 0876 C7435EFB 		.ascii	"\307C^\373G\260#*\231\255\321\274\371D\240\373\213z"
 227      47B0232A 
 227      99ADD1BC 
 227      F944A0FB 
 227      8B7A
 228 0888 FE80EBF5 		.ascii	"\376\200\353\365\374\037\336\226<\236D\254\000\331\302"
 228      FC1FDE96 
 228      3C9E44AC 
 228      00D9C2
 229 0897 1FFA8706 		.ascii	"\037\372\207\006\372G\224\002OJ\266X\253\261\305S\201"
 229      FA479402 
 229      4F4AB658 
 229      ABB1C553 
 229      81
 230 08a8 44FE633D 		.ascii	"D\376c=\362\323x l\361\224_WO7\\]\306\263tjp\260Y\011"
 230      F2D37820 
 230      6CF1945F 
 230      574F375C 
 230      5DC6B374 
 231 08c1 3225D769 		.ascii	"2%\327iN|8\020f(\327\231aF[fx\004\001\3321\303\243\201"
 231      4E7C3810 
 231      6628D799 
 231      61465B66 
 231      780401DA 
 232 08d9 3043855E 		.ascii	"0C\205^\305\237\230\231\3411\201\373h\033fx<\020f\230"
 232      C59F9899 
 232      E13181FB 
 232      681B6678 
 232      3C106698 
 233 08ed A9637ACC 		.ascii	"\251cz\314\314\200\230\217\253\314\220\301\326\305#"
 233      CC80988F 
 233      ABCC90C1 
 233      D6C523
 234 08fc 3144B235 		.ascii	"1D\2625\012%\324\371c\333\353\"\274\2769\255\202\014"
 234      0A25D4F9 
 234      63DBEB22 
 234      BCBE39AD 
 234      820C
 235 090e F1B90951 		.ascii	"\361\271\011Q>\345Vjz\337S#\361\210\255\344N\031\335"
 235      3EE5566A 
 235      7ADF5323 
 235      F188ADE4 
 235      4E19DD
 236 0921 FDE8449C 		.ascii	"\375\350D\234\343Q\236\017$\272\263\364\350\376\327"
 236      E3519E0F 
 236      24BAB3F4 
 236      E8FED7
 237 0930 A86BB1FC 		.ascii	"\250k\261\374\005\237\211\374\274\337\350\3166\242["
 237      059F89FC 
 237      BCDFE8CE 
 237      36A25B
 238 093f 255219B3 		.ascii	"%R\031\2636Q\323\026\341\004v\363\001M\273\027o\020"
 238      3651D316 
 238      E10476F3 
 238      014DBB17 
 238      6F10
 239 0951 FE7F5C7B 		.ascii	"\376\177\\{\013\2079>\340_\024\251\024\305.(\312Q\340"
 239      0B87393E 
 239      E05F14A9 
 239      14C52E28 
 239      CA51E0
 240 0964 E26B8C07 		.ascii	"\342k\214\007\311O</\245g\365^~\332\323G\372^\361v "
 240      C94F3C2F 
 240      A567F55E 
 240      7EDAD347 
 240      FA5EF176 
 241 0979 8EC25C91 		.ascii	"\216\302\\\221\216\354\002\200G\031\020\211\367g\236"
 241      8EEC0280 
 241      47191089 
 241      F7679E
 242 0988 8A0DC5A3 		.ascii	"\212\015\305\243\274D\015K*\341w`'\210QK\2244v\366f"
 242      BC440D4B 
 242      2AE17760 
 242      2788514B 
 242      943476F6 
 243 099d 10EEFE51 		.ascii	"\020\356\376Q\313\331\201\201\270{\236\356\356\371&"
 243      CBD98181 
 243      B87B9EEE 
 243      EEF926
 244 09ac 1A1DE4D3 		.ascii	"\032\035\344\323\037\003\375\372c\201\341\356\205f\032"
 244      1F03FDFA 
 244      6381E1EE 
 244      85661A
 245 09bb 1D2CE156 		.ascii	"\035,\341V\375\332\370\215\366\222\011\360\231\211G"
 245      FDDAF88D 
 245      F69209F0 
 245      998947
 246 09ca 077BF158 		.ascii	"\007{\361XG\326x\223\344\261c\032\217\026\300\015*\264"
 246      47D67893 
 246      E4B1631A 
 246      8F16C00D 
 246      2AB4
 247 09dc C85068B1 		.ascii	"\310Ph\261\231H\013\201\000\333Q)\036u\206\016\321\254"
 247      99480B81 
 247      00DB5129 
 247      1E75860E 
 247      D1AC
 248 09ee 0A64EA37 		.ascii	"\012d\3527\327\005_\203_\374k\260\304\320`\251\027\277"
 248      D7055F83 
 248      5FFC6BB0 
 248      C4D060A9 
 248      17BF
 249 0a00 C4B039DD 		.ascii	"\304\2609\335$\277\234\324bU\004\201\020\314\347:\301"
 249      24BF9CD4 
 249      62550481 
 249      10CCE73A 
 249      C1
 250 0a11 2C6B4B30 		.ascii	",kK0\305@\020\355(\246\004\002\341\230\345:\037|a\346"
 250      C54010ED 
 250      28A60402 
 250      E198E53A 
 250      1F7C61E6 
 251 0a25 982920B1 		.ascii	"\230) \261K\240\015\315\224\266\307\365\3013+t\334\225"
 251      4BA00DCD 
 251      94B6C7F5 
 251      C1332B74 
 251      DC95
 252 0a37 669E21DC 		.ascii	"f\236!\334RP\231\2463+\354\212L\023\313\026\200\014"
 252      525099A6 
 252      332BEC8A 
 252      4C13CB16 
 252      800C
 253 0a49 F9E5C36A 		.ascii	"\371\345\303j\310\207\004\032qq\270\2542\016\227\325"
 253      C887041A 
 253      7171B8AC 
 253      320E97D5 
 254 0a59 A6A36B28 		.ascii	"\246\243k(b\031G\227\363Z\0375\374\241\177i\240W\323"
 254      62194797 
 254      F35A1F35 
 254      FCA17F69 
 254      A057D3
 255 0a6c D1355492 		.ascii	"\3215T\222\333_\332\253\362\260@\252\255F\257\2665\252"
 255      DB5FDAAB 
 255      F2B040AA 
 255      AD46AFB6 
 255      35AA
 256 0a7e AB671634 		.ascii	"\253g\0264\252)9\034)\201>\356\353_\013\004K\014\027"
 256      AA29391C 
 256      29813EEE 
 256      EB5F0B04 
 256      4B0C17
 257 0a91 5F3E8AB5 		.ascii	"_>\212\2657\274\021\355=\022C\353\344\333\376Z\256\275"
 257      37BC11ED 
 257      3D1243EB 
 257      E4DBFE5A 
 257      AEBD
 258 0aa3 A4AA768F 		.ascii	"\244\252v\217\304\025\327\277\262\015\363\233\300_\031"
 258      C415D7BF 
 258      B20DF39B 
 258      C05F19
 259 0ab2 57B6AFC9 		.ascii	"W\266\257\311\350\221\244\362\364\202\255\353\206H\374"
 259      E891A4F2 
 259      F482ADEB 
 259      8648FC
 260 0ac1 5192B66A 		.ascii	"Q\222\266j\366\357\371\207d\255\326V\005\326q/#\004"
 260      F6EFF987 
 260      64ADD656 
 260      05D6712F 
 260      2304
 261 0ad3 ED8D9254 		.ascii	"\355\215\222T\333\222\247\306u\264\317\270\372W\243"
 261      DB92A7C6 
 261      75B4CFB8 
 261      FA57A3
 262 0ae2 D6A8A3F5 		.ascii	"\326\250\243\365Z%\277\247\272\355\025\011\247\377c"
 262      5A25BFA7 
 262      BAED1509 
 262      A7FF63
 263 0af1 C70616D8 		.ascii	"\307\006\026\330\300\325\262\376[u\333+^e\035\307v3"
 263      C0D5B2FE 
 263      5B75DB2B 
 263      5E651DC7 
 263      7633
 264 0b03 E5087C7C 		.ascii	"\345\010||\360_\252\015\032\321b*\306\263\026\246\224"
 264      F05FAA0D 
 264      1AD1622A 
 264      C6B316A6 
 264      94
 265 0b14 2809948A 		.ascii	"(\011\224\212\002@\245&+}\376\224dl\245\257:q\347\034"
 265      0240A526 
 265      2B7DFE94 
 265      646CA5AF 
 265      3A71E71C 
 266 0b28 D413CF11 		.ascii	"\324\023\317\021/\221\360\304\347\251\322\235+T\277"
 266      2F91F0C4 
 266      E7A9D29D 
 266      2B54BF
 267 0b37 8FF1BE33 		.ascii	"\217\361\2763\306\211\377a\235\177o[+\250\037h(bu\\"
 267      C689FF61 
 267      9D7F6F5B 
 267      2BA81F68 
 267      2862755C 
 268 0b4b DA7A76CF 		.ascii	"\332zv\317\262\023\326\211\357\320\267\235z\012\037"
 268      B213D689 
 268      EFD0B79D 
 268      7A0A1F
 269 0b5a 838D7CA2 		.ascii	"\203\215|\242)\011\306\310$\320>\252\214\365\376\316"
 269      2909C6C8 
 269      24D03EAA 
 269      8CF5FECE 
 270 0b6a 64012AC6 		.ascii	"d\001*\306\253\315y+-\246\234\370\206v\200M\346\234"
 270      ABCD792B 
 270      2DA69CF8 
 270      8676804D 
 270      E69C
 271 0b7c 781501AE 		.ascii	"x\025\001\256Q\007/_/'\032\214\234h\244\234xU\346\204"
 271      51072F5F 
 271      2F271A8C 
 271      9C68A49C 
 271      7855E684 
 272 0b90 67E77089 		.ascii	"g\347p\211\237-sb\332\366\342\015V\231\024-\230\024"
 272      9F2D7362 
 272      DAF6E20D 
 272      5699142D 
 272      9814
 273 0ba2 4DED9222 		.ascii	"M\355\222\"[D#\211\\\215n}\026S=\341\317\226\2378Z\233"
 273      5B442389 
 273      5C8D6E7D 
 273      16533DE1 
 273      CF969F38 
 274 0bb8 5831BB99 		.ascii	"X1\273\231_\200\004\214MBEk\003rEvb\315\354\235\200"
 274      5F80048C 
 274      4D42456B 
 274      03724576 
 274      62CDEC9D 
 275 0bcd D33BB162 		.ascii	"\323;\261b\007\030\347\251\305\353<\345\262 K\347\250"
 275      0718E7A9 
 275      C5EB3CE5 
 275      B2204BE7 
 275      A8
 276 0bde 949A1348 		.ascii	"\224\232\023HAn\326\013r\213\351\370{\315g\216\346\370"
 276      416ED60B 
 276      728BE9F8 
 276      7BCD678E 
 276      E6F8
 277 0bf0 75CB5623 		.ascii	"u\313V#G\267\231\217\277\361\010\247%\245~\334\215\327"
 277      47B7998F 
 277      BFF108A7 
 277      25A57EDC 
 277      8DD7
 278 0c02 72F202A0 		.ascii	"r\362\002\240\321\317&\321\001\237\216\015\213GI\240"
 278      D1CF26D1 
 278      019F8E0D 
 278      8B4749A0 
 279 0c12 86259DFC 		.ascii	"\206%\235\374\343d;\"$+\276?G\255\236\327oP\263\355"
 279      E3643B22 
 279      242BBE3F 
 279      47AD9ED7 
 279      6F50B3ED 
 280 0c26 86663BCC 		.ascii	"\206f;\314\347\340\033\010\327\356\024|\303\253Z\222"
 280      E7E01B08 
 280      D7EE147C 
 280      C3AB5A92 
 281 0c36 592F7906 		.ascii	"Y/y\006N\335x\2553\320\377\356;\215\335w\251g\2400\247"
 281      4EDD78AD 
 281      33D0FFEE 
 281      3B8DDD77 
 281      A967A030 
 282 0c4b 5C8B93DB 		.ascii	"\\\213\223\333\367\271\356\003Q\360\360\267\006\017"
 282      F7B9EE03 
 282      51F0F0B7 
 282      060F
 283 0c59 EF36B17C 		.ascii	"\3576\261|.\020Z\200\257(\376\360\367\030\370{)\275"
 283      2E105A80 
 283      AF28FEF0 
 283      F718F87B 
 283      29BD
 284 0c6b 7341F821 		.ascii	"sA\370!\205\225G\3103\373\023M\3617\0039\262\367\351"
 284      859547C8 
 284      33FB134D 
 284      F1370339 
 284      B2F7E9
 285 0c7e 47F6FEB6 		.ascii	"G\366\376\266G\366\333\010\320\356\300\236\020\310y"
 285      47F6DB08 
 285      D0EEC09E 
 285      10C879
 286 0c8d 7D403F57 		.ascii	"}@?W\2773\237\327\357\010\334\011m\016\353w\0039\253"
 286      BF339FD7 
 286      EF08DC09 
 286      6D0EEB77 
 286      0339AB
 287 0ca0 0FEA98DF 		.ascii	"\017\352\230\337\233\317j\304|W\245\307t\366s8\236\324"
 287      9BCF6AC4 
 287      7C57A5C7 
 287      74F67338 
 287      9ED4
 288 0cb2 A9AC8F4C 		.ascii	"\251\254\217L\311\371G\325\224\314\273\261\030\376`"
 288      C9F947D5 
 288      94CCBBB1 
 288      18FE60
 289 0cc1 F8F89029 		.ascii	"\370\370\220)\206\371@h\001\236\325\376\360\1774\360"
 289      86F94068 
 289      019ED5FE 
 289      F07F34F0 
 290 0cd1 7FA218E6 		.ascii	"\177\242\030\346\313\030\272\350\337\221\247\2200<J"
 290      CB18BAE8 
 290      DF91A790 
 290      303C4A
 291 0ce0 90A8BB20 		.ascii	"\220\250\273 \217\022\313k\016\335\352Q2\224\205tA\325"
 291      8F12CB6B 
 291      0EDDEA51 
 291      32948574 
 291      41D5
 292 0cf2 FF09C6F0 		.ascii	"\377\011\306\360=\377g\356\014\2518^\253x\263-\003\200"
 292      3DFF67EE 
 292      0CA9385E 
 292      AB78B32D 
 292      0380
 293 0d04 5FB8D37E 		.ascii	"_\270\323~|$\015G,\034C-G\3618jE7\275E\255\230\205o"
 293      7C240D47 
 293      2C1C432D 
 293      47F1386A 
 293      4537BD45 
 294 0d1c 532B79E1 		.ascii	"S+y\341\\15\245x\036\224\231\376-v\230;\243*>k\346\350"
 294      5C3135A5 
 294      781E9499 
 294      FE2D7698 
 294      3BA32A3E 
 295 0d33 52409DB0 		.ascii	"R@\235\2608\022\273w\317\312\03678+;g\364\355=_\276"
 295      3812BB77 
 295      CFCA1E37 
 295      382B3B67 
 295      F4ED3D5F 
 296 0d48 63C0889E 		.ascii	"c\300\210\236\203\007\214\032\324}\360\330\261\314\336"
 296      83078C1A 
 296      D47DF0D8 
 296      B1CCDE
 297 0d57 7FE8F87E 		.ascii	"\177\350\370~C\206\214\033\232\235\0354\266\377\300"
 297      43868C1B 
 297      9A9D1D34 
 297      B6FFC0
 298 0d66 9C81967F 		.ascii	"\234\201\226\177\217xk\250\025\333\257\215\312\261\346"
 298      8F786BA8 
 298      15DBAF8D 
 298      CAB1E6
 299 0d75 8C1E3B6E 		.ascii	"\214\036;n\350\260\377\003\205\376\346 "
 299      E8B0FF03 
 299      85FEE620 
 300              		.text
 301              		.section	.gnu.lto_.symbol_nodes.b69e3474d77e4637,"",%progbits
 302 0000 789C6365 		.ascii	"x\234ce`bX\316\000\004L\015\214\365\014\014\023\316"
 302      606258CE 
 302      00044C0D 
 302      8CF50C0C 
 302      13CE
 303 0012 313000A9 		.ascii	"10\000\251]\015\216\014\014\254\177\030\030\032\225"
 303      5D0D8E0C 
 303      0CAC7F18 
 303      181A95
 304 0021 8052AC7F 		.ascii	"\200R\254\177\031\030!\214\337\014L`\006S#c=#\252\342"
 304      1918218C 
 304      DF0C4C60 
 304      06532363 
 304      3D23AAE2 
 305 0035 7F0CCC10 		.ascii	"\177\014\314\020\251&\306z&T\251\377\014,`)\026\026"
 305      A926C67A 
 305      2654A9FF 
 305      0C2C6029 
 305      1616
 306 0047 86CB0F8E 		.ascii	"\206\313\017\216z20\263\2610\034z\370\217\021D?:u\214"
 306      7A3230B3 
 306      B1301C7A 
 306      F88F1144 
 306      3F3A758C 
 307 005b 8D850D28 		.ascii	"\215\205\015(\376\217\221\001D\317\372f\003\242??>1"
 307      FE8F9101 
 307      44CFFA66 
 307      03A23F3F 
 307      3E31
 308 006d 9F19C498 		.ascii	"\237\031\304\230\374\351A'+Xd\371\303\030\006\006\000"
 308      FCE94127 
 308      2B5864F9 
 308      C3180606 
 308      00
 309 007e 3C382C90 		.ascii	"<8,\220"
 310              		.text
 311              		.section	.gnu.lto_.refs.b69e3474d77e4637,"",%progbits
 312 0000 789C0D8D 		.ascii	"x\234\015\2151\012\302\000\024C_\376\357W\034:\270H"
 312      310AC200 
 312      14435FFE 
 312      EF571C3A 
 312      B848
 313 0012 978ECE45 		.ascii	"\227\216\316E\304\305\303u\351^\3043\211\210\340\354"
 313      C4C5C375 
 313      E95EC433 
 313      8988E0EC 
 314 0022 58C4C563 		.ascii	"X\304\305c\230@ yCR\004#\220\310\212Pf6\244\250$\252"
 314      98402079 
 314      43520423 
 314      90C88A50 
 314      6636A4A8 
 315 0038 5F39CA51 		.ascii	"_9\312Q\015\332\240\026mY\357P\207z\264G\003y\240\216"
 315      0DDAA016 
 315      6D59EF50 
 315      877AB447 
 315      0379A08E 
 316 004c C4099DD1 		.ascii	"\304\011\235\321\315Kw\250\007\304\023\364\262\337f"
 316      CD4B77A8 
 316      07C413F4 
 316      B2DF66
 317 005b 8BD9C7EC 		.ascii	"\213\331\307\354\353\376\263'\221\263O.\"\256\342\017"
 317      EBFEB327 
 317      91B34F2E 
 317      22AEE20F 
 318 006b 28060D3E 		.ascii	"(\006\015>"
 319              		.text
 320              		.section	.gnu.lto_.decls.b69e3474d77e4637,"",%progbits
 321 0000 789CB556 		.ascii	"x\234\265VkPTG\026\276\347\366\014\314\014\003Xh\245"
 321      6B505447 
 321      16BEE7F6 
 321      0CCC0C03 
 321      5868A5
 322 0013 5877AAC2 		.ascii	"Xw\252\302\232\204\314VVp\320u\375\261?\264\210n\334"
 322      9A84CC56 
 322      5670D075 
 322      FDB13FB4 
 322      886EDC
 323 0026 5D8335C1 		.ascii	"]\2035\301\335-\377P<&:\025fp\231qw\363\357\006\001"
 323      DD2DFF50 
 323      3C263A15 
 323      66709971 
 323      77F3EF06 
 324 003b 478204F1 		.ascii	"G\202\004\361\001BT^A\021\025\215\242\"jFP\202(\012"
 324      0142545E 
 324      4111158D 
 324      A2226A46 
 324      5082280A 
 325 004f F80C0F25 		.ascii	"\370\014\017%>0\020E\360\031\361\265\247\273\357\314"
 325      3E301045 
 325      F019F1B5 
 325      A7BBEFCC 
 326 005f 5C06ACFD 		.ascii	"\\\006\254\375\265\267\346\314\355s\372\353\257O\237"
 326      B5B7E6CC 
 326      ED73FAEB 
 326      AF4F9F
 327 006e 73BAFBAA 		.ascii	"s\272\373\252\005Q(\016\021\204?\212\202P\011\202\360"
 327      0551280E 
 327      11843F8A 
 327      82500982 
 327      F0
 328 007f 1A1F9520 		.ascii	"\032\037\225 \010\273\005\337CP\236\242\250\260\177"
 328      08BB05DF 
 328      43509EA2 
 328      A8B07F
 329 008e 0A8A1ADB 		.ascii	"\012\212\032\333o\341;\034e*\212\001\345m\020\306<\367"
 329      6FE13B1C 
 329      652A8A01 
 329      E56D10C6 
 329      3CF7
 330 00a0 51D7E2FB 		.ascii	"Q\327\342\373.J\030\312\024\224n\224\375(\007Q\"\260"
 330      2E4A18CA 
 330      14946E94 
 330      FD280751 
 330      22B0
 331 00b2 FF3728D3 		.ascii	"\3777(\323\344q \317A\374\270\225\217\026}\324\373q"
 331      E47120CF 
 331      41FCB895 
 331      8F167DD4 
 331      FB71
 332 00c4 0270CE97 		.ascii	"\002p\316\2272\357\373\002\347\254\0238\177\203\340"
 332      32EFFB02 
 332      E7AC1338 
 332      7F83E0
 333 00d3 E3A7FE53 		.ascii	"\343\247\376S~\217\317\341~\374\277E\376p?\376 \304"
 333      7E8FCFE1 
 333      7EFCBF45 
 333      FE703FFE 
 333      20C4
 334 00e5 4C927994 		.ascii	"L\222y\224st\313s\033\360\275\330o\316\375\362\372\332"
 334      7374CB73 
 334      1BF0BDD8 
 334      6FCEFDF2 
 334      FADA
 335 00f7 F0FD0E9D 		.ascii	"\360\375\016\235\023%\024%\016\365%\324\017\224\016"
 335      13251425 
 335      0EF525D4 
 335      0F940E
 336 0106 942B289D 		.ascii	"\224+(\235(\027PD\201\307V%\307\327\343\343[rl\375}"
 336      28175044 
 336      81C75625 
 336      C7D7E3E3 
 336      5B726CFD 
 337 011b 2D245055 		.ascii	"-$PUwz\013\\\203\036t\003\330\303W\311\035\003\371\315"
 337      777A0B5C 
 337      831E7403 
 337      D8C357C9 
 337      1D03F9CD 
 338 012f 12CA1EE0 		.ascii	"\022\312\036\340:\376\213\236\200\20074r\203\215\003"
 338      3AFE8B9E 
 338      80803734 
 338      72838D03 
 339 013f 41040E16 		.ascii	"A\004\016\026\205\211@JF\257\035<\217\307\006c))\233"
 339      8589404A 
 339      46AF1D3C 
 339      8FC70663 
 339      29299B
 340 0152 A70F1470 		.ascii	"\247\017\024p?\027\345Up\204\240\234@\366\236xV?\262"
 340      3F17E555 
 340      7084A09C 
 340      40F69E78 
 340      563FB2
 341 0165 F96CBFEE 		.ascii	"\371l\277\356:\364Rk\351\\`\266\336\235\203\345A\004"
 341      3AF4526B 
 341      E95C60B6 
 341      DE9D83E5 
 341      4104
 342 0177 E7C17671 		.ascii	"\347\301vqK\305j}\324.\211?\232?\373\342v\251\340\333"
 342      4BC56A7D 
 342      D42E893F 
 342      9A3FFBE2 
 342      76A9E0DB 
 343 018b AC60329D 		.ascii	"\254`2\235\241:2\367~M\362\010\204\351@EI\333\212o\206"
 343      A13A32F7 
 343      7E4DF208 
 343      84E94045 
 343      49DB8A6F 
 344 01a0 A03A4507 		.ascii	"\240:E\007\021\250\236z\375\324\035\312{ET;\207\317"
 344      11A89E7A 
 344      FDD41DCA 
 344      7B45543B 
 344      87CF
 345 01b2 6E09E2BD 		.ascii	"n\011\342\275\223\350l-\3255t\354\373:\240\316\207\242"
 345      93E86C2D 
 345      D53574EC 
 345      FB3AA0CE 
 345      87A2
 346 01c4 A9F66EFD 		.ascii	"\251\366n\375\263`n\242\354\325\225\353\312\003\310"
 346      B3606EA2 
 346      ECD595EB 
 346      CA03C8
 347 01d3 6CDA164F 		.ascii	"l\332\026Ott\274R\201\316\350\222\244\014)\177\225\244"
 347      7474BC52 
 347      81CEE892 
 347      A40C297F 
 347      95A4
 348 01e5 FD4880DD 		.ascii	"\375H\200\335`\200]`\020\340\000\030q\014.q\037Z\366"
 348      60805D60 
 348      10E00018 
 348      710C2E71 
 348      1F5AF6
 349 01f8 A2A58A3A 		.ascii	"\242\245\212:\355~]\370\353zI\232\004\373A\007\337\002"
 349      ED7E5DF8 
 349      EB7A499A 
 349      04FB4107 
 349      DF02
 350 020a 819D1045 		.ascii	"\201\235\020E\343@\221\224\276\241\276\372bp\370&\266"
 350      E3409194 
 350      BEA1BEFA 
 350      6270F826 
 350      B6
 351 021b C055D224 		.ascii	"\300U\322$\221\341j\221a\0172\010P\007X\314\220\244"
 351      91E16A91 
 351      610F3208 
 351      500758CC 
 351      90A4
 352 022d E2E0B233 		.ascii	"\342\340\2623\003\373\202\3649\336\331i\267\327\001"
 352      03FB82F4 
 352      39DED969 
 352      B7D701
 353 023c 010E825E 		.ascii	"\001\016\202^\016O\323\355\227\267\265*\221\333\350"
 353      0E4FD3ED 
 353      97B7B52A 
 353      91DBE8
 354 024b 70B43DAB 		.ascii	"p\264=\253y\\N\230\215Nq\010\230\321\023\2540\036,i"
 354      795C4E98 
 354      8D4E7108 
 354      98D113AC 
 354      301E2C69 
 355 025f A069AB48 		.ascii	"\240i\253H\312\200\255\274b\307\345N\235\316E\375\372"
 355      CA80ADBC 
 355      62C7E54E 
 355      9DCE45FD 
 355      FA
 356 0270 9F6B45F8 		.ascii	"\237kE\370\3679\337T\006\223*>v(\363v_\020\347\015G"
 356      F739DF54 
 356      06932A3E 
 356      7628F376 
 356      5F10E70D 
 357 0285 F55867CF 		.ascii	"\365Xg\317\\\262\213w\325\014\272\016\022\262\227+\236"
 357      5CB28B77 
 357      D50CBA0E 
 357      12B2972B 
 357      9E
 358 0296 7484F174 		.ascii	"t\204\361t\034jh\274\252\"\007d\216\30797T\3440W\212"
 358      1C6A68BC 
 358      AA220764 
 358      8EC73937 
 358      54E43057 
 359 02ab 1B1EB5AA 		.ascii	"\033\036\265\2529P\203jII\353\227j\322\300\373\006\036"
 359      3950836A 
 359      4949EB97 
 359      6AD2C0FB 
 359      061E
 360 02bd 67D7AA89 		.ascii	"g\327\252\211\233+\027\353/\271\202\310)\256\270\366"
 360      9B2B17EB 
 360      2FB982C8 
 360      29AEB8F6 
 361 02cd ED2B0A22 		.ascii	"\355+\012\"\247\271ra\364tW\000i\343J\351\313\347\331"
 361      A7B97261 
 361      F4745700 
 361      69E34AE9 
 361      CBE7D9
 362 02e0 C1A49B2B 		.ascii	"\301\244\233+%\017{\007\264\234\334\210\352W\355\333"
 362      250F7B07 
 362      B49CDC88 
 362      EA57EDDB 
 363 02f0 BA35BC46 		.ascii	"\2725\274F\334X3\241M\271\217\332E0N~\327\373\030\215"
 363      DC5833A1 
 363      4DB98FDA 
 363      45304E7E 
 363      D7FB188D 
 364 0304 93E5EC1E 		.ascii	"\223\345\354\036\235u>\303\355\022\241\013&\013\320"
 364      9D753EC3 
 364      ED12A10B 
 364      260BD0
 365 0313 867F82E7 		.ascii	"\206\177\202\347\265\216\002\362%i\256J\2003\030\246"
 365      B58E02F2 
 365      2569AE4A 
 365      803318A6 
 366 0323 561AB81F 		.ascii	"V\032\270\0370p\330M\253\000\256b\373\012\274\013\227"
 366      3070D84D 
 366      AB00AE62 
 366      FB0ABC0B 
 366      97
 367 0334 512EA15C 		.ascii	"Q.\241\\D\271\200\322\211\322\201\322\216r\036\345\034"
 367      44B980D2 
 367      89D281D2 
 367      8E721EE5 
 367      1C
 368 0345 CA5930B2 		.ascii	"\312Y0\262\322/\2272WI\356WW\303\012*\244\226\031\320"
 368      D22F9732 
 368      5749EE57 
 368      57C30A2A 
 368      A49619D0 
 369 0359 80993C82 		.ascii	"\200\231<\202EE)\275\311\251g\305\260\233\376\313\370"
 369      454529BD 
 369      C9A967C5 
 369      B09BFECB 
 369      F8
 370 036a 07FFD89C 		.ascii	"\007\377\330\234\341\316$\014~tb\270\311\207\036T\240"
 370      E1CE240C 
 370      7E7462B8 
 370      C9871E54 
 370      A0
 371 037b 8FFBA38F 		.ascii	"\217\373\243\217\215#\277\241\200\17771\\A\336\245@"
 371      8D23BFA1 
 371      807F3731 
 371      5C41DEA5 
 371      40
 372 038c 9FF047BB 		.ascii	"\237\360G\273\307\221w*\340\215\023\303\025\344\255"
 372      C791772A 
 372      E08D13C3 
 372      15E4AD
 373 039b 0AF4497F 		.ascii	"\012\364I\177t\3238\362F\005\374\324\304p\005\371h\234"
 373      74D338F2 
 373      4605FCD4 
 373      C47005F9 
 373      689C
 374 03ad 0FDDEC8F 		.ascii	"\017\335\354\217\216\036\027r\005\372\373\011\321\214"
 374      8E1E1772 
 374      05FAFB09 
 374      D18C
 375 03bb BA4A2AC5 		.ascii	"\272J*\305*\032:/J\245X\277\264p\344\003B`\235\264\304"
 375      2A1A3A2F 
 375      4AA558BF 
 375      B470E403 
 375      42609DB4 
 376 03d0 9A7F08C0 		.ascii	"\232\177\010\300\263\217\021\234\366\236\037\002\264"
 376      B38F119C 
 376      F69E1F02 
 376      B4
 377 03dd 00F93FD5 		.ascii	"\000\371?\325\030\335\226mW\356\205(\017\032\245\373"
 377      18DD966D 
 377      57EE8528 
 377      0F1AA5FB 
 378 03ed 02747B0F 		.ascii	"\002t{\017\232[\347\206\3134\354PA\033\034\346\207J"
 378      9A5BE786 
 378      CB34EC50 
 378      411B1CE6 
 378      874A
 379 03ff 6DD6AD6A 		.ascii	"m\326\255j\272\177\014x\250\202\342D5\360\023\265>c"
 379      BA7F0C78 
 379      A882E244 
 379      35F013B5 
 379      3E63
 380 0411 4F6708C9 		.ascii	"Og\010\311\343G\374\350\251\201\212@R\304\225\201\266"
 380      E347FCE8 
 380      A9818A40 
 380      52C49581 
 380      B6
 381 0422 8C0B5A52 		.ascii	"\214\013ZR\311\225\332\343\353\257\211\244\206+E\231"
 381      C995DAE3 
 381      EBAF89A4 
 381      862B4599 
 382 0432 99D55A72 		.ascii	"\231\325Zr\230+\347\036\256\331\030D\232\270\342\312"
 382      982BE71E 
 382      AED91844 
 382      9AB8E2CA 
 383 0442 A87F154A 		.ascii	"\250\177\025JNq\245/\257\255)\304\310\342V*\225j\004"
 383      4E71A52F 
 383      AFAD29C4 
 383      C8E2562A 
 383      956A04
 384 0455 3AE56DE0 		.ascii	":\345m\340\367\015\334\242\215BB~\274\326\330\027\210"
 384      F70DDCA2 
 384      8D42427E 
 384      BCD6D817 
 384      88
 385 0466 6BA13F5D 		.ascii	"k\241?]\261\204\007\334\014\030\000\235P\214Q\246ov"
 385      B18407DC 
 385      0C18009D 
 385      508C51A6 
 385      6F76
 386 0478 BA0F9797 		.ascii	"\272\017\227\227\342'\003\3144\300\014\014i?\206\221"
 386      E22703CC 
 386      34C00C0C 
 386      693F8691 
 387 0488 7609F013 		.ascii	"v\011\360\023\216\272\303\016<}m\361p\237\010*\225&"
 387      8EBAC30E 
 387      3C7D6DF1 
 387      709F082A 
 387      9526
 388 049a 12892239 		.ascii	"\022\211\"9\237*\322h\024\005\370\021\023u\017\"\341"
 388      9F2AD268 
 388      1405F811 
 388      13750F22 
 388      E1
 389 04ab 010604D5 		.ascii	"\001\006\004\325\353\250\336\207HA\310f\324\031\022"
 389      EBA8DE87 
 389      4841C866 
 389      D41912
 390 04ba 09A7741E 		.ascii	"\011\247t\036\366\307\310~\0274,a\217\260=\010*\374"
 390      F6C7C87E 
 390      17342C61 
 390      8FB03D08 
 390      2AFC
 391 04cc 2630E0BD 		.ascii	"&0\340\275h\020*\245\"\254\201\353]\263\312\351%BQ\224"
 391      68102AA5 
 391      22AC81EB 
 391      5DB3CAE9 
 391      25425194 
 392 04e0 1BDF7445 		.ascii	"\033\337tEC\010\240^S\225\003G\305\271\014t\335\007"
 392      4308A05E 
 392      53950347 
 392      C5B90C74 
 392      DD07
 393 04f2 1A66205C 		.ascii	"\032f \\T\004\263\260&c\242\236\365!\356!:\3723:\312"
 393      5404B3B0 
 393      2663A29E 
 393      F521EE21 
 393      3AFA333A 
 394 0507 191EC80C 		.ascii	"\031\036\310\014}>\206\021v\231\321B\355\357$\030Vf"
 394      7D3E8611 
 394      7699D142 
 394      EDEF2418 
 394      5666
 395 0519 1F5FA7EF 		.ascii	"\037_\247\357H\334\025\270\251(\323\033<\3500\370\""
 395      48DC15B8 
 395      A928D31B 
 395      3CE830F8 
 395      22
 396 052a BB325079 		.ascii	"\2732Py\317Q\240\357\236{\302\356\271\036\220/\272\266"
 396      CF51A0EF 
 396      9E7BC2EE 
 396      B91E902F 
 396      BAB6
 397 053c F35B2B35 		.ascii	"\363[+5\3230\205}\222\373N\357\234\306\212l\251\035"
 397      D330857D 
 397      92FB4EEF 
 397      9CC68A6C 
 397      A91D
 398 054e 07CE6540 		.ascii	"\007\316e@\250\361]\243\325\224\036v\340za;\306L\200"
 398      A8F15DA3 
 398      D5941E76 
 398      E07A613B 
 398      C64C80
 399 0561 A7300DC7 		.ascii	"\2470\015\307\327\345\271\233\265d5\341\347~U\3761-"
 399      D7E5B99B 
 399      B56435E1 
 399      E77E55FE 
 399      312D
 400 0573 D9C915D7 		.ascii	"\331\311\025\327\372\023\027\002\310I\246\250\262n5"
 400      FA131702 
 400      C849A6A8 
 400      B26E35
 401 0582 25CA85A0 		.ascii	"%\312\205\2405\322@\276\004\255'@\264\271\232\247+_"
 401      35D240BE 
 401      04AD2740 
 401      B4B99AA7 
 401      2B5F
 402 0594 5109AF30 		.ascii	"Q\011\2570?\264K\200\3478\354\205\347\232\347\325\206"
 402      3FB44B80 
 402      E738EC85 
 402      E79AE7D5 
 402      86
 403 05a5 1D302A97 		.ascii	"\0350*\227\033_\310\316+kw\205\262\375A\373\370E\334"
 403      1B5FC8CE 
 403      2B6B7785 
 403      B2FD41FB 
 403      F845DC
 404 05b8 D5D2DA1E 		.ascii	"\325\322\332\036\342\275\210_\363=ST\360h\277\250\334"
 404      E2BD885F 
 404      F33D5354 
 404      F068BFA8 
 404      DC
 405 05c9 71F4E0F0 		.ascii	"q\364\340\360\355\270/D\317\216s\225\374\362\021\033"
 405      EDB82F44 
 405      CF8E7395 
 405      FCF2111B 
 406 05d9 8C269044 		.ascii	"\214&\220D68k\315\235!\315\233\203\273J\244\301\315"
 406      36386BCD 
 406      9D21CD9B 
 406      83BB4AA4 
 406      C1CD
 407 05eb 10E5E096 		.ascii	"\020\345\340\226\034\336\326H\203\333\207\301\035\334"
 407      1CDED648 
 407      83DB87C1 
 407      1DDC
 408 05f9 40A40D12 		.ascii	"@\244\015\022]/\202\340\231/\260\277\370\0076S\244\201"
 408      5D2F82E0 
 408      992FB0BF 
 408      F8073653 
 408      A481
 409 060b 7D36583D 		.ascii	"}6X=\242&\247y,\213\316\034\306#\374\026W\276\031}>"
 409      A226A779 
 409      2C8BCE1C 
 409      C623FC16 
 409      57BE197D 
 410 0620 4CBFA422 		.ascii	"L\277\244\"\351\227\024Q\354\372H\276\353\217\257\353"
 410      E9971451 
 410      ECFA48BE 
 410      EB8FAFEB 
 411 0630 EED791A7 		.ascii	"\356\327\221\247\014,\272z\233\363\324`\324\311\227"
 411      0C2CBA7A 
 411      9BF3D460 
 411      D4C997
 412 063f E8A1A9EC 		.ascii	"\350\241\251\354\023\351KQ\007kD\257\013\221\364\023"
 412      13E94B51 
 412      076B44AF 
 412      0B91F413 
 413 064f 896D465C 		.ascii	"\211mF\\\224\332(xW\0049\242\221\365\202K4\300j\221"
 413      94DA2878 
 413      570439A2 
 413      91F5824B 
 413      34C06A91 
 414 0663 7D7E6C2B 		.ascii	"}~l+{r \230\005\206\322\360HWo\333q2\230H*6g\353w\345"
 414      7B722098 
 414      0586D2F0 
 414      48576FDB 
 414      71329848 
 415 067d 4FB4DE39 		.ascii	"O\264\3369\237d\005\322r\375\012\261k}S\032\274S\016"
 415      9F6405D2 
 415      72FD0AB1 
 415      6B7D531A 
 415      BC530E
 416 0690 97E326F5 		.ascii	"\227\343&\365f=\017'\244}\336mI\317\310\2523\265je\306"
 416      663D0F27 
 416      A47DDE6D 
 416      49CFC8AA 
 416      33B56A65 
 417 06a5 28972F63 		.ascii	"(\227/c\371\336\214\365\347\256\316\003\346\031\332"
 417      F9DE8CF5 
 417      E7AECE03 
 417      E619DA
 418 06b4 2097A7CC 		.ascii	" \227\247\314\225\373\363%\265\327\335u\334x\363\356"
 418      95FBF325 
 418      B5D7DD75 
 418      DC78F3EE 
 419 06c4 FD11F2E6 		.ascii	"\375\021\362\346<\256gy,\360\344\361\310\321\221\355"
 419      3CAE6779 
 419      2CF0E4F1 
 419      C8D191ED 
 420 06d4 A27793FC 		.ascii	"\242w\223\374\256\331\267I\020\010\331\276Ue\211~\271"
 420      AED9B749 
 420      1008D9BE 
 420      5565897E 
 420      B9
 421 06e5 DCC07299 		.ascii	"\334\300r\231\267\275'WG\\\252/\244\010\266C{\007n\250"
 421      B7BD2757 
 421      475CAA2F 
 421      A408B643 
 421      7B076EA8 
 422 06f9 DFAB904A 		.ascii	"\337\253\220J\033q\237\217\220\315\222[\305\016\365"
 422      1B719F8F 
 422      90CD925B 
 422      C50EF5
 423 0708 8D9C48B1 		.ascii	"\215\234H\261\264\215\214o\223\370\036\375\352{\230"
 423      B48D8C6F 
 423      93F81EFD 
 423      EA7B98
 424 0717 712290E4 		.ascii	"q\"\220\344zH:\317\354~\240\227I\206\3128\011\255\362"
 424      7A483ACF 
 424      EC7EA097 
 424      4986CA38 
 424      09ADF2
 425 072a C2712485 		.ascii	"\302q$\205\214\244\210\221\254}\230{1\220\024zH\016"
 425      8CA48891 
 425      AC7D987B 
 425      3190147A 
 425      480E
 426 073c 76E6B707 		.ascii	"v\346\267\007\310$\327:8\011\375\216\335<\216d3#)f$"
 426      C824D73A 
 426      3809FD8E 
 426      DD3C8E64 
 426      33232966 
 427 0751 3FED3C92 		.ascii	"?\355<\222\247'e\036\222\222\202\373=\242L\362D\341"
 427      A727651E 
 427      929282FB 
 427      3DA24CF2 
 427      44E1
 428 0763 49C93892 		.ascii	"I\3118\222\022F\3625#\271\327\377x\223\036\213\226\346"
 428      1246F235 
 428      23B9D7FF 
 428      78931E8B 
 428      96E6
 429 0775 5247EFB7 		.ascii	"RG\357\267\234\232:=\331\343!\275<82\030(\2236\027\220"
 429      9C9A3A3D 
 429      D9E321BD 
 429      3C383218 
 429      28933617 
 430 078a 42092F6D 		.ascii	"B\011/m\012\335*\223\362r\021\230\276\005\353\022\266"
 430      0ADD2A93 
 430      F2721198 
 430      BE05EB12 
 430      B6
 431 079b 31D6AEB3 		.ascii	"1\326\256\263#CcJ\205\306\325\347@)/\025\372Fpa\335"
 431      2343634A 
 431      85C6D5E7 
 431      40292F15 
 431      FA467061 
 432 07b0 EE16A204 		.ascii	"\356\026\242\004\357\037s\022\224\311\3402\006\336\225"
 432      EF1F7312 
 432      94C9E032 
 432      06DE95
 433 07bf 9353A357 		.ascii	"\223S\243W\202\017\216a.\227\301\345\014<\370\242\265"
 433      820F8E61 
 433      2E97C1E5 
 433      0C3CF8A2 
 433      B5
 434 07d0 47A704D3 		.ascii	"G\247\004\323=\357\003W\310`\372~;a\351\034kLr\202\325"
 434      3DEF0357 
 434      C860FA7E 
 434      3B61E91C 
 434      6B4C7282 
 435 07e5 6E752E36 		.ascii	"nu.6\231\026\306\304&\304\177\276\302\362\241\345S\333"
 435      9916C6C4 
 435      26C47FBE 
 435      C2F2A1E5 
 435      53DB
 436 07f7 E205B67F 		.ascii	"\342\005\266\177\315\327\375\351\343%\021\261\037|`"
 436      CDD7FDE9 
 436      E32511B1 
 436      1F7C60
 437 0806 9A25683C 		.ascii	"\232%h<8\315J\253\33593&\301\231\030\275<\315f\211N"
 437      38CD4AAB 
 437      DD393326 
 437      C19918BD 
 437      3CCD6689 
 438 081b 5BE18C4E 		.ascii	"[\341\214NL\267Mw\246\245\245&/O\264\332\035\321\313"
 438      4CB74D77 
 438      A6A5A526 
 438      2F4FB4DA 
 438      1DD1CB
 439 082e 9293E7A5 		.ascii	"\222\223\347\245\333>N\263[\346'&Yg'\304\3140\375\341"
 439      DB3E4EB3 
 439      5BE62726 
 439      596727C4 
 439      CC30FDE1 
 440 0842 9F31D1A9 		.ascii	"\2371\321\251\326$\332\305\320v\354\234n\301\336\350"
 440      D624DAC5 
 440      D076EC9C 
 440      6EC1DEE8 
 441 0852 D95133A3 		.ascii	"\331Q3\243L\321V{r\352\312\024K\264\303\231\202\364"
 441      4CD1567B 
 441      72EACA14 
 441      4BB4C399 
 441      82F4
 442 0864 D31116B5 		.ascii	"\323\021\026\265\\P-\370k\274Y\035o^\370\311|\022\033"
 442      5C502DF8 
 442      6BBC591D 
 442      6F5EF8C9 
 442      7C121B
 443 0877 6B269F98 		.ascii	"k&\237\230cPL\342\207fU\334<s\014\3753\221X4\306\232"
 443      63504CE2 
 443      876655DC 
 443      3C730CFD 
 443      33915834 
 444 088d 4DC163DC 		.ascii	"M\301c\334\017R\264#\243\242\242\035\237;\234\026\233"
 444      0F52B423 
 444      A3A2A21D 
 444      9F3B9C16 
 444      9B
 445 089e 7796649B 		.ascii	"w\226d\233\303\352\300\271l3c>\235e2\375\307\202\223"
 445      C3EAC0B9 
 445      6C33633E 
 445      9D6532FD 
 445      C78293
 446 08b1 69E990F9 		.ascii	"i\351\220\371fs\234\231\017^\270h~\334\222\370\000\332"
 446      66739C99 
 446      0F5EB868 
 446      7EDC92F8 
 446      00DA
 447 08c3 8EFB8BDE 		.ascii	"\216\373\213\3364\2036\314\026\307\312T\247\316\327"
 447      348336CC 
 447      16C7CA54 
 447      A7CED7
 448 08d2 84E5C12B 		.ascii	"\204\345\301+\355\016\3532\273%%\002\027\237\036N\347"
 448      ED0EEB32 
 448      BB252502 
 448      179F1E4E 
 448      E7
 449 08e3 4A4FF650 		.ascii	"JO\366P'\320\240\245&!\373\324\211;\222W\254\020\246"
 449      27D0A0A5 
 449      2621FBD4 
 449      893B9257 
 449      AC10A6
 450 08f6 252C8DF9 		.ascii	"%,\215\371=\325\377\235hu.\261;\255\251\013R\023\227"
 450      3DD5FF9D 
 450      68752EB1 
 450      3BADA90B 
 450      521397
 451 0909 FD3DDE6A 		.ascii	"\375=\336j\263\244\255t.\376\233\315\226\364\2537v\253"
 451      B3A4AD74 
 451      2EFE9BCD 
 451      96F4AB37 
 451      76AB
 452 091b 9230EC53 		.ascii	"\2220\354S\023\226\232X\036\027%\3422\323\343\323\023"
 452      13969A58 
 452      1E1725E2 
 452      32D3E3D3 
 452      13
 453 092c ED0E9BD5 		.ascii	"\355\016\233\325\351\\\274\334\0316\336\314\022h\232"
 453      E95CBCDC 
 453      1936DECC 
 453      12689A
 454 093b 9DE00CA4 		.ascii	"\235\340\014\244\2159\011N\202\030\035\212L\251]fq\306"
 454      8D39094E 
 454      82181D8A 
 454      4CA95D66 
 454      71C6
 455 094d 5B933F5B 		.ascii	"[\223?[\344\3203c\362g\016gb\2723d^JJ\272\305\341\260"
 455      E4D03363 
 455      F2670E67 
 455      62BA3364 
 455      5E4A4ABA 
 456 0964 DA972D4A 		.ascii	"\332\227-JK\261\374\027,\345\330A"
 456      4BB1FC17 
 456      2CE5D841 
 457              		.text
 458              		.section	.gnu.lto_.symtab.b69e3474d77e4637,"",%progbits
 459 0000 5F5A3869 		.ascii	"_Z8i2c_initP11I2C_TypeDefmPFmvE\000"
 459      32635F69 
 459      6E697450 
 459      31314932 
 459      435F5479 
 460 0020 00       		.ascii	"\000"
 461 0021 00       		.ascii	"\000"
 462 0022 00       		.ascii	"\000"
 463 0023 00000000 		.ascii	"\000\000\000\000\000\000\000\000"
 463      00000000 
 464 002b F7000000 		.ascii	"\367\000\000\000"
 465 002f 69326300 		.ascii	"i2c\000"
 466 0033 00       		.ascii	"\000"
 467 0034 00       		.ascii	"\000"
 468 0035 00       		.ascii	"\000"
 469 0036 00000000 		.ascii	"\000\000\000\000\000\000\000\000"
 469      00000000 
 470 003e 16010000 		.ascii	"\026\001\000\000"
 471 0042 69326354 		.ascii	"i2cTimeout\000"
 471      696D656F 
 471      757400
 472 004d 00       		.ascii	"\000"
 473 004e 00       		.ascii	"\000"
 474 004f 00       		.ascii	"\000"
 475 0050 00000000 		.ascii	"\000\000\000\000\000\000\000\000"
 475      00000000 
 476 0058 18010000 		.ascii	"\030\001\000\000"
 477 005c 67657454 		.ascii	"getTickMs\000"
 477      69636B4D 
 477      7300
 478 0066 00       		.ascii	"\000"
 479 0067 00       		.ascii	"\000"
 480 0068 00       		.ascii	"\000"
 481 0069 00000000 		.ascii	"\000\000\000\000\000\000\000\000"
 481      00000000 
 482 0071 1A010000 		.ascii	"\032\001\000\000"
 483 0075 5F5A3235 		.ascii	"_Z25i2c_waitUntilFlagWTimeoutPVmmb\000"
 483      6932635F 
 483      77616974 
 483      556E7469 
 483      6C466C61 
 484 0098 00       		.ascii	"\000"
 485 0099 00       		.ascii	"\000"
 486 009a 00       		.ascii	"\000"
 487 009b 00000000 		.ascii	"\000\000\000\000\000\000\000\000"
 487      00000000 
 488 00a3 04010000 		.ascii	"\004\001\000\000"
 489 00a7 69326354 		.ascii	"i2cTickstart\000"
 489      69636B73 
 489      74617274 
 489      00
 490 00b4 00       		.ascii	"\000"
 491 00b5 00       		.ascii	"\000"
 492 00b6 00       		.ascii	"\000"
 493 00b7 00000000 		.ascii	"\000\000\000\000\000\000\000\000"
 493      00000000 
 494 00bf 1C010000 		.ascii	"\034\001\000\000"
 495 00c3 5F5A3138 		.ascii	"_Z18i2c_MasterTransmittPht\000"
 495      6932635F 
 495      4D617374 
 495      65725472 
 495      616E736D 
 496 00de 00       		.ascii	"\000"
 497 00df 00       		.ascii	"\000"
 498 00e0 00       		.ascii	"\000"
 499 00e1 00000000 		.ascii	"\000\000\000\000\000\000\000\000"
 499      00000000 
 500 00e9 14010000 		.ascii	"\024\001\000\000"
 501 00ed 41646472 		.ascii	"AddressingMode\000"
 501      65737369 
 501      6E674D6F 
 501      646500
 502 00fc 00       		.ascii	"\000"
 503 00fd 00       		.ascii	"\000"
 504 00fe 00       		.ascii	"\000"
 505 00ff 00000000 		.ascii	"\000\000\000\000\000\000\000\000"
 505      00000000 
 506 0107 1F010000 		.ascii	"\037\001\000\000"
 507              		.text
 508              		.section	.gnu.lto_.opts,"",%progbits
 509 0000 272D666D 		.ascii	"'-fmath-errno' '-fsigned-zeros' '-ftrapping-math' '"
 509      6174682D 
 509      6572726E 
 509      6F272027 
 509      2D667369 
 510 0033 2D666E6F 		.ascii	"-fno-trapv' '-fno-strict-overflow' '-fno-openmp' '-"
 510      2D747261 
 510      70762720 
 510      272D666E 
 510      6F2D7374 
 511 0066 666E6F2D 		.ascii	"fno-openacc' '-dD' '-mcpu=cortex-m4' '-mthumb' '-mf"
 511      6F70656E 
 511      61636327 
 511      20272D64 
 511      44272027 
 512 0099 6C6F6174 		.ascii	"loat-abi=soft' '-g3' '-Og' '-fmessage-length=0' '-f"
 512      2D616269 
 512      3D736F66 
 512      74272027 
 512      2D673327 
 513 00cc 7369676E 		.ascii	"signed-char' '-ffunction-sections' '-fdata-sections"
 513      65642D63 
 513      68617227 
 513      20272D66 
 513      66756E63 
 514 00ff 2720272D 		.ascii	"' '-flto' '-fno-move-loop-invariants' '-fabi-versio"
 514      666C746F 
 514      2720272D 
 514      666E6F2D 
 514      6D6F7665 
 515 0132 6E3D3027 		.ascii	"n=0' '-fno-exceptions'\000"
 515      20272D66 
 515      6E6F2D65 
 515      78636570 
 515      74696F6E 
 516              		.text
 517              		.comm	__gnu_lto_v1,1,1
 518              		.comm	__gnu_lto_slim,1,1
 519              		.ident	"GCC: (GNU Tools for ARM Embedded Processors 6-2017-q2-update) 6.3.1 20170620 (release) [AR
DEFINED SYMBOLS
                            *ABS*:0000000000000000 stm32f4_i2c_lb.cpp
                            *COM*:0000000000000001 __gnu_lto_v1
                            *COM*:0000000000000001 __gnu_lto_slim

NO UNDEFINED SYMBOLS
