   1              		.cpu cortex-m4
   2              		.eabi_attribute 20, 1
   3              		.eabi_attribute 21, 1
   4              		.eabi_attribute 23, 3
   5              		.eabi_attribute 24, 1
   6              		.eabi_attribute 25, 1
   7              		.eabi_attribute 26, 1
   8              		.eabi_attribute 30, 6
   9              		.eabi_attribute 34, 1
  10              		.eabi_attribute 18, 4
  11              		.file	"system_stm32f4xx.c"
  12              		.text
  13              	.Ltext0:
  14              		.section	.gnu.lto_.inline.e2f15b253f69a175,"",%progbits
  15 0000 789C6365 		.ascii	"x\234ce`b\320d@\000&\006\006q1 \245\365\340:\023\003"
  15      6062D064 
  15      40002606 
  15      06713120 
  15      A5F5E03A 
  16 0016 0B88CBC0 		.ascii	"\013\210\313\300\300\310\240\177\024$\0255a\033\007"
  16      C0C8A07F 
  16      14241535 
  16      611B07
  17 0025 4C8C0100 		.ascii	"L\214\001\000r\352\004\360"
  17      72EA04F0 
  18              		.text
  19              		.section	.gnu.lto_SystemInit.e2f15b253f69a175,"",%progbits
  20 0000 789C9596 		.ascii	"x\234\225\226[OTW\024\307\367:\267\031f\206k\020p2P"
  20      5B4F5457 
  20      14C7F73A 
  20      B7196686 
  20      6B107032 
  21 0015 1EE4411F 		.ascii	"\036\344A\037\230\304\3725\372\031Lj\3327^\212\017\372"
  21      98C4FA35 
  21      FA194C6A 
  21      DA375E8A 
  21      0FFA
  22 0027 E46618EE 		.ascii	"\344f\030\356F\343\225b\304\201\324\004\254Z\244\325"
  22      46E39562 
  22      C481D404 
  22      AC5AA4D5 
  23 0037 0A535B47 		.ascii	"\012S[G\206[\265@\265\212\212\212\212\206\210\261\211"
  23      865BB540 
  23      B58A8A8A 
  23      8A8688B1 
  23      89
  24 0048 9A49B46A 		.ascii	"\232I\264j\241k\355}\216\207\314\231s\352L2\013\366"
  24      A16BED7D 
  24      8E87CC99 
  24      73EA4C32 
  24      0BF6
  25 005a E63FEBF7 		.ascii	"\346?\353\367\337{\255\263\030\235)\254!\300X\2041\366"
  25      DF7BADB3 
  25      189D29AC 
  25      21C05884 
  25      31F6
  26 006c 05BE998F 		.ascii	"\005\276\231\217\201\302\360\015*FU\301\310\025\015"
  26      81C2F00D 
  26      2A4655C1 
  26      C8150D
  27 007b 83A6818E 		.ascii	"\203\246\201\216;\272\242\323\216A;\006\000~\000\330"
  27      3BBAA2D3 
  27      8E413B06 
  27      007E00D8 
  28 008b 1E45D574 		.ascii	"\036E\325t\003\366\250*\223/\335\374\271_\355Va\254"
  28      03F6A82A 
  28      932FDDFC 
  28      B95FED56 
  28      61AC
  29 009d 6D7954D9 		.ascii	"myT\331<\300\361\225\352\236\017\266\362\226\252\004"
  29      3CC0F195 
  29      EA9E0FB6 
  29      F296AA04 
  30 00ad 0A7B4C31 		.ascii	"\012{L1\014\300f\206\262\245\341\325#\205\206&\367a"
  30      0CC06686 
  30      B2A5E1D5 
  30      23858626 
  30      F761
  31 00bf 100CCC5D 		.ascii	"\020\014\314]\216\373\327\343\347\216\253\373\324\204"
  31      8EFBD7E3 
  31      E78EABFB 
  31      D484
  32 00cd 0AA0E1F2 		.ascii	"\012\240\341\362\325\314\261'E\264T\240\026\227\335"
  32      D5CCB127 
  32      45B454A0 
  32      1697DD
  33 00dc FD17DE06 		.ascii	"\375\027\336\006\353\276\343<\306S\363C%\007\232[\246"
  33      EBBEE33C 
  33      C653F343 
  33      25079A5B 
  33      A6
  34 00ed B9964023 		.ascii	"\271\226@#\230\006\276\207\010\234\202\210\304\234\206"
  34      9806BE87 
  34      089C8288 
  34      C49C86
  35 00fc BA2CFD42 		.ascii	"\272,\375B\264g0\025\257\315\251>\343P/y\250\317:\324"
  35      B4673015 
  35      AFCDA93E 
  35      E3502F79 
  35      A8CF3AD4 
  36 0110 CF3DD43F 		.ascii	"\317=\324?8\324\223#a\017\347C\016\375\364\025\305M"
  36      38D49323 
  36      610FE743 
  36      0EFDF415 
  36      C54D
  37 0122 7C4E887B 		.ascii	"|N\210{\206\037\275\322\263\304\232S<\234\217\370G\207"
  37      861FBDD2 
  37      B3C49A53 
  37      3C9C8FF8 
  37      4787
  38 0134 8DD991B2 		.ascii	"\215\331\221\262\203\356\266\177\312'\371y\2078s\260"
  38      83EEB67F 
  38      CA27F979 
  38      873873B0 
  39 0144 196227B9 		.ascii	"\031b'\271\222S~\301\341e~\304\253\370?;\364\213\236"
  39      92537EC1 
  39      E1657EC4 
  39      ABF83F3B 
  39      F48B9E
  40 0157 DE2FE6E3 		.ascii	"\336/\346\343}\304!\036?\344\341}\324\341e\331\263\374"
  40      7DC4211E 
  40      3FE4E17D 
  40      D4E165D9 
  40      B3FC
  41 0169 C97CCAFF 		.ascii	"\311|\312\377K>\306/\345#\376\325\331\265\311\220\331"
  41      4B3EC62F 
  41      E523FED5 
  41      D9B5C990 
  41      D9
  42 017a E4BA53FE 		.ascii	"\344\272S\376\033\324\015\335\200\024_]k\303\003\326"
  42      1BD40DDD 
  42      80145F5D 
  42      6BC303D6 
  43 018a F79FAAAE 		.ascii	"\367\237\252\256\001\206\2265\012\006\005?\205\000\205"
  43      01869635 
  43      0A06053F 
  43      850085
  44 0199 20851006 		.ascii	" \205\020\006\255\220B1-K\350\267R\012e\264,\247\260"
  44      AD904231 
  44      2D4BE8B7 
  44      520A65B4 
  44      2CA7B0
  45 01ac 81961514 		.ascii	"\201\226\025\024*iYEa#-\303\024\"\214\214\260N1W\272"
  45      2A695945 
  45      61232DC3 
  45      14228C8C 
  45      B04E3157 
  46 01c1 541C62EA 		.ascii	"T\034b\352\012\3042\317\336\265\0304Nz\321\274\012\361"
  46      0AC432CF 
  46      DEB51834 
  46      4E7AD1BC 
  46      0AF1
  47 01d3 DE89E502 		.ascii	"\336\211\345\002\032\037*\360\227\355\\\203\313hx\005"
  47      1A1F2AF0 
  47      97ED5C83 
  47      CB687805 
  48 01e3 C632D3D5 		.ascii	"\3062\323\325$B\305\321\226\2619\237T\320Xz3u\265=\224"
  48      2442C5D1 
  48      96B1399F 
  48      54D0587A 
  48      3375B53D 
  49 01f8 80DE261C 		.ascii	"\200\336&\034_}_\"\202\022A\212\216\211\177\275\375"
  49      5F7D5F22 
  49      8212418A 
  49      8E897FBD 
  49      FD
  50 0209 FA753A14 		.ascii	"\372u:\024=\313\343M\034\257\301\007W \001\337\012\003"
  50      3DCBE34D 
  50      1CAFC107 
  50      572001DF 
  50      0A03
  51 021b 30065114 		.ascii	"0\006Q\024\234\037\237j\365S6\015\000\322\202\025\313"
  51      9C1F9F6A 
  51      F553360D 
  51      00D28215 
  51      CB
  52 022c 0CBED7A5 		.ascii	"\014\276\327\245\243u\370\317L|.\236\346\312\033\027"
  52      A375F8CF 
  52      4C7C2E9E 
  52      E6CA1B17 
  53 023c 3C318527 		.ascii	"<1\205'\004\357\243{\0370\230\264x\037L\236a\363\266"
  53      04EFA37B 
  53      1F3098B4 
  53      781F4C9E 
  53      61F3B6
  54 024f 78F00C57 		.ascii	"x\360\014W\336\224\340)\304\233\206\250\015\370\327"
  54      DE94E029 
  54      C49B86A8 
  54      0DF8D7
  55 025e 04F86D40 		.ascii	"\004\370m@\215\007\300\357\012\370]\000\304\277\200"
  55      8D07C0EF 
  55      0AF85D00 
  55      C4BF80
  56 026d ABEB00CF 		.ascii	"\253\353\000\317\332\007|\222\0200\011\261\214_n\004"
  56      DA077C92 
  56      103009B1 
  56      8C5F6E04 
  57 027d 2D64B240 		.ascii	"-d\262@n\204\262\240\265\002\031t\"\201\200\327\354"
  57      6E84B2A0 
  57      B5021974 
  57      228180D7 
  57      EC
  58 028e 8AFD0151 		.ascii	"\212\375\001Q\314\323\374\266\025d\242B\231\353a\362"
  58      CCD3FCB6 
  58      1564A242 
  58      99EB61F2 
  59 029e 72B24896 		.ascii	"r\262H\226\220\363M0#iG\013r\234O\242\002.\250Y\033"
  59      90F34D30 
  59      2369470B 
  59      729C4FA2 
  59      022EA859 
  60 02b3 350751CC 		.ascii	"5\007Q\314/\372T\265\372\264c  \271\305\331'*\311\211"
  60      2FFA54B5 
  60      FAB46320 
  60      20B9C5D9 
  60      272AC989 
  61 02c7 2976BDC4 		.ascii	")v\275\304?m\320uy\246\017\255+f\205Je\272\364\211\023"
  61      3F6DD075 
  61      79A60FAD 
  61      2B66854A 
  61      65BAF489 
  62 02dc 71C53A94 		.ascii	"q\305:\224\037n`\246\247\020_H\3377\317^\212\232\241"
  62      1F6E60A6 
  62      A7105F48 
  62      DF37CF5E 
  62      8A9AA1
  63 02ef 17A3FF14 		.ascii	"\027\243\377\024J\015\203\277\314\007\273\013\237`\323"
  63      4A0D83BF 
  63      CC07BB0B 
  63      9F60D3
  64 02fe 70679BF9 		.ascii	"pg\233\371`\225}Z\033\227\271\032\276i\267\361-\254"
  64      60957D5A 
  64      1B97B91A 
  64      BE69B7F1 
  64      2DAC
  65 0310 7A5AB0BA 		.ascii	"zZ\260\272\350i\226\244.\353j\312\263\257fC\316\253"
  65      E86996A4 
  65      2EEB6ACA 
  65      B3AF6643 
  65      CEAB
  66 0322 297725CD 		.ascii	")w%\315\333\244\333\326\325t\230\255U!\323}\374\302"
  66      DBA4DBD6 
  66      D57498AD 
  66      5521D37D 
  66      FCC2
  67 0334 A1810677 		.ascii	"\241\201\006w\262/\246b\335M\030\226\277\275VwVfwgU"
  67      B22FA662 
  67      DD4D1896 
  67      BFBD5677 
  67      56667767 
  68 0349 B6E18D39 		.ascii	"\266\341\2159\015W\271\264\314]\273\222\013\226]\323"
  68      0D57B9B4 
  68      CC5DBB92 
  68      0B965DD3 
  69 0359 4858E65A 		.ascii	"HX\346Z\274\266\367\275\331\235\253kkk\305p\357\177"
  69      BCB6F7BD 
  69      D99DAB6B 
  69      6B6BC570 
  69      EF7F
  70 036b FBB3D205 		.ascii	"\373\263\322\005v\337\206=\240\376\014\313Gop\312$F"
  70      76DF863D 
  70      A0FE0CCB 
  70      476F70CA 
  70      2446
  71 037d F0134DA3 		.ascii	"\360\023M\243\227\016\353\204\323\201/4\363\"Xt\235"
  71      970EEB84 
  71      D3812F34 
  71      F3225874 
  71      9D
  72 038e 9FBA737E 		.ascii	"\237\272s~\206\023\252\037\363\300C\227\352<\022\016"
  72      8613AA1F 
  72      F3C04397 
  72      EA3C120E 
  73 039e 3472F058 		.ascii	"4r\360X\214\263\276\376\303\307\003r\234\321\327G\006"
  73      8CB3BEFE 
  73      C3C70372 
  73      9CD1D747 
  73      06
  74 03af 4BF8C9BF 		.ascii	"K\370\311\277!\326w\272W\230\022\205\350\244z\342L\012"
  74      21D677BA 
  74      57981285 
  74      E8A47AE2 
  74      4C0A
  75 03c1 D7D7471B 		.ascii	"\327\327G\033\277\331\021m\334\335\270\363\253\206\355"
  75      BFD9116D 
  75      DCDDB8F3 
  75      AB86ED
  76 03d0 8D3B1B3E 		.ascii	"\215;\033>\337\372\365\266]\273\352w\260\377\000w G"
  76      DFFAF5B6 
  76      5DBBEA77 
  76      B0FF0077 
  76      2047
  77 03e2 DA       		.ascii	"\332"
  78              		.text
  79              		.section	.gnu.lto_SystemCoreClockUpdate.e2f15b253f69a175,"",%progbits
  80 0000 789C9557 		.ascii	"x\234\225WYPTG\024}\367\365\233\235]EDT\\\320ra\013"
  80      59505447 
  80      147DF7F5 
  80      9B9D5D45 
  80      44545CD0 
  81 0017 7EE42355 		.ascii	"~\344#U~\370\225\217|\345/IU>(\363\243\024\226\230\224"
  81      7EF8958F 
  81      7CE52F49 
  81      553E28F3 
  81      A3149698 
  82 002c A652C563 		.ascii	"\246R\305c\200aq_\000\241$hDE\011\212FM\000E@AFp\215"
  82      8061715F 
  82      00A12468 
  82      4445098A 
  82      464D0045 
  83 0045 6200635C 		.ascii	"b\000c\\\020\201\240\001\304\250\310\222{\273\337\014"
  83      1081A001 
  83      C4A8C892 
  83      7BBBDF0C 
  84 0055 64664087 		.ascii	"df@\207\252\327\365\272\373\334s\317]\246_\243\223d"
  84      AAD7F5BA 
  84      FBDC73CF 
  84      5DA65FA3 
  84      9364
  85 0067 E98B4049 		.ascii	"\351\213@I\372L\222\244\257\361\221,\022\310\022>\212"
  85      FA4C92A4 
  85      AFF1912C 
  85      12C8123E 
  85      8A
  86 0078 09270C1F 		.ascii	"\011'\014\037\005\037\035\275\203\031\327\025>\352d"
  86      051F1DBD 
  86      8319D715 
  86      3EEA64
  87 0087 BD24A9B2 		.ascii	"\275$\251\262\001\007E\017F\\1\360\321\310wM|4\003\240"
  87      0107450F 
  87      465C31F0 
  87      D1C8774D 
  87      7C3403A0 
  88 009b 1548C932 		.ascii	"\025H\3112Stz\203\321d\206d\330\301\362\030\324etV\310"
  88      53747A83 
  88      D1648664 
  88      D8C1F218 
  88      D4657456 
  89 00b0 4B8FAAF8 		.ascii	"K\217\252\370W\223\327\347oS\323C\212\320S>y#\223\243"
  89      5793D7E7 
  89      6F53D343 
  89      8AD0533E 
  89      792393A3 
  90 00c4 B05442D8 		.ascii	"\260TB\330\255\264\362\375l;+b\000\012N\373\257\025"
  90      ADB4F2FD 
  90      6C3B2B62 
  90      000A4EFB 
  90      AF15
  91 00d6 3CF1A3A9 		.ascii	"<\361\243\251\014\3418\255z\223\375\304\237\315\001"
  91      0CE138AD 
  91      7A93FDC4 
  91      9FCD01
  92 00e5 42BEB60F 		.ascii	"B\276\266\017\267\230\"\016\251\252U\255i\2718=/UmT"
  92      B798220E 
  92      A9AA55AD 
  92      69B9383D 
  92      2F556D54 
  93 00f9 9522C6E0 		.ascii	"\225\"\306\34080d\205c\020\006%\020\306\331\021\236"
  93      38306485 
  93      63100625 
  93      10C6D911 
  93      9E
  94 010a 5695D9E2 		.ascii	"V\225\331\342\313\026p\323\032k\261\252\323L\357\347"
  94      CB1670D3 
  94      1A6BB1AA 
  94      D34CEFE7 
  95 011a 30B55895 		.ascii	"0\265X\225\311\360g\217\206\005}C\371\214\255\340\206"
  95      C9F0678F 
  95      86057D43 
  95      F98CADE0 
  95      86
  96 012b 59AD59FD 		.ascii	"Y\255Y\375\212f\330\274\327ix\302\243\341\371\322\372"
  96      8A66D8BC 
  96      D76978C2 
  96      A3E1F9D2 
  96      FA
  97 013c 0AC662B9 		.ascii	"\012\306b\271aSCE\257^3\354\335\3554,\367h\330\323\326"
  97      61534345 
  97      AF5E33EC 
  97      DDED342C 
  97      F768D8D3 
  98 0151 7ECEC23E 		.ascii	"~\316\302>\346\206\333JN7\310\232a\307.\247\341i\217"
  98      E686DB4A 
  98      4E37C89A 
  98      61C72EA7 
  98      E1698F
  99 0164 868F4F8D 		.ascii	"\206\217O\215\346\370\352\025\370\005\"\340\024>'\361"
  99      E6F8EA15 
  99      F80522E0 
  99      143E27F1 
 100 0174 29C3A714 		.ascii	")\303\247\024\"D\242\341\014\350\261@\013\021\233w\360"
 100      2244A2E1 
 100      0CE8B140 
 100      0B119B77 
 100      F0
 101 0185 EC1B8B46 		.ascii	"\354\033\213F\334\263*\277\244&-\274\210)\222++\234"
 101      DCB32ABF 
 101      A4262DBC 
 101      8829922B 
 101      2B9C
 102 0197 850844E7 		.ascii	"\205\010D\347\237z\330\357\310Xc\255\3143\255s\007\237"
 102      9F7AD8EF 
 102      C85863AD 
 102      CC33AD73 
 102      079F
 103 01a9 E3E089D4 		.ascii	"\343\340\211\324\235\366\271\273S\3239\336\003\371\257"
 103      9DF6B9BB 
 103      53D339DE 
 103      03F9AF
 104 01b8 DE90FFE6 		.ascii	"\336\220\377\346\006\036\316M\005+\317\210\007x\205"
 104      061ECE4D 
 104      052BCF88 
 104      077885
 105 01c7 9B9617F6 		.ascii	"\233\226\027\366\240)\264Tz\243\245\312\015\334r5t\217"
 105      A029B454 
 105      7AA3A5CA 
 105      0DDC7235 
 105      748F
 106 01d9 46EE017F 		.ascii	"F\356\001\177\336MLG\216C\273\007-\027\274\321R\355"
 106      DE4D4C47 
 106      8E43BB07 
 106      2D17BCD1 
 106      52ED
 107 01eb 06BE334B 		.ascii	"\006\2763K\253\247\007\364Eo\250k\334\300\243S\206Y"
 107      ABA707F4 
 107      456FA86B 
 107      DCC0A353 
 107      8659
 108 01fd EB5D9875 		.ascii	"\353]\230u\336h\271\344U\230\227\275\241\256w\223\335"
 108      DE68B9E4 
 108      559897BD 
 108      A1AE7793 
 108      DD
 109 020e D2143245 		.ascii	"\322\0242E\2534xC~\305]\367Tm\333\350\015\267\335\015"
 109      AB347843 
 109      7EC55DF7 
 109      546DDBE8 
 109      0DB7DD0D 
 110 0222 3C983705 		.ascii	"<\2307\005\367U7\370\203\246\271S\224\263\311-/\017"
 110      F75537F8 
 110      83A6B953 
 110      94B3C92D 
 110      2F0F
 111 0234 9A43F64C 		.ascii	"\232C\366L\236\227fo\264_s\003wL\225\227\353\336p\337"
 111      9E97666F 
 111      B45F7303 
 111      774C9597 
 111      EBDE70DF 
 112 0248 E0E0D3A3 		.ascii	"\340\340\323\243\265e\316\274\014X\301\272\225\270\365"
 112      B565CEBC 
 112      0C58C1BA 
 112      95B8F5
 113 0257 1C1E1706 		.ascii	"\034\036\027\0061\032\370&\007\267\355\333\363\003\373"
 113      311AF826 
 113      07B7EDDB 
 113      F303FB
 114 0266 849FB9A5 		.ascii	"\204\237\271\245}j\237\363\314h\016v4\202\016n\271\237"
 114      7D6A9FF3 
 114      CC680E76 
 114      34820E6E 
 114      B99F
 115 0278 BA70DB1B 		.ascii	"\272p\333\033]\277\343a\354\341p>y\033j\324\321\261"
 115      5DBFE361 
 115      ECE1703E 
 115      791B6AD4 
 115      D1B1
 116 028a 0CB5E6FA 		.ascii	"\014\265\346\372\252\203\025\213\343@\"\004\032#V\341"
 116      AA83158B 
 116      E3402204 
 116      1A2356E1 
 117 029a EF3A89F0 		.ascii	"\357:\211\360z\211,\014\022\331\030%,\201\031\007\235"
 117      7A892C0C 
 117      12D91825 
 117      2C811907 
 117      9D
 118 02ab 85E3FC68 		.ascii	"\205\343\374h\356O\363\000\032\00294\210\026\247\321"
 118      EE4FF300 
 118      1A023934 
 118      8816A7D1 
 119 02bb 7C3A379A 		.ascii	"|:7\232A\257\301\2648\223\336Bh\230EC(\3672\233^\303"
 119      41AFC1B4 
 119      3893DE42 
 119      68984543 
 119      28F7329B 
 120 02d1 687B0EBD 		.ascii	"h{\016\275\315\245a\036\015\341|{>\355,\240\371B\032"
 120      CDA5611E 
 120      0DE17C7B 
 120      3EED2CA0 
 120      F9421A
 121 02e4 16D11041 		.ascii	"\026\321\020A\303b\256n\011\275.#\314rz[AC$\015Q8\350"
 121      C362AE6E 
 121      09BD2E23 
 121      CC727A5B 
 121      4143240D 
 122 02fb A3B9CA18 		.ascii	"\243\271\312\030\232\307\322 I\331\374\323\277\205\341"
 122      9AC7D220 
 122      49D9FCD3 
 122      BF85E1
 123 030a CD837583 		.ascii	"\315\203u\203u\260k(\303@\037\250BF\367\205\334\364"
 123      75B06B28 
 123      C3401FA8 
 123      4246F785 
 123      DCF4
 124 031c BA1B06FA 		.ascii	"\272\033\006\372\3623\314\306\035L A\032#\005@\031_"
 124      F233CCC6 
 124      1D4C2041 
 124      1A230540 
 124      195F
 125 032e F954ACE8 		.ascii	"\371T\254\350\350\203[\264\365\230Y\230\310p\327\001"
 125      E8835BB4 
 125      F5985998 
 125      C870D701 
 126 033e F85200F4 		.ascii	"\370R\000\364\343&\337\213\025\203\023\3235\342\360"
 126      E326DF8B 
 126      158313D3 
 126      35E2F0
 127 034d 6CA49B42 		.ascii	"l\244\233Ba}\247\211h\024P\3732U\005Z8\254\256\322$"
 127      617DA789 
 127      681450FB 
 127      3255055A 
 127      38ACAED2 
 128 0362 30E689EA 		.ascii	"0\346\211\352\024q\027\271r5\323\247\010\012S\360v\203"
 128      147117B9 
 128      7235D3A7 
 128      080A53F0 
 128      7683
 129 0374 E7910189 		.ascii	"\347\221\001\211\340\036\025\035\367\356\015\014\\\362"
 129      E01E151D 
 129      F7EE0D0C 
 129      5CF2
 130 0382 892E53D3 		.ascii	"\211.S\323Rh\313\010\177@\021\354\343\241C+D#q\352\260"
 130      5268CB08 
 130      7F4011EC 
 130      E3A1432B 
 130      442371EA 
 131 0397 6DB360B6 		.ascii	"m\263`\266\010\362w]{[\201\310u\340\003mH\323\005\351"
 131      08F2775D 
 131      7B5B81C8 
 131      75E0036D 
 131      48D305E9 
 132 03ab 07C6F04A 		.ascii	"\007\306\360J$@\344\276\265\270K\267\013v\244\244\251"
 132      2440E4BE 
 132      B5B84BB7 
 132      0B76A4A4 
 132      A9
 133 03bc EA81D787 		.ascii	"\352\201\327\207ut\223\222\012\004i;\354\002\204\374"
 133      75749392 
 133      0A04693B 
 133      EC0284FC 
 134 03cc 7824AB84 		.ascii	"x$\253\2049 \207\027!\202'\240\200\361\013\332}\001"
 134      39208717 
 134      218227A0 
 134      80F10BDA 
 134      7D01
 135 03de AA7D78BA 		.ascii	"\252}x\272\337\"2F\267\255\212\233?\27548lNq\233?\271"
 135      DF223246 
 135      B7AD8A9B 
 135      3FBD3438 
 135      6C4E719B 
 136 03f4 8D4C360F 		.ascii	"\215L6\017\204M\366\320\275\355FaC\331:r\374N\236\323"
 136      844DF6D0 
 136      BDED4661 
 136      43D93A72 
 136      FC4E9ED3 
 137 0408 CF056EF3 		.ascii	"\317\005n\363\027\267\341\367\215\207h\303\213\2143"
 137      17B7E1F7 
 137      8D8768C3 
 137      8B8C33
 138 0417 F60C8042 		.ascii	"\366\014\200B \011<\353\331\335\026\232OL\247\211\247"
 138      20093CEB 
 138      D9DD169A 
 138      4F4CA789 
 138      A7
 139 0428 B3A2A2B7 		.ascii	"\263\242\242\267\335\220<\242\032q\341\020\0364\374"
 139      DD903CA2 
 139      1A71E110 
 139      1E34FC
 140 0437 52D47CF7 		.ascii	"R\324|\367\262\031S\014\344\3701\336*\037Q~\341\011"
 140      B219530C 
 140      E4F831DE 
 140      2A1F517E 
 140      E109
 141 0449 6613772B 		.ascii	"f\023w+\033r\232\214\"ej\343M\003t\360_\334\026\262"
 141      1B729A8C 
 141      22656AE3 
 141      4D0374F0 
 141      5FDC16B2 
 142 045d 1D772B73 		.ascii	"\035w+s\267%\333L\232\327\367\272y\352t\323)\334<-|"
 142      B725DB4C 
 142      9AD7F7BA 
 142      79EA74D3 
 142      29DC3C2D 
 143 0472 D12F8BD8 		.ascii	"\321/\213\330\325\342.\006\31747\272\211n\230p\263_"
 143      D5E22E06 
 143      CF3437BA 
 143      896E9870 
 143      B35F
 144 0484 6B173FD7 		.ascii	"k\027?\327\376\361\367\3300~\2236L\027o\030^\266n\321"
 144      FEF1F7D8 
 144      307E9336 
 144      4C176F18 
 144      5EB66ED1 
 145 0498 3003B6B7 		.ascii	"0\003\266\267\276\202+@\320\275z\233\375\202\267\254"
 145      BE822B40 
 145      D0BD7A9B 
 145      FD82B7AC 
 146 04a8 1982A187 		.ascii	"\031\202\241\207\273\303\256\312\327\011P \342\020t"
 146      BBC3AECA 
 146      D7095020 
 146      E21074
 147 04b7 E6F2159B 		.ascii	"\346\362\025\233\226#\200\277\265\326/)\324T\005\271"
 147      962380BF 
 147      B5D62F29 
 147      D45405B9 
 148 04c7 CA9CE651 		.ascii	"\312\234\346Qf\320\2442{\307e>w\364\265]\353\331\351"
 148      66D0A432 
 148      7BC7653E 
 148      77F4B55D 
 148      EBD9E9
 149 04da 82EE71EA 		.ascii	"\202\356q\352n\325G(X\005/\220\247\003\322\332/\215"
 149      6ED54728 
 149      58052F90 
 149      A703D2DA 
 149      2F8D
 150 04ec DA576A3A 		.ascii	"\332Wj:y\207\212CA\317\017\205\324r[Y\316+\020\3333"
 150      79878A43 
 150      41CF0F85 
 150      D4725B59 
 150      CE2B10DB 
 151 0501 9021E3F8 		.ascii	"\220!\343\370\261\036Y\2533\025\340\037\010Cv\361\263"
 151      B11E59AB 
 151      3315E01F 
 151      084376F1 
 151      B3
 152 0512 FE4AC082 		.ascii	"\376J\300\202]\003\231\3511\220\340I\003\351\033\017"
 152      5D0399E9 
 152      3190E049 
 152      03E91B0F 
 153 0522 A4DF91EF 		.ascii	"\244\337\221\357cq\202+D\320u\274+\253\364\023\371\326"
 153      6371822B 
 153      44D075BC 
 153      2BABF413 
 153      F9D6
 154 0534 C38023DF 		.ascii	"\303\200#\337\232\316Y\010C\314\316\273M\333\024!u\214"
 154      9ACE5908 
 154      43CCCEBB 
 154      4DDB1421 
 154      758C
 155 0546 C14B012A 		.ascii	"\301K\001*\260eiE\011\305\200\020\313\20358\202\035"
 155      B0656945 
 155      09C58010 
 155      CB833538 
 155      821D
 156 0558 71063B9B 		.ascii	"q\006;\233Z\3305\2640\327\320\346x\014-l\322\320\006"
 156      5AD835B4 
 156      30D7D0E6 
 156      780C2D6C 
 156      D2D006
 157 056b C7437BE5 		.ascii	"\307C{\345\032\332\\\244s\213e\036\256\273k\017G}\270"
 157      1ADA5CA4 
 157      738B651E 
 157      AEBB6B0F 
 157      477DB8
 158 057e C7B51B1D 		.ascii	"\307\265\033\035\247we\226E\354\316wU\271\300\243\312"
 158      A7776596 
 158      45ECCE77 
 158      55B9C0A3 
 158      CA
 159 058f F993AAFC 		.ascii	"\371\223\252\374w\\\345k\247J\255\341\027\012\272\333"
 159      775CE56B 
 159      A74AADE1 
 159      170ABADB 
 160 059f 7DCD8516 		.ascii	"}\315\205\026Q\200\000x\343\"z\021\302\350?\316\201"
 160      51800078 
 160      E3227A11 
 160      C2E83FCE 
 160      81
 161 05b0 F2A35AB7 		.ascii	"\362\243Z\2671x+0\271\266n\177\001\212@\234\366+\300"
 161      31782B30 
 161      B9B66E7F 
 161      018A409C 
 161      F62BC0
 162 05c3 C81C8DBA 		.ascii	"\310\034\215\272\0307\320\264~\354u\215\2770\225aH\200"
 162      1837D0B4 
 162      7EEC758D 
 162      BF309561 
 162      4880
 163 05d5 CA6D17F2 		.ascii	"\312m\027\362F4\017K\012\031 \230\212\223k\217\376\320"
 163      46340F4B 
 163      0A192098 
 163      8A936B8F 
 163      FED0
 164 05e7 E3E49DF3 		.ascii	"\343\344\235\3638\031\306\010\221E\222\260\334\330\012"
 164      3819C608 
 164      914592B0 
 164      DCD80A
 165 05f6 FAB6E375 		.ascii	"\372\266\343u2\246\325\320S*cJM\023O\023I\234\225\325"
 165      32A6D5D0 
 165      532A634A 
 165      4D134F13 
 165      499C95D5 
 166 060a CEB3F2BD 		.ascii	"\316\263\362\275nF\234nF\321\215\363(4;\012\325\224"
 166      6E469C6E 
 166      46D18DF3 
 166      28343B0A 
 166      D594
 167 061c A5A56099 		.ascii	"\245\245`\231k\241\226{,\324\262I\01356\376)Se\255P"
 167      6BA1967B 
 167      2CD4B249 
 167      0B3536FE 
 167      295365AD 
 168 0631 76AD502B 		.ascii	"v\255P+\004\235\363\377y3(\220\"\377\277P\221\010C\314"
 168      049DF3FF 
 168      79332890 
 168      22FFBF50 
 168      910843CC 
 169 0645 8981C113 		.ascii	"\211\201\301\023z\221m\177\260r\214\265\332\036%0Q\023"
 169      7A916D7F 
 169      B0728CB5 
 169      DA1E2530 
 169      5113
 170 0657 3F0F16FE 		.ascii	"?\017\026\376yH\035\272\370\322\0173\020\202\013\207"
 170      79481DBA 
 170      F8D20F33 
 170      10820B87 
 171 0667 E8ECC535 		.ascii	"\350\354\3055{A\351ZR\035P\304| MN\206TYh~4\\[m\214"
 171      7B41E95A 
 171      521D50C4 
 171      7C204D4E 
 171      86545968 
 172 0681 3DA9EEE4 		.ascii	"=\251\356\344\341\370B\272L\251\217\344\242mr,\371\032"
 172      E1F842BA 
 172      4CA98FE4 
 172      A26D722C 
 172      F91A
 173 0693 C8D0BEBF 		.ascii	"\310\320\276\277\321\350\216\327\264\373Z\267Y,\305"
 173      D1E88ED7 
 173      B4FB5AB7 
 173      592CC5
 174 06a2 7C48C633 		.ascii	"|H\3063dG\3063\221]\344A\0131\026)\220\230\263~\360"
 174      6447C633 
 174      915DE441 
 174      0B311629 
 174      9098B37E 
 175 06b7 7727CBC9 		.ascii	"w'\313\311\227\315\325\306J\317\301z\240\352\010\347"
 175      97CDD5C6 
 175      4ACFC17A 
 175      A0EA08E7 
 176 06c7 E4076436 		.ascii	"\344\007d6\375<\360\253\034\032\025\025\235\264!>:i"
 176      FD3CF0AB 
 176      1C1A1515 
 176      9DB4213E 
 176      3A69
 177 06d9 73D2C635 		.ascii	"s\322\3065\011_'mL\210\373\350\233\225\2336E\305K\312"
 177      095F276D 
 177      4C88FBE8 
 177      9B959B36 
 177      45C54BCA 
 178 06ed FA75EB12 		.ascii	"\372u\353\022L8$%~\273!~\015M\327\353q\370.>\221mLX"
 178      4C382425 
 178      7EBB217E 
 178      0D4DD7EB 
 178      71F82E3E 
 179 0705 1FF83937 		.ascii	"\037\37097Y\235\270a\315\352u\211\361k\243b\376\003"
 179      599DB861 
 179      CDEA7589 
 179      F16BA362 
 179      FE03
 180 0717 D3B6705B 		.ascii	"\323\266p["
 181              		.text
 182              		.section	.gnu.lto_AHBPrescTable.e2f15b253f69a175,"",%progbits
 183 0000 789C4D8F 		.ascii	"x\234M\217\315J\303@\024\205\347f\234Z5m^ /\241n\372"
 183      CD4AC340 
 183      1485E766 
 183      9C5A356D 
 183      5E202FA1 
 184 0016 7811AA88 		.ascii	"x\021\252\210\013W\202 B\005-Uk\323\2505\232TA\254\""
 184      0B578220 
 184      42052D55 
 184      6BD3A835 
 184      9A5441AC 
 185 002b 76E5CF42 		.ascii	"v\345\317B\012\202\033\027\".\244\004\212\324\252\247"
 185      0A821B17 
 185      222EA404 
 185      8AD4AAA7 
 186 003b 73879030 		.ascii	"s\207\2200\037\207\217C\2303JX\342\225\204\300\321\337"
 186      1F878F43 
 186      98334A58 
 186      E29584C0 
 186      D1DF
 187 004d BAA47A58 		.ascii	"\272\244zX\215iUV\244\240)\250\337O\374\334X\211\034"
 187      8D695556 
 187      A4A029A8 
 187      DF4FFCDC 
 187      58891C
 188 0060 E8463BE9 		.ascii	"\350F;\351*n\363\320\321\313\302\257\305m\021\232\254"
 188      2A6EF3D0 
 188      D1CBC2AF 
 188      C56D119A 
 188      AC
 189 0071 2C0E24B7 		.ascii	",\016$\267\223\320\355\217\250\243\270-@\337\206\215"
 189      93D0ED8F 
 189      A8A3B82D 
 189      40DF868D 
 190 0081 B8C86D0E 		.ascii	"\270\310m\016:|_\353\021\2676\364\241\034l\232\177'"
 190      3A7C5FEB 
 190      11B736F4 
 190      A11C6C9A 
 190      7F27
 191 0093 A0CFBD72 		.ascii	"\240\317\275rd\332\031\350U?\250\331\334\312\361\275"
 191      64DA19E8 
 191      553FA8D9 
 191      DCCAF1BD 
 192 00a3 5FF7239B 		.ascii	"_\367#\233\333i\350\315\337\340\322\341\326\312>\201"
 192      DB69E8CD 
 192      DFE0D2E1 
 192      D6CA3E81 
 193 00b3 F4135AD7 		.ascii	"\364\023Z\327\267Kyn\011\332\374\214\276\013\254\"\273"
 193      B74B796E 
 193      09DAFC8C 
 193      BE0BAC22 
 193      BB
 194 00c4 99F4E674 		.ascii	"\231\364\346t$\351\221w;\361\217\271HeG\222\036\231"
 194      24E99177 
 194      3BF18FB9 
 194      48654792 
 194      1E99
 195 00d6 AE22BD2A 		.ascii	"\256\"\275*\235Az\306\343S\265\353\224Boy\313\363TE"
 195      9D417AC6 
 195      E353B5EB 
 195      94426F79 
 195      CBF35445 
 196 00ea 5A34EB52 		.ascii	"Z4\353RH.\315q\234\023g\333dl22yf\362\324\344\274K'"
 196      482ECD71 
 196      9C1367DB 
 196      646C3232 
 196      7966F2D4 
 197 0102 88163806 		.ascii	"\210\0268\006G\340\020\004\240\011|\320\000\007\240"
 197      47E01004 
 197      A0097CD0 
 197      0007A0
 198 0111 0EF6C11E 		.ascii	"\016\366\301\036\330\0055r\005]PI\374\003(\233\217\252"
 198      D8053572 
 198      055D5049 
 198      FC03289B 
 198      8FAA
 199              		.text
 200              		.section	.gnu.lto_.symbol_nodes.e2f15b253f69a175,"",%progbits
 201 0000 789C6365 		.ascii	"x\234ce`b\260`\000\002\246\277\014\365\014\014\023\316"
 201      6062B060 
 201      0002A6BF 
 201      0CF50C0C 
 201      13CE
 202 0012 3180A85D 		.ascii	"1\200\250]\215\216@\221\177\014\365\214(\"\254\277\031"
 202      8D8E4091 
 202      7F0CF58C 
 202      2822ACBF 
 202      19
 203 0023 185A9580 		.ascii	"\030Z\225\200\212Y\37700\202\031\014\000\253\273\015"
 203      8A59FF30 
 203      3082190C 
 203      00ABBB0D 
 204 0033 40       		.ascii	"@"
 205              		.text
 206              		.section	.gnu.lto_.refs.e2f15b253f69a175,"",%progbits
 207 0000 789C6365 		.ascii	"x\234ce`b\220````gdd\342fd\342ed\322fd\322e`6b`2ad2"
 207      60629060 
 207      60606067 
 207      6464E266 
 207      64E26564 
 208 0021 6300000E 		.ascii	"c\000\000\016X\001H"
 208      580148
 209              		.text
 210              		.section	.gnu.lto_.decls.e2f15b253f69a175,"",%progbits
 211 0000 789CCD58 		.ascii	"x\234\315XkPTG\026\236\276=\003\314\200\230B\223\265"
 211      6B505447 
 211      169EBE3D 
 211      03CC8098 
 211      4293B5
 212 0013 B2EC961B 		.ascii	"\262\354\226\033M\264j+\214\240\233\244\362g\305A\305"
 212      4DB46A2B 
 212      8CA09BA4 
 212      F267C541 
 212      C5
 213 0024 DA3CA8C1 		.ascii	"\332<\250\301X\273U\233PJ\310J\"\342\012\251J~\354\346"
 213      58BB559B 
 213      504AC84A 
 213      22E20AA9 
 213      4A7EECE6 
 214 0038 2AA8E333 		.ascii	"*\250\3433\210(\276E \012\202H\360\201(\3508*\"\012"
 214      8828BE45 
 214      200A8248 
 214      F08128E8 
 214      382A220A 
 215 004c 220F0504 		.ascii	"\"\017\005\004A\024DTD\210/D\331\323\217\313\355\271"
 215      41144454 
 215      44882F44 
 215      D9D38FCB 
 215      EDB9
 216 005e 3364FDB5 		.ascii	"3d\375\265\265\2678\323\367\334\376\372\3649\337\351"
 216      B5B738D3 
 216      F7DCFEFA 
 216      F439DFE9 
 217 006e EE7B2E06 		.ascii	"\356{.\006\235\244\373\360M\235n\257\244\323}\200t\272"
 217      9DA4FBF0 
 217      4D9D6EAF 
 217      A4D37D80 
 217      74BA
 218 0080 41B8F43A 		.ascii	"A\270\364:\235n\277N\275\240K\227\007\222\317\357\217"
 218      9D6EBF4E 
 218      BDA04B97 
 218      0792CFEF 
 218      8F
 219 0091 8194E99C 		.ascii	"\201\224\351\234\257\317a\254\021\3329 ~ \243A\336\201"
 219      AFCF61AC 
 219      11DA3920 
 219      7E20A341 
 219      DE81
 220 00a3 6713A08D 		.ascii	"g\023\240\215\206\366m\220Kp?\037Z\003\264\177\200\366"
 220      86F66D90 
 220      4B703F1F 
 220      5A03B47F 
 220      80F6
 221 00b5 75105F90 		.ascii	"u\020_\220\337\203|\012\202\370<\332k.\301il\037\021"
 221      DF837C0A 
 221      82F83CDA 
 221      6B2EC169 
 221      6C1F11
 222 00c8 ECFBEB54 		.ascii	"\354\373\353T\373_C\033\006\3557\320\236\203\266\224"
 222      FB5F431B 
 222      06ED37D0 
 222      9E83B694 
 223 00d8 FBACCC85 		.ascii	"\373\254\314\205x\034\036 \013@\211\001Y\010\022\213"
 223      781C1E20 
 223      0B408901 
 223      5908128B 
 224 00e8 DCC7B51E 		.ascii	"\334\307\265\036\236c>\007\231\367\234\033\377\224+"
 224      9E633E07 
 224      99F79C1B 
 224      FF942B
 225 00f7 15A3D61B 		.ascii	"\025\243\326\033u\313<\256\243&2\015\"\027\233Q\270"
 225      75CB3CAE 
 225      A326320D 
 225      22179B51 
 225      B8
 226 0108 883AA85C 		.ascii	"\210:\250\\\244\033\015q\254B\221f\220\216\003A\234"
 226      A41B0D71 
 226      AC429166 
 226      908E0341 
 226      9C
 227 0119 814AAF68 		.ascii	"\201J\257hQ5B\035\240N\210#\270J\377$\246\240\241~\005"
 227      5135421D 
 227      A04E8823 
 227      B84AFF24 
 227      A6A0A17E 
 228 012e 2B18E451 		.ascii	"+\030\344Q 7n\261\013+\321?\334r\261\303\324\202\232"
 228      20376EB1 
 228      0B2BD13F 
 228      DC72B1C3 
 228      D4829A
 229 0141 092E6D2A 		.ascii	"\011.m*\242\317\012\034\317mz\014\363\300}\313\263\254"
 229      A2CF0A1C 
 229      CF6D7A0C 
 229      F3C07DCB 
 229      B3AC
 230 0153 1901B932 		.ascii	"\031\001\2712\273\274~\247\322vv\360\211}\344:\214\374"
 230      BBBC7EA7 
 230      D27676F0 
 230      897DE43A 
 230      8CFC
 231 0165 4C4802B5 		.ascii	"LH\002\265\272\347\342\016oPG\233\320k\240>]Rw\3124"
 231      BAE7E20E 
 231      6F50479B 
 231      D06BA03E 
 231      5D5277CA 
 232 017a 66131D95 		.ascii	"f\023\035\225 \277&\2419o\240\\\344\217r\020d\005\355"
 232      20BF26A1 
 232      396FA05C 
 232      E48F7210 
 232      6405ED
 233 018d 4763E077 		.ascii	"Gc\340w\236\236Y\262\347\035[\364V\232\234f\227\355"
 233      9E9E59B2 
 233      E71D5BF4 
 233      569A9C66 
 233      97ED
 234 019f 4FDA3E6C 		.ascii	"O\332>l+\220\345e0JOP(\033a\264\017\005\220\010\341"
 234      2B90E565 
 234      304A4F50 
 234      281B61B4 
 234      0F059008 
 235 01b4 167EB350 		.ascii	"\026~\263P\013B{\321u\010.\017\275\005\243\363\372\217"
 235      0B427BD1 
 235      75082E0F 
 235      BD05A3F3 
 235      FA8F
 236 01c6 BED4E340 		.ascii	"\276\324\343@\352lu\362\343\036#7\345\370\363\026\331"
 236      EA6C75F2 
 236      E31E2337 
 236      E5F8F316 
 236      D9
 237 01d7 BE140C49 		.ascii	"\276\024\014I\324\320\001\325\320\001\255\241|j\250"
 237      D4D001D5 
 237      D001ADA1 
 237      7C6AA8
 238 01e6 B92C3B07 		.ascii	"\271,;\007C\004\023L\210\2208\022\036\035\270W\364l"
 238      4304134C 
 238      88903812 
 238      1E1DB857 
 238      F46C
 239 01f8 047B44CC 		.ascii	"\004{D\314gg\256O\367\3003\351\375\345\304\374\355\230"
 239      6767AE4F 
 239      F7C033E9 
 239      FDE5C4FC 
 239      ED98
 240 020a 85AF2734 		.ascii	"\205\257'4Vl\275\351\313\302\037\233\212\245S\227/\277"
 240      566CBDE9 
 240      CBC21F9B 
 240      8AA55397 
 240      2FBF
 241 021c D423D344 		.ascii	"\324#\323D\233,/\225\223\022dc\250\016\035\206\360\017"
 241      9B2C2F95 
 241      93126463 
 241      A80E1D86 
 241      F00F
 242 022e 41F8A810 		.ascii	"A\370\250\020M$\026\2117\250\000\036\376\014\017\367"
 242      4D241689 
 242      37A8001E 
 242      FE0C0FF7 
 243 023e 10A2ECE7 		.ascii	"\020\242\354\347\266\006mZA<>\202L\350\240\352\361\004"
 243      B6066D5A 
 243      413C3E82 
 243      4CE8A0EA 
 243      F104
 244 0250 13636A65 		.ascii	"\023cje\377\355f\003\314B\272\345\314N\014\217\3623"
 244      FFED6603 
 244      CC42BAE5 
 244      CC4E0C8F 
 244      F233
 245 0262 DBC7E102 		.ascii	"\333\307\341\002D}\352\273\331]\207\337\316\220\323"
 245      447DEABB 
 245      D95D87DF 
 245      CE90D3
 246 0271 1CC064FA 		.ascii	"\034\300d\372\204\202\214\345r\022\242\340\"fk\310\007"
 246      84828CE5 
 246      7212A2E0 
 246      22666BC8 
 246      07
 247 0282 1D7D7294 		.ascii	"\035}r\224xs\014\275\015C\273~<X\342\203\035\314\216"
 247      78730CBD 
 247      0D43BB7E 
 247      3C58E283 
 247      1DCC8E
 248 0295 924B3F96 		.ascii	"\222K?\226\313#\035\347KM,6\031\021\306{\177\311\363"
 248      CB231DE7 
 248      4B4D2C36 
 248      1911C67B 
 248      7FC9F3
 249 02a8 60DD84A4 		.ascii	"`\335\204\244g}\366|/\223\215\004@#%\317\325yN\"\360"
 249      677DF67C 
 249      2F938D04 
 249      402325CF 
 249      D5794E22 
 250 02bd 1D99FDD1 		.ascii	"\035\231\375\321\011P\011\245\313ne{\301`\177`\031\011"
 250      095009A5 
 250      CB6E657B 
 250      C1607F60 
 250      1909
 251 02cf 14FB738A 		.ascii	"\024\373s\212we\235\031\201\253\250\037R\371\311\364"
 251      77659D19 
 251      81ABA81F 
 251      52F9C9F4 
 252 02df C74634D1 		.ascii	"\307F4\321\244\220\363\3412J\316\031\010\310\241\222"
 252      A490F3E1 
 252      324ACE19 
 252      08C8A192 
 253 02ef E34FC8A1 		.ascii	"\343O\310\241D\367\244\313x\214\016M\366G\223 \260\323"
 253      44F7A4CB 
 253      788C0E4D 
 253      F6479320 
 253      B0D3
 254 0301 40B33FA7 		.ascii	"@\263?\247\371\024\370cg\016,}\336\373r\244_\022uW\226"
 254      F914F863 
 254      670E2C7D 
 254      DEFB72A4 
 254      5F127557 
 255 0316 C7226AAE 		.ascii	"\307\"j\256\004\372\213\251\277g\221\237\3425A\0277"
 255      04FA8BA9 
 255      BF67919F 
 255      E2354117 
 255      37
 256 0327 942DC726 		.ascii	"\224-\307&n\335\366\337\255\247g\364\375M4^\372k\306"
 256      6EDDF6DF 
 256      ADA767F4 
 256      FD4D345E 
 256      FA6BC6
 257 033a 6F379F4C 		.ascii	"o7\237L\367\200|\365\220\225\357\370co\206L\362u\016"
 257      F7807CF5 
 257      9095EFF8 
 257      636F864C 
 257      F2750E
 258 034d F9A1E33C 		.ascii	"\371\241\343<_\352P\362d\266\244Ce4]\271\025\347\232"
 258      5FEA50F2 
 258      64B6A443 
 258      65345DB9 
 258      15E79A
 259 0360 F8EAB311 		.ascii	"\370\352\263\021\026\007\262:\336\300\365,{\253\216"
 259      1607B23A 
 259      DEC0F52C 
 259      7BAB8E
 260 036f D45CD70F 		.ascii	"\324\\\327\017\233\217\013J>\314\324\337\224\237\267"
 260      9B8F0B4A 
 260      3ECCD4DF 
 260      949FB7
 261 037e 65FA7287 		.ascii	"e\372r\207\023\344\261z\272ZT\364E\352\360\005\305a"
 261      13E4B17A 
 261      BA5A54F4 
 261      45EAF005 
 261      C561
 262 0390 6525F8F1 		.ascii	"e%\370\361\225\220y\264u\000\34166oF\326\225j\023\231"
 262      959079B4 
 262      7500E136 
 262      366F46D6 
 262      956A1399 
 263 03a4 37E19556 		.ascii	"7\341\225V<\331\370\245k\356#|\237\015\267\335XQ\303"
 263      3CD9F8A5 
 263      6BEE237C 
 263      9F0DB7DD 
 263      5851C3
 264 03b7 6D3F25FA 		.ascii	"m?%\372\326\343\277\224\033\230\356\005jawN\341\010"
 264      D6E3BF94 
 264      1B98EE05 
 264      6A61774E 
 264      E108
 265 03c9 B608EDA4 		.ascii	"\266\010\355\244{\320\361\244~\004\356{\225\220\353"
 265      7BD0F1A4 
 265      7E04EE7B 
 265      9590EB
 266 03d8 949027D1 		.ascii	"\224\220'\321YK~<w\300\240\346\210\205\\\003\350j\212"
 266      594B7E3C 
 266      77C0A0E6 
 266      88855C03 
 266      E86A8A
 267 03eb BE4243AE 		.ascii	"\276BC\256SB\036\274\323\220adn\364\020=\265\250\255"
 267      53421EBC 
 267      D3906164 
 267      6EF4103D 
 267      B5A8AD
 268 03fe C717BF60 		.ascii	"\307\027\277`\363\256?\375\250\317\033/a'eSz\312Oz\206"
 268      F3AE3FFD 
 268      A8CF1B2F 
 268      61276553 
 268      7ACA4F7A 
 269 0413 EC24FA8E 		.ascii	"\354$\372\216\201\201D=^\316:\227\036oX\317O\313V\272"
 269      8181443D 
 269      5ECE3A97 
 269      1E6F58CF 
 269      4FCB56BA 
 270 0427 C5966EC8 		.ascii	"\305\226n\310\364\300I\254\363y\367\336\036\017\274"
 270      F4C049AC 
 270      F379F7DE 
 270      1E0FBC
 271 0436 95298537 		.ascii	"\225)\20576\236\344\023\326\023\375t\337\366\207>8\223"
 271      369EE413 
 271      D613FD74 
 271      DFF6873E 
 271      3893
 272 0448 752ECBAC 		.ascii	"u.\313\254]\343\211\363\230R\323\261;\321\207!\253\350"
 272      5DE389F3 
 272      9852D3B1 
 272      3BD18721 
 272      ABE8
 273 045a F6BFB6B6 		.ascii	"\366\277\266\266\324\007\037e\235g\312n\326xa\007SV"
 273      D4071F65 
 273      9D67CA6E 
 273      D6786107 
 273      5356
 274 046c 9F3D5CCA 		.ascii	"\237=\\\312\227K\031\321\227t\346\257\300\370\"\237"
 274      974B19D1 
 274      9774E6AF 
 274      C0F8229F 
 275 047c 9033EBC7 		.ascii	"\2203\353\307\231}Xuz\225\021_a\235\025+\2237J\370:"
 275      997D5875 
 275      7A95115F 
 275      619D152B 
 275      93374AF8 
 276 0491 53B23AB6 		.ascii	"S\262:\266\257\343\023~@\250\331\326\263\303\007w\260"
 276      AFE3137E 
 276      40A8D9D6 
 276      B3C30777 
 276      B0
 277 04a2 BEE28C65 		.ascii	"\276\342\214e\331^\270\207)\307\013\213Ky\356&\201\232"
 277      D95EB887 
 277      29C70B8B 
 277      4B79EE26 
 277      819A
 278 04b4 58B9B6C9 		.ascii	"X\271\266\311\007?e}y\235+\354\236X\306T\331\326\327"
 278      073F657D 
 278      799D2BEC 
 278      9E58C654 
 278      D9D6D7
 279 04c7 7C87073B 		.ascii	"|\207\007;\221\030\251x\226\353\213m\254O9R\375\350"
 279      9118A978 
 279      96EB8B6D 
 279      AC4F3952 
 279      FDE8
 280 04d9 918A8AAF 		.ascii	"\221\212\212\257\0356\343d\326\265\273\263h\303H\274"
 280      1D36E364 
 280      D6B5BBB3 
 280      68C348BC 
 281 04e9 8D29DD89 		.ascii	"\215)\335\211\355\255\374\264\032\003\352\215\346\333"
 281      EDADFCB4 
 281      1A03EA8D 
 281      E6DB
 282 04f7 AB7C7126 		.ascii	"\253|q&\353[~rc\211\021\3471\345L\353u\204\013\331\375"
 282      EB5B7E72 
 282      638911E7 
 282      31E54CEB 
 282      75840BD9 
 283 050c DD55F606 		.ascii	"\335U\366\006\011\333\231\222]\264\366\206\001\237g"
 283      09DB9992 
 283      5DB4F686 
 283      019F67
 284 051b CACDC2C4 		.ascii	"\312\315\302\304\307z\\\301\224\234\201\235UF\\\315"
 284      C77A5CC1 
 284      949C819D 
 284      55465CCD 
 285 052b 94AA63AD 		.ascii	"\224\252c\255\355\276\270\221)}g\262\372xB\223\310V"
 285      EDBEB891 
 285      297D67B2 
 285      FA784293 
 285      C856
 286 053d 28B76D9B 		.ascii	"(\267m\233\304\317H#\250{j\266>\364\300\315\024\373"
 286      C4CF4823 
 286      A87B6AB6 
 286      3EF4C0CD 
 286      14FB
 287 054f D6BD82DA 		.ascii	"\326\275\202\332$O4~\374\250\361n\257\211\312M:9f\354"
 287      244F347E 
 287      FCA8F16E 
 287      AF89CA4D 
 287      3A3966EC 
 288 0563 0F06A634 		.ascii	"\017\006\2464W\337\222\345d\037\2722\037\303\306O\220"
 288      57DF92E5 
 288      641FBA32 
 288      1FC3C64F 
 288      90
 289 0574 46A99BE9 		.ascii	"F\251\233\351\021]\246\207\311\257.]NL\220\355\215_"
 289      115DA687 
 289      C9AF2E5D 
 289      4E4C90ED 
 289      8D5F
 290 0586 C0AB2E11 		.ascii	"\300\253.\021\243K\000\277\247\205wQx A\257\347k~\252"
 290      A34B00BF 
 290      A7857751 
 290      782041AF 
 290      E76B7EAA 
 291 059a 5E0787AF 		.ascii	"^\007\207\257?zI\273\010\232\2345[\245\211h\2674\036"
 291      3F7A49BB 
 291      089A9C35 
 291      5BA58968 
 291      B7341E
 292 05ad AD03D908 		.ascii	"\255\003\331\010\262\023d\005\310.\220\225 K@v\200\374"
 292      B2136405 
 292      C82E9095 
 292      204B4076 
 292      80FC
 293 05bf 08B21C64 		.ascii	"\010\262\034d;\3102\220\245 kA\222ARA6\201l\001\331"
 293      3BC83290 
 293      A5206B41 
 293      92415241 
 293      36816C01 
 294 05d4 06B21A24 		.ascii	"\006\262\032$\005d=\310*\220$\020\033H\"H\032\310\032"
 294      05643DC8 
 294      2A902410 
 294      1B482248 
 294      1AC81A
 295 05e7 900D209B 		.ascii	"\220\015 \233A\322\245\361\264\266`19\346\2531\325k"
 295      41D2A5F1 
 295      B4B66031 
 295      39E6AB31 
 295      D56B
 296 05f9 63BAEA42 		.ascii	"c\272\352BA\265@A\267\026~\337\011N\336%\216/\226P8"
 296      41B54041 
 296      B7167EDF 
 296      094EDE25 
 296      8E2F9650 
 297 060e 6C76F490 		.ascii	"lv\364\220\303\225#\000\365\250\214q\343\237\253\306"
 297      C3952300 
 297      F5A88C71 
 297      E39FABC6 
 298 061e 9F698D17 		.ascii	"\237i\215\027k\321\375\021*\272\301\275\347\002\272"
 298      6BD1FD11 
 298      2ABAC1BD 
 298      E702BA
 299 062d 4DB0FDC4 		.ascii	"M\260\375\304}\252\005t\227`\273Y\213nreE\200\337\320"
 299      7DAA0574 
 299      9760BB59 
 299      8B6E7265 
 299      4580DFD0 
 300 0641 C25B5CC2 		.ascii	"\302[\\\302\024(\257\322\242+D4Y\246m\234q\262F\357"
 300      1428AFD2 
 300      A22B4434 
 300      59A66D9C 
 300      71B246EF 
 301 0655 BA5F74A2 		.ascii	"\272_t\242+\375\177W\215\017h\341f\027\264\300J\237"
 301      2BFD7F57 
 301      8D0F68E1 
 301      6617B4C0 
 301      4A9F
 302 0667 16DDEB92 		.ascii	"\026\335\353\222\316\336\0105\235\327\264\351lt\241"
 302      CEDE0835 
 302      9DD7B4E9 
 302      6C74A1
 303 0676 5C60E5BA 		.ascii	"\\`\345\272{\022E\312\205\225uG\213\276\255E7\012\034"
 303      7B1245CA 
 303      85957547 
 303      8BBEAD45 
 303      370A1C
 304 0689 56BAE770 		.ascii	"V\272\347p\310q \2611B%\261\325}\202DZ\034\002-\317"
 304      C87120B1 
 304      314225B1 
 304      D57D8244 
 304      5A1C022D 
 305 069e B5F06AA7 		.ascii	"\265\360j\247\014\001+\375\302\"\357\320\262\322\256"
 305      0C012BFD 
 305      C222EFD0 
 305      B2D2AE
 306 06ad F5BC5788 		.ascii	"\365\274W\210\263\323}\234\"\345m<P\250\020P\271\026"
 306      B3D37D9C 
 306      22E56D3C 
 306      50A81050 
 306      B916
 307 06bf 7E5E6BDC 		.ascii	"~^k\334!P~K\213nS\321\254\322\353h\362[\"\313\210\240"
 307      21507E4B 
 307      8B6E53D1 
 307      ACD2EB68 
 307      F25B22CB 
 308 06d5 74BCCA53 		.ascii	"t\274\312S\017\206\312\026\277\344\004\271l\022\265"
 308      0F86CA16 
 308      BFE404B9 
 308      6C12B5
 309 06e4 75D3BD2D 		.ascii	"u\323\275-\221\263r!\256\007\356O\006\221\005\201\341"
 309      91B37221 
 309      AE07EE4F 
 309      06910581 
 309      E1
 310 06f5 5FDC2F3C 		.ascii	"_\334/<\001].\240\373\335\347\303\351\234\026\340O\335"
 310      015D2EA0 
 310      FBDDE7C3 
 310      E99C16E0 
 310      4FDD
 311 0707 9F2322C5 		.ascii	"\237#\"\305\345\363\325\374\325j\363w\331\305sa\203"
 311      E5F3D5FC 
 311      D56AF377 
 311      D9C57361 
 311      83
 312 0718 BD70BBC1 		.ascii	"\275p\273\301\304E-,SYr\233=\346\011\274\312\036\345"
 312      C4452D2C 
 312      5359729B 
 312      3DE609BC 
 312      CA1EE5
 313 072b E6367BE3 		.ascii	"\3466{\3435zZ\222\027\356\354Ya@\023G\261D=\356\364"
 313      357A5A92 
 313      17EEEC59 
 313      61401347 
 313      B1443DEE 
 314 0740 808F42F4 		.ascii	"\200\217B\364\023\214\316\220\206\012r\2226\367/\033"
 314      138CCE90 
 314      860A7292 
 314      36F72F1B 
 315 0750 9409EF98 		.ascii	"\224\011\357\230\377\267\367\015\204X\331\231v\331\333"
 315      FFB7F70D 
 315      8458D999 
 315      76D9DB
 316 075f 67D5D0C7 		.ascii	"g\325\320\307\032\215H- \367H>\364;\033ZR\227\014\354"
 316      1A8D482D 
 316      20F7483E 
 316      F43B1B5A 
 316      52970CEC 
 317 0773 28E435CB 		.ascii	"(\3445\313hP_\264$%y\2627\177\032-\305W\227l\361\030"
 317      68505FB4 
 317      242579B2 
 317      377F1A2D 
 317      C557976C 
 318 0789 B616CD96 		.ascii	"\266\026\315\226x-z\210\225\300\365k\316<\033\241-F"
 318      782D7A88 
 318      95C0F56B 
 318      CE3C1BA1 
 318      2D46
 319 079b B3247FB4 		.ascii	"\263$\177\264W\"\360}\222\2372\210\240\017W_}l\304\233"
 319      5722F07D 
 319      929F3288 
 319      A00F575F 
 319      7D6CC49B 
 320 07af 692AD0D3 		.ascii	"i*\320\323\262\244\251J\271m{\225r{y\326\331N_q\256"
 320      B2A4A94A 
 320      B96D7B95 
 320      727B79D6 
 320      D94E5F71 
 321 07c4 5CE957E6 		.ascii	"\\\351W\346:^Z}\036\341\035l"
 321      3A5E5A7D 
 321      1EE11D6C 
 322 07d0 2E476FFE 		.ascii	".Go\376^^\371\221\217N\333\226\336\252\221\303\306\230"
 322      5E5EF991 
 322      8F4EDB96 
 322      DEAA91C3 
 322      C698
 323 07e2 AFC47840 		.ascii	"\257\304x@\242\363\346\224\234?6R\033\243\372e\3633"
 323      A2F3E694 
 323      9C3F3652 
 323      1BA3FA65 
 323      F333
 324 07f4 9D375F99 		.ascii	"\2357_\231\267~\247\334l\320z9,\272\343\345\301rO\234"
 324      B77EA7DC 
 324      6CD07A39 
 324      2CBAE3E5 
 324      C1724F9C 
 325 0808 CEBCDC90 		.ascii	"\316\274\334\220\374\264\334\013\357aJ_N\317O\036x\037"
 325      FCB4DC0B 
 325      EF614A5F 
 325      4ECF4F1E 
 325      781F
 326 081a 53F615B7 		.ascii	"S\366\025\267\035\302Z\243\303\326\374\233\237\355\356"
 326      1DC25AA3 
 326      C3D6FC9B 
 326      9FEDEE
 327 0829 1A81F3D8 		.ascii	"\032\201\363\330\320\373\335\003\007|\361A\246\344\344"
 327      D0FBDD03 
 327      077CF141 
 327      A6E4E4
 328 0838 9EAAF4C6 		.ascii	"\236\252\364\306G\2312\220\264\353\240\021\237\340\014"
 328      47993290 
 328      B4EBA011 
 328      9FE00C
 329 0847 65EC4C36 		.ascii	"e\354L6\342\323L\031L\262m\361\304eLI\251L\311\360\306"
 329      E2D34C19 
 329      4CB26DF1 
 329      C4654C49 
 329      A94CC9F0 
 330 085c 154C79DE 		.ascii	"\025Ly\336\231\322\200\030\221>\302g\301h\376Y\220\367"
 330      99D28018 
 330      913EC267 
 330      C168FE59 
 330      90F7
 331 086e 785DAA37 		.ascii	"x]\2527\256a\330\253\015\211E\034\353\015j\322\205\226"
 331      AE61D8AB 
 331      0D89451C 
 331      EB0D6AD2 
 331      8596
 332 0880 BF0ECBB9 		.ascii	"\277\016\313\271C\341\374\024\343\374f\266\243\317\240"
 332      43E1FC14 
 332      E3FC66B6 
 332      A3CFA0
 333 088f FDCA3D09 		.ascii	"\375\312=\011\271>As}\232\262\350PX\314\271\372t\213"
 333      B93E4173 
 333      7D9AB2E8 
 333      5058CCB9 
 333      FA748B
 334 08a2 C4D6D22B 		.ascii	"\304\326\322+}C?\267\245\3565:Y\227~\305zIu\323T|\225"
 334      7D433FB7 
 334      A5EE353A 
 334      59977EC5 
 334      7A4975D3 
 335 08b9 C5F4A8B2 		.ascii	"\305\364\250\262\011\012\221kLI\274p~\257'na\312\275"
 335      090A916B 
 335      4C49BC70 
 335      7EAF276E 
 335      61CABD
 336 08cc EC8A320F 		.ascii	"\354\2122\017\334\316\224[\035\375G1\356b\312\236{\351"
 336      DCCE945B 
 336      1DFD4731 
 336      EE62CA9E 
 336      7BE9
 337 08de 6B8DF801 		.ascii	"k\215\370\001\037s\253\273\222W\373k\310v{\336s\244"
 337      1F73ABBB 
 337      9257FB6B 
 337      C8767BDE 
 337      73A4
 338 08f0 5661907C 		.ascii	"Va\220|'v=j\037\364\302\217(\3707\233\223*\277F\254"
 338      27763D6A 
 338      1FF4C28F 
 338      28F8379B 
 338      932ABF46 
 339 0905 B61EA5AD 		.ascii	"\266\036\245\255\270\331A\330\262\013\337\271T\276F"
 339      B8D941D8 
 339      B20BDFB9 
 339      54BE46
 340 0914 4E73207A 		.ascii	"Ns z\030\236\207c\254n\330\267*\255\036~P\217\316B-"
 340      189E8763 
 340      AC6ED8B7 
 340      2AAD1E7E 
 340      508FCE42 
 341 0929 DAB9EE49 		.ascii	"\332\271\356I!\225\314\277\030\234,\270\013Z\270x,\247"
 341      2195CCBF 
 341      189C2CB8 
 341      0B5AB878 
 341      2CA7
 342 093b C0615F6E 		.ascii	"\300a_n\303\354\310\337/\371\241\034\216Vv\250ki\322"
 342      C3ECC8DF 
 342      2FF9A11C 
 342      8E5676A8 
 342      6B69D2
 343 094e FF6FD595 		.ascii	"\377o\325\225b\255m\247*\226\030w(\306\013\300x\036"
 343      62AD6DA7 
 343      2A961877 
 343      28C60BC0 
 343      781E
 344 0960 872B1B4B 		.ascii	"\207+\033K|\011\213'w\005L~\221&\265\216\037\333mpl"
 344      7C098B27 
 344      77054C7E 
 344      9126B58E 
 344      1FDB6D70 
 345 0975 5F86E3B3 		.ascii	"_\206\343\263\031\344\022H;\310U\220\033 \215 \255 "
 345      19E41248 
 345      3BC85590 
 345      1B208D20 
 345      AD20
 346 0987 35202D20 		.ascii	"5 - \365 \327A\256\200T\201\\\003\271\005r\023\244\026"
 346      F520D741 
 346      AE805481 
 346      5C03B905 
 346      7213A416 
 347 099b A41AA409 		.ascii	"\244\032\244\011\244\301\251\364o\024\030>\352\236a"
 347      A4C1A9F4 
 347      6F14183E 
 347      EA9E61
 348 09aa B1E21248 		.ascii	"\261\342\022H8\247E\273\024\347\345\202\355cZ\264K5"
 348      38A745BB 
 348      14E7E582 
 348      ED635AB4 
 348      4B35
 349 09bc D068C342 		.ascii	"\320h\303B9\247\205;W9\300m\327\277\341g\011Fg\201`"
 349      39A7853B 
 349      5739C06D 
 349      D7BFE167 
 349      09466781 
 350 09d1 3B472BBB 		.ascii	";G+\273\302\271\226'\371\350\372\201\245\343\010\240"
 350      C2B99627 
 350      F9E8FA81 
 350      A5E308A0 
 351 09e1 0F73F4D0 		.ascii	"\017s\364\320\353\335\251\260$\257\332j%{pL\323oB\247"
 351      EBDDA9B0 
 351      24AFDA6A 
 351      257B704C 
 351      D36F42A7 
 352 09f5 A5E1FA41 		.ascii	"\245\341\372A\344\020h)w\273\356\234>\024\004Z\212\334"
 352      E4106829 
 352      77BBEE9C 
 352      3E14045A 
 352      8ADC
 353 0a07 D3E2645C 		.ascii	"\323\342d\\\200\037w\277\360Dx\257\340K\211\026\336"
 353      801F77BF 
 353      F04478AF 
 353      E04B8916 
 353      DE
 354 0a18 EB026F13 		.ascii	"\353\002o\023\340\245\3563\312\340\254\010\351~\301"
 354      E0A5EE33 
 354      CAE0AC08 
 354      E97EC1
 355 0a27 AAC53A6D 		.ascii	"\252\305:m\265H\266\337\313\301\321\254Z$\373\357\240"
 355      B548B6DF 
 355      CBC1D1AC 
 355      5A24FBEF 
 355      A0
 356 0a38 D658BBCB 		.ascii	"\326X\273\313v\355\375A\335\256\207\334\303\305/&\301"
 356      76EDFD41 
 356      DDAE87DC 
 356      C3C52F26 
 356      C1
 357 0a49 D332F727 		.ascii	"\3232\367'\307P\031U\331\262\261R\217w\031h\031\265"
 357      C7501955 
 357      D9B2B152 
 357      8F771968 
 357      19B5
 358 0a5b BAE0C223 		.ascii	"\272\340\302#\317\2412\252\303\206\023H\004\2350\274"
 358      CFA132AA 
 358      C3861348 
 358      049D30BC 
 359 0a6b 43ADA3EA 		.ascii	"C\255\243\352\\\352(e7\242\333\260\011\377\027\033\022"
 359      5CEA2865 
 359      37A2DBB0 
 359      09FF171B 
 359      12
 360 0a7c FC7E59B4 		.ascii	"\374~Y\264\362\267bi\324\351T\032\335\341\245\321\035"
 360      F2B76269 
 360      D4E9541A 
 360      DDE1A5D1 
 360      1D
 361 0a8d 5A1AA51E 		.ascii	"Z\032\245\036\336_\206E\260\363\177\023\2738\270\213"
 361      DE5F8645 
 361      B0F37F13 
 361      BB38B88B 
 362 0a9d 824FD4A7 		.ascii	"\202O\324\247m\222D0\371\307\247\012\276\313\301w)\270"
 362      6D924430 
 362      F9C7A70A 
 362      BECBC177 
 362      29B8
 363 0aaf E56C452B 		.ascii	"\345lE+\036\267\233\322\365$\335\\+W\275\206\346\274"
 363      1EB79BD2 
 363      F524DD5C 
 363      2B57BD86 
 363      E6BC
 364 0ac1 41FF754F 		.ascii	"A\377uO\035E\367\244q\344?\212\265\373\373\020\207\225"
 364      1D45F7A4 
 364      71E43F8A 
 364      B5FBFB10 
 364      8795
 365 0ad3 87CA595E 		.ascii	"\207\312Y^\316\240\373\024\324t\274\326\3041m\256\230"
 365      CEA0FB14 
 365      D474BCD6 
 365      C4316DAE 
 365      98
 366 0ae4 6E8AB9B2 		.ascii	"n\212\271\262\274\253\311\310A\375\256\240\007\3228"
 366      BCABC9C8 
 366      41FDAEA0 
 366      07D238
 367 0af3 9D29FCFB 		.ascii	"\235)\374\373\270\370\250\230Y\013\243\343\275f~\362"
 367      B8F8A898 
 367      590BA3E3 
 367      BD667EF2 
 368 0b03 D9584B60 		.ascii	"\331XK`\240\356\315\200\000s\334\342Hs\034\355\212\210"
 368      A0EECD80 
 368      0073DCE2 
 368      48731CED 
 368      8A88
 369 0b15 8B8F991C 		.ascii	"\213\217\231\034\364\325\224\357\276\013\210\324\275"
 369      F4D594EF 
 369      BE0B88D4 
 369      BD
 370 0b22 CEE096D8 		.ascii	"\316\340\226\330\305Q\226\005\261\221\337|\266\350\313"
 370      C5519605 
 370      B191DF7C 
 370      B6E8CB
 371 0b31 B9F1515E 		.ascii	"\271\361Q^\337F/\214\237\034\024\021?\327<?6&\312\034"
 371      DF462F8C 
 371      9F1C1411 
 371      3FD73C3F 
 371      3626CA1C 
 372 0b45 BB28DE3C 		.ascii	"\273(\336<wq\314\273\361\261\261\013\"\347\317\215^"
 372      7771CCBB 
 372      F1B1B10B 
 372      22E7CF8D 
 372      5E
 373 0b56 1867FE47 		.ascii	"\030g\376Gdd\360\342\230Ob\027FM\237;/\372\275\210\240"
 373      6464F0E2 
 373      984F6217 
 373      464D9F3B 
 373      2FFABD88 
 374 0b6b 4981EFFF 		.ascii	"I\201\357\3773\310\274 z\036\351\242\350\205\320\371"
 374      33C8BC20 
 374      7A1EE9A2 
 374      E885D0F9 
 375 0b7b 6E14F49A 		.ascii	"n\024\364\232\337\013\230\034\020h\216^\030\271\340"
 375      DF0B981C 
 375      10688E5E 
 375      18B9E0
 376 0b8a DB2FA3CC 		.ascii	"\333/\243\314q\361_\202\371w\001\0260_7R\343\300\210"
 376      71F15F82 
 376      F9770116 
 376      305F3752 
 376      E3C088
 377 0b9d E0D06961 		.ascii	"\340\320ia\213\243\342\"g\317\235\267 \312\2238\362"
 377      8BA3E222 
 377      67CF9DB7 
 377      20CA9338 
 377      F2
 378 0bae 4144BCD1 		.ascii	"AD\274\321:=|\272u\316\364\220\367Ma\037}4+(\3342c\246"
 378      3A3D7CBA 
 378      75CEF490 
 378      F74D611F 
 378      7D342B28 
 379 0bc6 D5101E6E 		.ascii	"\325\020\036n\231i\035\352z\017[\302\255\372i!\026\365"
 379      99691DEA 
 379      7A0F5BC2 
 379      ADFA6921 
 379      16F5
 380 0bd8 D19F8CC1 		.ascii	"\321\237\214\301a\323\202>\012\233\376\211\225\334\005"
 380      61D3823E 
 380      0A9BFE89 
 380      95DC05
 381 0be7 B23BA577 		.ascii	"\262;\245w\212\021\346\232\314{C\207p\241Z\334dOb\005"
 381      8A11E69A 
 381      CC7B4387 
 381      70A15ADC 
 381      644F6205 
 382 0bfb 9E903650 		.ascii	"\236\2206P\354\011\362$\026hO(G\204:#\002\275\310Xk"
 382      EC09F224 
 382      16684F28 
 382      47843A23 
 382      02BDC858 
 383 0c10 F86C2BB9 		.ascii	"\370l+\271\011$7C}\223\274\310h\326\027\252\200B\031"
 383      09243743 
 383      7D93BCC8 
 383      68D617AA 
 383      804219
 384 0c23 085B6659 		.ascii	"\010[fY\365$HO\210\227\264\222\305\352\031b\371\013"
 384      F524484F 
 384      8897B492 
 384      C5EA1962 
 384      F90B
 385 0c35 B97D87A4 		.ascii	"\271}\207\244\223\2626DidL\\t\234\231'60\360\273(`\326"
 385      93B23644 
 385      69644C5C 
 385      749C9927 
 385      3630F0BB 
 386 0c4c DB6AB144 		.ascii	"\333j\261D\314\376~QTH\324W\372Y\341\301V\375\307\037"
 386      CCFE7E51 
 386      5448D457 
 386      FA59E1C1 
 386      56FDC71F 
 387 0c60 CFB0E2E0 		.ascii	"\317\260\342\340\020+\016\2016l\206U\037<\20306#\330"
 387      102B0E81 
 387      366C8655 
 387      1F3C8330 
 387      3623D8
 388 0c73 6A802E00 		.ascii	"j\200.\000\204\020=\224\374X\340\307\020\036\012\214"
 388      84103D94 
 388      FC58E0C7 
 388      101E0A8C 
 389 0c83 E2F0D030 		.ascii	"\342\360\3200l\261@k\261\032\202gY-V\375\234\331\237"
 389      6CB1406B 
 389      B11A8267 
 389      592D56FD 
 389      9CD99F
 390 0c96 5AF5B3A0 		.ascii	"Z\365\263\240\317`\011\373lV\010\374\006[\254\343\206"
 390      CF6009FB 
 390      6C5608FC 
 390      065BACE3 
 390      86
 391 0ca7 F32A1252 		.ascii	"\363*\022R\033\021\0313\005\\\362\012\267L\243.\375"
 391      1B111933 
 391      055CF20A 
 391      B74CA32E 
 391      FD
 392 0cb8 077F9716 		.ascii	"\007\177\227\026%"
 392      25
 393              		.text
 394              		.section	.gnu.lto_.symtab.e2f15b253f69a175,"",%progbits
 395 0000 53797374 		.ascii	"SystemInit\000"
 395      656D496E 
 395      697400
 396 000b 00       		.ascii	"\000"
 397 000c 00       		.ascii	"\000"
 398 000d 00       		.ascii	"\000"
 399 000e 00000000 		.ascii	"\000\000\000\000\000\000\000\000"
 399      00000000 
 400 0016 AE000000 		.ascii	"\256\000\000\000"
 401 001a 53797374 		.ascii	"SystemCoreClockUpdate\000"
 401      656D436F 
 401      7265436C 
 401      6F636B55 
 401      70646174 
 402 0030 00       		.ascii	"\000"
 403 0031 00       		.ascii	"\000"
 404 0032 00       		.ascii	"\000"
 405 0033 00000000 		.ascii	"\000\000\000\000\000\000\000\000"
 405      00000000 
 406 003b B0000000 		.ascii	"\260\000\000\000"
 407 003f 53797374 		.ascii	"SystemCoreClock\000"
 407      656D436F 
 407      7265436C 
 407      6F636B00 
 408 004f 00       		.ascii	"\000"
 409 0050 00       		.ascii	"\000"
 410 0051 00       		.ascii	"\000"
 411 0052 00000000 		.ascii	"\000\000\000\000\000\000\000\000"
 411      00000000 
 412 005a BA000000 		.ascii	"\272\000\000\000"
 413 005e 41484250 		.ascii	"AHBPrescTable\000"
 413      72657363 
 413      5461626C 
 413      6500
 414 006c 00       		.ascii	"\000"
 415 006d 00       		.ascii	"\000"
 416 006e 00       		.ascii	"\000"
 417 006f 00000000 		.ascii	"\000\000\000\000\000\000\000\000"
 417      00000000 
 418 0077 C8000000 		.ascii	"\310\000\000\000"
 419              		.text
 420              		.section	.gnu.lto_.opts,"",%progbits
 421 0000 272D666D 		.ascii	"'-fmath-errno' '-fsigned-zeros' '-ftrapping-math' '"
 421      6174682D 
 421      6572726E 
 421      6F272027 
 421      2D667369 
 422 0033 2D666E6F 		.ascii	"-fno-trapv' '-fno-strict-overflow' '-fno-openmp' '-"
 422      2D747261 
 422      70762720 
 422      272D666E 
 422      6F2D7374 
 423 0066 666E6F2D 		.ascii	"fno-openacc' '-dD' '-mcpu=cortex-m4' '-mthumb' '-mf"
 423      6F70656E 
 423      61636327 
 423      20272D64 
 423      44272027 
 424 0099 6C6F6174 		.ascii	"loat-abi=soft' '-g3' '-O0' '-fmessage-length=0' '-f"
 424      2D616269 
 424      3D736F66 
 424      74272027 
 424      2D673327 
 425 00cc 7369676E 		.ascii	"signed-char' '-ffunction-sections' '-fdata-sections"
 425      65642D63 
 425      68617227 
 425      20272D66 
 425      66756E63 
 426 00ff 2720272D 		.ascii	"' '-flto' '-fno-move-loop-invariants'\000"
 426      666C746F 
 426      2720272D 
 426      666E6F2D 
 426      6D6F7665 
 427              		.text
 428              		.comm	__gnu_lto_v1,1,1
 429              		.comm	__gnu_lto_slim,1,1
 430              		.ident	"GCC: (GNU Tools for ARM Embedded Processors 6-2017-q2-update) 6.3.1 20170620 (release) [AR
DEFINED SYMBOLS
                            *ABS*:0000000000000000 system_stm32f4xx.c
                            *COM*:0000000000000001 __gnu_lto_v1
                            *COM*:0000000000000001 __gnu_lto_slim

NO UNDEFINED SYMBOLS
