   1              		.cpu cortex-m4
   2              		.eabi_attribute 20, 1
   3              		.eabi_attribute 21, 1
   4              		.eabi_attribute 23, 3
   5              		.eabi_attribute 24, 1
   6              		.eabi_attribute 25, 1
   7              		.eabi_attribute 26, 1
   8              		.eabi_attribute 30, 6
   9              		.eabi_attribute 34, 1
  10              		.eabi_attribute 18, 4
  11              		.file	"TextLcd.cpp"
  12              		.text
  13              	.Ltext0:
  14              		.section	.gnu.lto_.inline.9b13e5fdc996a5b4,"",%progbits
  15 0000 789C6365 		.ascii	"x\234ce`b\330\310\200\000\254\014\014\034\002\014\014"
  15      6062D8C8 
  15      8000AC0C 
  15      0C1C020C 
  15      0C
  16 0011 4C2C1FF4 		.ascii	"L,\037\364\030X\200r@\300\302\013\344O\360\233\340\307"
  16      18588072 
  16      40C0C20B 
  16      E44FF09B 
  16      E0C7
  17 0023 885B8A89 		.ascii	"\210[\212\211A\312\026\310\024;\260\233\021&\307\314"
  17      41CA16C8 
  17      143BB09B 
  17      1126C7CC 
  18 0033 03958332 		.ascii	"\003\225\2032`\0020M\014\314\014\274\352@\026\323\002"
  18      6002304D 
  18      0CCC0CBC 
  18      EA4016D3 
  18      02
  19 0044 79342D10 		.ascii	"y4-\020\232a\202\037H%3\003H\013\003\2778PH\344\303"
  19      9A61821F 
  19      48253303 
  19      480B03BF 
  19      385048E4 
  20 0059 6A24E319 		.ascii	"j$\343\031\031\030\201R\000IX\024\021"
  20      19188152 
  20      00495814 
  20      11
  21              		.text
  22              		.section	.gnu.lto__ZN7TextLcd5printEc.9b13e5fdc996a5b4,"",%progbits
  23 0000 789C5D52 		.ascii	"x\234]RAKTQ\024>\337=w\336\033\323\202 \242b\202Y4\014"
  23      414B5451 
  23      143EDF3D 
  23      77DE1BD3 
  23      8220A262 
  24 0018 6E6682DA 		.ascii	"nf\202\332\366\017Z\366\007\302\002-h\221.\242\315\\"
  24      F60F5AF6 
  24      07C2022D 
  24      68912EA2 
  24      CD5C
  25 002a 9F0D6685 		.ascii	"\237\015f\205\305@M#\015w\242L\263\3241ua\213x\010Y"
  25      C5404D23 
  25      0D77A24C 
  25      B3D43175 
  25      618B7808 
  26 003f A8254525 		.ascii	"\250%E%\326N\213\220\222h\014la\326\271oZD\017\336\345"
  26      D64E8B90 
  26      92680C6C 
  26      61D6B96F 
  26      5A440FDE 
  27 0054 9EF3BEEF 		.ascii	"\236\363\276\357;\337\371x1R\264O\021\355'\242\204\274"
  27      3BDFF978 
  27      3152B44F 
  27      11ED27A2 
  27      84BC
  28 0066 A4095242 		.ascii	"\244\011RB\201\345d@Z\240\234b\344p\225\213\214\271"
  28      81E56440 
  28      5AA09C62 
  28      E470958B 
  28      8CB9
  29 0078 8DE757B6 		.ascii	"\215\347W\2665\017\030\023\230\260X=R\013\362{\254@"
  29      350F1813 
  29      98B0583D 
  29      520BF27B 
  29      AC40
  30 008a 4B4C3894 		.ascii	"KL8\224\300A\247\201\0014\013\362\325\205\352-\356e"
  30      C041A781 
  30      01340BF2 
  30      D585EA2D 
  30      EE65
  31 009c 2B225ACA 		.ascii	"+\"Z\312\357/\372Vv\270R!)\345\372\333o+\015\274\013"
  31      EF2FFA56 
  31      76B85221 
  31      29E5FADB 
  31      6F2B0DBC 
  32 00b1 24F7253B 		.ascii	"$\367%;\323\343\245\373\3155\321\374Q\340\340\200e\306"
  32      D3E3A5FB 
  32      CD35D1FC 
  32      51E0E080 
  32      65C6
  33 00c3 10D889DE 		.ascii	"\020\330\211\336G\002\203H\220\264\010\017\220\026x"
  33      47028348 
  33      90B4080F 
  33      901678
  34 00d2 69FEDDA6 		.ascii	"i\376\335\246\342\275\021\365\336\332t\240\205*O\370"
  34      E2BD11F5 
  34      DEDA74A0 
  34      852A4FF8 
  35 00e2 A6A64C93 		.ascii	"\246\246L\223e\215\207uj\335\2174\010\303H;\364\362"
  35      658D8775 
  35      6ADD8F34 
  35      08C3483B 
  35      F4F2
  36 00f4 D8D6F5ED 		.ascii	"\330\326\365\355\236vn\305\346\010<YOI\377S~q<\236\272"
  36      9E766EC5 
  36      E6083C59 
  36      4F49FF53 
  36      7E713C9E 
  37 0109 634CC184 		.ascii	"cL\301\204/\237\372\305\301\2603\371\377VB\030EJ\300"
  37      2F9FFAC5 
  37      C1B033F9 
  37      FF564218 
  37      454AC0
  38 011c C5DB933F 		.ascii	"\305\333\223?\033\035X\334n\026\272\020\3345\312r\214"
  38      1B1D58DC 
  38      6E16BA10 
  38      DC35CA72 
  38      8C
  39 012d FE751BC1 		.ascii	"\376u\033\301\253H\215\276Fh\266~w\033\363~\267\362"
  39      AB488DBE 
  39      4668B67E 
  39      771BF37E 
  39      B7F2
  40 013f 15DC062C 		.ascii	"\025\334\006,\226b\032\316\223Gn\012]r\007]f\011\236"
  40      96621ACE 
  40      93476E0A 
  40      5D72075D 
  40      66099E
  41 0152 57113C5E 		.ascii	"W\021<^]:\354\314\225\331\005~#?\275\340\273\334\274"
  41      5D3AECCC 
  41      95D9057E 
  41      233FBDE0 
  41      BBDCBC
  42 0165 68E18D67 		.ascii	"h\341\215g\263\027\233,\312\235\262q\345\011D\300/K"
  42      B3179B2C 
  42      CA9DB271 
  42      E50944C0 
  42      2F4B
  43 0177 A4636EA8 		.ascii	"\244cn\250|\356\377\030\214\370\331a\227G\345\224\314"
  43      7CEEFF18 
  43      8CF8D961 
  43      9747E594 
  43      CC
  44 0188 C12358DC 		.ascii	"\301#X\334\214\3641\216,}A\276RC]\335\023\374\324\324"
  44      8CF4318E 
  44      2C7D41BE 
  44      52435DDD 
  44      13FCD4D4 
  45 019c D70F7EEE 		.ascii	"\327\017~\356\227\211[\216\227X\342\300\004r$\223\313"
  45      97895B8E 
  45      9758E2C0 
  45      04722493 
  45      CB
  46 01ad AC2D3744 		.ascii	"\254-7D\266\204\315\237\345O\350\223\313\032\202\344"
  46      B684CD9F 
  46      E54FE893 
  46      CB1A82E4 
  47 01bd 5F3645CE 		.ascii	"_6E\316]\202D;3\231l\373\331\226\354\261\223\347:\216"
  47      5D82443B 
  47      33996CFB 
  47      D996ECB1 
  47      93E73A8E 
  48 01d1 B69CC8B4 		.ascii	"\266\234\310\264\222\356hmk\327\347\317\034?\375\007"
  48      92EE686D 
  48      6BD7E7CF 
  48      1C3FFD07 
  49 01e1 AEC2A67E 		.ascii	"\256\302\246~"
  50              		.text
  51              		.section	.gnu.lto__ZN7TextLcd5printEPKc.9b13e5fdc996a5b4,"",%progbits
  52 0000 789C5D52 		.ascii	"x\234]R\315KTQ\024?\277{\336\2747\226\005AP\301[\314"
  52      CD4B5451 
  52      143FBF7B 
  52      DEBC3796 
  52      054150C1 
  53 0016 C2617033 		.ascii	"\302ap3\023\324\246\377\241e\377\201\006\346\322\231"
  53      13D4A6FF 
  53      A165FF81 
  53      06E6D299 
  54 0026 45BBB9BE 		.ascii	"E\273\271\276\032\372\222\022\245&\305\341\216\250h"
  54      1AFA9212 
  54      A526C5E1 
  54      8EA868
  55 0035 998EE607 		.ascii	"\231\216\346\007\350B\206\026\025ED\221H\324*\373@\324"
  55      E8428616 
  55      15454491 
  55      48D42AFB 
  55      40D4
  56 0047 225C4C8B 		.ascii	"\"\\L\213\262\316y\266\020\027\357r\317\271\277\257"
  56      B2CE79B6 
  56      1017EF72 
  56      CFB9BFAF 
  57 0057 73780932 		.ascii	"sx\0112\024\032\242\220\366>\362\010R\302\200\345d@"
  57      141AA290 
  57      F63EF208 
  57      52C280E5 
  57      6440
  58 0069 5AA0A261 		.ascii	"Z\240\242a\024q\207\313\214\227\215\347=\207Z\307\255"
  58      147187CB 
  58      8C978DE7 
  58      3D875AC7 
  58      AD
  59 007a 8D6CBDBC 		.ascii	"\215l\275\274xn'*\235t\002\035`\302\231\020\247U\003"
  59      786E272A 
  59      9D74021D 
  59      60C29910 
  59      A75503
  60 008d E36815E4 		.ascii	"\343h\025\344\233\2533C|\233\235\210xR\376|5\270~TK"
  60      9BAB3343 
  60      7C9B9D88 
  60      7852FE7C 
  60      35B87E54 
  61 00a2 8394943B 		.ascii	"\203\224\224;\253?\326\233\3708H\356\357\335\323\033"
  61      AB3FD69B 
  61      F83848EE 
  61      EFDDD31B 
  62 00b2 7E66CCF6 		.ascii	"~f\314\366\212\346V?G-\216\031\017\301*\372\000!&\020"
  62      8AE6563F 
  62      472D8E19 
  62      0FC12AFA 
  62      00212610 
  63 00c6 92B40893 		.ascii	"\222\264\010\223\310\010|\265\261Vk\346S15\252\366l"
  63      C8087CB5 
  63      B1566BE6 
  63      533135AA 
  63      F66C
  64 00d8 2A55E3BC 		.ascii	"*U\343\274\353g+T\017\217\016Re\250)d\024\377iv\367"
  64      EB672B54 
  64      0F8F0E52 
  64      65A82964 
  64      14FF6976 
  65 00ed EE11DFD3 		.ascii	"\356\021\337\323\274\022t\032\276\014h\244\377\245\264"
  65      BC12741A 
  65      BE0C68A4 
  65      FFA5B4
  66 00fc 36974C8F 		.ascii	"6\227L\217X\333g\353_\027\202\362D\275;up.!\324\220"
  66      58DB67EB 
  66      5F1782F2 
  66      44BD3B75 
  66      702E21D4 
  67 0111 16707978 		.ascii	"\026pyx\341\327a\005\213\351\357\276+\210F\255q\234"
  67      E1D76105 
  67      8BE9EFBE 
  67      2B8846AD 
  67      719C
  68 0123 A0FDA631 		.ascii	"\240\375\2461|\006\351\332[\324\355\356\337k\326.\237"
  68      7C06E9DA 
  68      5BD4EDEE 
  68      DF6BD62E 
  68      9F
  69 0134 308181CE 		.ascii	"0\201\201\316\300\022)\341A3\371\244.tS\017\272\305"
  69      C01229E1 
  69      4133F9A4 
  69      2E74530F 
  69      BAC5
  70 0146 B27ADE40 		.ascii	"\262z\336@\264\274\361\361\254\206\253\260\256\374^"
  70      B4BCF1F1 
  70      AC86ABB0 
  70      AEFC5E
  71 0155 E9C9EB40 		.ascii	"\351\311\353@7\347\307#7\236\275\270\336\354P\351\266"
  71      37E7C723 
  71      379EBDB8 
  71      DEEC50E9 
  71      B6
  72 0166 D6565720 		.ascii	"\326VW \002AE\226:\253\246\362<\3669\232\016rSV_;\305"
  72      02414596 
  72      3AABA6F2 
  72      3CF6399A 
  72      0E725356 
  73 017d 078FE170 		.ascii	"\007\217\341p?\326\307\034r\264\211R\365;\366\324}\301"
  73      3FD6C71C 
  73      72B48952 
  73      F53BF6D4 
  73      7DC1
  74 018f 2F2D6D7D 		.ascii	"/-m}\010\212\177l\322qr\200e\035\230G\221\304\271\302"
  74      088A7F6C 
  74      D2717280 
  74      651D9847 
  74      91C4B9C2 
  75 01a3 9EE3A638 		.ascii	"\236\343\2468\226\260\371\233\374\013\203r\331F\224"
  75      96B0F99B 
  75      FC0B8372 
  75      D94694
  76 01b2 FACFA638 		.ascii	"\372\317\2468\271n\220\350X6\233\313w\265\345.\\\274"
  76      B96E90E8 
  76      58369BCB 
  76      77B5E52E 
  76      5CBC
  77 01c4 5C38DFD6 		.ascii	"\\8\337\326\236\355 \257\320q)\317\371B\327?E\201\246"
  77      9EED20AF 
  77      D07129CF 
  77      F942D73F 
  77      4581A6
  78 01d7 9C       		.ascii	"\234"
  79              		.text
  80              		.section	.gnu.lto__ZN7TextLcd9printWDotEm.9b13e5fdc996a5b4,"",%progbits
  81 0000 789C7D55 		.ascii	"x\234}U]l\223U\030>\357\367~_\177\327\255\331\202\232"
  81      5D6C9355 
  81      183EEFF7 
  81      7E5F7FD7 
  81      ADD9829A 
  82 0014 58CD342E 		.ascii	"X\3154.\023/\312\2067\030\345\316\013/\274\364\306K"
  82      132FCA86 
  82      3718E5CE 
  82      0B2FBCF4 
  82      C64B
  83 0026 DD663421 		.ascii	"\335f4!\223\214\315xc\372\255\264\016\035 \251\270\246"
  83      938CCD78 
  83      63FAADB4 
  83      0E1D20A9 
  83      B8A6
  84 0038 0B4B6B64 		.ascii	"\013Kkdn\210P\012\002\253\216\372\261\311l\331\017c"
  84      6E88500A 
  84      02AB8EFA 
  84      B1C96CD9 
  84      0F63
  85 004a 6E43A3CE 		.ascii	"nC\243\316)B%8\371Y\225?\273\372\236s\332\271RX\223"
  85      29422538 
  85      F959953F 
  85      BBFA9E73 
  85      DAB95258 
  86 005f EFF49CF3 		.ascii	"\357\364\234\363=\317\363\376\267\032S\330_&\306\236"
  86      3DCFF3FE 
  86      B71A53D8 
  86      5F26C69E 
  87 006f 618CD5D1 		.ascii	"a\214\325\321\303L\014\024F\217\202\214\351\212J\213"
  87      C34C0C14 
  87      468F828C 
  87      E98A4A8B 
  88 007f 8A405FA0 		.ascii	"\212@_\240\202F\253\006@ `\036\005U\015<\360\001\006"
  88      8246AB06 
  88      4020601E 
  88      05550D3C 
  88      F00106
  89 0092 11466F24 		.ascii	"\021Fo$\267\333\326\366\351\272W7\202\211\3472^\377"
  89      B7DBD6F6 
  89      E9BA5737 
  89      8289E732 
  89      5EFF
  90 00a4 4361A287 		.ascii	"Ca\242\207\220\301\323.\250sqF\037\254%\344Y\337\241"
  90      90C1D32E 
  90      A8737146 
  90      1FAC25E4 
  90      59DFA1
  91 00b7 3DB813C3 		.ascii	"=\270\023\303\010\240\322\361\332x\367\371r~T\240\232"
  91      08A0D2F1 
  91      DA78F7F9 
  91      727E54A0 
  91      9A
  92 00c8 8E8B3357 		.ascii	"\216\2133W\316[\361\001`\264\377!<\362\236\251\266W"
  92      CE5BF101 
  92      60B4FF21 
  92      3CF29EA9 
  92      B657
  93 00da DF459AC9 		.ascii	"\337E\232\311v\345\2050\"|\006\3105\367\201\013\372"
  93      76E58530 
  93      227C06C8 
  93      35F7810B 
  93      FA
  94 00eb C1C5E88A 		.ascii	"\301\305\350\212\301~\250%tz\260c\032\360a\301\214E"
  94      C17EA825 
  94      747AB063 
  94      1AF061C1 
  94      8C45
  95 00fd 77461462 		.ascii	"wF\024bro\246w\243\376D\030U\370\374n\252\312\340\000"
  95      726FA677 
  95      A3FE4418 
  95      55F8FC6E 
  95      AACAE000 
  96 0111 D472FCCC 		.ascii	"\324r\374\314\304\247;\020\037\023\334\275\361\330\202"
  96      C4A73B10 
  96      1F13DCBD 
  96      F1D882
  97 0120 A3E6139D 		.ascii	"\243\346\023\235>\306\\KP7\332\253\303\250\301A\311"
  97      3EC65C4B 
  97      5037DAAB 
  97      C3A8C141 
  97      C9
  98 0131 2E04C338 		.ascii	".\004\3038\364\216\336>\003\370\224\240eg\215\276\012"
  98      F48EDE3E 
  98      03F894A0 
  98      65678DBE 
  98      0A
  99 0142 4E2393B3 		.ascii	"N#\223\263\2071\244\033\276jn\365P\261\325<3{u2[&\223"
  99      8731A41B 
  99      BE6A6EF5 
  99      50B1D53C 
  99      337B7532 
 100 0159 60A3E377 		.ascii	"`\243\343w\027?\366\225\311$L\362\327\3733\331Q\025"
 100      173FF695 
 100      C9244CF2 
 100      D7FB33D9 
 100      5115
 101 016b DD42F8D6 		.ascii	"\335B\370\326\364\271\001\225\204\015\362g\242\245]"
 101      F4B90195 
 101      840DF267 
 101      A2A55D
 102 017a FA63822F 		.ascii	"\372c\202/\244\356\021\322=\374\277\356o\261\245\217"
 102      A4EE11D2 
 102      3DFCBFEE 
 102      6FB1A58F 
 103 018a 1C26158E 		.ascii	"\034&\025\216B\015\304\350\211B\015\257\001%\377\030"
 103      420DC4E8 
 103      89420DAF 
 103      0125FF18 
 104 019a 98A86C76 		.ascii	"\230\250lv\302\\\337u{\217\005\327\013\361\310\300\314"
 104      C25CDF75 
 104      7B8F05D7 
 104      0BF1C8C0 
 104      CC
 105 01ab 2D533ED8 		.ascii	"-S>\330Y\2579\324/\2746\303\361R\257a\000j\210q*w\303"
 105      59AF39D4 
 105      2FBC36C3 
 105      F152AF61 
 105      006A8871 
 106 01c2 A8909E2B 		.ascii	"\250\220\236+t\234\272:\326c\227\236;\351\270-\261\370"
 106      749CBA3A 
 106      D663979E 
 106      3BE9B82D 
 106      B1F8
 107 01d4 723E09C6 		.ascii	"r>\011\306I\245_W\303h\021M\360%)\305\013J_\011\245"
 107      49A55F57 
 107      C368114D 
 107      F02529C5 
 107      0B4A5F09 
 108 01e9 506CFE9A 		.ascii	"Pl\376\232\226\007\317\005\012\266\255\254\304\360`"
 108      9607CF05 
 108      0AB6ADAC 
 108      C4F060
 109 01f8 09FC6200 		.ascii	"\011\374b\000\357\017?Q\002\277\035\330\012\336\275"
 109      EF0F3F51 
 109      02BF1DD8 
 109      0ADEBD
 110 0207 BA724F78 		.ascii	"\272rOx\242\004>\262\270\212\372\327\002\276;\372\313"
 110      A2043EB2 
 110      B88AFAD7 
 110      02BE3BFA 
 110      CB
 111 0218 B03D9FB7 		.ascii	"\260=\237\267\301\340\223\363\272\223z\204\0257\010"
 111      C1E093F3 
 111      BA937A84 
 111      153708
 112 0227 18027AC1 		.ascii	"\030\002z\301\177\356\210\205C\003T\277\0171\330/\012"
 112      7FEE8885 
 112      430354BF 
 112      0F31D82F 
 112      0A
 113 0238 C8EE069F 		.ascii	"\310\356\006\237\244j\255\250Zt\012\014})\327\241\033"
 113      A46AADA8 
 113      5A740A0C 
 113      7D29D7A1 
 113      1B
 114 0249 4BEDD07B 		.ascii	"K\355\320{\331\372 \210fU\200\257(\366*\265\260\331"
 114      D9FA2088 
 114      665580AF 
 114      28F62AB5 
 114      B0D9
 115 025b 4C8BC5C2 		.ascii	"L\213\305\3028\315J[\253\215q\266\235o\035\300'\303"
 115      38CD4A5B 
 115      AB8D71B6 
 115      9D6F1DC0 
 115      27C3
 116 026d C9B7957C 		.ascii	"\311\267\225|\251\242E[\303\270m\366>_X'\322\234\343"
 116      A9A2455B 
 116      C3B86DF6 
 116      3E5F5827 
 116      D29CE3
 117 0280 EFE0FB7E 		.ascii	"\357\340\373~x\344q\336!=\310k\232\276\371\363M3\257"
 117      78E471DE 
 117      213DC86B 
 117      9ABEF9F3 
 117      4D33AF
 118 0293 A9150CDF 		.ascii	"\251\025\014\337F\030\312\207\336I\263\306\360\022x"
 118      4618CA87 
 118      DE49B3C6 
 118      F01278
 119 02a2 33C98D12 		.ascii	"3\311\215\022\314\007\277\313?tF\200U\362pX@;i\262\004"
 119      CC07BFCB 
 119      3F744680 
 119      55F27058 
 119      403B69B2 
 120 02b7 F07AC701 		.ascii	"\360z\307\001\177\271\204\252=\010\3542\370\253\345"
 120      7FB984AA 
 120      3D08EC32 
 120      F8ABE5
 121 02c6 D14CCC78 		.ascii	"\321L\314x\374\317\037\315\236\254n\011\243-Do\031|"
 121      FCCF1FCD 
 121      9EAC6E09 
 121      A32D446F 
 121      197C
 122 02d8 031E4650 		.ascii	"\003\036FP>\372\223\027\256h\364\216>\224,\273\310\014"
 122      3EFA9317 
 122      AE68F48E 
 122      3E942CBB 
 122      C80C
 123 02ea 11199C02 		.ascii	"\021\031\234\002O\030\313\230\020\337g\225b\026\322"
 123      4F18CB98 
 123      10DF6795 
 123      6216D2
 124 02f9 A39BAD5D 		.ascii	"\243\233\255]\357\236\350\315\233\263\322-\311\314\215"
 124      EF9EE8CD 
 124      9BB3D22D 
 124      C9CC8D
 125 0308 6EBF532E 		.ascii	"n\277S.#Y\312\345r\0250B\016\0227\221zV\342\370\360"
 125      2359CAE5 
 125      72153042 
 125      0E123791 
 125      7A56E2F8 
 126 031d E90B971A 		.ascii	"\351\013\227\032\353\243yS\0327E|Q\223o\241^\352\216"
 126      EBA37953 
 126      1A37457C 
 126      51936FA1 
 126      5EEA8E
 127 0330 F79A24DE 		.ascii	"\367\232$\336N\272\005\221L\362\021~Y\244\020i^\226"
 127      4EBA0591 
 127      4CF2117E 
 127      59A41069 
 127      5E96
 128 0342 B00B8924 		.ascii	"\260\013\211$\324\257L\222FIJ\021\2352\0219\376+\210"
 128      D4AF4C92 
 128      46494A11 
 128      9D321139 
 128      FE2B88
 129 0355 988A53E1 		.ascii	"\230\212S\341\010\361\242\300i\221\012\307r*\336)\312"
 129      08F1A2C0 
 129      69910AC7 
 129      722ADE29 
 129      CA
 130 0366 C228CF42 		.ascii	"\302(\317B\271P\211\337K\244\"\304k\005c\313\"c\377"
 130      B95089DF 
 130      4BA422C4 
 130      6B0563CB 
 130      2263FF
 131 0379 FC3B6491 		.ascii	"\374;d\221\016\270a\034\\at\312\310\262\205\310\234"
 131      0EB8611C 
 131      5C6174CA 
 131      C8B285C8 
 131      9C
 132 038a 2B22EB4A 		.ascii	"+\"\353J\255\032\231SD6\001\365\224?\251\262#m\226*"
 132      AD1A9953 
 132      443601F5 
 132      943FA9B2 
 132      236D962A 
 133 039e 952B5412 		.ascii	"\225+T\022\251\374e\325}\222\\)t\316P\222y \007W\011"
 133      A9FC65D5 
 133      7D925C29 
 133      74CE5092 
 133      79200757 
 134 03b3 64520642 		.ascii	"dR\006BR\322qo\346\217\370z)\276\206\010G;\306b6\036"
 134      52D2716F 
 134      E68FF87A 
 134      29BE8608 
 134      473BC662 
 135 03c9 1D0380B3 		.ascii	"\035\003\200\263\302\372\320OB\216\033\342\323=o\004"
 135      C2FAD04F 
 135      428E1BE2 
 135      D33D6F04 
 136 03d9 B40DC7F4 		.ascii	"\264\015\307\364m@?\235\014\246`\003c\177\003P\273+"
 136      6D403F9D 
 136      0CA66003 
 136      637F0350 
 136      BB2B
 137 03eb A48BD87D 		.ascii	"\244\213\330}\372Q\352Z\372s\3034\375\271u\223\311\005"
 137      FA51EA5A 
 137      FA73C334 
 137      FDB97593 
 137      C905
 138 03fd F046D229 		.ascii	"\360F\322)\310\333`bd\250E\2514Un\367\272--\015\353"
 138      C8DB6062 
 138      64A845A9 
 138      34556EF7 
 138      BA2D2D0D 
 139 0412 5E6A7ABB 		.ascii	"^jz\273\365\305\206Fw\303\346\315Lm}\375\215-\332[\257"
 139      F5C58646 
 139      77C3E6CD 
 139      4C6D7DFD 
 139      8D2DDA5B 
 140 0427 6C6A6BB2 		.ascii	"ljk\262\264576\265<\377f+njj\306W\333^3\213kw\335\177"
 140      B4353736 
 140      B53CFF66 
 140      2B6E6A6A 
 140      C657DB5E 
 141 0441 D4E9310D 		.ascii	"\324\3511\015"
 142              		.text
 143              		.section	.gnu.lto__ZN7TextLcd23printNumbersWithPatternEPKcm.9b13e5fdc996a5b4,"",%progbits
 144 0000 789C7593 		.ascii	"x\234u\223OHTQ\024\306\357\367\316\2337\177R[\024\021"
 144      4F485451 
 144      14C6EFF7 
 144      CE9B377F 
 144      525B1411 
 145 0014 340BA144 		.ascii	"4\013\241Df\221\206m\334\264o\3212\332\233\031\011a"
 145      6691866D 
 145      DCB46FD1 
 145      32DA9B19 
 145      0961
 146 0026 A223B489 		.ascii	"\242#\264\211w\025M\373C\231\241\303\233\032\336D\210"
 146      77154DFB 
 146      4399A1C3 
 146      9B1ADE44 
 146      88
 147 0037 56EA3899 		.ascii	"V\3528\231\332d\345\303\205\010\025\251\020ZIIV&\026"
 147      DA64E5C3 
 147      850815A9 
 147      105A4949 
 147      562616
 148 004a A28DB451 		.ascii	"\242\215\264Q\353\3347n\022]\274\341\235{\317\367;\347"
 148      EBDC376E 
 148      125DBCE1 
 148      9D7BCFF7 
 148      3BE7
 149 005c 7CE78D47 		.ascii	"|\347\215Gh\"DB\024\011!\202\374\010]@\023\374\200\017"
 149      68224442 
 149      14092182 
 149      FC085D40 
 149      13FC800F 
 150 0070 41001F41 		.ascii	"A\000\037A\230\032\301\304M\212\020^\375\031\273\036"
 150      981AC1C4 
 150      4D8A105E 
 150      FD19BB1E 
 151 0080 08754859 		.ascii	"\010uHY'\235H\3331\253g\\\222\315\271\026\011\034\015"
 151      279D48DB 
 151      31AB675C 
 151      92CDB916 
 151      091C0D
 152 0093 E28882A0 		.ascii	"\342\210\202\240\003!N\235\250\357\275K7\370\026\320"
 152      03214E9D 
 152      A8EFBD4B 
 152      37F816D0 
 153 00a3 395C7E13 		.ascii	"9\\~\023\235\313Q\241\206\\\016\177\277[\232\363\323"
 153      9DCB51A1 
 153      865C0E7F 
 153      BF5B9AF3 
 153      D3
 154 00b4 3E087E7F 		.ascii	">\010~\177o\217^1\362\333e3C\307j\265\3436\021\036\202"
 154      6F8F5E31 
 154      F2DB6533 
 154      43C76AB5 
 154      E336111E 
 155 00c9 14F30182 		.ascii	"\024\363\001\202\350DP\360\221\300#\344s\366\322\255"
 155      E84450F0 
 155      91C023E4 
 155      73F6D2AD 
 156 00d9 DBE3061D 		.ascii	"\333\343\006\035p\225\211xj>\207\225\252\235\257m$\017"
 156      70958978 
 156      6A3E8795 
 156      AA9DAF6D 
 156      240F
 157 00eb D9A4A36B 		.ascii	"\331\244\243k\253\224\207\352v\245\251\211\325n\215"
 157      AB9487EA 
 157      76A5A989 
 157      D56E8D
 158 00fa 0EBAD2F6 		.ascii	"\016\272\322\366\351DT\337\224\246\367[\322\321m\362"
 158      E94454DF 
 158      94A6F75B 
 158      D2D16DF2 
 159 010a A067ABD6 		.ascii	"\240g\253\326#\220@\276\022,\257\305\006\375\231y\366"
 159      239040BE 
 159      122CAFC5 
 159      06FD9979 
 159      F6
 160 011b 72B8FEB9 		.ascii	"r\270\376\271\271\331\233\231'\016\216gV\207\233\274"
 160      B9D99B99 
 160      270E8E67 
 160      56879BBC 
 161 012b 74D865DF 		.ascii	"t\330e\337[\233L\356\316\273/\035)\235\357\341Z\351"
 161      5B9B4CEE 
 161      CEBB2F1D 
 161      299DEFE1 
 161      5AE9
 162 013d D4E6DA64 		.ascii	"\324\346\332d\340q\006\236dx/\\\273U\362\227\344Fk\266"
 162      E071069E 
 162      64782F5C 
 162      BB55F297 
 162      E4466BB6 
 163 0151 A1A30F79 		.ascii	"\241\243\017y\312F\366\357\011\0146^\343\273o\015S}"
 163      CA46F6EF 
 163      090C365E 
 163      E3BB6F0D 
 163      537D
 164 0163 3E06C916 		.ascii	">\006\311\026\351\214\266R\244\323%\375o7\013\372\221"
 164      E98CB652 
 164      A4D325FD 
 164      6F370BFA 
 164      91
 165 0174 A7E48949 		.ascii	"\247\344\211I8r\343o\243t>\325#\232\356B@\203\232\\"
 165      3872E36F 
 165      A3743ED5 
 165      239AEE42 
 165      40839A5C 
 166 0188 879AC180 		.ascii	"\207\232\301\2002\320'\224^\\U?\342\032\361\262i\021"
 166      32D02794 
 166      5E5C553F 
 166      E21AF1B2 
 166      6911
 167 019a 97E38393 		.ascii	"\227\343\203\223\272*\253\372I\245~~\364\232\353\322"
 167      BA2AABFA 
 167      49A57E7E 
 167      F49AEBD2 
 168 01aa 6793D722 		.ascii	"g\223\327\"n\004\0030\325\305\235\306\331\225,\363\222"
 168      6E040330 
 168      D5C59DC6 
 168      D9952CF3 
 168      92
 169 01bb 4D3E55CC 		.ascii	"M>U\314M\307 \314\030\251N\333\032F\336\272v\360\367"
 169      4DC720CC 
 169      18A94EDB 
 169      1A46DEBA 
 169      76F0F7
 170 01ce 82A708DA 		.ascii	"\202\247\010\332\344\027\213h\210\017}\330\016\034\260"
 170      E4178B68 
 170      880F7DD8 
 170      0E1CB0
 171 01dd 5465A476 		.ascii	"Te\244v\006?S`^\311.\2272\274\202m(Y\026\251\317t\210"
 171      063F5360 
 171      5EC92E97 
 171      32BC826D 
 171      285916A9 
 172 01f4 29313276 		.ascii	")12v\000=\207iS\266X@]\372\307t\221:\213\221\217s\373"
 172      003D8769 
 172      53B65840 
 172      5DFAC774 
 172      913A8B91 
 173 020b 1B5F2703 		.ascii	"\033_'\003\231\206\201\027\274\216\005\214\314\270U"
 173      99868117 
 173      BC8E058C 
 173      CCB855
 174 021a 949613AC 		.ascii	"\224\226\023\254Y\247\305S< \233\300\273\023x\211b\327"
 174      59A7C553 
 174      3C209BC0 
 174      BB137889 
 174      62D7
 175 022c 31AE48F3 		.ascii	"1\256H\363\374\307\210\362\313/\324\345n\022\205k\252"
 175      FCC788F2 
 175      CB2FD4E5 
 175      6E12856B 
 175      AA
 176 023d 5A9B107B 		.ascii	"Z\233\020{\012\012\012\253\253J\013O\226]\014\237(="
 176      0A0A0AAB 
 176      AB4A0B4F 
 176      965D0C9F 
 176      283D
 177 024f 53505A59 		.ascii	"SPZY)\364\360\271\362joeI8\\VU\341/\257(\017\237*9_"
 177      29F4F0B9 
 177      F26A6F65 
 177      49385C56 
 177      55E12FAF 
 178 0269 53E6395D 		.ascii	"S\3469]s\366B\325?\231\353\005\370"
 178      73F642D5 
 178      3F99EB05 
 178      F8
 179              		.text
 180              		.section	.gnu.lto__ZN7TextLcd20getOffsetOfLastDigitEPKc.9b13e5fdc996a5b4,"",%progbits
 181 0000 789C9554 		.ascii	"x\234\225T\337O\\E\024\236s\317\334\271\273\013,\260"
 181      DF4F5C45 
 181      149E73CF 
 181      DCB9BB0B 
 181      2CB0
 182 0012 34A6893C 		.ascii	"4\246\211<\220(!\355\303V41\361E\037|\320\007\037L\364"
 182      902821ED 
 182      C3563431 
 182      F1451F7C 
 182      D0071F4C 
 183 0027 1F20B88D 		.ascii	"\037 \270\215FR\011\254\246\361\205\201\335\226\026"
 183      465209AC 
 183      A6F18581 
 183      DD9616
 184 0036 8A6583B2 		.ascii	"\212e\203\262,\366\346V\321\224Z-l)\325\245\266.TV\322"
 184      2CF6E656 
 184      D1945A2D 
 184      6C29D5A5 
 184      B62E5456 
 185 004b 565B9B48 		.ascii	"V[\233H\261D$,\2416J\033[\252\306\026\352\231\271\027"
 185      B144242C 
 185      A1364A1B 
 185      5BAAC616 
 185      EA99B917 
 186 005f 83C08B37 		.ascii	"\203\300\2137\231\2713\347|\3379\337\234\371a2\203\015"
 186      99B933E7 
 186      7CDF39DF 
 186      9CF96132 
 186      830D
 187 0071 9A8C3DC7 		.ascii	"\232\214=\307\030{\211\032\36330\0305@\352\321\340\214"
 187      187B891A 
 187      F3333018 
 187      3540EAD1 
 187      E08C
 188 0083 4983FC92 		.ascii	"I\203\374\222s\240\037\230\206\245,BY\204\306X\340\243"
 188      73A01F98 
 188      86A52C42 
 188      5984C658 
 188      E0A3
 189 0095 DE074064 		.ascii	"\336\007@d`M\006rSX>\240\001s\277\203\230D\370>>x\010"
 189      604D0672 
 189      53583EA0 
 189      0173BF83 
 189      9844F83E 
 190 00ac DF410719 		.ascii	"\337A\007\031p\232\376\376mo>\250\246\000\0254\235\317"
 190      709AFEFE 
 190      6D6F3EA8 
 190      A6001534 
 190      9DCF
 191 00be EC5DE4DB 		.ascii	"\354]\344\333\216H\372\262\311w\305\275\023\227\245"
 191      8E48FAB2 
 191      C977C5BD 
 191      1397A5
 192 00cd DF4183A5 		.ascii	"\337A\203\245\010\336\017\345p\004\312U\364\243\260"
 192      08DE0FE5 
 192      7004CA55 
 192      F4A3B0
 193 00dc 8DC0777E 		.ascii	"\215\300w~\270\225\367\343C\300h\374\243\223\333/\252"
 193      B895F7E3 
 193      43C068FC 
 193      A393DB2F 
 193      AA
 194 00ed 3E969D2D 		.ascii	">\226\235-2;\321l<\357 \302'\200kydbp\014\252\010}+"
 194      323BD16C 
 194      3CEF20C2 
 194      27806B79 
 194      6462700C 
 195 0105 D17559E0 		.ascii	"\321uY\340\303\2329p8s=HLI\314\371n\224\217:\310\341"
 195      C39A3970 
 195      38733D48 
 195      4C49CCF9 
 195      6E948F3A 
 196 011b D3F554CE 		.ascii	"\323\365T\316\3403\250R\370\205\366\361\263\026>\242"
 196      E033A852 
 196      F885F6F1 
 196      B3163EA2 
 197 012b B97278E6 		.ascii	"\271rx\346J\260\262O\313\275\331\263%\021\223\023\222"
 197      4AB0B24F 
 197      CBBDD9B3 
 197      25119313 
 197      92
 198 013c 935E38FE 		.ascii	"\223^8\376_\276\372\010\276\324u\355\347 n\327\324\251"
 198      5FBEFA08 
 198      BED475ED 
 198      E7206ED7 
 198      D4A9
 199 014e E583778A 		.ascii	"\345\203w\212=\352\334\326\224\314\306+\024qpSb\352"
 199      3DEADCD6 
 199      94CCC62B 
 199      14717053 
 199      62EA
 200 0160 E2E47D03 		.ascii	"\342\344}\003\2535\361x\374\366i\323#\316\364\004\223"
 200      AB35F178 
 200      FCF669D3 
 200      23CEF404 
 200      93
 201 0171 32DB4C4C 		.ascii	"2\333LL\023N\270\314'\312\341\261\177ys\351\225\367"
 201      134EB8CC 
 201      27CAE1B1 
 201      7F7973E9 
 201      95F7
 202 0183 8A048721 		.ascii	"\212\004\207!\250\2044\265\001\250T\245\244\012\236"
 202      A88434B5 
 202      01A854A5 
 202      A40A9E
 203 0192 0441FB14 		.ascii	"\004A\373\024 \314\330\245\351j|R\207\276\232\270z\017"
 203      20CCD8A5 
 203      E96A7C52 
 203      87BE9AB8 
 203      7A0F
 204 01a4 54682AC5 		.ascii	"Th*\305JOIWl\217^\016\203\341\215\252\340\024T\022%"
 204      4A4F4957 
 204      6C8F5E0E 
 204      83E18DAA 
 204      E0145412 
 205 01b9 F9C1F05F 		.ascii	"\371\301\360_\005\036eb\324\320x\3166\200?\327\340\216"
 205      051E6562 
 205      D4D078CE 
 205      36803FD7 
 205      E08E
 206 01cb C1F17D26 		.ascii	"\301\361}&>\243s\345>\274\220\013z\304\\J$\373\3652"
 206      3EA373E5 
 206      3EBC900B 
 206      7AC45C4A 
 206      24FBF532 
 207 01df 047CB17E 		.ascii	"\004|\261~\031\220\321\334\305\364\250]\344-{)\021\203"
 207      1990D1DC 
 207      C5F4A85D 
 207      E42D7B29 
 207      1183
 208 01f1 968FA4E1 		.ascii	"\226\217\244\341\240\2651\325\310\006\370\252\256M\300"
 208      A0B531D5 
 208      C806F8AA 
 208      AE4DC0
 209 0200 A7FF0FF8 		.ascii	"\247\377\017\370K\015\23690\273\242\353\337I\365O\205"
 209      4B0D9E39 
 209      30BBA2EB 
 209      DF49F54F 
 209      85
 210 0211 125E91D6 		.ascii	"\022^\221\326\237Q\302\237\241\212\257\251\374\300\025"
 210      9F51C29F 
 210      A18AAFA9 
 210      FCC015
 211 0220 C8CA9507 		.ascii	"\310\312\225\007\2552;\271\365\376\311\357J\267\000"
 211      AD323BB9 
 211      F5FEC9EF 
 211      4AB700
 212 022f 532E8329 		.ascii	"S.\203)'\352\336\324\026\241\307>:u\314\017\352\330"
 212      27EADED4 
 212      16A1C73E 
 212      3A75CC0F 
 212      EAD8
 213 0241 05D4012C 		.ascii	"\005\324\001,`*X!\015\255\"\325\025\253\256\204:Q\252"
 213      602A5821 
 213      0DAD22D5 
 213      15ABAE84 
 213      3A51AA
 214 0254 F121CD2D 		.ascii	"\361!\315-cJ\012k\323w\256]\015\361\006\264,\375r \037"
 214      634A0A6B 
 214      D377AE5D 
 214      0DF106B4 
 214      2CFD7220 
 215 0269 507B6EA3 		.ascii	"P{n\243IK\350\3363v\311R\227\316 \011gI\256\206t\304"
 215      494BE8DE 
 215      3376C952 
 215      97CE2009 
 215      6749AE86 
 216 027f 0A5C8820 		.ascii	"\012\\\210 \310\203\2437G\204\013i\202\257\364\212\332"
 216      C883A337 
 216      47840B69 
 216      82AFF48A 
 216      DA
 217 0290 E9FEE868 		.ascii	"\351\376\350h\267[\227\323\263\340b}6\002\321c\207\366"
 217      B75B97D3 
 217      B3E0627D 
 217      3602D163 
 217      87F6
 218 02a2 7A86808D 		.ascii	"z\206\200\215~2\253\220\177\267\355G\327X\2606)\327"
 218      7E32AB90 
 218      7FB7ED47 
 218      D758B036 
 218      29D7
 219 02b4 FBFFE737 		.ascii	"\373\377\3477\347\367\025:`7S\321\017\317\001\311\246"
 219      E7F7153A 
 219      603753D1 
 219      0FCF01C9 
 219      A6
 220 02c5 5001C8AA 		.ascii	"P\001\310\252T0\012\216\212J\231:\206v\273!\012)\212"
 220      54300A8E 
 220      8A4A993A 
 220      8676BB21 
 220      0A298A
 221 02d8 4AD4BD9A 		.ascii	"J\324\275\232\250\210l\024\347\330\037\235?\351\007"
 221      A8886C14 
 221      E7D81F9D 
 221      3FE907
 222 02e7 C4821761 		.ascii	"\304\202\027a\214\330\277B\274\237\273\220b\362g2\277"
 222      8CD8BF42 
 222      BC9FBB90 
 222      62F26732 
 222      BF
 223 02f8 4D5B4DCB 		.ascii	"M[M\313\322\347\240?EZ\031\234\203&Ft\007\003*\336\251"
 223      D2E7A03F 
 223      455A199C 
 223      83264674 
 223      07032ADE 
 224 030d D6A75C70 		.ascii	"\326\247\\p\011\341a{9\233\207\370\364\263\236i\255"
 224      09E1617B 
 224      399B87F8 
 224      F4B39E69 
 224      AD
 225 031e 6CBA2FF0 		.ascii	"l\272/\360\265\273\265w\001\250\220Fo~\312\2601$F\026"
 225      B5BBB577 
 225      01A89046 
 225      6F7ECAB0 
 225      31244616 
 226 0332 A6E02ED0 		.ascii	"\246\340.\320P\030#\371Y\372\243P\325\342n\265\272o"
 226      501823F9 
 226      59FAA350 
 226      D5E26EB5 
 226      BA6F
 227 0344 F4F485DC 		.ascii	"\364\364\205\334x\245\252X\312ej\027\255\305\036\252"
 227      78A5AA58 
 227      CA656A17 
 227      ADC51EAA 
 228 0354 735D2172 		.ascii	"s]!rQ\266\341\326\213\351\200[v\200q\320j\256\235\233"
 228      51B6E1D6 
 228      8BE9805B 
 228      768071D0 
 228      6AAE9D9B 
 229 0368 4C3DBD49 		.ascii	"L=\275I\035M\022\224[\025\2046\322;K)x\357\302\004\247"
 229      1D4D1294 
 229      5B158436 
 229      D23B4B29 
 229      78EFC204 
 230 037d FD2709D8 		.ascii	"\375'\011\330N\247\330\323\360~\237pC\224\331j\033I"
 230      4EA7D8D3 
 230      F07E9F70 
 230      4394D96A 
 230      1B49
 231 038f 033DD678 		.ascii	"\003=\326x\235\036\353^\232.BK\205\347V\341\332\224"
 231      9D1EEB5E 
 231      9A2E424B 
 231      85E756E1 
 231      DA94
 232 03a1 4C3A3A65 		.ascii	"L::e\341\360\216\306\206\332\035/GvG_\250}%\\[_\317"
 232      E1F08EC6 
 232      86DA1D2F 
 232      4776475F 
 232      A87D255C 
 233 03b8 78F4D5D7 		.ascii	"x\364\325\327\032\255\372\232h4\322\260K4D\032\337\254"
 233      1AADFA9A 
 233      6834D2B0 
 233      4B34441A 
 233      DFAC
 234 03ca 8B8A3776 		.ascii	"\213\2127v\356l\214D\371\333\273j^\367\271\343p\265"
 234      EE6C8C44 
 234      F9DBBB6A 
 234      5EF7B9E3 
 234      70B5
 235 03dc AF21127D 		.ascii	"\257!\022}\253\246.\374\370?\206P\304\240"
 235      ABA62EFC 
 235      F83F8650 
 235      C4A0
 236              		.text
 237              		.section	.gnu.lto_.symbol_nodes.9b13e5fdc996a5b4,"",%progbits
 238 0000 789C75CB 		.ascii	"x\234u\313\277\016\301P\024\307\361\337=\267\255\266"
 238      BF0EC150 
 238      14C7F1DF 
 238      3DB7ADB6 
 239 0010 EF23D61A 		.ascii	"\357#\326\032LD\014&\213\241\014\026\021\351`;\025\011"
 239      4C440C26 
 239      8BA10C16 
 239      11E9603B 
 239      1509
 240 0022 89C94E62 		.ascii	"\211\311Nb\320\247\350\204t\366\014\250?\213g\020\275"
 240      D0A7E884 
 240      74F60CA8 
 240      3F8B6710 
 240      BD
 241 0033 2AE10EA6 		.ascii	"*\341\016\246\337\311'\337c\202\340\011\000\264\024"
 241      DFC927DF 
 241      6382E009 
 241      00B414
 242 0042 0C2C0E00 		.ascii	"\014,\016\000\267[\365R\263;\012j~\2478\030\366\372"
 242      B75BF552 
 242      B33B0A6A 
 242      7EA73818 
 242      F6FA
 243 0054 41C50723 		.ascii	"A\305\007#\016\313Y\265\022,\376U\215\352\267\333\022"
 243      0ECB59B5 
 243      122CFE55 
 243      8DEAB7DB 
 243      12
 244 0065 53DE01F1 		.ascii	"S\336\001\361X\311\216X\352\262'64\021\027b\363-@\030"
 244      58C98E58 
 244      EAB22736 
 244      34111762 
 244      F32D4018 
 245 0079 7A19A4C4 		.ascii	"z\031\244\304\226\006g\342\202\0067b[\203+\261\243\301"
 245      960667E2 
 245      82063762 
 245      5B832BB1 
 245      A3C1
 246 008b 9DD8FD05 		.ascii	"\235\330\375\005\011\023\311\361Y\226\302\312\227\012"
 246      0913C9F1 
 246      5996C2CA 
 246      970A
 247 0099 884E6A05 		.ascii	"\210Nj\005\322\351cmK\002&\263\317\261\231\253C:\210"
 247      D2E9636D 
 247      4B0226B3 
 247      CFB199AB 
 247      433A88
 248 00ac 542AEDFC 		.ascii	"T*\355\374Ef\251Z\303E\242^\360\002\252h[\301"
 248      4566A95A 
 248      C345A25E 
 248      F002AA68 
 248      5BC1
 249              		.text
 250              		.section	.gnu.lto_.refs.9b13e5fdc996a5b4,"",%progbits
 251 0000 789C6365 		.ascii	"x\234ce`b`d\000\002\000\000I\000\011"
 251      60626064 
 251      00020000 
 251      490009
 252              		.text
 253              		.section	.gnu.lto_.decls.9b13e5fdc996a5b4,"",%progbits
 254 0000 789C9556 		.ascii	"x\234\225VkL\024Y\026\256[\325\274\232\226F\321\031"
 254      6B4C1459 
 254      16AE5BD5 
 254      BC9A9646 
 254      D119
 255 0012 9D61768D 		.ascii	"\235av\215:\330\263\023i\301]\315&&\353f\307\354lf\302"
 255      3AD8B313 
 255      69C15DCD 
 255      2626EB66 
 255      C7EC6C66 
 256 0027 92AC3393 		.ascii	"\222\2543\223\314\037\003\015\243\235\310c\240\235\214"
 256      CC1F030D 
 256      A39DC863 
 256      A09D8C
 257 0036 D96C5220 		.ascii	"\331lR /E\020\224\207\202`7\017\001\005y\010\010*\332"
 257      2F451094 
 257      87826037 
 257      0F010579 
 257      08082ADA 
 258 004a E2203E50 		.ascii	"\342 >Ph]|\001\"\362pED`\005y\010\354\271\367VuU\267"
 258      685D7C01 
 258      22F27045 
 258      44600579 
 258      08ECB9F7 
 259 0062 B2D9ADF4 		.ascii	"\262\331\255\364\351\256{\356w\317\375\316wN\335.\007"
 259      E9AE7BEE 
 259      77CFFDCE 
 259      774EDD2E 
 259      07
 260 0073 866576BB 		.ascii	"\206ev\2733\314?X\206\331\0146\017\227#\3030e\214t\271"
 260      33CC3F58 
 260      86D90C36 
 260      0F9723C3 
 260      30658C74 
 261 0088 82DD00B3 		.ascii	"\202\335\000\263\200u\202\365\202\015\203\215\201M\200"
 261      807582F5 
 261      820D838D 
 261      814D80
 262 0097 21C4308E 		.ascii	"!\3040\216`*0w\304\274s\245\203O\011\277\315`K\300\226"
 262      602A3077 
 262      C4BC73A5 
 262      834F09BF 
 262      CD604BC0 
 263 00ac 822D06DF 		.ascii	"\202-\006\337y\370\255\0023\203\325\3429\360\215\342"
 263      79F8AD02 
 263      3383D5E2 
 263      39F08DE2 
 264 00bc 78603560 		.ascii	"x`5`\254\260\357\230\340\363\260\213\235\277@\334[v"
 264      ACB0EF98 
 264      E0F3B08B 
 264      9DBF40DC 
 264      5B76
 265 00ce 7197826F 		.ascii	"q\227\202o\334.\256E\344\016\266\314.n=\214\027\277"
 265      DC2EAE45 
 265      E40EB6CC 
 265      2E6E3D8C 
 265      17BF
 266 00e0 27EE7D86 		.ascii	"'\356}\206r\376\010\347\013\277^`k\301>\206\261'\242"
 266      72FE08E7 
 266      0BBF5E60 
 266      6BC13E86 
 266      B127A2
 267 00f3 C13E016B 		.ascii	"\301>\001k\203\333_\301\357u!\236B\320\015\353d\021"
 267      83DB5FC1 
 267      EF75219E 
 267      42D00DEB 
 267      6411
 268 0105 72C2F05F 		.ascii	"r\302\360_\333\355\333\014c\267\005\362\301{\257\201"
 268      DBEDDB0C 
 268      63B705F2 
 268      C17BAF81 
 269 0115 FB4FC1BC 		.ascii	"\373O\301\274\300\\\301\326\2029\310\366\024\367\302"
 269      C05CC1D6 
 269      8239C8F6 
 269      14F7C2
 270 0124 F5510935 		.ascii	"\365Q\0115\261\010{i\354\366\352B\264\256\342>C\262"
 270      B1087B69 
 270      ECF6EA42 
 270      B4AEE23E 
 270      43B2
 271 0136 BDCE0B1C 		.ascii	"\275\316\013\034\374\301Z\300>\003\277ZX\217\265\303"
 271      FCC15AC0 
 271      3E03BF5A 
 271      588FB5C3 
 272 0146 B5C775C6 		.ascii	"\265\307u\306\256\337\330\305\315\344\320\276\334\222"
 272      AEDFD8C5 
 272      CDE4D0BE 
 272      DC92
 273 0154 59F41875 		.ascii	"Y\364\030u\022E\360E\221\262\013\017\347\305\013Qa\204"
 273      1245F045 
 273      91B20B0F 
 273      E7C50B51 
 273      6184
 274 0166 D81214D9 		.ascii	"\330\022\024\331w\222\000\004\263\005\212\263\362\210"
 274      77920004 
 274      B3058AB3 
 274      F288
 275 0174 929B1020 		.ascii	"\222\233\020 $\344+\204!\371\260Hr\310'\345\001\205"
 275      24E42B84 
 275      21F9B048 
 275      72C827E5 
 275      0185
 276 0186 2CD07B68 		.ascii	",\320{h\321\213\023\263\037=\3322\240\354F]\030g\334"
 276      D18B13B3 
 276      1F3DDA32 
 276      A0EC465D 
 276      1867DC
 277 0199 8288CF98 		.ascii	"\202\210\317\230]bF\034\354\003\367\226\230\212c\\2"
 277      5D62461C 
 277      EC03F796 
 277      988A635C 
 277      32
 278 01aa 87962891 		.ascii	"\207\226(\221\002\303oe\365\272\301p\251\022\255\204"
 278      02C36F65 
 278      F5BAC170 
 278      A912AD84 
 279 01ba 61D4FDBA 		.ascii	"a\324\375\272Z\025\367\001Av\214\356kWp\237\220\373"
 279      5A15F701 
 279      41768CEE 
 279      6B57709F 
 279      90FB
 280 01cc AC6BF9F1 		.ascii	"\254k\371\361*\357R\236^\316~\222\332M9\375/\0349\037"
 280      2AEF529E 
 280      5ECE7E92 
 280      DA4D39FD 
 280      2F1C391F 
 281 01e0 8C621F45 		.ascii	"\214b\037E\277\276\307!\215\307\011\336\310\363\346"
 281      BFBEC721 
 281      8DC709DE 
 281      C8F3E6
 282 01ef D678B778 		.ascii	"\326x\267x>f9\252D\036\250\034q\3504\362&\331\225! "
 282      3E6639AA 
 282      441EA81C 
 282      71E834F2 
 282      26D99521 
 283 0204 9B8AE38C 		.ascii	"\233\212\343\2144\362\300\020m\360D\353=\031T\2014\004"
 283      34F2C010 
 283      6DF044EB 
 283      3D195481 
 283      3404
 284 0216 0B387C0F 		.ascii	"\0138|\017\310m,\331\242m\242\274B\255\332\317\363\321"
 284      C86D2CD9 
 284      A26DA2BC 
 284      42ADDACF 
 284      F3D1
 285 0228 7CCA5EDE 		.ascii	"|\312^\336\345K\202:\205<\321I\344\011\250*\244\022"
 285      E54B823A 
 285      853CD149 
 285      E409A82A 
 285      A412
 286 023a B8F4ED4B 		.ascii	"\270\364\355K+Ss_\021\306\305\315\343\035\016\3346|"
 286      2B53735F 
 286      11C6C5CD 
 286      E31D0EDC 
 286      367C
 287 024c CFF137A3 		.ascii	"\317\3617\243B\321\032\017M\036\204\2102?\313^s\247"
 287      42D11A0F 
 287      4D1E8488 
 287      323FCB5E 
 287      73A7
 288 025e F02A9F12 		.ascii	"\360*\237\022\200W\242R`V+\213\207\2648\246\017|Q\216"
 288      8057A252 
 288      60562B8B 
 288      87B438A6 
 288      0F7C518E 
 289 0272 2957F82D 		.ascii	")W\370-\012F\232>\013,k\005\226\370\276\006\255\021"
 289      0A469A3E 
 289      0B2C6B05 
 289      96F8BE06 
 289      AD11
 290 0284 98D2AC27 		.ascii	"\230\322\254'~\344\215fD \325\262\244\317\340\244\201"
 290      7EE48D66 
 290      4420D5B2 
 290      A4CFE0A4 
 290      81
 291 0295 D6AD17D9 		.ascii	"\326\255\027\331\265\210\013%\024o\027\025\246)9\003"
 291      B5880B25 
 291      146F1715 
 291      A6293903 
 292 02a5 B96F9F6C 		.ascii	"\271o\237l\230Vq?\341{\305\321\270\366JG\244\364DH\003"
 292      9856713F 
 292      E17BC5D1 
 292      B8F64A47 
 292      A4F44448 
 293 02ba 964094CA 		.ascii	"\226@\224\312\343\271\345V\245\032`\337\363\010\216"
 293      E3B9E556 
 293      A51A60DF 
 293      F3088E
 294 02c9 1E740168 		.ascii	"\036t\001h]\004ZY<\206Y\020q\237\300+\214\274\321\231"
 294      5D045A59 
 294      3C865910 
 294      719FC02B 
 294      8CBCD199 
 295 02dd C143740E 		.ascii	"\301Ct\016\321\346@\365\370\206 G\376@\200\260o~U\323"
 295      D1E640F5 
 295      F8862047 
 295      FE4080B0 
 295      6F7E55D3 
 296 02f1 989B02D8 		.ascii	"\230\233\002\330\023h\240\202\310\030\223\376\214\225"
 296      1368A082 
 296      C81893FE 
 296      8C95
 297 02ff EB5D6BA3 		.ascii	"\353]k\243\267\331\252\367\351\232*\223\232,\006\037"
 297      B7D9AAF7 
 297      E99A2A93 
 297      9A2C061F 
 298 030f BA84C8EA 		.ascii	"\272\204\310\352\246\3717f5m0\026\206wFZr\\i\203\271"
 298      A6F93766 
 298      356D3016 
 298      8677465A 
 298      725C6983 
 299 0324 C330E1F0 		.ascii	"\3030\341\360\345\273\216\334\337I\236\261}W\002 *\376"
 299      E5BB8EDC 
 299      DF499EB1 
 299      7D570220 
 299      2AFE
 300 0336 B868B278 		.ascii	"\270h\262xg\324\214\\(?wr\033\217\031\214D\247\270K"
 300      67D48C5C 
 300      283F7772 
 300      1B8F198C 
 300      44A7B84B 
 301 034a 3D720D32 		.ascii	"=r\0152\307S\014j\202eW\201\217,Y\230@\277\010\311\012"
 301      C7530C6A 
 301      82655781 
 301      8F2C5998 
 301      40BF08C9 
 302 035f 0D1135D8 		.ascii	"\015\0215\330\347\262\"\2234\355^\336\235%\220+\260"
 302      E7B22293 
 302      34ED5EDE 
 302      9D25902B 
 302      B0
 303 0370 B2916472 		.ascii	"\262\221dr\035\255\200\357\313\300\033\247\210\027\230"
 303      1DAD80EF 
 303      CBC01BA7 
 303      881798
 304 037f 93EE36A9 		.ascii	"\223\3566\251W\031\371'f\336\334\230\316\361i\305<\377"
 304      5719F927 
 304      66DEDC98 
 304      CEF169C5 
 304      3CFF
 305 0391 11C6A13A 		.ascii	"\021\306\241:\332'X\307\022\274\007*F\335\010\025\301"
 305      DA2758C7 
 305      12BC072A 
 305      46DD0815 
 305      C1
 306 03a2 41C3A01B 		.ascii	"A\303\240\033h\025\254\235\035\274\324\340\314\361\210"
 306      6815AC9D 
 306      1DBCD4E0 
 306      CCF188
 307 03b1 D4F37893 		.ascii	"\324\363x\223\271\231U\012\265K\370\257\265\303B\276"
 307      B999550A 
 307      B54BF8AF 
 307      B5C342BE 
 308 03c1 881E54CA 		.ascii	"\210\036T\312\025o\201bH\212\337\262*~;1\265\337\225"
 308      156F8162 
 308      488ADFB2 
 308      2A7E3B31 
 308      B5DF95
 309 03d4 280E3EA1 		.ascii	"(\016>\241\\\235\017\217\365\273Y\253p\233V!\243\351"
 309      5C9D0F8F 
 309      F5BB59AB 
 309      709B5621 
 309      A3E9
 310 03e6 6CAEE3C2 		.ascii	"l\256\343\302\231\267\221\314[e\2317\375b)s\0212\177"
 310      99B791CC 
 310      5B659937 
 310      FD622973 
 310      11327F
 311 03f9 64CDBCCD 		.ascii	"d\315\274\3156\363\233\366\231[H\346\351\2572Mj.\203"
 311      36F39BF6 
 311      995B48E6 
 311      E9AF324D 
 311      6A2E83
 312 040c 665E63B9 		.ascii	"f^c\271\224\253\342N\323A\327\265\222S\370\264Y\253"
 312      94ABE24E 
 312      D341D7B5 
 312      9253F8B4 
 312      59AB
 313 041e 44F82053 		.ascii	"D\370 S\203\253|\250~j\021uaDIAj\236#WG\340\354e\213"
 313      83AB7CA8 
 313      7E6A1175 
 313      61444941 
 313      6A9E2357 
 314 0437 654E8194 		.ascii	"eN\201\224\232\004\253\022\262'\357\001(\267\026\013"
 314      9A04AB12 
 314      B227EF01 
 314      28B7160B 
 315 0447 D70E9E7F 		.ascii	"\327\016\236\177\212\2457\267\326\371f@\247\260\350"
 315      8AA537B7 
 315      D6F96640 
 315      A7B0E8
 316 0456 3E6876CF 		.ascii	">hv\317\372\310\021(\336`\270\276\367\204\202\310s\337"
 316      FAC81128 
 316      DE60B8BE 
 316      F78482C8 
 316      73DF
 317 0468 DAE117AB 		.ascii	"\332\341\027\253\353;\025V\311\036R\311^\215OT:-,Y\007"
 317      EB3B1556 
 317      C91E52C9 
 317      5E8D4F54 
 317      3A2D2C59 
 318 047d 91EC914C 		.ascii	"\221\354\221L\262\236\262\354t\007\220\314\010\222u"
 318      B29EB2EC 
 318      740790CC 
 318      089275
 319 048c B76CEEA9 		.ascii	"\267l\356\251\342\371XX\253\300PtWR\355\216\275j\235"
 319      E2F95858 
 319      ABC05074 
 319      5752ED8E 
 319      BD6A9D
 320 049f 44B526BE 		.ascii	"D\265&\276\275H\305\235\245\307r\342\201\321\001\025"
 320      BD48C59D 
 320      A5C772E2 
 320      81D10115 
 321 04af D74307EF 		.ascii	"\327C\007\357\243\234|m\3501k\255|7\245\334\22793\345"
 321      A39C7C6D 
 321      E8316BAD 
 321      7C37A5DC 
 321      973933E5 
 322 04c3 62CDE309 		.ascii	"b\315\343\011u\266\216\314\335t[8\217\247$\217\036y"
 322      75B68ECC 
 322      DD745B38 
 322      8FA7248F 
 322      1E79
 323 04d5 D3BF35B5 		.ascii	"\323\2775\265\212y<J\203\322\363\370\011\004\034\220"
 323      8A793C4A 
 323      83D2F3F8 
 323      09041C90 
 324 04e5 B526D165 		.ascii	"\265&\321e\237D/I\242z\326\330\207\270)\312;\265\301"
 324      9F442F49 
 324      A27AD6D8 
 324      87B829CA 
 324      3BB5C1
 325 04f8 9CA9E68E 		.ascii	"\234\251\346\216s\350\177k\325\001\31276\251,S\011\015"
 325      73E87F6B 
 325      D501CA37 
 325      36A92C53 
 325      090D
 326 050a E1487BC4 		.ascii	"\341H{\304\011\34752]\253\240.\234\305\317\340\032\233"
 326      09E73532 
 326      5DABA02E 
 326      9CC5CFE0 
 326      1A9B
 327 051c 1AA95670 		.ascii	"\032\251Vp\325$6[\330\334\220\343\2004J\261\003V\305"
 327      D524365B 
 327      D8DC90E3 
 327      80344AB1 
 327      0356C5
 328 052f 920E1802 		.ascii	"\222\016\030\002\265\006\245\016p\304\035@\036A\373"
 328      B506A50E 
 328      70C41D40 
 328      1E41FB
 329 053e 567A01AD 		.ascii	"Vz\001\255\204g\321s\360\374\213>\203\025\246\231Fg"
 329      8467D173 
 329      F0FC8B3E 
 329      8315A699 
 329      4667
 330 0550 B96C389A 		.ascii	"\271l8\232$\333K\"\3333\231lE\261W\0068,\333\023\\~"
 330      24DB4B22 
 330      DB33996C 
 330      45B15706 
 330      382CDB13 
 331 0566 CD91AA3E 		.ascii	"\315\221\252>\236W*0\020\365K\272\365\331\3536Lt\033"
 331      9E572A30 
 331      10F54BBA 
 331      F5D9EB36 
 331      4C741B
 332 0579 4CCD7889 		.ascii	"L\315x\211\270\013T\252\227\335\023\271\213\210,U\322"
 332      B80B54AA 
 332      97DD13B9 
 332      8B882C55 
 332      D2
 333 058a 39DAF0E4 		.ascii	"9\332\360\344`4\273p\031G\011\237\021\314\247\222\362"
 333      6034BB70 
 333      1947099F 
 333      11CCA792 
 333      F2
 334 059b 39782F2F 		.ascii	"9x//\317\025?\301X\222f\355h\025\037\343\200a\344\001"
 334      CF153FC1 
 334      589266ED 
 334      68151FE3 
 334      8061E401 
 335 05af AEA46C5E 		.ascii	"\256\244l^\211\377\005c\204\305\344`\336s%\327FY\364"
 335      89FF0563 
 335      84C5E460 
 335      DE7325D7 
 335      4659F4
 336 05c2 9EC9E861 		.ascii	"\236\311\350a\255,\204s\244\361Lz\277ra\026\343\204"
 336      AD2C8473 
 336      A4F14C7A 
 336      BF726116 
 336      E384
 337 05d4 C56B198B 		.ascii	"\305k\031\213\226\232\273\211\016\002\213\351\217\217"
 337      969ABB89 
 337      0E028BE9 
 337      8F8F
 338 05e2 F28D2C06 		.ascii	"\362\215,\006\3119\374[\3440A8\324\016\337{\301q\003"
 338      C939FC5B 
 338      E4304138 
 338      D40EDF7B 
 338      C17103
 339 05f5 944369CF 		.ascii	"\224Ci\317\333(N~\020\236\2679\010'\255\007\341\203"
 339      DB284E7E 
 339      109EB739 
 339      0827AD07 
 339      E183
 340 0607 43377255 		.ascii	"C7rU\204\354\244\265\273.\306\225\217\321\277#\\\272"
 340      84ECA4B5 
 340      BB2EC695 
 340      8FD1BF23 
 340      5CBA
 341 0619 299A40E1 		.ascii	")\232@\341\364\314\010>\201\274pwq\262\363\307\213\236"
 341      F4CC083E 
 341      81BC7077 
 341      71B2F3C7 
 341      8B9E
 342 062b 3F17533B 		.ascii	"?\027S;\006\224\3340\355\253\204\256\253\311\362\276"
 342      0694DC30 
 342      EDAB84AE 
 342      ABC9F2BE 
 343 063b F2A227CB 		.ascii	"\362\242'\313<\204\233\225\372\312K\350\253h,\211\203"
 343      3C849B95 
 343      FACA4BE8 
 343      AB682C89 
 343      83
 344 064c 86B1EA81 		.ascii	"\206\261\352\201\346\240\257\360,z\013\236\031\332W"
 344      E6A0AFF0 
 344      2C7A0B9E 
 344      19DA57
 345 065b 5DA69642 		.ascii	"]\246\226B\327\345\031\222\202\3636}\305\263\313\341"
 345      D7E51992 
 345      82F3367D 
 345      C5B3CBE1 
 346 066b 7B1A2968 		.ascii	"{\032)h^\367\222\207_q\202|\363s\233\363\363\343\314"
 346      5EF79287 
 346      5F71827C 
 346      F3739BF3 
 346      F3E3CC
 347 067e FE0484DE 		.ascii	"\376\004\204\336H\004\336\210\012F\261X\301\033\207"
 347      4804DE88 
 347      0A46B158 
 347      C11B87
 348 068d AA26DDB8 		.ascii	"\252&\335\270$\305\202gGq\366\303iI\254\275,q\236Ol"
 348      24C58267 
 348      4771F6C3 
 348      6949ACBD 
 348      2C719E4F 
 349 06a2 7DC4CA79 		.ascii	"}\304\312y\331V6\226\360\212a\005^\351\003\027J]\004"
 349      D9563696 
 349      F08A6105 
 349      5EE90317 
 349      4A5D04
 350 06b5 5E7341A4 		.ascii	"^sA\244\254\200@\321\254\225\024\334RRq\204\324\353"
 350      AC8040D1 
 350      AC9514DC 
 350      52527184 
 350      D4EB
 351 06c7 4B0F22B9 		.ascii	"K\017\"\271\034\312\351\344\375\244RZ\030\274\007\345"
 351      1CCAE9E4 
 351      FDA4525A 
 351      18BC07E5 
 352 06d7 F4BA28AE 		.ascii	"\364\272(\256Im=\036\022(\247\313U\251\274\233\225\350"
 352      496D3D1E 
 352      1228A7CB 
 352      55A9BC9B 
 352      95E8
 353 06e9 3EEA9C88 		.ascii	">\352\234\210\357\350S\311\211\3429\211h\"!\272_$z\356"
 353      EFE853C9 
 353      89E23989 
 353      682221BA 
 353      5F247AEE 
 354 06fd 78E6BCA3 		.ascii	"x\346\274\243@\364\361\021\367\324\275F\015\206\240"
 354      40F4F111 
 354      F7D4BD46 
 354      0D86A0
 355 070c 788969BC 		.ascii	"x\211i\274\310\364\000aj\032\274\260\207+\242LO\227"
 355      C8F40061 
 355      6A1ABCB0 
 355      872BA24C 
 355      4F97
 356 071e CE542809 		.ascii	"\316T(\011\001\177Q\274\2413-\205\234|{\177y\371\016"
 356      017F51BC 
 356      A1332D85 
 356      9C7C7B7F 
 356      79F90E
 357 0731 92DD93C5 		.ascii	"\222\335\223\305\3353\366\2369\210\360\356F(_\322\352"
 357      DD33F69E 
 357      3988F0EE 
 357      46285FD2 
 357      EA
 358 0742 E293A47C 		.ascii	"\342\223\244|\000BI\322\376I\342\376)d\377\241\361\202"
 358      004249D2 
 358      FE49E2FE 
 358      2964FFA1 
 358      F182
 359 0754 EBD69E4F 		.ascii	"\353\326\236OX\350u\013\245\262*\000\317\235\212\337"
 359      58E8750B 
 359      A5B22A00 
 359      CF9D8ADF 
 360 0764 AF903F20 		.ascii	"\257\220? \370\001\227\300\207X\012>D\300c7\363L\252"
 360      F80197C0 
 360      87580A3E 
 360      44C06337 
 360      F34CAA
 361 0777 D526D2CC 		.ascii	"\325&\322\314\317\2625\205<\274J}\373\001y_\241\004"
 361      CFB23585 
 361      3CBC4A7D 
 361      FB01795F 
 361      A104
 362 0789 0EB3AB01 		.ascii	"\016\263\253\001\366\364\325\376\021\233\367\275q\233"
 362      F6F4D5FE 
 362      119BF7BD 
 362      719B
 363 0797 986942CC 		.ascii	"\230iB\3144\022\263\243\260\362\271\203\020s0\226G["
 363      3412B3A3 
 363      B0F2B983 
 363      10733096 
 363      475B
 364 07a9 48448B18 		.ascii	"HD\213\0301\235D<U[x\016\321w@\027\030\316\324\266\247"
 364      319D443C 
 364      555B780E 
 364      D1774017 
 364      18CED4B6 
 365 07be AA95D249 		.ascii	"\252\225\322I\214\375R\374L\026?1ZO\224\301\222\007"
 365      8CFD52FC 
 365      4C163F31 
 365      5A4F94C1 
 365      9207
 366 07d0 6676A46D 		.ascii	"fv\244mVE\027+axw\300\024\243\242/\220mx\272\266'\353"
 366      5645172B 
 366      617877C0 
 366      14A3A22F 
 366      906D78BA 
 367 07e7 94F39214 		.ascii	"\224\363\222\024\022\214\347W\222W^t\224\365DGX\034"
 367      128CE757 
 367      92575E74 
 367      94F54447 
 367      581C
 368 07f9 2D8B5D22 		.ascii	"-\213]\"\306$\003\374\377\226U\241\223\247\207\237&"
 368      C62403FC 
 368      FF9655A1 
 368      93A7879F 
 368      26
 369 080a 69FB6C21 		.ascii	"i\373l!\275l\222^M\335\360Q'9\030B\310\300\307\004\360"
 369      BD6C925E 
 369      4DDDF051 
 369      27391842 
 369      C8C0C704 
 370 081f 3102361E 		.ascii	"1\0026\036*\310_$\007\267\331\010\227#\200s\010\270"
 370      2AC85F24 
 370      07B7D908 
 370      97238073 
 370      08B8
 371 0831 ED79B205 		.ascii	"\355y\262\005\311\301\327m\300\271\0028\227\200-g\217"
 371      C9C1D76D 
 371      C0B90238 
 371      97802D67 
 371      8F
 372 0842 680591E1 		.ascii	"h\005\221\341\257\345\260X\270NQ\346\343D\346\327\365"
 372      AFE5B058 
 372      B84E51E6 
 372      E344E6D7 
 372      F5
 373 0853 71D36E54 		.ascii	"q\323nT)\017\254z\302\024\357\266\240\314&Qf#\225y\364"
 373      290FAC7A 
 373      C214EFB6 
 373      A0CC2651 
 373      66239579 
 374 0868 6DCE5917 		.ascii	"m\316Y\027\272x)V\275;%\305\211\312lD0>0P7\251\260\227"
 374      BA782956 
 374      BD3B25C5 
 374      89CA6C44 
 374      303E3050 
 375 0880 391F64CE 		.ascii	"9\037d\316#2\027\020\231MT\346\002\"s\\kK\271\203<\301"
 375      23321710 
 375      994D54E6 
 375      0222735C 
 375      6B4BB983 
 376 0896 441B9D0B 		.ascii	"D\033\235\013\205\004\013I\202\331\375PE9\270\300F\347"
 376      85040B49 
 376      82D9FD50 
 376      4539B8C0 
 376      46E7
 377 08a8 1302F804 		.ascii	"\023\002\370\004\001_\251\316\361\226ccm\002\027\011"
 377      015FA9CE 
 377      F1966363 
 377      6D021709 
 378 08b8 D822827D 		.ascii	"\330\"\202}zm\254\316Y\220\356\206\265?{E\341\212\211"
 378      7A6DACCE 
 378      5990EE86 
 378      B53F7B45 
 378      E18A89
 379 08cb 70D5E52D 		.ascii	"p\325\345-96\357\333\007m\"\226\010\021KH\304\202\254"
 379      3936EFDB 
 379      076D2296 
 379      08114B48 
 379      C482AC
 380 08de 9A2CB510 		.ascii	"\232,\265\020\361\351\012>\301\231D\034\026#\236dW3"
 380      F1E90A3E 
 380      C199441C 
 380      16239E64 
 380      5733
 381 08f0 1EDBBFF7 		.ascii	"\036\333\277\367\333\264-\370g\303\327\272\240\337\205"
 381      DBB42DF8 
 381      67C3D7BA 
 381      A0DF85
 382 08ff 47E8430D 		.ascii	"G\350C\015[u\216A\021\372\237\202#\2347\375m\333\246"
 382      5B758E41 
 382      11FA9F82 
 382      239C37FD 
 382      6DDBA6
 383 0912 F51B7CFF 		.ascii	"\365\033|\377\242\374\263\3377+\377\364\371\347>\277"
 383      A2FCB3DF 
 383      372BFFF4 
 383      F9E73EBF 
 384 0922 659C04D7 		.ascii	"e\234\004\327boomd\204N\033i\300C\275\367N\306Y\214"
 384      626F6F6D 
 384      64844E1B 
 384      69C043BD 
 384      F74EC659 
 385 0937 E224FC8A 		.ascii	"\342$\374\212\020a\010\020\007\022\037\351\024\272\235"
 385      10610810 
 385      07121FE9 
 385      14BA9D
 386 0946 01118AC0 		.ascii	"\001\021\212\300\260\260]\313\336\335\335\377+\335\207"
 386      B0B05DCB 
 386      DEDDDDFF 
 386      2BDD87
 387 0955 32EFEF89 		.ascii	"2\357\357\211\367\273/\302\014[C\\\254\367\316\273\341"
 387      F7BB2FC2 
 387      0C5B435C 
 387      ACF7CEBB 
 387      E1
 388 0966 6683EF76 		.ascii	"f\203\357vC\200vgXH\2606,\334\240\015\210\010Yg\200"
 388      43807667 
 388      5848B036 
 388      2CDCA00D 
 388      88085967 
 389 097b 98105C1F 		.ascii	"\230\020\\\037\032\251\335\241\323\3751\"\304/,4xk@"
 389      1AA9DDA1 
 389      D3FD3122 
 389      C42F2C34 
 389      786B40
 390 098e A07EE376 		.ascii	"\240~\343v\337\365>\233~\364\325\356\322\007\342)\202"
 390      DFF53E9B 
 390      7EF4D5EE 
 390      D207E229 
 390      82
 391 099f 0E85C975 		.ascii	"\016\205\311u\3010\253\335\350\275\301\333G\253\017"
 391      C130ABDD 
 391      E8BDC1DB 
 391      47AB0F
 392 09ae D5EDDA1D 		.ascii	"\325\355\332\035\024\014I\005A\370u\000\003\322\036"
 392      140C4905 
 392      41F87500 
 392      03D21E
 393 09bd 7669E8C2 		.ascii	"vi\350\302\303\231\317d\004}7\020V~\273C\002\203#\""
 393      C399CF64 
 393      047D3710 
 393      567EBB43 
 393      02832322 
 394 09d1 BFD31B76 		.ascii	"\277\323\033v\372\007\030\014\301\021\2418\223\220\017"
 394      FA07180C 
 394      C111A138 
 394      93900F
 395 09e0 1798FC54 		.ascii	"\027\230\374T\036a\375\216`\303_\177\370!\022\177\177"
 395      1E61FD8E 
 395      60C35F7F 
 395      F821127F 
 395      7F
 396 09f1 1D1069F8 		.ascii	"\035\020i\370B\277CO\204X\372\276\011'!uR9\241\034b"
 396      42BF434F 
 396      8458FABE 
 396      09272175 
 396      5239A11C 
 397 0a06 E596BDEB 		.ascii	"\345\226\275\353\2030N!{\266\353\015a\001D5\237\215"
 397      83304E21 
 397      7BB6EB0D 
 397      61014435 
 397      9F8D
 398 0a18 DB0DCB20 		.ascii	"\333\015\313 \247]\201\273\015\372]\221\332\220=\337"
 398      A75D81BB 
 398      0DFA5D91 
 398      DA903DDF 
 399 0a28 E05FC854 		.ascii	"\340_\310T\21512\216.\260,\322\020\241\013\337\343\244"
 399      8D31328E 
 399      2EB02CD2 
 399      10A10BDF 
 399      E3A4
 400 0a3a 8F0CC25B 		.ascii	"\217\014\302[\373\375\277j\333\252,\352\2533\354\011"
 400      FBFDBF6A 
 400      DBAA2CEA 
 400      AB33EC09 
 401 0a4a 0F860DFF 		.ascii	"\017\206\015\377\0033B\216\350"
 401      0333428E 
 401      E8
 402              		.text
 403              		.section	.gnu.lto_.symtab.9b13e5fdc996a5b4,"",%progbits
 404 0000 5F5A4E37 		.ascii	"_ZN7TextLcd5printEc\000"
 404      54657874 
 404      4C636435 
 404      7072696E 
 404      74456300 
 405 0014 5F5A4E37 		.ascii	"_ZN7TextLcd5printEc\000"
 405      54657874 
 405      4C636435 
 405      7072696E 
 405      74456300 
 406 0028 01       		.ascii	"\001"
 407 0029 00       		.ascii	"\000"
 408 002a 00000000 		.ascii	"\000\000\000\000\000\000\000\000"
 408      00000000 
 409 0032 CA000000 		.ascii	"\312\000\000\000"
 410 0036 5F5A4E37 		.ascii	"_ZN7TextLcd5printEPKc\000"
 410      54657874 
 410      4C636435 
 410      7072696E 
 410      7445504B 
 411 004c 5F5A4E37 		.ascii	"_ZN7TextLcd5printEPKc\000"
 411      54657874 
 411      4C636435 
 411      7072696E 
 411      7445504B 
 412 0062 01       		.ascii	"\001"
 413 0063 00       		.ascii	"\000"
 414 0064 00000000 		.ascii	"\000\000\000\000\000\000\000\000"
 414      00000000 
 415 006c D1000000 		.ascii	"\321\000\000\000"
 416 0070 5F5A4E37 		.ascii	"_ZN7TextLcd9printWDotEm\000"
 416      54657874 
 416      4C636439 
 416      7072696E 
 416      7457446F 
 417 0088 00       		.ascii	"\000"
 418 0089 00       		.ascii	"\000"
 419 008a 00       		.ascii	"\000"
 420 008b 00000000 		.ascii	"\000\000\000\000\000\000\000\000"
 420      00000000 
 421 0093 DC000000 		.ascii	"\334\000\000\000"
 422 0097 5F5A4E37 		.ascii	"_ZN7TextLcd23printNumbersWithPatternEPKcm\000"
 422      54657874 
 422      4C636432 
 422      33707269 
 422      6E744E75 
 423 00c1 00       		.ascii	"\000"
 424 00c2 00       		.ascii	"\000"
 425 00c3 00       		.ascii	"\000"
 426 00c4 00000000 		.ascii	"\000\000\000\000\000\000\000\000"
 426      00000000 
 427 00cc E3000000 		.ascii	"\343\000\000\000"
 428 00d0 5F5A4E37 		.ascii	"_ZN7TextLcd20getOffsetOfLastDigitEPKc\000"
 428      54657874 
 428      4C636432 
 428      30676574 
 428      4F666673 
 429 00f6 00       		.ascii	"\000"
 430 00f7 00       		.ascii	"\000"
 431 00f8 00       		.ascii	"\000"
 432 00f9 00000000 		.ascii	"\000\000\000\000\000\000\000\000"
 432      00000000 
 433 0101 EE000000 		.ascii	"\356\000\000\000"
 434 0105 5F5A4E37 		.ascii	"_ZN7ST7032I5printEc\000"
 434      53543730 
 434      33324935 
 434      7072696E 
 434      74456300 
 435 0119 00       		.ascii	"\000"
 436 011a 02       		.ascii	"\002"
 437 011b 00       		.ascii	"\000"
 438 011c 00000000 		.ascii	"\000\000\000\000\000\000\000\000"
 438      00000000 
 439 0124 F2000000 		.ascii	"\362\000\000\000"
 440 0128 5F5A4E37 		.ascii	"_ZN7ST7032I5printEPKc\000"
 440      53543730 
 440      33324935 
 440      7072696E 
 440      7445504B 
 441 013e 00       		.ascii	"\000"
 442 013f 02       		.ascii	"\002"
 443 0140 00       		.ascii	"\000"
 444 0141 00000000 		.ascii	"\000\000\000\000\000\000\000\000"
 444      00000000 
 445 0149 F6000000 		.ascii	"\366\000\000\000"
 446 014d 6D795F69 		.ascii	"my_itoa\000"
 446      746F6100 
 447 0155 00       		.ascii	"\000"
 448 0156 02       		.ascii	"\002"
 449 0157 00       		.ascii	"\000"
 450 0158 00000000 		.ascii	"\000\000\000\000\000\000\000\000"
 450      00000000 
 451 0160 01010000 		.ascii	"\001\001\000\000"
 452 0164 69746F61 		.ascii	"itoaWithPattern\000"
 452      57697468 
 452      50617474 
 452      65726E00 
 453 0174 00       		.ascii	"\000"
 454 0175 02       		.ascii	"\002"
 455 0176 00       		.ascii	"\000"
 456 0177 00000000 		.ascii	"\000\000\000\000\000\000\000\000"
 456      00000000 
 457 017f 06010000 		.ascii	"\006\001\000\000"
 458 0183 6D795F73 		.ascii	"my_strcpy\000"
 458      74726370 
 458      7900
 459 018d 00       		.ascii	"\000"
 460 018e 02       		.ascii	"\002"
 461 018f 00       		.ascii	"\000"
 462 0190 00000000 		.ascii	"\000\000\000\000\000\000\000\000"
 462      00000000 
 463 0198 0C010000 		.ascii	"\014\001\000\000"
 464 019c 69736469 		.ascii	"isdigit\000"
 464      67697400 
 465 01a4 00       		.ascii	"\000"
 466 01a5 02       		.ascii	"\002"
 467 01a6 00       		.ascii	"\000"
 468 01a7 00000000 		.ascii	"\000\000\000\000\000\000\000\000"
 468      00000000 
 469 01af 10010000 		.ascii	"\020\001\000\000"
 470              		.text
 471              		.section	.gnu.lto_.opts,"",%progbits
 472 0000 272D666D 		.ascii	"'-fmath-errno' '-fsigned-zeros' '-ftrapping-math' '"
 472      6174682D 
 472      6572726E 
 472      6F272027 
 472      2D667369 
 473 0033 2D666E6F 		.ascii	"-fno-trapv' '-fno-strict-overflow' '-fno-openmp' '-"
 473      2D747261 
 473      70762720 
 473      272D666E 
 473      6F2D7374 
 474 0066 666E6F2D 		.ascii	"fno-openacc' '-dD' '-mcpu=cortex-m4' '-mthumb' '-mf"
 474      6F70656E 
 474      61636327 
 474      20272D64 
 474      44272027 
 475 0099 6C6F6174 		.ascii	"loat-abi=soft' '-g3' '-O0' '-fmessage-length=0' '-f"
 475      2D616269 
 475      3D736F66 
 475      74272027 
 475      2D673327 
 476 00cc 7369676E 		.ascii	"signed-char' '-ffunction-sections' '-fdata-sections"
 476      65642D63 
 476      68617227 
 476      20272D66 
 476      66756E63 
 477 00ff 2720272D 		.ascii	"' '-flto' '-fno-move-loop-invariants' '-fno-excepti"
 477      666C746F 
 477      2720272D 
 477      666E6F2D 
 477      6D6F7665 
 478 0132 6F6E7327 		.ascii	"ons'\000"
 478      00
 479              		.text
 480              		.comm	__gnu_lto_v1,1,1
 481              		.comm	__gnu_lto_slim,1,1
 482              		.ident	"GCC: (GNU Tools for ARM Embedded Processors 6-2017-q2-update) 6.3.1 20170620 (release) [AR
DEFINED SYMBOLS
                            *ABS*:0000000000000000 TextLcd.cpp
                            *COM*:0000000000000001 __gnu_lto_v1
                            *COM*:0000000000000001 __gnu_lto_slim

NO UNDEFINED SYMBOLS
